2023-11-01 18:10:14,464 [INFO] MainUpdater:2868 - connection check result : 10
2023-11-01 18:10:14,512 [INFO] McuFinderGlobals:76 - Set McuFinderConnectedMode to true
2023-11-01 18:10:15,093 [INFO] ServerAccessManage:473 - Download File mcusAds.json._tmp_
2023-11-01 18:10:15,200 [INFO] LoadUrlFilesThread:156 - End of LoadUrlFiles Thread
2023-11-01 18:10:15,284 [INFO] ServerAccessManage:473 - Download File cube-finder-db.zip
2023-11-01 18:10:16,367 [INFO] FileExtend:240 - Unzip File : cube-finder-db.zip
2023-11-01 18:10:16,368 [INFO] FileExtend:255 - Standard Zip Deflate
2023-11-01 18:10:17,616 [INFO] LoadUrlFilesThread:156 - End of LoadUrlFiles Thread
2023-11-01 18:10:18,372 [INFO] ServerAccessManage:473 - Download File crdb.zip
2023-11-01 18:10:19,046 [INFO] FileExtend:240 - Unzip File : crdb.zip
2023-11-01 18:10:19,047 [INFO] FileExtend:255 - Standard Zip Deflate
2023-11-01 18:10:19,171 [INFO] LoadUrlFilesThread:156 - End of LoadUrlFiles Thread
2023-11-01 18:10:19,332 [INFO] ServerAccessManage:473 - Download File tutoVideoDB.zip
2023-11-01 18:10:19,339 [INFO] FileExtend:240 - Unzip File : tutoVideoDB.zip
2023-11-01 18:10:19,340 [INFO] FileExtend:255 - Standard Zip Deflate
2023-11-01 18:10:19,448 [INFO] LoadUrlFilesThread:156 - End of LoadUrlFiles Thread
2023-11-01 18:10:19,453 [WARN] DbFile:41 - Overriding database path with different value: /Users/liz/.stmcufinder/plugins/mcufinder/ => /Users/liz/.stmcufinder/plugins/mcufinder
2023-11-01 18:10:19,583 [INFO] ServerAccessManage:473 - Download File api_config.json
2023-11-01 18:10:19,689 [INFO] LoadUrlFilesThread:156 - End of LoadUrlFiles Thread
2023-11-01 18:10:19,690 [INFO] DbMcusAds:53 - JSON generation date=Tue Mar 07 02:50:55 CST 2023 (1678179055335)
2023-11-01 18:10:19,697 [INFO] ApiDb:448 - Save user favorites file /Users/liz/.stm32cubeide/favorites.mcus.txt: 0 item(s)
2023-11-01 18:10:19,697 [INFO] ApiDb:452 - User favorites MCUs=[]
2023-11-01 18:10:19,745 [INFO] ApiDb:581 - Connected to CubeFinder SQLite database (/Users/liz/.stmcufinder/plugins/mcufinder/mcu/cube-finder-db.db)
2023-11-01 18:10:19,815 [INFO] ApiDb:668 - CubeFinder database Data Model version=2.1
2023-11-01 18:10:19,815 [INFO] ApiDb:669 - CubeFinder database Configuration version=3.0.37
2023-11-01 18:10:19,816 [INFO] ApiDb:670 - CubeFinder database generation date=2023-10-13 (1697197505)
2023-11-01 18:10:19,816 [INFO] ApiDb:671 - CubeFinder database FW Pack versions=[FP-ATR-ASTRA1_V2.0.0, FP-SNS-FLIGHT1_V5.0.1, FP-SNS-FLIGHT1_V5.0.2, FP-SNS-MOTENV1_V4.3.1, FP-SNS-MOTENV1_V4.3.2, FP-SNS-SMARTAG2_V1.2.0, I-CUBE-ITTIADB_V8.6.3-1, STM32Cube_FW_C0_V1.1.0, STM32Cube_FW_F4_V1.27.1, STM32Cube_FW_F7_V1.17.0, STM32Cube_FW_G0_V1.6.1, STM32Cube_FW_G4_V1.5.1, STM32Cube_FW_H5_V0.5.1, STM32Cube_FW_H5_V1.1.1, STM32Cube_FW_H7_V1.11.0, STM32Cube_FW_L0_V1.12.2, STM32Cube_FW_L5_V1.5.0, STM32Cube_FW_U5_V1.3.0, STM32Cube_FW_U5_V1.3.0RC4, STM32Cube_FW_WBA_V1.0.0RC1, STM32Cube_FW_WBA_V1.1.0RC1, STM32Cube_FW_WBA_V1.1.1, STM32Cube_FW_WB_V1.15.0RC1, STM32Cube_FW_WB_V1.16.0, STM32Cube_FW_WB_V1.16.0RC2, STM32Cube_FW_WB_V1.17.3, STM32Cube_FW_WL_V1.3.0, X-CUBE-ALGOBUILD_V1.3.0, X-CUBE-ALS_V1.0.1, X-CUBE-AZRTOS-F4_V1.1.0, X-CUBE-AZRTOS-F7_V1.1.0, X-CUBE-AZRTOS-G0_V1.1.0, X-CUBE-AZRTOS-G4_V2.0.0, X-CUBE-AZRTOS-H7_V3.1.0, X-CUBE-AZRTOS-L4_V1.0.0, X-CUBE-AZRTOS-L4_V2.0.0, X-CUBE-AZRTOS-L5_V1.1.0, X-CUBE-AZRTOS-WB_V2.0.0, X-CUBE-AZRTOS-WL_V2.0.0, X-CUBE-BLE1_V7.0.0, X-CUBE-BLE2_V3.3.0, X-CUBE-BLEMGR_V2.0.0, X-CUBE-EEPRMA1_V4.1.0, X-CUBE-FREERTOS_V1.1.0, X-CUBE-GNSS1_V6.0.0, X-CUBE-MEMS1_V10.0.0, X-CUBE-MEMS1_V9.1.0, X-CUBE-MEMS1_V9.4.0, X-CUBE-MEMS1_V9.6.0, X-CUBE-NFC4_V3.0.0, X-CUBE-NFC7_V1.0.1, X-CUBE-SFXS2LP1_V4.0.0, X-CUBE-SUBG2_V5.0.0, X-CUBE-TOF1_V3.3.1]
2023-11-01 18:10:23,746 [INFO] ApiDb:240 - Found 323 in-development CPN: [B-G473E-ZEST1S, B-WB1M-WPAN1, B-WL5M-SUBG1, NUCLEO-C031C6, NUCLEO-H503RB, NUCLEO-H563ZI, NUCLEO-U545RE-Q, NUCLEO-U5A5ZJ-Q, NUCLEO-WBA52CG, STEVAL-PROTEUS1, STEVAL-SMARTAG2, STEVAL-STWINBX1, STM320518-EVAL, STM32C0116-DK, STM32C011D6Y3TR, STM32C011D6Y6TR, STM32C011F4P3, STM32C011F4P6, STM32C011F4U3, STM32C011F4U6TR, STM32C011F6P3, STM32C011F6P6, STM32C011F6U3, STM32C011F6U6TR, STM32C011J4M3, STM32C011J4M6, STM32C011J6M3, STM32C011J6M6, STM32C0316-DK, STM32C031C4T3, STM32C031C4T6, STM32C031C4U3, STM32C031C4U6, STM32C031C6T3, STM32C031C6T6, STM32C031C6U3, STM32C031C6U6, STM32C031F4P3, STM32C031F4P6, STM32C031F6P3, STM32C031F6P6, STM32C031G4U3, STM32C031G4U6, STM32C031G6U3, STM32C031G6U6, STM32C031K4T3, STM32C031K4T6, STM32C031K4U3, STM32C031K4U6, STM32C031K6T3, STM32C031K6T6, STM32C031K6U3, STM32C031K6U6, STM32G071K8TXN, STM32G071K8UXN, STM32G081GBU6N, STM32G081KBT6N, STM32G081KBUXN, STM32G0B1CCT6N, STM32G0B1KCT6, STM32G0B1NEY6TR, STM32G0B1RCT6N, STM32G0C1CCT6, STM32G0C1CCT6N, STM32G0C1CCU6N, STM32G0C1CET6N, STM32G0C1CEU6N, STM32G0C1KCT6, STM32G0C1NEY6TR, STM32G0C1RCI6N, STM32G0C1RCT6N, STM32G0C1REI6N, STM32G0C1RET6N, STM32G0C1VCI6, STM32G0C1VEI6, STM32G471CCT6, STM32G471CCU6, STM32G471CET3, STM32G471CET6, STM32G471CEU3, STM32G471CEU6, STM32G471MCT6, STM32G471MET3, STM32G471MET6, STM32G471MEY6TR, STM32G471QCT6, STM32G471QET3, STM32G471RCT6, STM32G471RET3, STM32G471RET6, STM32G471VCH6, STM32G471VCI6, STM32G471VCT6, STM32G471VEH3, STM32G471VEH6, STM32G471VEI3, STM32G471VEI6, STM32G471VET3, STM32G471VET6, STM32G474CCT6, STM32H503CBT6, STM32H503CBU6, STM32H503EBY6TR, STM32H503KBU6, STM32H503RBT6, STM32H562AGI6, STM32H562AII6, STM32H562IGK6, STM32H562IGT6, STM32H562IIK6, STM32H562IIT6, STM32H562RGT6, STM32H562RGV6, STM32H562RIT6, STM32H562RIV6, STM32H562VGT6, STM32H562VIT6, STM32H562ZGT6, STM32H562ZIT6, STM32H563AGI6, STM32H563AII3Q, STM32H563AII6, STM32H563IGK6, STM32H563IGT6, STM32H563IIK3Q, STM32H563IIK6, STM32H563IIT3Q, STM32H563IIT6, STM32H563MIY3QTR, STM32H563RGT6, STM32H563RGV6, STM32H563RIT6, STM32H563RIV6, STM32H563VGT6, STM32H563VIT3Q, STM32H563VIT6, STM32H563ZGT6, STM32H563ZIT3Q, STM32H563ZIT6, STM32H573AII3Q, STM32H573AII6, STM32H573I-DK, STM32H573IIK3Q, STM32H573IIK6, STM32H573IIT3Q, STM32H573IIT6, STM32H573MIY3QTR, STM32H573RIT6, STM32H573RIV6, STM32H573VIT3Q, STM32H573VIT6, STM32H573ZIT3Q, STM32H573ZIT6, STM32L4R5QGI6STR, STM32MP131AAE3, STM32MP131AAF3, STM32MP131AAG3, STM32MP131CAE3, STM32MP131CAF3, STM32MP131CAG3, STM32MP131DAE7, STM32MP131DAF7, STM32MP131DAG7, STM32MP131FAE7, STM32MP131FAF7, STM32MP131FAG7, STM32MP133AAE3, STM32MP133AAF3, STM32MP133AAG3, STM32MP133CAE3, STM32MP133CAF3, STM32MP133CAG3, STM32MP133DAE7, STM32MP133DAF7, STM32MP133DAG7, STM32MP133FAE7, STM32MP133FAF7, STM32MP133FAG7, STM32MP135AAE3, STM32MP135AAF3, STM32MP135AAG3, STM32MP135CAE3, STM32MP135CAF3, STM32MP135CAG3, STM32MP135DAE7, STM32MP135DAF7, STM32MP135DAG7, STM32MP135F-DK, STM32MP135FAE7, STM32MP135FAF7, STM32MP135FAF7T, STM32MP135FAF7U, STM32MP135FAG7, STM32U535CBT6, STM32U535CBT6Q, STM32U535CBU6, STM32U535CBU6Q, STM32U535CCT6, STM32U535CCT6Q, STM32U535CCU6, STM32U535CCU6Q, STM32U535CET6, STM32U535CET6Q, STM32U535CEU6, STM32U535CEU6Q, STM32U535JEY6QTR, STM32U535NCY6QTR, STM32U535NEY6QTR, STM32U535RBI6, STM32U535RBI6Q, STM32U535RBT6, STM32U535RBT6Q, STM32U535RCI6, STM32U535RCI6Q, STM32U535RCT6, STM32U535RCT6Q, STM32U535REI6, STM32U535REI6Q, STM32U535RET6, STM32U535RET6Q, STM32U535VCI6, STM32U535VCI6Q, STM32U535VCT6, STM32U535VCT6Q, STM32U535VEI6, STM32U535VEI6Q, STM32U535VET6, STM32U535VET6Q, STM32U545CET6, STM32U545CET6Q, STM32U545CEU6, STM32U545CEU6Q, STM32U545JEY6QTR, STM32U545NEY6QTR, STM32U545REI6, STM32U545REI6Q, STM32U545RET6, STM32U545RET6Q, STM32U545VEI6, STM32U545VEI6Q, STM32U545VET6, STM32U545VET6Q, STM32U595AIH6, STM32U595AIH6Q, STM32U595AJH6, STM32U595AJH6Q, STM32U595QII6, STM32U595QII6Q, STM32U595QJI6, STM32U595QJI6Q, STM32U595RIT6, STM32U595RIT6Q, STM32U595RJT6, STM32U595RJT6Q, STM32U595VIT6, STM32U595VIT6Q, STM32U595VJT6, STM32U595VJT6Q, STM32U595ZIT6, STM32U595ZIT6Q, STM32U595ZIY6QTR, STM32U595ZJT6, STM32U595ZJT6Q, STM32U595ZJY6QTR, STM32U599BJY6QTR, STM32U599NIH6Q, STM32U599NJH6Q, STM32U599VIT6Q, STM32U599VJT6, STM32U599VJT6Q, STM32U599ZIT6Q, STM32U599ZIY6QTR, STM32U599ZJT6Q, STM32U599ZJY6QTR, STM32U5A5AJH6, STM32U5A5AJH6Q, STM32U5A5QJI6, STM32U5A5QJI6Q, STM32U5A5RJT6, STM32U5A5RJT6Q, STM32U5A5VJT6, STM32U5A5VJT6Q, STM32U5A5ZJT6, STM32U5A5ZJT6Q, STM32U5A5ZJY6QTR, STM32U5A9BJY6QTR, STM32U5A9J-DK, STM32U5A9NJH6Q, STM32U5A9VJT6Q, STM32U5A9ZJT6Q, STM32U5A9ZJY6QTR, STM32U5F7VIT6, STM32U5F7VIT6Q, STM32U5F7VJT6, STM32U5F7VJT6Q, STM32U5F9BJY6QTR, STM32U5F9NJH6Q, STM32U5F9VIT6Q, STM32U5F9VJT6Q, STM32U5F9ZIJ6QTR, STM32U5F9ZIT6Q, STM32U5F9ZJJ6QTR, STM32U5F9ZJT6Q, STM32U5G7VJT6, STM32U5G7VJT6Q, STM32U5G9BJY6QTR, STM32U5G9J-DK1, STM32U5G9J-DK2, STM32U5G9NJH6Q, STM32U5G9VJT6Q, STM32U5G9ZJJ6QTR, STM32U5G9ZJT6Q, STM32WB1MMCH6, STM32WBA52CEU6, STM32WBA52CEU6T, STM32WBA52CGU6, STM32WBA52CGU6T, STM32WBA52KEU6, STM32WBA52KEU6T, STM32WBA52KGU6, STM32WBA52KGU6T, STM32WL5MOCH6, STM32WL5MOCH6TR]
2023-11-01 18:10:23,749 [INFO] DbMcus:217 - Found 3848 MCUs, 3848 are supported
2023-11-01 18:10:23,749 [INFO] ApiDb:423 - Load user favorites file /Users/liz/.stm32cubeide/favorites.mcus.txt: 0 item(s)
2023-11-01 18:10:23,749 [INFO] ApiDb:427 - User favorites MCUs=[]
2023-11-01 18:10:23,750 [INFO] DbMcus:223 - Set 0 / 0 favorites MCUs
2023-11-01 18:10:24,447 [INFO] LoadUrlFilesThread:185 - End of LoadServerUrlFiles without Thread
2023-11-01 18:10:24,447 [INFO] TargetSelectorAdapter:259 - Refresh data is successful
2023-11-01 18:10:24,453 [INFO] ApiDb:668 - CubeFinder database Data Model version=2.1
2023-11-01 18:10:24,453 [INFO] ApiDb:669 - CubeFinder database Configuration version=3.0.37
2023-11-01 18:10:24,453 [INFO] ApiDb:670 - CubeFinder database generation date=2023-10-13 (1697197505)
2023-11-01 18:10:24,453 [INFO] ApiDb:671 - CubeFinder database FW Pack versions=[FP-ATR-ASTRA1_V2.0.0, FP-SNS-FLIGHT1_V5.0.1, FP-SNS-FLIGHT1_V5.0.2, FP-SNS-MOTENV1_V4.3.1, FP-SNS-MOTENV1_V4.3.2, FP-SNS-SMARTAG2_V1.2.0, I-CUBE-ITTIADB_V8.6.3-1, STM32Cube_FW_C0_V1.1.0, STM32Cube_FW_F4_V1.27.1, STM32Cube_FW_F7_V1.17.0, STM32Cube_FW_G0_V1.6.1, STM32Cube_FW_G4_V1.5.1, STM32Cube_FW_H5_V0.5.1, STM32Cube_FW_H5_V1.1.1, STM32Cube_FW_H7_V1.11.0, STM32Cube_FW_L0_V1.12.2, STM32Cube_FW_L5_V1.5.0, STM32Cube_FW_U5_V1.3.0, STM32Cube_FW_U5_V1.3.0RC4, STM32Cube_FW_WBA_V1.0.0RC1, STM32Cube_FW_WBA_V1.1.0RC1, STM32Cube_FW_WBA_V1.1.1, STM32Cube_FW_WB_V1.15.0RC1, STM32Cube_FW_WB_V1.16.0, STM32Cube_FW_WB_V1.16.0RC2, STM32Cube_FW_WB_V1.17.3, STM32Cube_FW_WL_V1.3.0, X-CUBE-ALGOBUILD_V1.3.0, X-CUBE-ALS_V1.0.1, X-CUBE-AZRTOS-F4_V1.1.0, X-CUBE-AZRTOS-F7_V1.1.0, X-CUBE-AZRTOS-G0_V1.1.0, X-CUBE-AZRTOS-G4_V2.0.0, X-CUBE-AZRTOS-H7_V3.1.0, X-CUBE-AZRTOS-L4_V1.0.0, X-CUBE-AZRTOS-L4_V2.0.0, X-CUBE-AZRTOS-L5_V1.1.0, X-CUBE-AZRTOS-WB_V2.0.0, X-CUBE-AZRTOS-WL_V2.0.0, X-CUBE-BLE1_V7.0.0, X-CUBE-BLE2_V3.3.0, X-CUBE-BLEMGR_V2.0.0, X-CUBE-EEPRMA1_V4.1.0, X-CUBE-FREERTOS_V1.1.0, X-CUBE-GNSS1_V6.0.0, X-CUBE-MEMS1_V10.0.0, X-CUBE-MEMS1_V9.1.0, X-CUBE-MEMS1_V9.4.0, X-CUBE-MEMS1_V9.6.0, X-CUBE-NFC4_V3.0.0, X-CUBE-NFC7_V1.0.1, X-CUBE-SFXS2LP1_V4.0.0, X-CUBE-SUBG2_V5.0.0, X-CUBE-TOF1_V3.3.1]
2023-11-01 18:10:24,572 [INFO] DbBoardsSqlite:226 - include board P-NUCLEO-WB55-NUCLEO as a kit item of type 'Nucleo-64'
2023-11-01 18:10:24,573 [INFO] DbBoardsSqlite:226 - include board P-NUCLEO-WB55-USBDONGLE as a kit item of type 'Nucleo USB Dongle'
2023-11-01 18:10:24,573 [INFO] DbBoardsSqlite:226 - include board STEVAL-IDP005V1 as a kit item of type 'Evaluation Board'
2023-11-01 18:10:24,574 [INFO] DbBoardsSqlite:226 - include board STEVAL-IDP005V2 as a kit item of type 'Evaluation Board'
2023-11-01 18:10:24,636 [INFO] ApiDb:240 - Found 323 in-development CPN: [B-G473E-ZEST1S, B-WB1M-WPAN1, B-WL5M-SUBG1, NUCLEO-C031C6, NUCLEO-H503RB, NUCLEO-H563ZI, NUCLEO-U545RE-Q, NUCLEO-U5A5ZJ-Q, NUCLEO-WBA52CG, STEVAL-PROTEUS1, STEVAL-SMARTAG2, STEVAL-STWINBX1, STM320518-EVAL, STM32C0116-DK, STM32C011D6Y3TR, STM32C011D6Y6TR, STM32C011F4P3, STM32C011F4P6, STM32C011F4U3, STM32C011F4U6TR, STM32C011F6P3, STM32C011F6P6, STM32C011F6U3, STM32C011F6U6TR, STM32C011J4M3, STM32C011J4M6, STM32C011J6M3, STM32C011J6M6, STM32C0316-DK, STM32C031C4T3, STM32C031C4T6, STM32C031C4U3, STM32C031C4U6, STM32C031C6T3, STM32C031C6T6, STM32C031C6U3, STM32C031C6U6, STM32C031F4P3, STM32C031F4P6, STM32C031F6P3, STM32C031F6P6, STM32C031G4U3, STM32C031G4U6, STM32C031G6U3, STM32C031G6U6, STM32C031K4T3, STM32C031K4T6, STM32C031K4U3, STM32C031K4U6, STM32C031K6T3, STM32C031K6T6, STM32C031K6U3, STM32C031K6U6, STM32G071K8TXN, STM32G071K8UXN, STM32G081GBU6N, STM32G081KBT6N, STM32G081KBUXN, STM32G0B1CCT6N, STM32G0B1KCT6, STM32G0B1NEY6TR, STM32G0B1RCT6N, STM32G0C1CCT6, STM32G0C1CCT6N, STM32G0C1CCU6N, STM32G0C1CET6N, STM32G0C1CEU6N, STM32G0C1KCT6, STM32G0C1NEY6TR, STM32G0C1RCI6N, STM32G0C1RCT6N, STM32G0C1REI6N, STM32G0C1RET6N, STM32G0C1VCI6, STM32G0C1VEI6, STM32G471CCT6, STM32G471CCU6, STM32G471CET3, STM32G471CET6, STM32G471CEU3, STM32G471CEU6, STM32G471MCT6, STM32G471MET3, STM32G471MET6, STM32G471MEY6TR, STM32G471QCT6, STM32G471QET3, STM32G471RCT6, STM32G471RET3, STM32G471RET6, STM32G471VCH6, STM32G471VCI6, STM32G471VCT6, STM32G471VEH3, STM32G471VEH6, STM32G471VEI3, STM32G471VEI6, STM32G471VET3, STM32G471VET6, STM32G474CCT6, STM32H503CBT6, STM32H503CBU6, STM32H503EBY6TR, STM32H503KBU6, STM32H503RBT6, STM32H562AGI6, STM32H562AII6, STM32H562IGK6, STM32H562IGT6, STM32H562IIK6, STM32H562IIT6, STM32H562RGT6, STM32H562RGV6, STM32H562RIT6, STM32H562RIV6, STM32H562VGT6, STM32H562VIT6, STM32H562ZGT6, STM32H562ZIT6, STM32H563AGI6, STM32H563AII3Q, STM32H563AII6, STM32H563IGK6, STM32H563IGT6, STM32H563IIK3Q, STM32H563IIK6, STM32H563IIT3Q, STM32H563IIT6, STM32H563MIY3QTR, STM32H563RGT6, STM32H563RGV6, STM32H563RIT6, STM32H563RIV6, STM32H563VGT6, STM32H563VIT3Q, STM32H563VIT6, STM32H563ZGT6, STM32H563ZIT3Q, STM32H563ZIT6, STM32H573AII3Q, STM32H573AII6, STM32H573I-DK, STM32H573IIK3Q, STM32H573IIK6, STM32H573IIT3Q, STM32H573IIT6, STM32H573MIY3QTR, STM32H573RIT6, STM32H573RIV6, STM32H573VIT3Q, STM32H573VIT6, STM32H573ZIT3Q, STM32H573ZIT6, STM32L4R5QGI6STR, STM32MP131AAE3, STM32MP131AAF3, STM32MP131AAG3, STM32MP131CAE3, STM32MP131CAF3, STM32MP131CAG3, STM32MP131DAE7, STM32MP131DAF7, STM32MP131DAG7, STM32MP131FAE7, STM32MP131FAF7, STM32MP131FAG7, STM32MP133AAE3, STM32MP133AAF3, STM32MP133AAG3, STM32MP133CAE3, STM32MP133CAF3, STM32MP133CAG3, STM32MP133DAE7, STM32MP133DAF7, STM32MP133DAG7, STM32MP133FAE7, STM32MP133FAF7, STM32MP133FAG7, STM32MP135AAE3, STM32MP135AAF3, STM32MP135AAG3, STM32MP135CAE3, STM32MP135CAF3, STM32MP135CAG3, STM32MP135DAE7, STM32MP135DAF7, STM32MP135DAG7, STM32MP135F-DK, STM32MP135FAE7, STM32MP135FAF7, STM32MP135FAF7T, STM32MP135FAF7U, STM32MP135FAG7, STM32U535CBT6, STM32U535CBT6Q, STM32U535CBU6, STM32U535CBU6Q, STM32U535CCT6, STM32U535CCT6Q, STM32U535CCU6, STM32U535CCU6Q, STM32U535CET6, STM32U535CET6Q, STM32U535CEU6, STM32U535CEU6Q, STM32U535JEY6QTR, STM32U535NCY6QTR, STM32U535NEY6QTR, STM32U535RBI6, STM32U535RBI6Q, STM32U535RBT6, STM32U535RBT6Q, STM32U535RCI6, STM32U535RCI6Q, STM32U535RCT6, STM32U535RCT6Q, STM32U535REI6, STM32U535REI6Q, STM32U535RET6, STM32U535RET6Q, STM32U535VCI6, STM32U535VCI6Q, STM32U535VCT6, STM32U535VCT6Q, STM32U535VEI6, STM32U535VEI6Q, STM32U535VET6, STM32U535VET6Q, STM32U545CET6, STM32U545CET6Q, STM32U545CEU6, STM32U545CEU6Q, STM32U545JEY6QTR, STM32U545NEY6QTR, STM32U545REI6, STM32U545REI6Q, STM32U545RET6, STM32U545RET6Q, STM32U545VEI6, STM32U545VEI6Q, STM32U545VET6, STM32U545VET6Q, STM32U595AIH6, STM32U595AIH6Q, STM32U595AJH6, STM32U595AJH6Q, STM32U595QII6, STM32U595QII6Q, STM32U595QJI6, STM32U595QJI6Q, STM32U595RIT6, STM32U595RIT6Q, STM32U595RJT6, STM32U595RJT6Q, STM32U595VIT6, STM32U595VIT6Q, STM32U595VJT6, STM32U595VJT6Q, STM32U595ZIT6, STM32U595ZIT6Q, STM32U595ZIY6QTR, STM32U595ZJT6, STM32U595ZJT6Q, STM32U595ZJY6QTR, STM32U599BJY6QTR, STM32U599NIH6Q, STM32U599NJH6Q, STM32U599VIT6Q, STM32U599VJT6, STM32U599VJT6Q, STM32U599ZIT6Q, STM32U599ZIY6QTR, STM32U599ZJT6Q, STM32U599ZJY6QTR, STM32U5A5AJH6, STM32U5A5AJH6Q, STM32U5A5QJI6, STM32U5A5QJI6Q, STM32U5A5RJT6, STM32U5A5RJT6Q, STM32U5A5VJT6, STM32U5A5VJT6Q, STM32U5A5ZJT6, STM32U5A5ZJT6Q, STM32U5A5ZJY6QTR, STM32U5A9BJY6QTR, STM32U5A9J-DK, STM32U5A9NJH6Q, STM32U5A9VJT6Q, STM32U5A9ZJT6Q, STM32U5A9ZJY6QTR, STM32U5F7VIT6, STM32U5F7VIT6Q, STM32U5F7VJT6, STM32U5F7VJT6Q, STM32U5F9BJY6QTR, STM32U5F9NJH6Q, STM32U5F9VIT6Q, STM32U5F9VJT6Q, STM32U5F9ZIJ6QTR, STM32U5F9ZIT6Q, STM32U5F9ZJJ6QTR, STM32U5F9ZJT6Q, STM32U5G7VJT6, STM32U5G7VJT6Q, STM32U5G9BJY6QTR, STM32U5G9J-DK1, STM32U5G9J-DK2, STM32U5G9NJH6Q, STM32U5G9VJT6Q, STM32U5G9ZJJ6QTR, STM32U5G9ZJT6Q, STM32WB1MMCH6, STM32WBA52CEU6, STM32WBA52CEU6T, STM32WBA52CGU6, STM32WBA52CGU6T, STM32WBA52KEU6, STM32WBA52KEU6T, STM32WBA52KGU6, STM32WBA52KGU6T, STM32WL5MOCH6, STM32WL5MOCH6TR]
2023-11-01 18:10:24,859 [INFO] BoardInfo:880 - No configuration file found for board P-NUCLEO-WB55
2023-11-01 18:10:24,859 [INFO] DbBoards:157 - Kit is not supported: P-NUCLEO-WB55
2023-11-01 18:10:24,867 [INFO] BoardInfo:880 - No configuration file found for board STEVAL-BFA001V1B
2023-11-01 18:10:24,868 [INFO] DbBoards:157 - Kit is not supported: STEVAL-BFA001V1B
2023-11-01 18:10:24,870 [INFO] BoardInfo:880 - No configuration file found for board STEVAL-BFA001V2B
2023-11-01 18:10:24,870 [INFO] DbBoards:157 - Kit is not supported: STEVAL-BFA001V2B
2023-11-01 18:10:25,104 [INFO] DbBoards:161 - Found 190 boards, 187 are supported
2023-11-01 18:10:25,107 [INFO] ApiDb:414 - User favorites file not found: /Users/liz/.stm32cubeide/favorites.boards.txt
2023-11-01 18:10:25,108 [INFO] DbBoards:190 - Set 0 / 0 favorites Boards
2023-11-01 18:10:25,112 [INFO] ApiDb:668 - CubeFinder database Data Model version=2.1
2023-11-01 18:10:25,113 [INFO] ApiDb:669 - CubeFinder database Configuration version=3.0.37
2023-11-01 18:10:25,113 [INFO] ApiDb:670 - CubeFinder database generation date=2023-10-13 (1697197505)
2023-11-01 18:10:25,113 [INFO] ApiDb:671 - CubeFinder database FW Pack versions=[FP-ATR-ASTRA1_V2.0.0, FP-SNS-FLIGHT1_V5.0.1, FP-SNS-FLIGHT1_V5.0.2, FP-SNS-MOTENV1_V4.3.1, FP-SNS-MOTENV1_V4.3.2, FP-SNS-SMARTAG2_V1.2.0, I-CUBE-ITTIADB_V8.6.3-1, STM32Cube_FW_C0_V1.1.0, STM32Cube_FW_F4_V1.27.1, STM32Cube_FW_F7_V1.17.0, STM32Cube_FW_G0_V1.6.1, STM32Cube_FW_G4_V1.5.1, STM32Cube_FW_H5_V0.5.1, STM32Cube_FW_H5_V1.1.1, STM32Cube_FW_H7_V1.11.0, STM32Cube_FW_L0_V1.12.2, STM32Cube_FW_L5_V1.5.0, STM32Cube_FW_U5_V1.3.0, STM32Cube_FW_U5_V1.3.0RC4, STM32Cube_FW_WBA_V1.0.0RC1, STM32Cube_FW_WBA_V1.1.0RC1, STM32Cube_FW_WBA_V1.1.1, STM32Cube_FW_WB_V1.15.0RC1, STM32Cube_FW_WB_V1.16.0, STM32Cube_FW_WB_V1.16.0RC2, STM32Cube_FW_WB_V1.17.3, STM32Cube_FW_WL_V1.3.0, X-CUBE-ALGOBUILD_V1.3.0, X-CUBE-ALS_V1.0.1, X-CUBE-AZRTOS-F4_V1.1.0, X-CUBE-AZRTOS-F7_V1.1.0, X-CUBE-AZRTOS-G0_V1.1.0, X-CUBE-AZRTOS-G4_V2.0.0, X-CUBE-AZRTOS-H7_V3.1.0, X-CUBE-AZRTOS-L4_V1.0.0, X-CUBE-AZRTOS-L4_V2.0.0, X-CUBE-AZRTOS-L5_V1.1.0, X-CUBE-AZRTOS-WB_V2.0.0, X-CUBE-AZRTOS-WL_V2.0.0, X-CUBE-BLE1_V7.0.0, X-CUBE-BLE2_V3.3.0, X-CUBE-BLEMGR_V2.0.0, X-CUBE-EEPRMA1_V4.1.0, X-CUBE-FREERTOS_V1.1.0, X-CUBE-GNSS1_V6.0.0, X-CUBE-MEMS1_V10.0.0, X-CUBE-MEMS1_V9.1.0, X-CUBE-MEMS1_V9.4.0, X-CUBE-MEMS1_V9.6.0, X-CUBE-NFC4_V3.0.0, X-CUBE-NFC7_V1.0.1, X-CUBE-SFXS2LP1_V4.0.0, X-CUBE-SUBG2_V5.0.0, X-CUBE-TOF1_V3.3.1]
2023-11-01 18:10:26,558 [ERROR] DbExamplesSqlite:437 - Missing JSON key: board_cpn
2023-11-01 18:10:26,559 [ERROR] DbExamplesSqlite:437 - Missing JSON key: board_cpn
2023-11-01 18:10:26,560 [ERROR] DbExamplesSqlite:437 - Missing JSON key: board_cpn
2023-11-01 18:10:26,560 [ERROR] DbExamplesSqlite:437 - Missing JSON key: board_cpn
2023-11-01 18:10:26,577 [INFO] DbExamplesSqlite:395 - Ignored 27 examples not supported by CubeIDE
2023-11-01 18:10:26,577 [INFO] DbExamplesSqlite:396 - Found 7221 examples active
2023-11-01 18:10:26,578 [INFO] DbExamplesSqlite:397 - Found 777 examples obsolete
2023-11-01 18:10:26,579 [INFO] DbExamplesSqlite:398 - Found 0 examples under development
2023-11-01 18:10:26,580 [INFO] DbExamplesSqlite:399 - Found 74 examples not building
2023-11-01 18:10:26,583 [INFO] DbExamples:125 - Found 7268 examples
2023-11-01 18:10:26,606 [INFO] DbExamples:222 - Found 93 boards with related examples
2023-11-01 18:10:26,607 [INFO] DbExamples:235 - Found 79 MCUs with related examples
2023-11-01 18:10:26,634 [INFO] ApiDb:414 - User favorites file not found: /Users/liz/.stm32cubeide/favorites.examples.txt
2023-11-01 18:10:26,634 [INFO] DbExamples:250 - Set 0 / 0 favorites Examples
2023-11-01 18:10:27,916 [INFO] McuFinderGlobals:76 - Set McuFinderConnectedMode to true
2023-11-01 18:10:27,934 [INFO] MultiScanPanel:200 - Auto-refresh data requested => check proxy status ongoing
2023-11-01 18:10:27,939 [INFO] FinderPluginLoader:95 - Searching for filters in installed packs
2023-11-01 18:10:30,065 [INFO] LoadUrlFilesThread:185 - End of LoadServerUrlFiles without Thread
2023-11-01 18:10:30,120 [INFO] DetailPanel:341 - Set advertising image to /Users/liz/STM32Cube/Repository//en.prom-stm32h5-mcu-finder.jpg
2023-11-01 18:11:09,797 [INFO] MainUpdater:2868 - connection check result : 10
2023-11-01 18:11:09,798 [INFO] MainUpdater:2868 - connection check result : 10
2023-11-01 18:11:09,996 [ERROR] IocParser:57 - IOException caught: /Users/liz/Library/CloudStorage/OneDrive-Personal/Desktop/AfterGlitch/Desktop/Projects/Fall_2023/395new/firmware/firmware/firmware.ioc (No such file or directory)
2023-11-01 18:11:10,021 [ERROR] RegexParser:59 - Issue caught when parsing regex: /Users/liz/Library/CloudStorage/OneDrive-Personal/Desktop/AfterGlitch/Desktop/Projects/Fall_2023/395new/firmware/firmware/firmware.ioc (No such file or directory)
2023-11-01 18:11:10,310 [INFO] I2cTimingTraitement:330 - 0x00000708
2023-11-01 18:11:10,320 [INFO] MicroXplorer:468 - Change Database Path : 
2023-11-01 18:11:10,320 [INFO] MicroXplorer:498 - Change Database Version : DB.6.0.91
2023-11-01 18:11:10,371 [WARN] ThirdParty:871 - waiting for thirdparty lock release [close project]
2023-11-01 18:11:10,371 [INFO] ThirdParty:873 - entering critical section [close project]
2023-11-01 18:11:10,371 [INFO] ThirdParty:883 - exiting critical section [close project]
2023-11-01 18:11:10,373 [INFO] PinOutPanel:1499 - setPackage(No Configuration,No Configuration)
2023-11-01 18:11:10,390 [INFO] UtilMem:75 - Begin LoadConfig() Used Memory: 850962944 Bytes (1073741824)
2023-11-01 18:11:10,391 [INFO] MicroXplorer:468 - Change Database Path : 
2023-11-01 18:11:10,391 [INFO] MicroXplorer:498 - Change Database Version : DB.6.0.91
2023-11-01 18:11:10,391 [INFO] OpenFileManager:308 - Change cursor
2023-11-01 18:11:10,410 [INFO] Mcu:1946 - Initializing MCU STM32L031K(4-6)Tx STM32L031K6Tx STM32L031K6T7
2023-11-01 18:11:11,123 [INFO] Context:659 - Trying to add GPIOservice into a context  which must be forbidden
2023-11-01 18:11:11,464 [INFO] RtosManager:555 - Registered RTOS mode: class=CMSIS, group=RTOS, mode=CMSIS_V1, owner=FREERTOS
2023-11-01 18:11:11,464 [INFO] RtosManager:555 - Registered RTOS mode: class=CMSIS, group=RTOS2, mode=CMSIS_V2, owner=FREERTOS
2023-11-01 18:11:11,464 [INFO] RtosManager:555 - Registered RTOS mode: class=RTOS, group=Core, mode=CMSIS_V1, owner=FREERTOS
2023-11-01 18:11:11,464 [INFO] RtosManager:555 - Registered RTOS mode: class=RTOS, group=Core, mode=CMSIS_V2, owner=FREERTOS
2023-11-01 18:11:11,464 [WARN] ModelIntegratedComponent:184 - Missing modes for component STMicroelectronics:FreeRTOS:0.0.1:STMicroelectronics:RTOS:FreeRTOS:Core:::10.2.0:
2023-11-01 18:11:11,482 [WARN] ModelIntegratedComponent:63 - No mode defined for component null
2023-11-01 18:11:11,483 [WARN] ModelIntegratedComponent:63 - No mode defined for component null
2023-11-01 18:11:11,483 [WARN] ModelIntegratedComponent:63 - No mode defined for component null
2023-11-01 18:11:11,483 [WARN] ModelIntegratedComponent:63 - No mode defined for component null
2023-11-01 18:11:11,483 [WARN] ModelIntegratedComponent:63 - No mode defined for component null
2023-11-01 18:11:11,483 [WARN] ModelIntegratedComponent:63 - No mode defined for component null
2023-11-01 18:11:11,483 [WARN] ModelIntegratedComponent:63 - No mode defined for component null
2023-11-01 18:11:11,483 [WARN] ModelIntegratedComponent:63 - No mode defined for component null
2023-11-01 18:11:11,483 [WARN] ModelIntegratedComponent:63 - No mode defined for component null
2023-11-01 18:11:11,483 [WARN] ModelIntegratedComponent:63 - No mode defined for component null
2023-11-01 18:11:11,484 [WARN] ModelIntegratedComponent:63 - No mode defined for component null
2023-11-01 18:11:11,484 [WARN] ModelIntegratedComponent:63 - No mode defined for component null
2023-11-01 18:11:11,484 [WARN] ModelIntegratedComponent:63 - No mode defined for component null
2023-11-01 18:11:11,484 [WARN] ModelIntegratedComponent:63 - No mode defined for component null
2023-11-01 18:11:11,484 [WARN] ModelIntegratedComponent:63 - No mode defined for component null
2023-11-01 18:11:11,484 [WARN] ModelIntegratedComponent:63 - No mode defined for component null
2023-11-01 18:11:11,484 [WARN] ModelIntegratedComponent:63 - No mode defined for component null
2023-11-01 18:11:11,484 [WARN] ModelIntegratedComponent:63 - No mode defined for component null
2023-11-01 18:11:11,484 [WARN] ModelIntegratedComponent:63 - No mode defined for component null
2023-11-01 18:11:11,485 [WARN] ModelIntegratedComponent:63 - No mode defined for component null
2023-11-01 18:11:11,485 [WARN] ModelIntegratedComponent:63 - No mode defined for component null
2023-11-01 18:11:11,485 [WARN] ModelIntegratedComponent:63 - No mode defined for component null
2023-11-01 18:11:11,485 [WARN] ModelIntegratedComponent:63 - No mode defined for component null
2023-11-01 18:11:11,485 [WARN] ModelIntegratedComponent:63 - No mode defined for component null
2023-11-01 18:11:11,485 [WARN] ModelIntegratedComponent:63 - No mode defined for component null
2023-11-01 18:11:11,486 [WARN] ModelIntegratedComponent:63 - No mode defined for component null
2023-11-01 18:11:11,486 [WARN] ModelIntegratedComponent:63 - No mode defined for component null
2023-11-01 18:11:11,486 [WARN] ModelIntegratedComponent:63 - No mode defined for component null
2023-11-01 18:11:11,486 [WARN] ModelIntegratedComponent:63 - No mode defined for component null
2023-11-01 18:11:11,486 [WARN] ModelIntegratedComponent:63 - No mode defined for component null
2023-11-01 18:11:11,486 [WARN] ModelIntegratedComponent:63 - No mode defined for component null
2023-11-01 18:11:11,486 [WARN] ModelIntegratedComponent:63 - No mode defined for component null
2023-11-01 18:11:11,486 [WARN] ModelIntegratedComponent:63 - No mode defined for component null
2023-11-01 18:11:11,690 [INFO] ThirdPartyModel:298 - Start build external matchings
2023-11-01 18:11:12,925 [INFO] ThirdPartyModel:316 - End build external matchings
2023-11-01 18:11:13,106 [INFO] UtilMem:75 - End LoadConfig() Used Memory: 735887248 Bytes (1073741824)
2023-11-01 18:11:13,470 [WARN] ThirdParty:833 - waiting for thirdparty lock release [change project]
2023-11-01 18:11:13,470 [INFO] ThirdParty:835 - entering critical section [change project]
2023-11-01 18:11:13,470 [INFO] ThirdParty:1030 - CMSIS Pack Vendor :STMicroelectronics X-CUBE-ISPU 1.1.0
2023-11-01 18:11:13,470 [INFO] ThirdParty:1030 - CMSIS Pack Vendor :STMicroelectronics USBPD 4.1
2023-11-01 18:11:13,470 [INFO] ThirdParty:1030 - CMSIS Pack Vendor :STMicroelectronics X-CUBE-GNSS1 6.0.0
2023-11-01 18:11:13,470 [INFO] ThirdParty:1030 - CMSIS Pack Vendor :STMicroelectronics USB_HOST 2.0.0
2023-11-01 18:11:13,471 [INFO] ThirdParty:1030 - CMSIS Pack Vendor :STMicroelectronics X-CUBE-AZRTOS-F4 1.1.0
2023-11-01 18:11:13,471 [INFO] ThirdParty:1030 - CMSIS Pack Vendor :STMicroelectronics LIBJPEG 8.0.0
2023-11-01 18:11:13,471 [INFO] ThirdParty:1030 - CMSIS Pack Vendor :wolfSSL I-CUBE-wolfSSL 5.6.3
2023-11-01 18:11:13,471 [INFO] ThirdParty:1030 - CMSIS Pack Vendor :STMicroelectronics X-CUBE-SMBUS 2.1.0
2023-11-01 18:11:13,471 [INFO] ThirdParty:1030 - CMSIS Pack Vendor :STMicroelectronics USB_DEVICE 3.0.0
2023-11-01 18:11:13,471 [INFO] ThirdParty:1030 - CMSIS Pack Vendor :STMicroelectronics X-CUBE-AZRTOS-WB 2.0.0
2023-11-01 18:11:13,471 [INFO] ThirdParty:1030 - CMSIS Pack Vendor :STMicroelectronics X-CUBE-FREERTOS 1.0.1
2023-11-01 18:11:13,471 [INFO] ThirdParty:1030 - CMSIS Pack Vendor :STMicroelectronics X-CUBE-AZRTOS-F7 1.1.0
2023-11-01 18:11:13,471 [INFO] ThirdParty:1030 - CMSIS Pack Vendor :STMicroelectronics X-CUBE-AZRTOS-L5 2.0.0
2023-11-01 18:11:13,471 [INFO] ThirdParty:1030 - CMSIS Pack Vendor :STMicroelectronics USB_DEVICE 2.0.0
2023-11-01 18:11:13,472 [INFO] ThirdParty:1030 - CMSIS Pack Vendor :STMicroelectronics X-CUBE-MEMS1 9.6.0
2023-11-01 18:11:13,472 [INFO] ThirdParty:1030 - CMSIS Pack Vendor :STMicroelectronics X-CUBE-EEPRMA1 4.2.0
2023-11-01 18:11:13,472 [INFO] ThirdParty:1030 - CMSIS Pack Vendor :ITTIA_DB I-CUBE-ITTIADB 8.8.0
2023-11-01 18:11:13,472 [INFO] ThirdParty:1030 - CMSIS Pack Vendor :STMicroelectronics FP-SNS-MOTENV1 4.3.2
2023-11-01 18:11:13,472 [INFO] ThirdParty:1030 - CMSIS Pack Vendor :STMicroelectronics X-CUBE-ALGOBUILD 1.3.0
2023-11-01 18:11:13,472 [INFO] ThirdParty:1030 - CMSIS Pack Vendor :STMicroelectronics FreeRTOS 0.0.1
2023-11-01 18:11:13,472 [INFO] ThirdParty:1030 - CMSIS Pack Vendor :STMicroelectronics X-CUBE-AZRTOS-G0 1.1.0
2023-11-01 18:11:13,472 [INFO] ThirdParty:1030 - CMSIS Pack Vendor :STMicroelectronics X-CUBE-BLEMGR 2.0.0
2023-11-01 18:11:13,472 [INFO] ThirdParty:1030 - CMSIS Pack Vendor :STMicroelectronics X-CUBE-NFC4 3.0.0
2023-11-01 18:11:13,472 [INFO] ThirdParty:1030 - CMSIS Pack Vendor :STMicroelectronics X-CUBE-SUBG2 5.0.0
2023-11-01 18:11:13,472 [INFO] ThirdParty:1030 - CMSIS Pack Vendor :STMicroelectronics STM32_WPAN 1.0.0
2023-11-01 18:11:13,472 [INFO] ThirdParty:1030 - CMSIS Pack Vendor :STMicroelectronics lwIP 2.0.3
2023-11-01 18:11:13,472 [INFO] ThirdParty:1030 - CMSIS Pack Vendor :STMicroelectronics FP-SNS-FLIGHT1 5.0.2
2023-11-01 18:11:13,473 [INFO] ThirdParty:1030 - CMSIS Pack Vendor :STMicroelectronics USB_HOST 1.0.0
2023-11-01 18:11:13,473 [INFO] ThirdParty:1030 - CMSIS Pack Vendor :STMicroelectronics X-CUBE-TOF1 3.3.1
2023-11-01 18:11:13,473 [INFO] ThirdParty:1030 - CMSIS Pack Vendor :STMicroelectronics X-CUBE-AZRTOS-G4 2.0.0
2023-11-01 18:11:13,473 [INFO] ThirdParty:1030 - CMSIS Pack Vendor :STMicroelectronics PDM2PCM 3.1.0
2023-11-01 18:11:13,473 [INFO] ThirdParty:1030 - CMSIS Pack Vendor :STMicroelectronics X-CUBE-AZRTOS-H7 3.1.0
2023-11-01 18:11:13,473 [INFO] ThirdParty:1030 - CMSIS Pack Vendor :Infineon AIROC-Wi-Fi-Bluetooth-STM32 1.5.1
2023-11-01 18:11:13,473 [INFO] ThirdParty:1030 - CMSIS Pack Vendor :STMicroelectronics X-CUBE-BLEMGR 3.0.0
2023-11-01 18:11:13,473 [INFO] ThirdParty:1030 - CMSIS Pack Vendor :STMicroelectronics PDM2PCM 3.3.0
2023-11-01 18:11:13,474 [INFO] ThirdParty:1030 - CMSIS Pack Vendor :STMicroelectronics X-CUBE-DISPLAY 3.0.0
2023-11-01 18:11:13,474 [INFO] ThirdParty:1030 - CMSIS Pack Vendor :STMicroelectronics X-CUBE-BLE1 7.0.0
2023-11-01 18:11:13,474 [INFO] ThirdParty:1030 - CMSIS Pack Vendor :STMicroelectronics FP-ATR-SIGFOX1 3.2.0
2023-11-01 18:11:13,474 [INFO] ThirdParty:1030 - CMSIS Pack Vendor :STMicroelectronics HAL Drivers 0.0.0
2023-11-01 18:11:13,474 [INFO] ThirdParty:1030 - CMSIS Pack Vendor :STMicroelectronics MBEDTLS 2.16.2
2023-11-01 18:11:13,474 [INFO] ThirdParty:1030 - CMSIS Pack Vendor :emotas I-CUBE-CANOPEN 1.3.0
2023-11-01 18:11:13,474 [INFO] ThirdParty:1030 - CMSIS Pack Vendor :STMicroelectronics X-CUBE-MEMS1 10.0.0
2023-11-01 18:11:13,474 [INFO] ThirdParty:1030 - CMSIS Pack Vendor :STMicroelectronics X-CUBE-FREERTOS 1.1.0
2023-11-01 18:11:13,474 [INFO] ThirdParty:1030 - CMSIS Pack Vendor :STMicroelectronics X-CUBE-TOUCHGFX 4.22.0
2023-11-01 18:11:13,474 [INFO] ThirdParty:1030 - CMSIS Pack Vendor :STMicroelectronics X-CUBE-NFC7 1.0.1
2023-11-01 18:11:13,474 [INFO] ThirdParty:1030 - CMSIS Pack Vendor :STMicroelectronics MBEDTLS 2.14.1
2023-11-01 18:11:13,475 [INFO] ThirdParty:1030 - CMSIS Pack Vendor :STMicroelectronics X-CUBE-TOUCHGFX 4.22.1
2023-11-01 18:11:13,475 [INFO] ThirdParty:1030 - CMSIS Pack Vendor :STMicroelectronics X-CUBE-NFC6 3.0.0
2023-11-01 18:11:13,475 [INFO] ThirdParty:1030 - CMSIS Pack Vendor :STMicroelectronics X-CUBE-EEPRMA1 4.1.0
2023-11-01 18:11:13,475 [INFO] ThirdParty:1030 - CMSIS Pack Vendor :portGmbH I-Cube-SoM-uGOAL 1.1.0
2023-11-01 18:11:13,475 [INFO] ThirdParty:1030 - CMSIS Pack Vendor :STMicroelectronics X-CUBE-ALS 1.0.1
2023-11-01 18:11:13,475 [INFO] ThirdParty:1030 - CMSIS Pack Vendor :STMicroelectronics ThreadX 1.0.0
2023-11-01 18:11:13,475 [INFO] ThirdParty:1030 - CMSIS Pack Vendor :STMicroelectronics FP-SNS-SMARTAG2 1.2.0
2023-11-01 18:11:13,475 [INFO] ThirdParty:1030 - CMSIS Pack Vendor :STMicroelectronics X-CUBE-AZRTOS-WL 2.0.0
2023-11-01 18:11:13,475 [INFO] ThirdParty:1030 - CMSIS Pack Vendor :SEGGER I-CUBE-embOS 1.3.1
2023-11-01 18:11:13,475 [INFO] ThirdParty:1030 - CMSIS Pack Vendor :STMicroelectronics USB_DEVICE 1.0.0
2023-11-01 18:11:13,476 [INFO] ThirdParty:1030 - CMSIS Pack Vendor :STMicroelectronics X-CUBE-AI 8.1.0
2023-11-01 18:11:13,476 [INFO] ThirdParty:1030 - CMSIS Pack Vendor :STMicroelectronics X-CUBE-AZRTOS-L4 2.0.0
2023-11-01 18:11:13,476 [INFO] ThirdParty:1030 - CMSIS Pack Vendor :STMicroelectronics ThreadX 0.0.2
2023-11-01 18:11:13,476 [INFO] ThirdParty:1030 - CMSIS Pack Vendor :WES I-CUBE-Cesium 1.3.0
2023-11-01 18:11:13,476 [INFO] ThirdParty:1030 - CMSIS Pack Vendor :STMicroelectronics FP-ATR-ASTRA1 2.0.0
2023-11-01 18:11:13,476 [INFO] ThirdParty:1030 - CMSIS Pack Vendor :STMicroelectronics lwIP 2.1.2
2023-11-01 18:11:13,477 [INFO] ThirdParty:1030 - CMSIS Pack Vendor :STMicroelectronics X-CUBE-SFXS2LP1 4.0.0
2023-11-01 18:11:13,477 [INFO] ThirdParty:1030 - CMSIS Pack Vendor :STMicroelectronics X-CUBE-BLE2 3.3.0
2023-11-01 18:11:13,477 [INFO] ThirdParty:1030 - CMSIS Pack Vendor :STMicroelectronics PDM2PCM 3.2.0
2023-11-01 18:11:13,477 [INFO] ThirdParty:841 - exiting critical section [change project]
2023-11-01 18:11:13,678 [INFO] PinOutPanel:1499 - setPackage(No Configuration,No Configuration)
2023-11-01 18:11:13,680 [INFO] PinOutPanel:1499 - setPackage(STM32L031K6Tx,LQFP32)
2023-11-01 18:11:14,273 [INFO] UtilMem:75 - Before build in PCC Used Memory: 628954736 Bytes (1073741824)
2023-11-01 18:11:14,942 [INFO] UtilMem:75 - After build in PCC Used Memory: 678237808 Bytes (1073741824)
2023-11-01 18:11:15,006 [INFO] IPUIPlugin:80 - create IPUIPlugin
2023-11-01 18:11:15,007 [INFO] IPUIPlugin:80 - create IPUIPlugin
2023-11-01 18:11:15,008 [INFO] IPUIPlugin:80 - create IPUIPlugin
2023-11-01 18:11:15,009 [INFO] IPUIPlugin:80 - create IPUIPlugin
2023-11-01 18:11:15,010 [INFO] IPUIPlugin:80 - create IPUIPlugin
2023-11-01 18:11:15,010 [INFO] IPUIPlugin:80 - create IPUIPlugin
2023-11-01 18:11:15,011 [INFO] IPUIPlugin:80 - create IPUIPlugin
2023-11-01 18:11:15,011 [INFO] IPUIPlugin:80 - create IPUIPlugin
2023-11-01 18:11:15,012 [INFO] IPUIPlugin:80 - create IPUIPlugin
2023-11-01 18:11:15,012 [INFO] IPUIPlugin:80 - create IPUIPlugin
2023-11-01 18:11:15,013 [INFO] IPUIPlugin:80 - create IPUIPlugin
2023-11-01 18:11:15,013 [INFO] IPUIPlugin:80 - create IPUIPlugin
2023-11-01 18:11:15,014 [INFO] IPUIPlugin:80 - create IPUIPlugin
2023-11-01 18:11:15,014 [INFO] IPUIPlugin:80 - create IPUIPlugin
2023-11-01 18:11:15,015 [INFO] IPUIPlugin:80 - create IPUIPlugin
2023-11-01 18:11:15,015 [INFO] IPUIPlugin:80 - create IPUIPlugin
2023-11-01 18:11:15,016 [INFO] IPUIPlugin:80 - create IPUIPlugin
2023-11-01 18:11:15,016 [INFO] IPUIPlugin:80 - create IPUIPlugin
2023-11-01 18:11:15,016 [INFO] IPUIPlugin:80 - create IPUIPlugin
2023-11-01 18:11:15,016 [INFO] IPUIPlugin:80 - create IPUIPlugin
2023-11-01 18:11:15,017 [INFO] IPUIPlugin:80 - create IPUIPlugin
2023-11-01 18:11:15,017 [INFO] IPUIPlugin:80 - create IPUIPlugin
2023-11-01 18:11:15,100 [INFO] CADModel:165 - CPN selected for project levelSTM32L031K6T7
2023-11-01 18:11:15,100 [INFO] CADModel:114 - Register for checkConnection events
2023-11-01 18:11:15,143 [INFO] OpenFileManager:328 - Restore cursor
2023-11-01 18:11:16,203 [INFO] UtilMem:75 - End SaveConfig() Used Memory: 765563912 Bytes (1073741824)
2023-11-01 18:11:16,314 [INFO] UtilMem:75 - End SaveConfig() Used Memory: 775905888 Bytes (1073741824)
2023-11-01 18:11:17,211 [INFO] BlockDiagram:2759 - set Specific Code input for plugin: NVIC
2023-11-01 18:11:17,212 [INFO] BlockDiagram:2759 - set Specific Code input for plugin: GPIO
2023-11-01 18:11:17,212 [INFO] BlockDiagram:2759 - set Specific Code input for plugin: RCC
2023-11-01 18:11:17,212 [INFO] BlockDiagram:2759 - set Specific Code input for plugin: TIM1_8L0
2023-11-01 18:11:17,212 [INFO] BlockDiagram:2759 - set Specific Code input for plugin: I2C
2023-11-01 18:11:17,212 [INFO] BlockDiagram:2759 - set Specific Code input for plugin: LPUART
2023-11-01 18:11:17,212 [INFO] BlockDiagram:2759 - set Specific Code input for plugin: TIM1_8L0
2023-11-01 18:11:17,214 [INFO] CodeGenerator:799 - code generatio: config db path: /Applications/STM32CubeIDE.app/Contents/Eclipse/plugins/com.st.stm32cube.common.mx_6.9.1.202307191849//db/
2023-11-01 18:11:17,704 [INFO] CodeEngine:255 - oldGeneratedFile, /Users/liz/Library/CloudStorage/OneDrive-Personal/Desktop/AfterGlitch/Desktop/Projects/Fall_2023/395new/firmware/MLC_firmware/MXTmpFiles/license.tmp_save
2023-11-01 18:11:18,482 [INFO] CodeEngine:279 - Generated code: /Users/liz/Library/CloudStorage/OneDrive-Personal/Desktop/AfterGlitch/Desktop/Projects/Fall_2023/395new/firmware/MLC_firmware/MXTmpFiles/license.tmp
2023-11-01 18:11:18,884 [INFO] CodeEngine:255 - oldGeneratedFile, /Users/liz/Library/CloudStorage/OneDrive-Personal/Desktop/AfterGlitch/Desktop/Projects/Fall_2023/395new/firmware/MLC_firmware/MXTmpFiles/gpio.tmp_save
2023-11-01 18:11:19,191 [INFO] CodeEngine:279 - Generated code: /Users/liz/Library/CloudStorage/OneDrive-Personal/Desktop/AfterGlitch/Desktop/Projects/Fall_2023/395new/firmware/MLC_firmware/MXTmpFiles/gpio.tmp
2023-11-01 18:11:19,955 [INFO] CodeEngine:255 - oldGeneratedFile, /Users/liz/Library/CloudStorage/OneDrive-Personal/Desktop/AfterGlitch/Desktop/Projects/Fall_2023/395new/firmware/MLC_firmware/Core/Src/stm32l0xx_it.c_save
2023-11-01 18:11:20,238 [INFO] CodeEngine:279 - Generated code: /Users/liz/Library/CloudStorage/OneDrive-Personal/Desktop/AfterGlitch/Desktop/Projects/Fall_2023/395new/firmware/MLC_firmware/Core/Src/stm32l0xx_it.c
2023-11-01 18:11:20,243 [INFO] CodeEngine:255 - oldGeneratedFile, /Users/liz/Library/CloudStorage/OneDrive-Personal/Desktop/AfterGlitch/Desktop/Projects/Fall_2023/395new/firmware/MLC_firmware/Core/Inc/stm32l0xx_it.h_save
2023-11-01 18:11:20,467 [INFO] CodeEngine:279 - Generated code: /Users/liz/Library/CloudStorage/OneDrive-Personal/Desktop/AfterGlitch/Desktop/Projects/Fall_2023/395new/firmware/MLC_firmware/Core/Inc/stm32l0xx_it.h
2023-11-01 18:11:20,561 [INFO] CodeEngine:255 - oldGeneratedFile, /Users/liz/Library/CloudStorage/OneDrive-Personal/Desktop/AfterGlitch/Desktop/Projects/Fall_2023/395new/firmware/MLC_firmware/Core/Src/stm32l0xx_hal_msp.c_save
2023-11-01 18:11:20,889 [INFO] CodeEngine:279 - Generated code: /Users/liz/Library/CloudStorage/OneDrive-Personal/Desktop/AfterGlitch/Desktop/Projects/Fall_2023/395new/firmware/MLC_firmware/Core/Src/stm32l0xx_hal_msp.c
2023-11-01 18:11:20,896 [INFO] CodeEngine:255 - oldGeneratedFile, /Users/liz/Library/CloudStorage/OneDrive-Personal/Desktop/AfterGlitch/Desktop/Projects/Fall_2023/395new/firmware/MLC_firmware/MXTmpFiles/system.tmp_save
2023-11-01 18:11:21,070 [INFO] CodeEngine:279 - Generated code: /Users/liz/Library/CloudStorage/OneDrive-Personal/Desktop/AfterGlitch/Desktop/Projects/Fall_2023/395new/firmware/MLC_firmware/MXTmpFiles/system.tmp
2023-11-01 18:11:21,084 [INFO] CodeEngine:311 - oldGeneratedFile, /Users/liz/Library/CloudStorage/OneDrive-Personal/Desktop/AfterGlitch/Desktop/Projects/Fall_2023/395new/firmware/MLC_firmware/Core/Inc/stm32l0xx_hal_conf.h_save
2023-11-01 18:11:21,268 [INFO] CodeEngine:335 - Generated code: /Users/liz/Library/CloudStorage/OneDrive-Personal/Desktop/AfterGlitch/Desktop/Projects/Fall_2023/395new/firmware/MLC_firmware/Core/Inc/stm32l0xx_hal_conf.h
2023-11-01 18:11:21,332 [WARN] IPConfigManager:3431 - IP not found : TIM
2023-11-01 18:11:21,334 [WARN] CodeGenerator:3760 - IP not found : null
2023-11-01 18:11:21,341 [INFO] CodeEngine:255 - oldGeneratedFile, /Users/liz/Library/CloudStorage/OneDrive-Personal/Desktop/AfterGlitch/Desktop/Projects/Fall_2023/395new/firmware/MLC_firmware/Core/Inc/main.h_save
2023-11-01 18:11:21,589 [INFO] CodeEngine:279 - Generated code: /Users/liz/Library/CloudStorage/OneDrive-Personal/Desktop/AfterGlitch/Desktop/Projects/Fall_2023/395new/firmware/MLC_firmware/Core/Inc/main.h
2023-11-01 18:11:21,602 [INFO] CodeEngine:255 - oldGeneratedFile, /Users/liz/Library/CloudStorage/OneDrive-Personal/Desktop/AfterGlitch/Desktop/Projects/Fall_2023/395new/firmware/MLC_firmware/Core/Src/main.c_save
2023-11-01 18:11:21,945 [INFO] CodeEngine:279 - Generated code: /Users/liz/Library/CloudStorage/OneDrive-Personal/Desktop/AfterGlitch/Desktop/Projects/Fall_2023/395new/firmware/MLC_firmware/Core/Src/main.c
2023-11-01 18:11:23,306 [INFO] ProjectBuilder:3064 - Time for Copy HAL[1] : 358mS.
2023-11-01 18:11:23,331 [INFO] ProjectBuilder:4404 - Project Generator version: 4.1.0
2023-11-01 18:11:24,150 [INFO] ConfigFileManager:1457 - The Die is : DIE425
2023-11-01 18:11:24,190 [INFO] ApiDbMcu:507 - Load IP Config File for FATFS
2023-11-01 18:11:24,306 [INFO] ApiDbMcu:507 - Load IP Config File for FREERTOS
2023-11-01 18:11:33,843 [INFO] ProjectBuilder:4626 - Time for Generating toolchain IDE Files: 10511mS.
2023-11-01 18:11:33,873 [INFO] ProjectBuilder:2935 - Time for Copy CMSIS : 2mS.
2023-11-01 18:11:33,876 [INFO] ProjectBuilder:2935 - Time for Copy CMSIS : 0mS.
2023-11-01 18:11:34,783 [INFO] McuFinderGlobals:76 - Set McuFinderConnectedMode to true
2023-11-01 18:11:34,957 [INFO] ApiDb:448 - Save user favorites file /Users/liz/.stm32cubeide/favorites.mcus.txt: 0 item(s)
2023-11-01 18:11:34,957 [INFO] ApiDb:452 - User favorites MCUs=[]
