2023-11-01 18:10:14,464 [INFO] MainUpdater:2868 - connection check result : 10
2023-11-01 18:10:14,512 [INFO] McuFinderGlobals:76 - Set McuFinderConnectedMode to true
2023-11-01 18:10:15,093 [INFO] ServerAccessManage:473 - Download File mcusAds.json._tmp_
2023-11-01 18:10:15,200 [INFO] LoadUrlFilesThread:156 - End of LoadUrlFiles Thread
2023-11-01 18:10:15,284 [INFO] ServerAccessManage:473 - Download File cube-finder-db.zip
2023-11-01 18:10:16,367 [INFO] FileExtend:240 - Unzip File : cube-finder-db.zip
2023-11-01 18:10:16,368 [INFO] FileExtend:255 - Standard Zip Deflate
2023-11-01 18:10:17,616 [INFO] LoadUrlFilesThread:156 - End of LoadUrlFiles Thread
2023-11-01 18:10:18,372 [INFO] ServerAccessManage:473 - Download File crdb.zip
2023-11-01 18:10:19,046 [INFO] FileExtend:240 - Unzip File : crdb.zip
2023-11-01 18:10:19,047 [INFO] FileExtend:255 - Standard Zip Deflate
2023-11-01 18:10:19,171 [INFO] LoadUrlFilesThread:156 - End of LoadUrlFiles Thread
2023-11-01 18:10:19,332 [INFO] ServerAccessManage:473 - Download File tutoVideoDB.zip
2023-11-01 18:10:19,339 [INFO] FileExtend:240 - Unzip File : tutoVideoDB.zip
2023-11-01 18:10:19,340 [INFO] FileExtend:255 - Standard Zip Deflate
2023-11-01 18:10:19,448 [INFO] LoadUrlFilesThread:156 - End of LoadUrlFiles Thread
2023-11-01 18:10:19,453 [WARN] DbFile:41 - Overriding database path with different value: /Users/liz/.stmcufinder/plugins/mcufinder/ => /Users/liz/.stmcufinder/plugins/mcufinder
2023-11-01 18:10:19,583 [INFO] ServerAccessManage:473 - Download File api_config.json
2023-11-01 18:10:19,689 [INFO] LoadUrlFilesThread:156 - End of LoadUrlFiles Thread
2023-11-01 18:10:19,690 [INFO] DbMcusAds:53 - JSON generation date=Tue Mar 07 02:50:55 CST 2023 (1678179055335)
2023-11-01 18:10:19,697 [INFO] ApiDb:448 - Save user favorites file /Users/liz/.stm32cubeide/favorites.mcus.txt: 0 item(s)
2023-11-01 18:10:19,697 [INFO] ApiDb:452 - User favorites MCUs=[]
2023-11-01 18:10:19,745 [INFO] ApiDb:581 - Connected to CubeFinder SQLite database (/Users/liz/.stmcufinder/plugins/mcufinder/mcu/cube-finder-db.db)
2023-11-01 18:10:19,815 [INFO] ApiDb:668 - CubeFinder database Data Model version=2.1
2023-11-01 18:10:19,815 [INFO] ApiDb:669 - CubeFinder database Configuration version=3.0.37
2023-11-01 18:10:19,816 [INFO] ApiDb:670 - CubeFinder database generation date=2023-10-13 (1697197505)
2023-11-01 18:10:19,816 [INFO] ApiDb:671 - CubeFinder database FW Pack versions=[FP-ATR-ASTRA1_V2.0.0, FP-SNS-FLIGHT1_V5.0.1, FP-SNS-FLIGHT1_V5.0.2, FP-SNS-MOTENV1_V4.3.1, FP-SNS-MOTENV1_V4.3.2, FP-SNS-SMARTAG2_V1.2.0, I-CUBE-ITTIADB_V8.6.3-1, STM32Cube_FW_C0_V1.1.0, STM32Cube_FW_F4_V1.27.1, STM32Cube_FW_F7_V1.17.0, STM32Cube_FW_G0_V1.6.1, STM32Cube_FW_G4_V1.5.1, STM32Cube_FW_H5_V0.5.1, STM32Cube_FW_H5_V1.1.1, STM32Cube_FW_H7_V1.11.0, STM32Cube_FW_L0_V1.12.2, STM32Cube_FW_L5_V1.5.0, STM32Cube_FW_U5_V1.3.0, STM32Cube_FW_U5_V1.3.0RC4, STM32Cube_FW_WBA_V1.0.0RC1, STM32Cube_FW_WBA_V1.1.0RC1, STM32Cube_FW_WBA_V1.1.1, STM32Cube_FW_WB_V1.15.0RC1, STM32Cube_FW_WB_V1.16.0, STM32Cube_FW_WB_V1.16.0RC2, STM32Cube_FW_WB_V1.17.3, STM32Cube_FW_WL_V1.3.0, X-CUBE-ALGOBUILD_V1.3.0, X-CUBE-ALS_V1.0.1, X-CUBE-AZRTOS-F4_V1.1.0, X-CUBE-AZRTOS-F7_V1.1.0, X-CUBE-AZRTOS-G0_V1.1.0, X-CUBE-AZRTOS-G4_V2.0.0, X-CUBE-AZRTOS-H7_V3.1.0, X-CUBE-AZRTOS-L4_V1.0.0, X-CUBE-AZRTOS-L4_V2.0.0, X-CUBE-AZRTOS-L5_V1.1.0, X-CUBE-AZRTOS-WB_V2.0.0, X-CUBE-AZRTOS-WL_V2.0.0, X-CUBE-BLE1_V7.0.0, X-CUBE-BLE2_V3.3.0, X-CUBE-BLEMGR_V2.0.0, X-CUBE-EEPRMA1_V4.1.0, X-CUBE-FREERTOS_V1.1.0, X-CUBE-GNSS1_V6.0.0, X-CUBE-MEMS1_V10.0.0, X-CUBE-MEMS1_V9.1.0, X-CUBE-MEMS1_V9.4.0, X-CUBE-MEMS1_V9.6.0, X-CUBE-NFC4_V3.0.0, X-CUBE-NFC7_V1.0.1, X-CUBE-SFXS2LP1_V4.0.0, X-CUBE-SUBG2_V5.0.0, X-CUBE-TOF1_V3.3.1]
2023-11-01 18:10:23,746 [INFO] ApiDb:240 - Found 323 in-development CPN: [B-G473E-ZEST1S, B-WB1M-WPAN1, B-WL5M-SUBG1, NUCLEO-C031C6, NUCLEO-H503RB, NUCLEO-H563ZI, NUCLEO-U545RE-Q, NUCLEO-U5A5ZJ-Q, NUCLEO-WBA52CG, STEVAL-PROTEUS1, STEVAL-SMARTAG2, STEVAL-STWINBX1, STM320518-EVAL, STM32C0116-DK, STM32C011D6Y3TR, STM32C011D6Y6TR, STM32C011F4P3, STM32C011F4P6, STM32C011F4U3, STM32C011F4U6TR, STM32C011F6P3, STM32C011F6P6, STM32C011F6U3, STM32C011F6U6TR, STM32C011J4M3, STM32C011J4M6, STM32C011J6M3, STM32C011J6M6, STM32C0316-DK, STM32C031C4T3, STM32C031C4T6, STM32C031C4U3, STM32C031C4U6, STM32C031C6T3, STM32C031C6T6, STM32C031C6U3, STM32C031C6U6, STM32C031F4P3, STM32C031F4P6, STM32C031F6P3, STM32C031F6P6, STM32C031G4U3, STM32C031G4U6, STM32C031G6U3, STM32C031G6U6, STM32C031K4T3, STM32C031K4T6, STM32C031K4U3, STM32C031K4U6, STM32C031K6T3, STM32C031K6T6, STM32C031K6U3, STM32C031K6U6, STM32G071K8TXN, STM32G071K8UXN, STM32G081GBU6N, STM32G081KBT6N, STM32G081KBUXN, STM32G0B1CCT6N, STM32G0B1KCT6, STM32G0B1NEY6TR, STM32G0B1RCT6N, STM32G0C1CCT6, STM32G0C1CCT6N, STM32G0C1CCU6N, STM32G0C1CET6N, STM32G0C1CEU6N, STM32G0C1KCT6, STM32G0C1NEY6TR, STM32G0C1RCI6N, STM32G0C1RCT6N, STM32G0C1REI6N, STM32G0C1RET6N, STM32G0C1VCI6, STM32G0C1VEI6, STM32G471CCT6, STM32G471CCU6, STM32G471CET3, STM32G471CET6, STM32G471CEU3, STM32G471CEU6, STM32G471MCT6, STM32G471MET3, STM32G471MET6, STM32G471MEY6TR, STM32G471QCT6, STM32G471QET3, STM32G471RCT6, STM32G471RET3, STM32G471RET6, STM32G471VCH6, STM32G471VCI6, STM32G471VCT6, STM32G471VEH3, STM32G471VEH6, STM32G471VEI3, STM32G471VEI6, STM32G471VET3, STM32G471VET6, STM32G474CCT6, STM32H503CBT6, STM32H503CBU6, STM32H503EBY6TR, STM32H503KBU6, STM32H503RBT6, STM32H562AGI6, STM32H562AII6, STM32H562IGK6, STM32H562IGT6, STM32H562IIK6, STM32H562IIT6, STM32H562RGT6, STM32H562RGV6, STM32H562RIT6, STM32H562RIV6, STM32H562VGT6, STM32H562VIT6, STM32H562ZGT6, STM32H562ZIT6, STM32H563AGI6, STM32H563AII3Q, STM32H563AII6, STM32H563IGK6, STM32H563IGT6, STM32H563IIK3Q, STM32H563IIK6, STM32H563IIT3Q, STM32H563IIT6, STM32H563MIY3QTR, STM32H563RGT6, STM32H563RGV6, STM32H563RIT6, STM32H563RIV6, STM32H563VGT6, STM32H563VIT3Q, STM32H563VIT6, STM32H563ZGT6, STM32H563ZIT3Q, STM32H563ZIT6, STM32H573AII3Q, STM32H573AII6, STM32H573I-DK, STM32H573IIK3Q, STM32H573IIK6, STM32H573IIT3Q, STM32H573IIT6, STM32H573MIY3QTR, STM32H573RIT6, STM32H573RIV6, STM32H573VIT3Q, STM32H573VIT6, STM32H573ZIT3Q, STM32H573ZIT6, STM32L4R5QGI6STR, STM32MP131AAE3, STM32MP131AAF3, STM32MP131AAG3, STM32MP131CAE3, STM32MP131CAF3, STM32MP131CAG3, STM32MP131DAE7, STM32MP131DAF7, STM32MP131DAG7, STM32MP131FAE7, STM32MP131FAF7, STM32MP131FAG7, STM32MP133AAE3, STM32MP133AAF3, STM32MP133AAG3, STM32MP133CAE3, STM32MP133CAF3, STM32MP133CAG3, STM32MP133DAE7, STM32MP133DAF7, STM32MP133DAG7, STM32MP133FAE7, STM32MP133FAF7, STM32MP133FAG7, STM32MP135AAE3, STM32MP135AAF3, STM32MP135AAG3, STM32MP135CAE3, STM32MP135CAF3, STM32MP135CAG3, STM32MP135DAE7, STM32MP135DAF7, STM32MP135DAG7, STM32MP135F-DK, STM32MP135FAE7, STM32MP135FAF7, STM32MP135FAF7T, STM32MP135FAF7U, STM32MP135FAG7, STM32U535CBT6, STM32U535CBT6Q, STM32U535CBU6, STM32U535CBU6Q, STM32U535CCT6, STM32U535CCT6Q, STM32U535CCU6, STM32U535CCU6Q, STM32U535CET6, STM32U535CET6Q, STM32U535CEU6, STM32U535CEU6Q, STM32U535JEY6QTR, STM32U535NCY6QTR, STM32U535NEY6QTR, STM32U535RBI6, STM32U535RBI6Q, STM32U535RBT6, STM32U535RBT6Q, STM32U535RCI6, STM32U535RCI6Q, STM32U535RCT6, STM32U535RCT6Q, STM32U535REI6, STM32U535REI6Q, STM32U535RET6, STM32U535RET6Q, STM32U535VCI6, STM32U535VCI6Q, STM32U535VCT6, STM32U535VCT6Q, STM32U535VEI6, STM32U535VEI6Q, STM32U535VET6, STM32U535VET6Q, STM32U545CET6, STM32U545CET6Q, STM32U545CEU6, STM32U545CEU6Q, STM32U545JEY6QTR, STM32U545NEY6QTR, STM32U545REI6, STM32U545REI6Q, STM32U545RET6, STM32U545RET6Q, STM32U545VEI6, STM32U545VEI6Q, STM32U545VET6, STM32U545VET6Q, STM32U595AIH6, STM32U595AIH6Q, STM32U595AJH6, STM32U595AJH6Q, STM32U595QII6, STM32U595QII6Q, STM32U595QJI6, STM32U595QJI6Q, STM32U595RIT6, STM32U595RIT6Q, STM32U595RJT6, STM32U595RJT6Q, STM32U595VIT6, STM32U595VIT6Q, STM32U595VJT6, STM32U595VJT6Q, STM32U595ZIT6, STM32U595ZIT6Q, STM32U595ZIY6QTR, STM32U595ZJT6, STM32U595ZJT6Q, STM32U595ZJY6QTR, STM32U599BJY6QTR, STM32U599NIH6Q, STM32U599NJH6Q, STM32U599VIT6Q, STM32U599VJT6, STM32U599VJT6Q, STM32U599ZIT6Q, STM32U599ZIY6QTR, STM32U599ZJT6Q, STM32U599ZJY6QTR, STM32U5A5AJH6, STM32U5A5AJH6Q, STM32U5A5QJI6, STM32U5A5QJI6Q, STM32U5A5RJT6, STM32U5A5RJT6Q, STM32U5A5VJT6, STM32U5A5VJT6Q, STM32U5A5ZJT6, STM32U5A5ZJT6Q, STM32U5A5ZJY6QTR, STM32U5A9BJY6QTR, STM32U5A9J-DK, STM32U5A9NJH6Q, STM32U5A9VJT6Q, STM32U5A9ZJT6Q, STM32U5A9ZJY6QTR, STM32U5F7VIT6, STM32U5F7VIT6Q, STM32U5F7VJT6, STM32U5F7VJT6Q, STM32U5F9BJY6QTR, STM32U5F9NJH6Q, STM32U5F9VIT6Q, STM32U5F9VJT6Q, STM32U5F9ZIJ6QTR, STM32U5F9ZIT6Q, STM32U5F9ZJJ6QTR, STM32U5F9ZJT6Q, STM32U5G7VJT6, STM32U5G7VJT6Q, STM32U5G9BJY6QTR, STM32U5G9J-DK1, STM32U5G9J-DK2, STM32U5G9NJH6Q, STM32U5G9VJT6Q, STM32U5G9ZJJ6QTR, STM32U5G9ZJT6Q, STM32WB1MMCH6, STM32WBA52CEU6, STM32WBA52CEU6T, STM32WBA52CGU6, STM32WBA52CGU6T, STM32WBA52KEU6, STM32WBA52KEU6T, STM32WBA52KGU6, STM32WBA52KGU6T, STM32WL5MOCH6, STM32WL5MOCH6TR]
2023-11-01 18:10:23,749 [INFO] DbMcus:217 - Found 3848 MCUs, 3848 are supported
2023-11-01 18:10:23,749 [INFO] ApiDb:423 - Load user favorites file /Users/liz/.stm32cubeide/favorites.mcus.txt: 0 item(s)
2023-11-01 18:10:23,749 [INFO] ApiDb:427 - User favorites MCUs=[]
2023-11-01 18:10:23,750 [INFO] DbMcus:223 - Set 0 / 0 favorites MCUs
2023-11-01 18:10:24,447 [INFO] LoadUrlFilesThread:185 - End of LoadServerUrlFiles without Thread
2023-11-01 18:10:24,447 [INFO] TargetSelectorAdapter:259 - Refresh data is successful
2023-11-01 18:10:24,453 [INFO] ApiDb:668 - CubeFinder database Data Model version=2.1
2023-11-01 18:10:24,453 [INFO] ApiDb:669 - CubeFinder database Configuration version=3.0.37
2023-11-01 18:10:24,453 [INFO] ApiDb:670 - CubeFinder database generation date=2023-10-13 (1697197505)
2023-11-01 18:10:24,453 [INFO] ApiDb:671 - CubeFinder database FW Pack versions=[FP-ATR-ASTRA1_V2.0.0, FP-SNS-FLIGHT1_V5.0.1, FP-SNS-FLIGHT1_V5.0.2, FP-SNS-MOTENV1_V4.3.1, FP-SNS-MOTENV1_V4.3.2, FP-SNS-SMARTAG2_V1.2.0, I-CUBE-ITTIADB_V8.6.3-1, STM32Cube_FW_C0_V1.1.0, STM32Cube_FW_F4_V1.27.1, STM32Cube_FW_F7_V1.17.0, STM32Cube_FW_G0_V1.6.1, STM32Cube_FW_G4_V1.5.1, STM32Cube_FW_H5_V0.5.1, STM32Cube_FW_H5_V1.1.1, STM32Cube_FW_H7_V1.11.0, STM32Cube_FW_L0_V1.12.2, STM32Cube_FW_L5_V1.5.0, STM32Cube_FW_U5_V1.3.0, STM32Cube_FW_U5_V1.3.0RC4, STM32Cube_FW_WBA_V1.0.0RC1, STM32Cube_FW_WBA_V1.1.0RC1, STM32Cube_FW_WBA_V1.1.1, STM32Cube_FW_WB_V1.15.0RC1, STM32Cube_FW_WB_V1.16.0, STM32Cube_FW_WB_V1.16.0RC2, STM32Cube_FW_WB_V1.17.3, STM32Cube_FW_WL_V1.3.0, X-CUBE-ALGOBUILD_V1.3.0, X-CUBE-ALS_V1.0.1, X-CUBE-AZRTOS-F4_V1.1.0, X-CUBE-AZRTOS-F7_V1.1.0, X-CUBE-AZRTOS-G0_V1.1.0, X-CUBE-AZRTOS-G4_V2.0.0, X-CUBE-AZRTOS-H7_V3.1.0, X-CUBE-AZRTOS-L4_V1.0.0, X-CUBE-AZRTOS-L4_V2.0.0, X-CUBE-AZRTOS-L5_V1.1.0, X-CUBE-AZRTOS-WB_V2.0.0, X-CUBE-AZRTOS-WL_V2.0.0, X-CUBE-BLE1_V7.0.0, X-CUBE-BLE2_V3.3.0, X-CUBE-BLEMGR_V2.0.0, X-CUBE-EEPRMA1_V4.1.0, X-CUBE-FREERTOS_V1.1.0, X-CUBE-GNSS1_V6.0.0, X-CUBE-MEMS1_V10.0.0, X-CUBE-MEMS1_V9.1.0, X-CUBE-MEMS1_V9.4.0, X-CUBE-MEMS1_V9.6.0, X-CUBE-NFC4_V3.0.0, X-CUBE-NFC7_V1.0.1, X-CUBE-SFXS2LP1_V4.0.0, X-CUBE-SUBG2_V5.0.0, X-CUBE-TOF1_V3.3.1]
2023-11-01 18:10:24,572 [INFO] DbBoardsSqlite:226 - include board P-NUCLEO-WB55-NUCLEO as a kit item of type 'Nucleo-64'
2023-11-01 18:10:24,573 [INFO] DbBoardsSqlite:226 - include board P-NUCLEO-WB55-USBDONGLE as a kit item of type 'Nucleo USB Dongle'
2023-11-01 18:10:24,573 [INFO] DbBoardsSqlite:226 - include board STEVAL-IDP005V1 as a kit item of type 'Evaluation Board'
2023-11-01 18:10:24,574 [INFO] DbBoardsSqlite:226 - include board STEVAL-IDP005V2 as a kit item of type 'Evaluation Board'
2023-11-01 18:10:24,636 [INFO] ApiDb:240 - Found 323 in-development CPN: [B-G473E-ZEST1S, B-WB1M-WPAN1, B-WL5M-SUBG1, NUCLEO-C031C6, NUCLEO-H503RB, NUCLEO-H563ZI, NUCLEO-U545RE-Q, NUCLEO-U5A5ZJ-Q, NUCLEO-WBA52CG, STEVAL-PROTEUS1, STEVAL-SMARTAG2, STEVAL-STWINBX1, STM320518-EVAL, STM32C0116-DK, STM32C011D6Y3TR, STM32C011D6Y6TR, STM32C011F4P3, STM32C011F4P6, STM32C011F4U3, STM32C011F4U6TR, STM32C011F6P3, STM32C011F6P6, STM32C011F6U3, STM32C011F6U6TR, STM32C011J4M3, STM32C011J4M6, STM32C011J6M3, STM32C011J6M6, STM32C0316-DK, STM32C031C4T3, STM32C031C4T6, STM32C031C4U3, STM32C031C4U6, STM32C031C6T3, STM32C031C6T6, STM32C031C6U3, STM32C031C6U6, STM32C031F4P3, STM32C031F4P6, STM32C031F6P3, STM32C031F6P6, STM32C031G4U3, STM32C031G4U6, STM32C031G6U3, STM32C031G6U6, STM32C031K4T3, STM32C031K4T6, STM32C031K4U3, STM32C031K4U6, STM32C031K6T3, STM32C031K6T6, STM32C031K6U3, STM32C031K6U6, STM32G071K8TXN, STM32G071K8UXN, STM32G081GBU6N, STM32G081KBT6N, STM32G081KBUXN, STM32G0B1CCT6N, STM32G0B1KCT6, STM32G0B1NEY6TR, STM32G0B1RCT6N, STM32G0C1CCT6, STM32G0C1CCT6N, STM32G0C1CCU6N, STM32G0C1CET6N, STM32G0C1CEU6N, STM32G0C1KCT6, STM32G0C1NEY6TR, STM32G0C1RCI6N, STM32G0C1RCT6N, STM32G0C1REI6N, STM32G0C1RET6N, STM32G0C1VCI6, STM32G0C1VEI6, STM32G471CCT6, STM32G471CCU6, STM32G471CET3, STM32G471CET6, STM32G471CEU3, STM32G471CEU6, STM32G471MCT6, STM32G471MET3, STM32G471MET6, STM32G471MEY6TR, STM32G471QCT6, STM32G471QET3, STM32G471RCT6, STM32G471RET3, STM32G471RET6, STM32G471VCH6, STM32G471VCI6, STM32G471VCT6, STM32G471VEH3, STM32G471VEH6, STM32G471VEI3, STM32G471VEI6, STM32G471VET3, STM32G471VET6, STM32G474CCT6, STM32H503CBT6, STM32H503CBU6, STM32H503EBY6TR, STM32H503KBU6, STM32H503RBT6, STM32H562AGI6, STM32H562AII6, STM32H562IGK6, STM32H562IGT6, STM32H562IIK6, STM32H562IIT6, STM32H562RGT6, STM32H562RGV6, STM32H562RIT6, STM32H562RIV6, STM32H562VGT6, STM32H562VIT6, STM32H562ZGT6, STM32H562ZIT6, STM32H563AGI6, STM32H563AII3Q, STM32H563AII6, STM32H563IGK6, STM32H563IGT6, STM32H563IIK3Q, STM32H563IIK6, STM32H563IIT3Q, STM32H563IIT6, STM32H563MIY3QTR, STM32H563RGT6, STM32H563RGV6, STM32H563RIT6, STM32H563RIV6, STM32H563VGT6, STM32H563VIT3Q, STM32H563VIT6, STM32H563ZGT6, STM32H563ZIT3Q, STM32H563ZIT6, STM32H573AII3Q, STM32H573AII6, STM32H573I-DK, STM32H573IIK3Q, STM32H573IIK6, STM32H573IIT3Q, STM32H573IIT6, STM32H573MIY3QTR, STM32H573RIT6, STM32H573RIV6, STM32H573VIT3Q, STM32H573VIT6, STM32H573ZIT3Q, STM32H573ZIT6, STM32L4R5QGI6STR, STM32MP131AAE3, STM32MP131AAF3, STM32MP131AAG3, STM32MP131CAE3, STM32MP131CAF3, STM32MP131CAG3, STM32MP131DAE7, STM32MP131DAF7, STM32MP131DAG7, STM32MP131FAE7, STM32MP131FAF7, STM32MP131FAG7, STM32MP133AAE3, STM32MP133AAF3, STM32MP133AAG3, STM32MP133CAE3, STM32MP133CAF3, STM32MP133CAG3, STM32MP133DAE7, STM32MP133DAF7, STM32MP133DAG7, STM32MP133FAE7, STM32MP133FAF7, STM32MP133FAG7, STM32MP135AAE3, STM32MP135AAF3, STM32MP135AAG3, STM32MP135CAE3, STM32MP135CAF3, STM32MP135CAG3, STM32MP135DAE7, STM32MP135DAF7, STM32MP135DAG7, STM32MP135F-DK, STM32MP135FAE7, STM32MP135FAF7, STM32MP135FAF7T, STM32MP135FAF7U, STM32MP135FAG7, STM32U535CBT6, STM32U535CBT6Q, STM32U535CBU6, STM32U535CBU6Q, STM32U535CCT6, STM32U535CCT6Q, STM32U535CCU6, STM32U535CCU6Q, STM32U535CET6, STM32U535CET6Q, STM32U535CEU6, STM32U535CEU6Q, STM32U535JEY6QTR, STM32U535NCY6QTR, STM32U535NEY6QTR, STM32U535RBI6, STM32U535RBI6Q, STM32U535RBT6, STM32U535RBT6Q, STM32U535RCI6, STM32U535RCI6Q, STM32U535RCT6, STM32U535RCT6Q, STM32U535REI6, STM32U535REI6Q, STM32U535RET6, STM32U535RET6Q, STM32U535VCI6, STM32U535VCI6Q, STM32U535VCT6, STM32U535VCT6Q, STM32U535VEI6, STM32U535VEI6Q, STM32U535VET6, STM32U535VET6Q, STM32U545CET6, STM32U545CET6Q, STM32U545CEU6, STM32U545CEU6Q, STM32U545JEY6QTR, STM32U545NEY6QTR, STM32U545REI6, STM32U545REI6Q, STM32U545RET6, STM32U545RET6Q, STM32U545VEI6, STM32U545VEI6Q, STM32U545VET6, STM32U545VET6Q, STM32U595AIH6, STM32U595AIH6Q, STM32U595AJH6, STM32U595AJH6Q, STM32U595QII6, STM32U595QII6Q, STM32U595QJI6, STM32U595QJI6Q, STM32U595RIT6, STM32U595RIT6Q, STM32U595RJT6, STM32U595RJT6Q, STM32U595VIT6, STM32U595VIT6Q, STM32U595VJT6, STM32U595VJT6Q, STM32U595ZIT6, STM32U595ZIT6Q, STM32U595ZIY6QTR, STM32U595ZJT6, STM32U595ZJT6Q, STM32U595ZJY6QTR, STM32U599BJY6QTR, STM32U599NIH6Q, STM32U599NJH6Q, STM32U599VIT6Q, STM32U599VJT6, STM32U599VJT6Q, STM32U599ZIT6Q, STM32U599ZIY6QTR, STM32U599ZJT6Q, STM32U599ZJY6QTR, STM32U5A5AJH6, STM32U5A5AJH6Q, STM32U5A5QJI6, STM32U5A5QJI6Q, STM32U5A5RJT6, STM32U5A5RJT6Q, STM32U5A5VJT6, STM32U5A5VJT6Q, STM32U5A5ZJT6, STM32U5A5ZJT6Q, STM32U5A5ZJY6QTR, STM32U5A9BJY6QTR, STM32U5A9J-DK, STM32U5A9NJH6Q, STM32U5A9VJT6Q, STM32U5A9ZJT6Q, STM32U5A9ZJY6QTR, STM32U5F7VIT6, STM32U5F7VIT6Q, STM32U5F7VJT6, STM32U5F7VJT6Q, STM32U5F9BJY6QTR, STM32U5F9NJH6Q, STM32U5F9VIT6Q, STM32U5F9VJT6Q, STM32U5F9ZIJ6QTR, STM32U5F9ZIT6Q, STM32U5F9ZJJ6QTR, STM32U5F9ZJT6Q, STM32U5G7VJT6, STM32U5G7VJT6Q, STM32U5G9BJY6QTR, STM32U5G9J-DK1, STM32U5G9J-DK2, STM32U5G9NJH6Q, STM32U5G9VJT6Q, STM32U5G9ZJJ6QTR, STM32U5G9ZJT6Q, STM32WB1MMCH6, STM32WBA52CEU6, STM32WBA52CEU6T, STM32WBA52CGU6, STM32WBA52CGU6T, STM32WBA52KEU6, STM32WBA52KEU6T, STM32WBA52KGU6, STM32WBA52KGU6T, STM32WL5MOCH6, STM32WL5MOCH6TR]
2023-11-01 18:10:24,859 [INFO] BoardInfo:880 - No configuration file found for board P-NUCLEO-WB55
2023-11-01 18:10:24,859 [INFO] DbBoards:157 - Kit is not supported: P-NUCLEO-WB55
2023-11-01 18:10:24,867 [INFO] BoardInfo:880 - No configuration file found for board STEVAL-BFA001V1B
2023-11-01 18:10:24,868 [INFO] DbBoards:157 - Kit is not supported: STEVAL-BFA001V1B
2023-11-01 18:10:24,870 [INFO] BoardInfo:880 - No configuration file found for board STEVAL-BFA001V2B
2023-11-01 18:10:24,870 [INFO] DbBoards:157 - Kit is not supported: STEVAL-BFA001V2B
2023-11-01 18:10:25,104 [INFO] DbBoards:161 - Found 190 boards, 187 are supported
2023-11-01 18:10:25,107 [INFO] ApiDb:414 - User favorites file not found: /Users/liz/.stm32cubeide/favorites.boards.txt
2023-11-01 18:10:25,108 [INFO] DbBoards:190 - Set 0 / 0 favorites Boards
2023-11-01 18:10:25,112 [INFO] ApiDb:668 - CubeFinder database Data Model version=2.1
2023-11-01 18:10:25,113 [INFO] ApiDb:669 - CubeFinder database Configuration version=3.0.37
2023-11-01 18:10:25,113 [INFO] ApiDb:670 - CubeFinder database generation date=2023-10-13 (1697197505)
2023-11-01 18:10:25,113 [INFO] ApiDb:671 - CubeFinder database FW Pack versions=[FP-ATR-ASTRA1_V2.0.0, FP-SNS-FLIGHT1_V5.0.1, FP-SNS-FLIGHT1_V5.0.2, FP-SNS-MOTENV1_V4.3.1, FP-SNS-MOTENV1_V4.3.2, FP-SNS-SMARTAG2_V1.2.0, I-CUBE-ITTIADB_V8.6.3-1, STM32Cube_FW_C0_V1.1.0, STM32Cube_FW_F4_V1.27.1, STM32Cube_FW_F7_V1.17.0, STM32Cube_FW_G0_V1.6.1, STM32Cube_FW_G4_V1.5.1, STM32Cube_FW_H5_V0.5.1, STM32Cube_FW_H5_V1.1.1, STM32Cube_FW_H7_V1.11.0, STM32Cube_FW_L0_V1.12.2, STM32Cube_FW_L5_V1.5.0, STM32Cube_FW_U5_V1.3.0, STM32Cube_FW_U5_V1.3.0RC4, STM32Cube_FW_WBA_V1.0.0RC1, STM32Cube_FW_WBA_V1.1.0RC1, STM32Cube_FW_WBA_V1.1.1, STM32Cube_FW_WB_V1.15.0RC1, STM32Cube_FW_WB_V1.16.0, STM32Cube_FW_WB_V1.16.0RC2, STM32Cube_FW_WB_V1.17.3, STM32Cube_FW_WL_V1.3.0, X-CUBE-ALGOBUILD_V1.3.0, X-CUBE-ALS_V1.0.1, X-CUBE-AZRTOS-F4_V1.1.0, X-CUBE-AZRTOS-F7_V1.1.0, X-CUBE-AZRTOS-G0_V1.1.0, X-CUBE-AZRTOS-G4_V2.0.0, X-CUBE-AZRTOS-H7_V3.1.0, X-CUBE-AZRTOS-L4_V1.0.0, X-CUBE-AZRTOS-L4_V2.0.0, X-CUBE-AZRTOS-L5_V1.1.0, X-CUBE-AZRTOS-WB_V2.0.0, X-CUBE-AZRTOS-WL_V2.0.0, X-CUBE-BLE1_V7.0.0, X-CUBE-BLE2_V3.3.0, X-CUBE-BLEMGR_V2.0.0, X-CUBE-EEPRMA1_V4.1.0, X-CUBE-FREERTOS_V1.1.0, X-CUBE-GNSS1_V6.0.0, X-CUBE-MEMS1_V10.0.0, X-CUBE-MEMS1_V9.1.0, X-CUBE-MEMS1_V9.4.0, X-CUBE-MEMS1_V9.6.0, X-CUBE-NFC4_V3.0.0, X-CUBE-NFC7_V1.0.1, X-CUBE-SFXS2LP1_V4.0.0, X-CUBE-SUBG2_V5.0.0, X-CUBE-TOF1_V3.3.1]
2023-11-01 18:10:26,558 [ERROR] DbExamplesSqlite:437 - Missing JSON key: board_cpn
2023-11-01 18:10:26,559 [ERROR] DbExamplesSqlite:437 - Missing JSON key: board_cpn
2023-11-01 18:10:26,560 [ERROR] DbExamplesSqlite:437 - Missing JSON key: board_cpn
2023-11-01 18:10:26,560 [ERROR] DbExamplesSqlite:437 - Missing JSON key: board_cpn
2023-11-01 18:10:26,577 [INFO] DbExamplesSqlite:395 - Ignored 27 examples not supported by CubeIDE
2023-11-01 18:10:26,577 [INFO] DbExamplesSqlite:396 - Found 7221 examples active
2023-11-01 18:10:26,578 [INFO] DbExamplesSqlite:397 - Found 777 examples obsolete
2023-11-01 18:10:26,579 [INFO] DbExamplesSqlite:398 - Found 0 examples under development
2023-11-01 18:10:26,580 [INFO] DbExamplesSqlite:399 - Found 74 examples not building
2023-11-01 18:10:26,583 [INFO] DbExamples:125 - Found 7268 examples
2023-11-01 18:10:26,606 [INFO] DbExamples:222 - Found 93 boards with related examples
2023-11-01 18:10:26,607 [INFO] DbExamples:235 - Found 79 MCUs with related examples
2023-11-01 18:10:26,634 [INFO] ApiDb:414 - User favorites file not found: /Users/liz/.stm32cubeide/favorites.examples.txt
2023-11-01 18:10:26,634 [INFO] DbExamples:250 - Set 0 / 0 favorites Examples
2023-11-01 18:10:27,916 [INFO] McuFinderGlobals:76 - Set McuFinderConnectedMode to true
2023-11-01 18:10:27,934 [INFO] MultiScanPanel:200 - Auto-refresh data requested => check proxy status ongoing
2023-11-01 18:10:27,939 [INFO] FinderPluginLoader:95 - Searching for filters in installed packs
2023-11-01 18:10:30,065 [INFO] LoadUrlFilesThread:185 - End of LoadServerUrlFiles without Thread
2023-11-01 18:10:30,120 [INFO] DetailPanel:341 - Set advertising image to /Users/liz/STM32Cube/Repository//en.prom-stm32h5-mcu-finder.jpg
2023-11-01 18:11:09,797 [INFO] MainUpdater:2868 - connection check result : 10
2023-11-01 18:11:09,798 [INFO] MainUpdater:2868 - connection check result : 10
2023-11-01 18:11:09,996 [ERROR] IocParser:57 - IOException caught: /Users/liz/Library/CloudStorage/OneDrive-Personal/Desktop/AfterGlitch/Desktop/Projects/Fall_2023/395new/firmware/firmware/firmware.ioc (No such file or directory)
2023-11-01 18:11:10,021 [ERROR] RegexParser:59 - Issue caught when parsing regex: /Users/liz/Library/CloudStorage/OneDrive-Personal/Desktop/AfterGlitch/Desktop/Projects/Fall_2023/395new/firmware/firmware/firmware.ioc (No such file or directory)
2023-11-01 18:11:10,310 [INFO] I2cTimingTraitement:330 - 0x00000708
2023-11-01 18:11:10,320 [INFO] MicroXplorer:468 - Change Database Path : 
2023-11-01 18:11:10,320 [INFO] MicroXplorer:498 - Change Database Version : DB.6.0.91
2023-11-01 18:11:10,371 [WARN] ThirdParty:871 - waiting for thirdparty lock release [close project]
2023-11-01 18:11:10,371 [INFO] ThirdParty:873 - entering critical section [close project]
2023-11-01 18:11:10,371 [INFO] ThirdParty:883 - exiting critical section [close project]
2023-11-01 18:11:10,373 [INFO] PinOutPanel:1499 - setPackage(No Configuration,No Configuration)
2023-11-01 18:11:10,390 [INFO] UtilMem:75 - Begin LoadConfig() Used Memory: 850962944 Bytes (1073741824)
2023-11-01 18:11:10,391 [INFO] MicroXplorer:468 - Change Database Path : 
2023-11-01 18:11:10,391 [INFO] MicroXplorer:498 - Change Database Version : DB.6.0.91
2023-11-01 18:11:10,391 [INFO] OpenFileManager:308 - Change cursor
2023-11-01 18:11:10,410 [INFO] Mcu:1946 - Initializing MCU STM32L031K(4-6)Tx STM32L031K6Tx STM32L031K6T7
2023-11-01 18:11:11,123 [INFO] Context:659 - Trying to add GPIOservice into a context  which must be forbidden
2023-11-01 18:11:11,464 [INFO] RtosManager:555 - Registered RTOS mode: class=CMSIS, group=RTOS, mode=CMSIS_V1, owner=FREERTOS
2023-11-01 18:11:11,464 [INFO] RtosManager:555 - Registered RTOS mode: class=CMSIS, group=RTOS2, mode=CMSIS_V2, owner=FREERTOS
2023-11-01 18:11:11,464 [INFO] RtosManager:555 - Registered RTOS mode: class=RTOS, group=Core, mode=CMSIS_V1, owner=FREERTOS
2023-11-01 18:11:11,464 [INFO] RtosManager:555 - Registered RTOS mode: class=RTOS, group=Core, mode=CMSIS_V2, owner=FREERTOS
2023-11-01 18:11:11,464 [WARN] ModelIntegratedComponent:184 - Missing modes for component STMicroelectronics:FreeRTOS:0.0.1:STMicroelectronics:RTOS:FreeRTOS:Core:::10.2.0:
2023-11-01 18:11:11,482 [WARN] ModelIntegratedComponent:63 - No mode defined for component null
2023-11-01 18:11:11,483 [WARN] ModelIntegratedComponent:63 - No mode defined for component null
2023-11-01 18:11:11,483 [WARN] ModelIntegratedComponent:63 - No mode defined for component null
2023-11-01 18:11:11,483 [WARN] ModelIntegratedComponent:63 - No mode defined for component null
2023-11-01 18:11:11,483 [WARN] ModelIntegratedComponent:63 - No mode defined for component null
2023-11-01 18:11:11,483 [WARN] ModelIntegratedComponent:63 - No mode defined for component null
2023-11-01 18:11:11,483 [WARN] ModelIntegratedComponent:63 - No mode defined for component null
2023-11-01 18:11:11,483 [WARN] ModelIntegratedComponent:63 - No mode defined for component null
2023-11-01 18:11:11,483 [WARN] ModelIntegratedComponent:63 - No mode defined for component null
2023-11-01 18:11:11,483 [WARN] ModelIntegratedComponent:63 - No mode defined for component null
2023-11-01 18:11:11,484 [WARN] ModelIntegratedComponent:63 - No mode defined for component null
2023-11-01 18:11:11,484 [WARN] ModelIntegratedComponent:63 - No mode defined for component null
2023-11-01 18:11:11,484 [WARN] ModelIntegratedComponent:63 - No mode defined for component null
2023-11-01 18:11:11,484 [WARN] ModelIntegratedComponent:63 - No mode defined for component null
2023-11-01 18:11:11,484 [WARN] ModelIntegratedComponent:63 - No mode defined for component null
2023-11-01 18:11:11,484 [WARN] ModelIntegratedComponent:63 - No mode defined for component null
2023-11-01 18:11:11,484 [WARN] ModelIntegratedComponent:63 - No mode defined for component null
2023-11-01 18:11:11,484 [WARN] ModelIntegratedComponent:63 - No mode defined for component null
2023-11-01 18:11:11,484 [WARN] ModelIntegratedComponent:63 - No mode defined for component null
2023-11-01 18:11:11,485 [WARN] ModelIntegratedComponent:63 - No mode defined for component null
2023-11-01 18:11:11,485 [WARN] ModelIntegratedComponent:63 - No mode defined for component null
2023-11-01 18:11:11,485 [WARN] ModelIntegratedComponent:63 - No mode defined for component null
2023-11-01 18:11:11,485 [WARN] ModelIntegratedComponent:63 - No mode defined for component null
2023-11-01 18:11:11,485 [WARN] ModelIntegratedComponent:63 - No mode defined for component null
2023-11-01 18:11:11,485 [WARN] ModelIntegratedComponent:63 - No mode defined for component null
2023-11-01 18:11:11,486 [WARN] ModelIntegratedComponent:63 - No mode defined for component null
2023-11-01 18:11:11,486 [WARN] ModelIntegratedComponent:63 - No mode defined for component null
2023-11-01 18:11:11,486 [WARN] ModelIntegratedComponent:63 - No mode defined for component null
2023-11-01 18:11:11,486 [WARN] ModelIntegratedComponent:63 - No mode defined for component null
2023-11-01 18:11:11,486 [WARN] ModelIntegratedComponent:63 - No mode defined for component null
2023-11-01 18:11:11,486 [WARN] ModelIntegratedComponent:63 - No mode defined for component null
2023-11-01 18:11:11,486 [WARN] ModelIntegratedComponent:63 - No mode defined for component null
2023-11-01 18:11:11,486 [WARN] ModelIntegratedComponent:63 - No mode defined for component null
2023-11-01 18:11:11,690 [INFO] ThirdPartyModel:298 - Start build external matchings
2023-11-01 18:11:12,925 [INFO] ThirdPartyModel:316 - End build external matchings
2023-11-01 18:11:13,106 [INFO] UtilMem:75 - End LoadConfig() Used Memory: 735887248 Bytes (1073741824)
2023-11-01 18:11:13,470 [WARN] ThirdParty:833 - waiting for thirdparty lock release [change project]
2023-11-01 18:11:13,470 [INFO] ThirdParty:835 - entering critical section [change project]
2023-11-01 18:11:13,470 [INFO] ThirdParty:1030 - CMSIS Pack Vendor :STMicroelectronics X-CUBE-ISPU 1.1.0
2023-11-01 18:11:13,470 [INFO] ThirdParty:1030 - CMSIS Pack Vendor :STMicroelectronics USBPD 4.1
2023-11-01 18:11:13,470 [INFO] ThirdParty:1030 - CMSIS Pack Vendor :STMicroelectronics X-CUBE-GNSS1 6.0.0
2023-11-01 18:11:13,470 [INFO] ThirdParty:1030 - CMSIS Pack Vendor :STMicroelectronics USB_HOST 2.0.0
2023-11-01 18:11:13,471 [INFO] ThirdParty:1030 - CMSIS Pack Vendor :STMicroelectronics X-CUBE-AZRTOS-F4 1.1.0
2023-11-01 18:11:13,471 [INFO] ThirdParty:1030 - CMSIS Pack Vendor :STMicroelectronics LIBJPEG 8.0.0
2023-11-01 18:11:13,471 [INFO] ThirdParty:1030 - CMSIS Pack Vendor :wolfSSL I-CUBE-wolfSSL 5.6.3
2023-11-01 18:11:13,471 [INFO] ThirdParty:1030 - CMSIS Pack Vendor :STMicroelectronics X-CUBE-SMBUS 2.1.0
2023-11-01 18:11:13,471 [INFO] ThirdParty:1030 - CMSIS Pack Vendor :STMicroelectronics USB_DEVICE 3.0.0
2023-11-01 18:11:13,471 [INFO] ThirdParty:1030 - CMSIS Pack Vendor :STMicroelectronics X-CUBE-AZRTOS-WB 2.0.0
2023-11-01 18:11:13,471 [INFO] ThirdParty:1030 - CMSIS Pack Vendor :STMicroelectronics X-CUBE-FREERTOS 1.0.1
2023-11-01 18:11:13,471 [INFO] ThirdParty:1030 - CMSIS Pack Vendor :STMicroelectronics X-CUBE-AZRTOS-F7 1.1.0
2023-11-01 18:11:13,471 [INFO] ThirdParty:1030 - CMSIS Pack Vendor :STMicroelectronics X-CUBE-AZRTOS-L5 2.0.0
2023-11-01 18:11:13,471 [INFO] ThirdParty:1030 - CMSIS Pack Vendor :STMicroelectronics USB_DEVICE 2.0.0
2023-11-01 18:11:13,472 [INFO] ThirdParty:1030 - CMSIS Pack Vendor :STMicroelectronics X-CUBE-MEMS1 9.6.0
2023-11-01 18:11:13,472 [INFO] ThirdParty:1030 - CMSIS Pack Vendor :STMicroelectronics X-CUBE-EEPRMA1 4.2.0
2023-11-01 18:11:13,472 [INFO] ThirdParty:1030 - CMSIS Pack Vendor :ITTIA_DB I-CUBE-ITTIADB 8.8.0
2023-11-01 18:11:13,472 [INFO] ThirdParty:1030 - CMSIS Pack Vendor :STMicroelectronics FP-SNS-MOTENV1 4.3.2
2023-11-01 18:11:13,472 [INFO] ThirdParty:1030 - CMSIS Pack Vendor :STMicroelectronics X-CUBE-ALGOBUILD 1.3.0
2023-11-01 18:11:13,472 [INFO] ThirdParty:1030 - CMSIS Pack Vendor :STMicroelectronics FreeRTOS 0.0.1
2023-11-01 18:11:13,472 [INFO] ThirdParty:1030 - CMSIS Pack Vendor :STMicroelectronics X-CUBE-AZRTOS-G0 1.1.0
2023-11-01 18:11:13,472 [INFO] ThirdParty:1030 - CMSIS Pack Vendor :STMicroelectronics X-CUBE-BLEMGR 2.0.0
2023-11-01 18:11:13,472 [INFO] ThirdParty:1030 - CMSIS Pack Vendor :STMicroelectronics X-CUBE-NFC4 3.0.0
2023-11-01 18:11:13,472 [INFO] ThirdParty:1030 - CMSIS Pack Vendor :STMicroelectronics X-CUBE-SUBG2 5.0.0
2023-11-01 18:11:13,472 [INFO] ThirdParty:1030 - CMSIS Pack Vendor :STMicroelectronics STM32_WPAN 1.0.0
2023-11-01 18:11:13,472 [INFO] ThirdParty:1030 - CMSIS Pack Vendor :STMicroelectronics lwIP 2.0.3
2023-11-01 18:11:13,472 [INFO] ThirdParty:1030 - CMSIS Pack Vendor :STMicroelectronics FP-SNS-FLIGHT1 5.0.2
2023-11-01 18:11:13,473 [INFO] ThirdParty:1030 - CMSIS Pack Vendor :STMicroelectronics USB_HOST 1.0.0
2023-11-01 18:11:13,473 [INFO] ThirdParty:1030 - CMSIS Pack Vendor :STMicroelectronics X-CUBE-TOF1 3.3.1
2023-11-01 18:11:13,473 [INFO] ThirdParty:1030 - CMSIS Pack Vendor :STMicroelectronics X-CUBE-AZRTOS-G4 2.0.0
2023-11-01 18:11:13,473 [INFO] ThirdParty:1030 - CMSIS Pack Vendor :STMicroelectronics PDM2PCM 3.1.0
2023-11-01 18:11:13,473 [INFO] ThirdParty:1030 - CMSIS Pack Vendor :STMicroelectronics X-CUBE-AZRTOS-H7 3.1.0
2023-11-01 18:11:13,473 [INFO] ThirdParty:1030 - CMSIS Pack Vendor :Infineon AIROC-Wi-Fi-Bluetooth-STM32 1.5.1
2023-11-01 18:11:13,473 [INFO] ThirdParty:1030 - CMSIS Pack Vendor :STMicroelectronics X-CUBE-BLEMGR 3.0.0
2023-11-01 18:11:13,473 [INFO] ThirdParty:1030 - CMSIS Pack Vendor :STMicroelectronics PDM2PCM 3.3.0
2023-11-01 18:11:13,474 [INFO] ThirdParty:1030 - CMSIS Pack Vendor :STMicroelectronics X-CUBE-DISPLAY 3.0.0
2023-11-01 18:11:13,474 [INFO] ThirdParty:1030 - CMSIS Pack Vendor :STMicroelectronics X-CUBE-BLE1 7.0.0
2023-11-01 18:11:13,474 [INFO] ThirdParty:1030 - CMSIS Pack Vendor :STMicroelectronics FP-ATR-SIGFOX1 3.2.0
2023-11-01 18:11:13,474 [INFO] ThirdParty:1030 - CMSIS Pack Vendor :STMicroelectronics HAL Drivers 0.0.0
2023-11-01 18:11:13,474 [INFO] ThirdParty:1030 - CMSIS Pack Vendor :STMicroelectronics MBEDTLS 2.16.2
2023-11-01 18:11:13,474 [INFO] ThirdParty:1030 - CMSIS Pack Vendor :emotas I-CUBE-CANOPEN 1.3.0
2023-11-01 18:11:13,474 [INFO] ThirdParty:1030 - CMSIS Pack Vendor :STMicroelectronics X-CUBE-MEMS1 10.0.0
2023-11-01 18:11:13,474 [INFO] ThirdParty:1030 - CMSIS Pack Vendor :STMicroelectronics X-CUBE-FREERTOS 1.1.0
2023-11-01 18:11:13,474 [INFO] ThirdParty:1030 - CMSIS Pack Vendor :STMicroelectronics X-CUBE-TOUCHGFX 4.22.0
2023-11-01 18:11:13,474 [INFO] ThirdParty:1030 - CMSIS Pack Vendor :STMicroelectronics X-CUBE-NFC7 1.0.1
2023-11-01 18:11:13,474 [INFO] ThirdParty:1030 - CMSIS Pack Vendor :STMicroelectronics MBEDTLS 2.14.1
2023-11-01 18:11:13,475 [INFO] ThirdParty:1030 - CMSIS Pack Vendor :STMicroelectronics X-CUBE-TOUCHGFX 4.22.1
2023-11-01 18:11:13,475 [INFO] ThirdParty:1030 - CMSIS Pack Vendor :STMicroelectronics X-CUBE-NFC6 3.0.0
2023-11-01 18:11:13,475 [INFO] ThirdParty:1030 - CMSIS Pack Vendor :STMicroelectronics X-CUBE-EEPRMA1 4.1.0
2023-11-01 18:11:13,475 [INFO] ThirdParty:1030 - CMSIS Pack Vendor :portGmbH I-Cube-SoM-uGOAL 1.1.0
2023-11-01 18:11:13,475 [INFO] ThirdParty:1030 - CMSIS Pack Vendor :STMicroelectronics X-CUBE-ALS 1.0.1
2023-11-01 18:11:13,475 [INFO] ThirdParty:1030 - CMSIS Pack Vendor :STMicroelectronics ThreadX 1.0.0
2023-11-01 18:11:13,475 [INFO] ThirdParty:1030 - CMSIS Pack Vendor :STMicroelectronics FP-SNS-SMARTAG2 1.2.0
2023-11-01 18:11:13,475 [INFO] ThirdParty:1030 - CMSIS Pack Vendor :STMicroelectronics X-CUBE-AZRTOS-WL 2.0.0
2023-11-01 18:11:13,475 [INFO] ThirdParty:1030 - CMSIS Pack Vendor :SEGGER I-CUBE-embOS 1.3.1
2023-11-01 18:11:13,475 [INFO] ThirdParty:1030 - CMSIS Pack Vendor :STMicroelectronics USB_DEVICE 1.0.0
2023-11-01 18:11:13,476 [INFO] ThirdParty:1030 - CMSIS Pack Vendor :STMicroelectronics X-CUBE-AI 8.1.0
2023-11-01 18:11:13,476 [INFO] ThirdParty:1030 - CMSIS Pack Vendor :STMicroelectronics X-CUBE-AZRTOS-L4 2.0.0
2023-11-01 18:11:13,476 [INFO] ThirdParty:1030 - CMSIS Pack Vendor :STMicroelectronics ThreadX 0.0.2
2023-11-01 18:11:13,476 [INFO] ThirdParty:1030 - CMSIS Pack Vendor :WES I-CUBE-Cesium 1.3.0
2023-11-01 18:11:13,476 [INFO] ThirdParty:1030 - CMSIS Pack Vendor :STMicroelectronics FP-ATR-ASTRA1 2.0.0
2023-11-01 18:11:13,476 [INFO] ThirdParty:1030 - CMSIS Pack Vendor :STMicroelectronics lwIP 2.1.2
2023-11-01 18:11:13,477 [INFO] ThirdParty:1030 - CMSIS Pack Vendor :STMicroelectronics X-CUBE-SFXS2LP1 4.0.0
2023-11-01 18:11:13,477 [INFO] ThirdParty:1030 - CMSIS Pack Vendor :STMicroelectronics X-CUBE-BLE2 3.3.0
2023-11-01 18:11:13,477 [INFO] ThirdParty:1030 - CMSIS Pack Vendor :STMicroelectronics PDM2PCM 3.2.0
2023-11-01 18:11:13,477 [INFO] ThirdParty:841 - exiting critical section [change project]
2023-11-01 18:11:13,678 [INFO] PinOutPanel:1499 - setPackage(No Configuration,No Configuration)
2023-11-01 18:11:13,680 [INFO] PinOutPanel:1499 - setPackage(STM32L031K6Tx,LQFP32)
2023-11-01 18:11:14,273 [INFO] UtilMem:75 - Before build in PCC Used Memory: 628954736 Bytes (1073741824)
2023-11-01 18:11:14,942 [INFO] UtilMem:75 - After build in PCC Used Memory: 678237808 Bytes (1073741824)
2023-11-01 18:11:15,006 [INFO] IPUIPlugin:80 - create IPUIPlugin
2023-11-01 18:11:15,007 [INFO] IPUIPlugin:80 - create IPUIPlugin
2023-11-01 18:11:15,008 [INFO] IPUIPlugin:80 - create IPUIPlugin
2023-11-01 18:11:15,009 [INFO] IPUIPlugin:80 - create IPUIPlugin
2023-11-01 18:11:15,010 [INFO] IPUIPlugin:80 - create IPUIPlugin
2023-11-01 18:11:15,010 [INFO] IPUIPlugin:80 - create IPUIPlugin
2023-11-01 18:11:15,011 [INFO] IPUIPlugin:80 - create IPUIPlugin
2023-11-01 18:11:15,011 [INFO] IPUIPlugin:80 - create IPUIPlugin
2023-11-01 18:11:15,012 [INFO] IPUIPlugin:80 - create IPUIPlugin
2023-11-01 18:11:15,012 [INFO] IPUIPlugin:80 - create IPUIPlugin
2023-11-01 18:11:15,013 [INFO] IPUIPlugin:80 - create IPUIPlugin
2023-11-01 18:11:15,013 [INFO] IPUIPlugin:80 - create IPUIPlugin
2023-11-01 18:11:15,014 [INFO] IPUIPlugin:80 - create IPUIPlugin
2023-11-01 18:11:15,014 [INFO] IPUIPlugin:80 - create IPUIPlugin
2023-11-01 18:11:15,015 [INFO] IPUIPlugin:80 - create IPUIPlugin
2023-11-01 18:11:15,015 [INFO] IPUIPlugin:80 - create IPUIPlugin
2023-11-01 18:11:15,016 [INFO] IPUIPlugin:80 - create IPUIPlugin
2023-11-01 18:11:15,016 [INFO] IPUIPlugin:80 - create IPUIPlugin
2023-11-01 18:11:15,016 [INFO] IPUIPlugin:80 - create IPUIPlugin
2023-11-01 18:11:15,016 [INFO] IPUIPlugin:80 - create IPUIPlugin
2023-11-01 18:11:15,017 [INFO] IPUIPlugin:80 - create IPUIPlugin
2023-11-01 18:11:15,017 [INFO] IPUIPlugin:80 - create IPUIPlugin
2023-11-01 18:11:15,100 [INFO] CADModel:165 - CPN selected for project levelSTM32L031K6T7
2023-11-01 18:11:15,100 [INFO] CADModel:114 - Register for checkConnection events
2023-11-01 18:11:15,143 [INFO] OpenFileManager:328 - Restore cursor
2023-11-01 18:11:16,203 [INFO] UtilMem:75 - End SaveConfig() Used Memory: 765563912 Bytes (1073741824)
2023-11-01 18:11:16,314 [INFO] UtilMem:75 - End SaveConfig() Used Memory: 775905888 Bytes (1073741824)
2023-11-01 18:11:17,211 [INFO] BlockDiagram:2759 - set Specific Code input for plugin: NVIC
2023-11-01 18:11:17,212 [INFO] BlockDiagram:2759 - set Specific Code input for plugin: GPIO
2023-11-01 18:11:17,212 [INFO] BlockDiagram:2759 - set Specific Code input for plugin: RCC
2023-11-01 18:11:17,212 [INFO] BlockDiagram:2759 - set Specific Code input for plugin: TIM1_8L0
2023-11-01 18:11:17,212 [INFO] BlockDiagram:2759 - set Specific Code input for plugin: I2C
2023-11-01 18:11:17,212 [INFO] BlockDiagram:2759 - set Specific Code input for plugin: LPUART
2023-11-01 18:11:17,212 [INFO] BlockDiagram:2759 - set Specific Code input for plugin: TIM1_8L0
2023-11-01 18:11:17,214 [INFO] CodeGenerator:799 - code generatio: config db path: /Applications/STM32CubeIDE.app/Contents/Eclipse/plugins/com.st.stm32cube.common.mx_6.9.1.202307191849//db/
2023-11-01 18:11:17,704 [INFO] CodeEngine:255 - oldGeneratedFile, /Users/liz/Library/CloudStorage/OneDrive-Personal/Desktop/AfterGlitch/Desktop/Projects/Fall_2023/395new/firmware/MLC_firmware/MXTmpFiles/license.tmp_save
2023-11-01 18:11:18,482 [INFO] CodeEngine:279 - Generated code: /Users/liz/Library/CloudStorage/OneDrive-Personal/Desktop/AfterGlitch/Desktop/Projects/Fall_2023/395new/firmware/MLC_firmware/MXTmpFiles/license.tmp
2023-11-01 18:11:18,884 [INFO] CodeEngine:255 - oldGeneratedFile, /Users/liz/Library/CloudStorage/OneDrive-Personal/Desktop/AfterGlitch/Desktop/Projects/Fall_2023/395new/firmware/MLC_firmware/MXTmpFiles/gpio.tmp_save
2023-11-01 18:11:19,191 [INFO] CodeEngine:279 - Generated code: /Users/liz/Library/CloudStorage/OneDrive-Personal/Desktop/AfterGlitch/Desktop/Projects/Fall_2023/395new/firmware/MLC_firmware/MXTmpFiles/gpio.tmp
2023-11-01 18:11:19,955 [INFO] CodeEngine:255 - oldGeneratedFile, /Users/liz/Library/CloudStorage/OneDrive-Personal/Desktop/AfterGlitch/Desktop/Projects/Fall_2023/395new/firmware/MLC_firmware/Core/Src/stm32l0xx_it.c_save
2023-11-01 18:11:20,238 [INFO] CodeEngine:279 - Generated code: /Users/liz/Library/CloudStorage/OneDrive-Personal/Desktop/AfterGlitch/Desktop/Projects/Fall_2023/395new/firmware/MLC_firmware/Core/Src/stm32l0xx_it.c
2023-11-01 18:11:20,243 [INFO] CodeEngine:255 - oldGeneratedFile, /Users/liz/Library/CloudStorage/OneDrive-Personal/Desktop/AfterGlitch/Desktop/Projects/Fall_2023/395new/firmware/MLC_firmware/Core/Inc/stm32l0xx_it.h_save
2023-11-01 18:11:20,467 [INFO] CodeEngine:279 - Generated code: /Users/liz/Library/CloudStorage/OneDrive-Personal/Desktop/AfterGlitch/Desktop/Projects/Fall_2023/395new/firmware/MLC_firmware/Core/Inc/stm32l0xx_it.h
2023-11-01 18:11:20,561 [INFO] CodeEngine:255 - oldGeneratedFile, /Users/liz/Library/CloudStorage/OneDrive-Personal/Desktop/AfterGlitch/Desktop/Projects/Fall_2023/395new/firmware/MLC_firmware/Core/Src/stm32l0xx_hal_msp.c_save
2023-11-01 18:11:20,889 [INFO] CodeEngine:279 - Generated code: /Users/liz/Library/CloudStorage/OneDrive-Personal/Desktop/AfterGlitch/Desktop/Projects/Fall_2023/395new/firmware/MLC_firmware/Core/Src/stm32l0xx_hal_msp.c
2023-11-01 18:11:20,896 [INFO] CodeEngine:255 - oldGeneratedFile, /Users/liz/Library/CloudStorage/OneDrive-Personal/Desktop/AfterGlitch/Desktop/Projects/Fall_2023/395new/firmware/MLC_firmware/MXTmpFiles/system.tmp_save
2023-11-01 18:11:21,070 [INFO] CodeEngine:279 - Generated code: /Users/liz/Library/CloudStorage/OneDrive-Personal/Desktop/AfterGlitch/Desktop/Projects/Fall_2023/395new/firmware/MLC_firmware/MXTmpFiles/system.tmp
2023-11-01 18:11:21,084 [INFO] CodeEngine:311 - oldGeneratedFile, /Users/liz/Library/CloudStorage/OneDrive-Personal/Desktop/AfterGlitch/Desktop/Projects/Fall_2023/395new/firmware/MLC_firmware/Core/Inc/stm32l0xx_hal_conf.h_save
2023-11-01 18:11:21,268 [INFO] CodeEngine:335 - Generated code: /Users/liz/Library/CloudStorage/OneDrive-Personal/Desktop/AfterGlitch/Desktop/Projects/Fall_2023/395new/firmware/MLC_firmware/Core/Inc/stm32l0xx_hal_conf.h
2023-11-01 18:11:21,332 [WARN] IPConfigManager:3431 - IP not found : TIM
2023-11-01 18:11:21,334 [WARN] CodeGenerator:3760 - IP not found : null
2023-11-01 18:11:21,341 [INFO] CodeEngine:255 - oldGeneratedFile, /Users/liz/Library/CloudStorage/OneDrive-Personal/Desktop/AfterGlitch/Desktop/Projects/Fall_2023/395new/firmware/MLC_firmware/Core/Inc/main.h_save
2023-11-01 18:11:21,589 [INFO] CodeEngine:279 - Generated code: /Users/liz/Library/CloudStorage/OneDrive-Personal/Desktop/AfterGlitch/Desktop/Projects/Fall_2023/395new/firmware/MLC_firmware/Core/Inc/main.h
2023-11-01 18:11:21,602 [INFO] CodeEngine:255 - oldGeneratedFile, /Users/liz/Library/CloudStorage/OneDrive-Personal/Desktop/AfterGlitch/Desktop/Projects/Fall_2023/395new/firmware/MLC_firmware/Core/Src/main.c_save
2023-11-01 18:11:21,945 [INFO] CodeEngine:279 - Generated code: /Users/liz/Library/CloudStorage/OneDrive-Personal/Desktop/AfterGlitch/Desktop/Projects/Fall_2023/395new/firmware/MLC_firmware/Core/Src/main.c
2023-11-01 18:11:23,306 [INFO] ProjectBuilder:3064 - Time for Copy HAL[1] : 358mS.
2023-11-01 18:11:23,331 [INFO] ProjectBuilder:4404 - Project Generator version: 4.1.0
2023-11-01 18:11:24,150 [INFO] ConfigFileManager:1457 - The Die is : DIE425
2023-11-01 18:11:24,190 [INFO] ApiDbMcu:507 - Load IP Config File for FATFS
2023-11-01 18:11:24,306 [INFO] ApiDbMcu:507 - Load IP Config File for FREERTOS
2023-11-01 18:11:33,843 [INFO] ProjectBuilder:4626 - Time for Generating toolchain IDE Files: 10511mS.
2023-11-01 18:11:33,873 [INFO] ProjectBuilder:2935 - Time for Copy CMSIS : 2mS.
2023-11-01 18:11:33,876 [INFO] ProjectBuilder:2935 - Time for Copy CMSIS : 0mS.
2023-11-01 18:11:34,783 [INFO] McuFinderGlobals:76 - Set McuFinderConnectedMode to true
2023-11-01 18:11:34,957 [INFO] ApiDb:448 - Save user favorites file /Users/liz/.stm32cubeide/favorites.mcus.txt: 0 item(s)
2023-11-01 18:11:34,957 [INFO] ApiDb:452 - User favorites MCUs=[]
2023-11-01 18:47:36,027 [INFO] Activator:176 - 


2023-11-01 18:47:36,032 [INFO] Activator:177 - !SESSION log4j initialized
2023-11-01 18:47:41,476 [ERROR] LogOutputStream:75 - [STDERR_REDIRECT] 
2023-11-01 18:47:43,957 [INFO] LogOutputStream:77 - [STDOUT_REDIRECT] 
2023-11-01 18:47:46,979 [INFO] LogOutputStream:77 - [STDOUT_REDIRECT] 
2023-11-01 18:47:52,349 [INFO] ApplicationProperties:184 - Using Application install path: /Applications/STM32CubeIDE.app/Contents/Eclipse/plugins/com.st.stm32cube.common.mx_6.9.1.202307191849
2023-11-01 18:47:52,396 [INFO] DbMcusXml:78 - Set database path to: /Applications/STM32CubeIDE.app/Contents/Eclipse/plugins/com.st.stm32cube.common.mx_6.9.1.202307191849//db//mcu/
2023-11-01 18:47:52,397 [INFO] ApiDb:274 - Set plugin database path to: /Applications/STM32CubeIDE.app/Contents/Eclipse/plugins/com.st.stm32cube.common.mx_6.9.1.202307191849//db//plugins/boardmanager/
2023-11-01 18:47:52,398 [WARN] ApiDb:259 - Overriding images path with different value:  => /Applications/STM32CubeIDE.app/Contents/Eclipse/plugins/com.st.stm32cube.common.mx_6.9.1.202307191849//db//plugins/mcufinder/images/
2023-11-01 18:47:52,427 [INFO] ApiDb:250 - Set database path to: /Users/liz/.stmcufinder/plugins/mcufinder//mcu/
2023-11-01 18:47:52,430 [INFO] DbMcusAds:125 - Set database path to: /Users/liz/.stmcufinder/plugins/mcufinder//mcu/
2023-11-01 18:47:52,436 [INFO] CrossReferenceDbSqlite:203 - Set database path to: /Users/liz/.stmcufinder/plugins/mcufinder//mcu/cs/
2023-11-01 18:47:52,755 [INFO] RulesReader:64 - Compatibility file has been processed (293 Rules)
2023-11-01 18:47:52,962 [INFO] DbMcusXml:78 - Set database path to: /Applications/STM32CubeIDE.app/Contents/Eclipse/plugins/com.st.stm32cube.common.mx_6.9.1.202307191849//db//mcu/
2023-11-01 18:47:52,963 [INFO] ApiDb:274 - Set plugin database path to: /Applications/STM32CubeIDE.app/Contents/Eclipse/plugins/com.st.stm32cube.common.mx_6.9.1.202307191849//db//plugins/boardmanager/
2023-11-01 18:47:52,963 [INFO] ApiDb:261 - Set plugin images path to: /Applications/STM32CubeIDE.app/Contents/Eclipse/plugins/com.st.stm32cube.common.mx_6.9.1.202307191849//db//plugins/mcufinder/images/
2023-11-01 18:47:52,964 [WARN] DbFile:41 - Overriding database path with different value: /Users/liz/.stmcufinder/plugins/mcufinder/ => /Users/liz/.stmcufinder/plugins/mcufinder
2023-11-01 18:47:52,964 [INFO] ApiDb:250 - Set database path to: /Users/liz/.stmcufinder/plugins/mcufinder//mcu/
2023-11-01 18:47:52,965 [WARN] DbFile:41 - Overriding database path with different value: /Users/liz/.stmcufinder/plugins/mcufinder/ => /Users/liz/.stmcufinder/plugins/mcufinder
2023-11-01 18:47:52,965 [INFO] DbMcusAds:125 - Set database path to: /Users/liz/.stmcufinder/plugins/mcufinder//mcu/
2023-11-01 18:47:52,966 [WARN] DbFile:41 - Overriding database path with different value: /Users/liz/.stmcufinder/plugins/mcufinder/ => /Users/liz/.stmcufinder/plugins/mcufinder
2023-11-01 18:47:52,966 [WARN] DbFile:41 - Overriding database path with different value: /Users/liz/.stmcufinder/plugins/mcufinder/ => /Users/liz/.stmcufinder/plugins/mcufinder
2023-11-01 18:47:52,967 [INFO] CrossReferenceDbSqlite:203 - Set database path to: /Users/liz/.stmcufinder/plugins/mcufinder//mcu/cs/
2023-11-01 18:47:53,172 [INFO] MainPanel:262 - HeapMemory: 268435456
2023-11-01 18:47:53,748 [INFO] DbMcusXml:78 - Set database path to: /Applications/STM32CubeIDE.app/Contents/Eclipse/plugins/com.st.stm32cube.common.mx_6.9.1.202307191849//db//mcu/
2023-11-01 18:47:53,748 [INFO] ApiDb:274 - Set plugin database path to: /Applications/STM32CubeIDE.app/Contents/Eclipse/plugins/com.st.stm32cube.common.mx_6.9.1.202307191849//db//plugins/boardmanager/
2023-11-01 18:47:53,749 [INFO] ApiDb:261 - Set plugin images path to: /Applications/STM32CubeIDE.app/Contents/Eclipse/plugins/com.st.stm32cube.common.mx_6.9.1.202307191849//db//plugins/mcufinder/images/
2023-11-01 18:47:53,751 [WARN] DbFile:41 - Overriding database path with different value: /Users/liz/.stmcufinder/plugins/mcufinder/ => /Users/liz/.stmcufinder/plugins/mcufinder
2023-11-01 18:47:53,752 [INFO] ApiDb:250 - Set database path to: /Users/liz/.stmcufinder/plugins/mcufinder//mcu/
2023-11-01 18:47:53,752 [WARN] DbFile:41 - Overriding database path with different value: /Users/liz/.stmcufinder/plugins/mcufinder/ => /Users/liz/.stmcufinder/plugins/mcufinder
2023-11-01 18:47:53,753 [INFO] DbMcusAds:125 - Set database path to: /Users/liz/.stmcufinder/plugins/mcufinder//mcu/
2023-11-01 18:47:53,753 [WARN] DbFile:41 - Overriding database path with different value: /Users/liz/.stmcufinder/plugins/mcufinder/ => /Users/liz/.stmcufinder/plugins/mcufinder
2023-11-01 18:47:53,754 [WARN] DbFile:41 - Overriding database path with different value: /Users/liz/.stmcufinder/plugins/mcufinder/ => /Users/liz/.stmcufinder/plugins/mcufinder
2023-11-01 18:47:53,754 [INFO] CrossReferenceDbSqlite:203 - Set database path to: /Users/liz/.stmcufinder/plugins/mcufinder//mcu/cs/
2023-11-01 18:47:53,805 [INFO] ApplicationProperties:184 - Using Application install path: /Applications/STM32CubeIDE.app/Contents/Eclipse/plugins/com.st.stm32cube.common.mx_6.9.1.202307191849
2023-11-01 18:47:53,809 [INFO] PluginManage:196 - Search for loadable plugins [exclusion list=, ]
2023-11-01 18:47:53,812 [INFO] PluginManage:310 - Check plugin analytics
2023-11-01 18:47:54,347 [INFO] AnalyticsPlugin:253 - Accepted Software Licenses: 
2023-11-01 18:47:54,348 [INFO] AnalyticsPlugin:255 - Accepted CMSIS Pack Licenses: 
2023-11-01 18:47:54,348 [INFO] AnalyticsPlugin:257 - Accepted Firmware Licenses: FW.G4.1.5.0
2023-11-01 18:47:54,356 [INFO] PluginManage:359 - Loaded plugin analytics (category:tool,tabindex:-1)
2023-11-01 18:47:54,357 [INFO] PluginManage:310 - Check plugin cadmodel
2023-11-01 18:47:56,468 [INFO] CADModel:105 - Init CAD model plugin
2023-11-01 18:47:56,469 [INFO] PluginManage:359 - Loaded plugin cadmodel (category:power,tabindex:5)
2023-11-01 18:47:56,469 [INFO] PluginManage:310 - Check plugin clock
2023-11-01 18:47:56,494 [INFO] PluginManage:359 - Loaded plugin clock (category:base,tabindex:2)
2023-11-01 18:47:56,495 [INFO] PluginManage:310 - Check plugin ddr
2023-11-01 18:47:56,501 [INFO] PluginManage:359 - Loaded plugin ddr (category:tool,tabindex:6)
2023-11-01 18:47:56,502 [INFO] PluginManage:310 - Check plugin filemanager
2023-11-01 18:47:56,848 [INFO] PluginManage:359 - Loaded plugin filemanager (category:base,tabindex:10)
2023-11-01 18:47:56,848 [INFO] PluginManage:310 - Check plugin ipmanager
2023-11-01 18:47:56,867 [INFO] PluginManage:359 - Loaded plugin ipmanager (category:base,tabindex:5)
2023-11-01 18:47:56,867 [INFO] PluginManage:310 - Check plugin lpbam
2023-11-01 18:47:56,897 [INFO] PluginManage:359 - Loaded plugin lpbam (category:base,tabindex:0)
2023-11-01 18:47:56,897 [INFO] PluginManage:310 - Check plugin memorymap
2023-11-01 18:47:56,938 [INFO] PluginManage:359 - Loaded plugin memorymap (category:base,tabindex:4)
2023-11-01 18:47:56,938 [INFO] PluginManage:310 - Check plugin pinoutandconfiguration
2023-11-01 18:47:56,961 [INFO] PluginManage:359 - Loaded plugin pinoutandconfiguration (category:base,tabindex:1)
2023-11-01 18:47:56,962 [INFO] PluginManage:310 - Check plugin pinoutconfig
2023-11-01 18:47:57,292 [WARN] SupportedApi:132 - Cannot load RTOS API schema: s4s-elt-must-match.1: The content of 'definitions' must match (annotation?, (simpleType | complexType)?, (unique | key | keyref)*)). A problem was found starting at: attribute.
2023-11-01 18:47:57,709 [INFO] PluginManage:359 - Loaded plugin pinoutconfig (category:base,tabindex:0)
2023-11-01 18:47:57,710 [INFO] PluginManage:310 - Check plugin power
2023-11-01 18:47:57,735 [INFO] PluginManage:359 - Loaded plugin power (category:power,tabindex:4)
2023-11-01 18:47:57,735 [INFO] PluginManage:310 - Check plugin projectmanager
2023-11-01 18:47:57,774 [INFO] PluginManage:359 - Loaded plugin projectmanager (category:projectmanager,tabindex:3)
2023-11-01 18:47:57,774 [INFO] PluginManage:310 - Check plugin thirdparty
2023-11-01 18:47:58,116 [WARN] IntegrityCheckThread:84 - waiting for thirdparty lock release [integrity check]
2023-11-01 18:47:58,117 [INFO] IntegrityCheckThread:86 - entering critical section [integrity check]
2023-11-01 18:47:58,117 [INFO] PluginManage:359 - Loaded plugin thirdparty (category:base,tabindex:-1)
2023-11-01 18:47:58,118 [INFO] ThirdPartyUpdaterWithRetryManager:70 - Updater plugin not ready yet. [1/15]
2023-11-01 18:47:58,118 [INFO] PluginManage:310 - Check plugin tools
2023-11-01 18:47:58,124 [INFO] PluginManage:359 - Loaded plugin tools (category:base,tabindex:7)
2023-11-01 18:47:58,125 [INFO] PluginManage:310 - Check plugin tutovideos
2023-11-01 18:47:58,602 [INFO] PluginManage:359 - Loaded plugin tutovideos (category:base,tabindex:-1)
2023-11-01 18:47:58,602 [INFO] PluginManage:310 - Check plugin updater
2023-11-01 18:47:58,631 [INFO] PluginManage:359 - Loaded plugin updater (category:base,tabindex:12)
2023-11-01 18:47:58,631 [INFO] PluginManage:310 - Check plugin userauth
2023-11-01 18:47:58,644 [INFO] UserAuth:113 - Init User Auth plugin
2023-11-01 18:47:58,644 [INFO] PluginManage:359 - Loaded plugin userauth (category:base,tabindex:14)
2023-11-01 18:47:58,646 [INFO] PluginManage:283 - PluginManage : Loaded plugins [17]
2023-11-01 18:47:59,156 [INFO] PinOutPanel:1499 - setPackage(No Configuration,No Configuration)
2023-11-01 18:47:59,427 [INFO] CADModel:165 - CPN selected for project level
2023-11-01 18:47:59,427 [INFO] CADModel:114 - Register for checkConnection events
2023-11-01 18:47:59,463 [INFO] IPUIPlugin:80 - create IPUIPlugin
2023-11-01 18:47:59,464 [INFO] PluginManager:220 - loadIPPluginJar : add mdma
2023-11-01 18:47:59,483 [INFO] IPUIPlugin:80 - create IPUIPlugin
2023-11-01 18:47:59,484 [INFO] PluginManager:220 - loadIPPluginJar : add freertos
2023-11-01 18:47:59,498 [INFO] IPUIPlugin:80 - create IPUIPlugin
2023-11-01 18:47:59,498 [INFO] PluginManager:220 - loadIPPluginJar : add gic
2023-11-01 18:47:59,522 [INFO] IPUIPlugin:80 - create IPUIPlugin
2023-11-01 18:47:59,522 [INFO] PluginManager:220 - loadIPPluginJar : add adc
2023-11-01 18:47:59,530 [INFO] IPUIPlugin:80 - create IPUIPlugin
2023-11-01 18:47:59,531 [INFO] PluginManager:220 - loadIPPluginJar : add gtzc
2023-11-01 18:47:59,535 [INFO] IPUIPlugin:80 - create IPUIPlugin
2023-11-01 18:47:59,535 [INFO] PluginManager:220 - loadIPPluginJar : add quadspi
2023-11-01 18:47:59,542 [INFO] IPUIPlugin:80 - create IPUIPlugin
2023-11-01 18:47:59,542 [INFO] PluginManager:220 - loadIPPluginJar : add aes
2023-11-01 18:47:59,550 [INFO] IPUIPlugin:80 - create IPUIPlugin
2023-11-01 18:47:59,551 [INFO] PluginManager:220 - loadIPPluginJar : add pdm2pcm
2023-11-01 18:47:59,556 [INFO] IPUIPlugin:80 - create IPUIPlugin
2023-11-01 18:47:59,557 [INFO] PluginManager:220 - loadIPPluginJar : add hash
2023-11-01 18:47:59,562 [INFO] IPUIPlugin:80 - create IPUIPlugin
2023-11-01 18:47:59,562 [INFO] PluginManager:220 - loadIPPluginJar : add tim
2023-11-01 18:47:59,566 [INFO] IPUIPlugin:80 - create IPUIPlugin
2023-11-01 18:47:59,567 [INFO] PluginManager:220 - loadIPPluginJar : add tsc
2023-11-01 18:47:59,571 [INFO] IPUIPlugin:80 - create IPUIPlugin
2023-11-01 18:47:59,572 [INFO] PluginManager:220 - loadIPPluginJar : add ts
2023-11-01 18:47:59,580 [INFO] IPUIPlugin:80 - create IPUIPlugin
2023-11-01 18:47:59,581 [INFO] PluginManager:220 - loadIPPluginJar : add can
2023-11-01 18:47:59,586 [INFO] IPUIPlugin:80 - create IPUIPlugin
2023-11-01 18:47:59,587 [INFO] PluginManager:220 - loadIPPluginJar : add dma3
2023-11-01 18:47:59,593 [INFO] IPUIPlugin:80 - create IPUIPlugin
2023-11-01 18:47:59,593 [INFO] PluginManager:220 - loadIPPluginJar : add dfsdm
2023-11-01 18:47:59,599 [INFO] IPUIPlugin:80 - create IPUIPlugin
2023-11-01 18:47:59,600 [INFO] PluginManager:220 - loadIPPluginJar : add spi
2023-11-01 18:47:59,605 [INFO] IPUIPlugin:80 - create IPUIPlugin
2023-11-01 18:47:59,606 [INFO] PluginManager:220 - loadIPPluginJar : add gfxmmu
2023-11-01 18:47:59,609 [INFO] IPUIPlugin:80 - create IPUIPlugin
2023-11-01 18:47:59,610 [INFO] PluginManager:220 - loadIPPluginJar : add genericplugin
2023-11-01 18:47:59,615 [INFO] IPUIPlugin:80 - create IPUIPlugin
2023-11-01 18:47:59,616 [INFO] PluginManager:220 - loadIPPluginJar : add cryp
2023-11-01 18:47:59,625 [INFO] IPUIPlugin:80 - create IPUIPlugin
2023-11-01 18:47:59,626 [INFO] PluginManager:220 - loadIPPluginJar : add gpio
2023-11-01 18:47:59,630 [INFO] IPUIPlugin:80 - create IPUIPlugin
2023-11-01 18:47:59,631 [INFO] PluginManager:220 - loadIPPluginJar : add comp
2023-11-01 18:47:59,635 [INFO] IPUIPlugin:80 - create IPUIPlugin
2023-11-01 18:47:59,635 [INFO] PluginManager:220 - loadIPPluginJar : add tracer_emb
2023-11-01 18:47:59,643 [INFO] IPUIPlugin:80 - create IPUIPlugin
2023-11-01 18:47:59,643 [INFO] PluginManager:220 - loadIPPluginJar : add openamp
2023-11-01 18:47:59,655 [INFO] IPUIPlugin:80 - create IPUIPlugin
2023-11-01 18:47:59,655 [INFO] PluginManager:220 - loadIPPluginJar : add stm32_wpan
2023-11-01 18:47:59,670 [INFO] IPUIPlugin:80 - create IPUIPlugin
2023-11-01 18:47:59,677 [INFO] PluginManager:220 - loadIPPluginJar : add plateformsettings
2023-11-01 18:47:59,685 [INFO] IPUIPlugin:80 - create IPUIPlugin
2023-11-01 18:47:59,686 [INFO] PluginManager:220 - loadIPPluginJar : add ipddr
2023-11-01 18:47:59,692 [INFO] IPUIPlugin:80 - create IPUIPlugin
2023-11-01 18:47:59,693 [INFO] PluginManager:220 - loadIPPluginJar : add usart
2023-11-01 18:47:59,698 [INFO] IPUIPlugin:80 - create IPUIPlugin
2023-11-01 18:47:59,698 [INFO] PluginManager:220 - loadIPPluginJar : add ltdc
2023-11-01 18:47:59,707 [INFO] IPUIPlugin:80 - create IPUIPlugin
2023-11-01 18:47:59,708 [INFO] PluginManager:220 - loadIPPluginJar : add nvic
2023-11-01 18:47:59,711 [INFO] IPUIPlugin:80 - create IPUIPlugin
2023-11-01 18:47:59,712 [INFO] PluginManager:220 - loadIPPluginJar : add fatfs
2023-11-01 18:47:59,727 [INFO] IPUIPlugin:80 - create IPUIPlugin
2023-11-01 18:47:59,728 [INFO] PluginManager:220 - loadIPPluginJar : add linkedlist
2023-11-01 18:47:59,741 [INFO] IPUIPlugin:80 - create IPUIPlugin
2023-11-01 18:47:59,742 [INFO] PluginManager:220 - loadIPPluginJar : add dma
2023-11-01 18:47:59,752 [INFO] IPUIPlugin:80 - create IPUIPlugin
2023-11-01 18:47:59,753 [INFO] PluginManager:220 - loadIPPluginJar : add fmc
2023-11-01 18:47:59,759 [INFO] IPUIPlugin:80 - create IPUIPlugin
2023-11-01 18:47:59,759 [INFO] PluginManager:220 - loadIPPluginJar : add i2s
2023-11-01 18:47:59,764 [INFO] IPUIPlugin:80 - create IPUIPlugin
2023-11-01 18:47:59,764 [INFO] PluginManager:220 - loadIPPluginJar : add ucpd
2023-11-01 18:47:59,770 [INFO] IPUIPlugin:80 - create IPUIPlugin
2023-11-01 18:47:59,771 [INFO] PluginManager:220 - loadIPPluginJar : add lorawan
2023-11-01 18:47:59,778 [INFO] IPUIPlugin:80 - create IPUIPlugin
2023-11-01 18:47:59,778 [INFO] PluginManager:220 - loadIPPluginJar : add opamp
2023-11-01 18:47:59,785 [INFO] IPUIPlugin:80 - create IPUIPlugin
2023-11-01 18:47:59,785 [INFO] PluginManager:220 - loadIPPluginJar : add i3c
2023-11-01 18:47:59,793 [INFO] IPUIPlugin:80 - create IPUIPlugin
2023-11-01 18:47:59,794 [INFO] PluginManager:220 - loadIPPluginJar : add touchsensing
2023-11-01 18:47:59,800 [INFO] IPUIPlugin:80 - create IPUIPlugin
2023-11-01 18:47:59,801 [INFO] PluginManager:220 - loadIPPluginJar : add i2c
2023-11-01 18:47:59,810 [INFO] IPUIPlugin:80 - create IPUIPlugin
2023-11-01 18:47:59,811 [INFO] PluginManager:220 - loadIPPluginJar : add resmgrutility
2023-11-01 18:47:59,816 [INFO] IPUIPlugin:80 - create IPUIPlugin
2023-11-01 18:47:59,817 [INFO] PluginManager:220 - loadIPPluginJar : add sai
2023-11-01 18:47:59,823 [INFO] IPUIPlugin:80 - create IPUIPlugin
2023-11-01 18:47:59,823 [INFO] PluginManager:220 - loadIPPluginJar : add usbx
2023-11-01 18:47:59,984 [INFO] CADModel:165 - CPN selected for project level
2023-11-01 18:47:59,984 [INFO] CADModel:114 - Register for checkConnection events
2023-11-01 18:47:59,985 [FATAL] Updater:308 - Updater called before beeing initialized
2023-11-01 18:47:59,985 [ERROR] CADModel:125 - Updater not yet initialized, retry later 
2023-11-01 18:48:00,678 [INFO] CADModel:165 - CPN selected for project level
2023-11-01 18:48:00,679 [INFO] CADModel:114 - Register for checkConnection events
2023-11-01 18:48:00,679 [FATAL] Updater:308 - Updater called before beeing initialized
2023-11-01 18:48:00,679 [ERROR] CADModel:125 - Updater not yet initialized, retry later 
2023-11-01 18:48:00,689 [FATAL] Updater:308 - Updater called before beeing initialized
2023-11-01 18:48:01,020 [FATAL] Updater:308 - Updater called before beeing initialized
2023-11-01 18:48:01,037 [INFO] DbMcusAds:53 - JSON generation date=Tue Mar 07 02:50:55 CST 2023 (1678179055335)
2023-11-01 18:48:01,038 [FATAL] Updater:308 - Updater called before beeing initialized
2023-11-01 18:48:01,121 [INFO] ThirdPartyUpdaterWithRetryManager:70 - Updater plugin not ready yet. [2/15]
2023-11-01 18:48:01,231 [WARN] DetailPanel:346 - Failed to get advertising image, set to default
2023-11-01 18:48:01,574 [FATAL] Updater:308 - Updater called before beeing initialized
2023-11-01 18:48:01,582 [FATAL] Updater:308 - Updater called before beeing initialized
2023-11-01 18:48:01,582 [FATAL] Updater:308 - Updater called before beeing initialized
2023-11-01 18:48:01,583 [WARN] DetailPanel:346 - Failed to get advertising image, set to default
2023-11-01 18:48:01,586 [FATAL] Updater:308 - Updater called before beeing initialized
2023-11-01 18:48:01,680 [ERROR] Updater:1120 - MainUpdater not yet initialized. External WinMGr cannot be set.
2023-11-01 18:48:01,737 [INFO] Updater:1056 - Updater Version found : 6.9.1
2023-11-01 18:48:01,781 [INFO] ApplicationProperties:184 - Using Application install path: /Applications/STM32CubeIDE.app/Contents/Eclipse/plugins/com.st.stm32cube.common.mx_6.9.1.202307191849
2023-11-01 18:48:03,288 [INFO] MainUpdater:2868 - connection check result : 10
2023-11-01 18:48:03,290 [INFO] MainUpdater:285 - Updater Check For Update Now.
2023-11-01 18:48:03,290 [INFO] MicroXplorer:498 - Change Database Version : DB.6.0.91
2023-11-01 18:48:03,308 [INFO] McuFinderGlobals:63 - Set McuFinder mode to 2 (CubeIDE integrated)
2023-11-01 18:48:03,309 [INFO] UserAuth:179 - activating auth plugin
2023-11-01 18:48:03,702 [INFO] CheckServerUpdateThread:120 - End of CheckServer Thread
2023-11-01 18:48:04,330 [INFO] UserAuth:393 - Internet connection configuration mode: 1
2023-11-01 18:48:04,373 [INFO] JxBrowserEngine:151 - Initiate JxBrowser Engine with user profile folder
2023-11-01 18:48:04,688 [WARN] PackLoader:240 - Cannot read IP mode file for STMicroelectronics.X-CUBE-SMBUS.2.1.0
2023-11-01 18:48:04,909 [WARN] PackLoader:240 - Cannot read IP mode file for STMicroelectronics.X-CUBE-AZRTOS-F7.1.1.0
2023-11-01 18:48:04,985 [WARN] PackLoader:240 - Cannot read IP mode file for STMicroelectronics.FP-SNS-MOTENV1.4.3.2
2023-11-01 18:48:05,031 [WARN] PackLoader:240 - Cannot read IP mode file for STMicroelectronics.FP-SNS-FLIGHT1.5.0.2
2023-11-01 18:48:05,084 [WARN] PackLoader:240 - Cannot read IP mode file for STMicroelectronics.X-CUBE-DISPLAY.3.0.0
2023-11-01 18:48:05,153 [WARN] PackLoader:240 - Cannot read IP mode file for STMicroelectronics.X-CUBE-BLE1.7.0.0
2023-11-01 18:48:05,175 [WARN] PackLoader:240 - Cannot read IP mode file for emotas.I-CUBE-CANOPEN.1.3.0
2023-11-01 18:48:05,221 [WARN] PackLoader:240 - Cannot read IP mode file for STMicroelectronics.X-CUBE-TOUCHGFX.4.22.0
2023-11-01 18:48:05,229 [WARN] PackLoader:240 - Cannot read IP mode file for STMicroelectronics.X-CUBE-TOUCHGFX.4.22.1
2023-11-01 18:48:05,240 [WARN] PackLoader:240 - Cannot read IP mode file for STMicroelectronics.FP-SNS-SMARTAG2.1.2.0
2023-11-01 18:48:05,278 [INFO] LogOutputStream:77 - [STDOUT_REDIRECT] 1 : Invalid condition id : UX_CORESTACK_Condition cause : null
2023-11-01 18:48:05,280 [INFO] LogOutputStream:77 - [STDOUT_REDIRECT] 1 : Invalid condition id : UX_CORESTACK_Condition cause : null
2023-11-01 18:48:05,280 [INFO] LogOutputStream:77 - [STDOUT_REDIRECT] 1 : Invalid condition id : UX_CORESTACK_Condition cause : null
2023-11-01 18:48:05,281 [INFO] LogOutputStream:77 - [STDOUT_REDIRECT] 1 : Invalid condition id : UX_CORESTACK_Condition cause : null
2023-11-01 18:48:05,282 [INFO] LogOutputStream:77 - [STDOUT_REDIRECT] 1 : Invalid condition id : UX_CORESTACK_Condition cause : null
2023-11-01 18:48:05,335 [WARN] PackLoader:240 - Cannot read IP mode file for STMicroelectronics.X-CUBE-AZRTOS-WL.2.0.0
2023-11-01 18:48:05,387 [WARN] PackLoader:240 - Cannot read IP mode file for WES.I-CUBE-Cesium.1.3.0
2023-11-01 18:48:05,407 [WARN] PackLoader:240 - Cannot read IP mode file for STMicroelectronics.X-CUBE-BLE2.3.3.0
2023-11-01 18:48:05,443 [WARN] PackLoader:240 - Cannot read IP mode file for STMicroelectronics.X-CUBE-ALGOBUILD.1.3.0
2023-11-01 18:48:05,570 [WARN] PackLoader:240 - Cannot read IP mode file for STMicroelectronics.X-CUBE-AZRTOS-G0.1.1.0
2023-11-01 18:48:05,593 [WARN] PackLoader:240 - Cannot read IP mode file for STMicroelectronics.X-CUBE-NFC4.3.0.0
2023-11-01 18:48:05,632 [WARN] PackLoader:240 - Cannot read IP mode file for STMicroelectronics.X-CUBE-BLEMGR.3.0.0
2023-11-01 18:48:05,653 [WARN] PackLoader:240 - Cannot read IP mode file for STMicroelectronics.FP-ATR-SIGFOX1.3.2.0
2023-11-01 18:48:05,899 [WARN] PackLoader:240 - Cannot read IP mode file for SEGGER.I-CUBE-embOS.1.3.1
2023-11-01 18:48:06,110 [WARN] PackLoader:240 - Cannot read IP mode file for STMicroelectronics.X-CUBE-GNSS1.6.0.0
2023-11-01 18:48:06,158 [WARN] PackLoader:240 - Cannot read IP mode file for STMicroelectronics.X-CUBE-AZRTOS-F4.1.1.0
2023-11-01 18:48:06,176 [WARN] PackLoader:240 - Cannot read IP mode file for wolfSSL.I-CUBE-wolfSSL.5.6.3
2023-11-01 18:48:06,240 [WARN] PackLoader:240 - Cannot read IP mode file for STMicroelectronics.X-CUBE-AZRTOS-L5.2.0.0
2023-11-01 18:48:06,384 [WARN] PackLoader:240 - Cannot read IP mode file for STMicroelectronics.X-CUBE-MEMS1.9.6.0
2023-11-01 18:48:07,257 [WARN] PackLoader:240 - Cannot read IP mode file for STMicroelectronics.X-CUBE-EEPRMA1.4.2.0
2023-11-01 18:48:07,288 [WARN] PackLoader:240 - Cannot read IP mode file for ITTIA_DB.I-CUBE-ITTIADB.8.8.0
2023-11-01 18:48:07,329 [WARN] PackLoader:240 - Cannot read IP mode file for STMicroelectronics.X-CUBE-BLEMGR.2.0.0
2023-11-01 18:48:07,406 [WARN] ConditionMgr:438 - getConditionDescription Invalid condition id : UX DEVICE CLASS RTOS Condition cause : null
2023-11-01 18:48:07,407 [WARN] ConditionMgr:438 - getConditionDescription Invalid condition id : UX DEVICE CLASS RTOS Condition cause : null
2023-11-01 18:48:07,426 [WARN] PackLoader:240 - Cannot read IP mode file for STMicroelectronics.X-CUBE-AZRTOS-H7.3.1.0
2023-11-01 18:48:07,430 [WARN] ConditionMgr:1039 - genDependencies : Invalid condition id : UX DEVICE CLASS RTOS Condition cause : null
2023-11-01 18:48:07,431 [WARN] ConditionMgr:1039 - genDependencies : Invalid condition id : UX DEVICE CLASS RTOS Condition cause : null
2023-11-01 18:48:07,434 [WARN] ConditionMgr:1039 - genDependencies : Invalid condition id : UX DEVICE CLASS RTOS Condition cause : null
2023-11-01 18:48:07,436 [WARN] ConditionMgr:1039 - genDependencies : Invalid condition id : UX DEVICE CLASS RTOS Condition cause : null
2023-11-01 18:48:07,437 [WARN] ConditionMgr:1039 - genDependencies : Invalid condition id : UX DEVICE CLASS RTOS Condition cause : null
2023-11-01 18:48:07,460 [WARN] PackLoader:240 - Cannot read IP mode file for STMicroelectronics.X-CUBE-NFC7.1.0.1
2023-11-01 18:48:07,501 [WARN] PackLoader:240 - Cannot read IP mode file for STMicroelectronics.X-CUBE-NFC6.3.0.0
2023-11-01 18:48:07,509 [INFO] WebApp:157 - Instantiating new browser for Auth
2023-11-01 18:48:07,586 [WARN] PackLoader:240 - Cannot read IP mode file for STMicroelectronics.X-CUBE-EEPRMA1.4.1.0
2023-11-01 18:48:07,625 [WARN] PackLoader:240 - Cannot read IP mode file for STMicroelectronics.X-CUBE-AI.8.1.0
2023-11-01 18:48:07,772 [WARN] ConditionMgr:438 - getConditionDescription Invalid condition id : LAN8742 Phy interface Condition cause : null
2023-11-01 18:48:07,786 [WARN] PackLoader:240 - Cannot read IP mode file for STMicroelectronics.X-CUBE-AZRTOS-L4.2.0.0
2023-11-01 18:48:07,808 [WARN] ConditionMgr:1039 - genDependencies : Invalid condition id : LAN8742 Phy interface Condition cause : null
2023-11-01 18:48:07,840 [WARN] ConditionMgr:1039 - genDependencies : Invalid condition id : LAN8742 Phy interface Condition cause : null
2023-11-01 18:48:07,878 [WARN] ConditionMgr:1039 - genDependencies : Invalid condition id : LAN8742 Phy interface Condition cause : null
2023-11-01 18:48:07,932 [WARN] PackLoader:240 - Cannot read IP mode file for STMicroelectronics.X-CUBE-SFXS2LP1.4.0.0
2023-11-01 18:48:08,029 [WARN] PackLoader:240 - Cannot read IP mode file for STMicroelectronics.X-CUBE-ISPU.1.1.0
2023-11-01 18:48:08,104 [WARN] ConditionMgr:438 - getConditionDescription Invalid condition id : UX DEVICE CLASS RTOS Condition cause : null
2023-11-01 18:48:08,119 [WARN] ConditionMgr:438 - getConditionDescription Invalid condition id : UX DEVICE CLASS RTOS Condition cause : null
2023-11-01 18:48:08,126 [WARN] PackLoader:240 - Cannot read IP mode file for STMicroelectronics.X-CUBE-AZRTOS-WB.2.0.0
2023-11-01 18:48:08,143 [WARN] ConditionMgr:1039 - genDependencies : Invalid condition id : UX DEVICE CLASS RTOS Condition cause : null
2023-11-01 18:48:08,163 [WARN] ConditionMgr:1039 - genDependencies : Invalid condition id : UX DEVICE CLASS RTOS Condition cause : null
2023-11-01 18:48:08,164 [WARN] ConditionMgr:1039 - genDependencies : Invalid condition id : UX DEVICE CLASS RTOS Condition cause : null
2023-11-01 18:48:08,165 [WARN] ConditionMgr:1039 - genDependencies : Invalid condition id : UX DEVICE CLASS RTOS Condition cause : null
2023-11-01 18:48:08,166 [WARN] ConditionMgr:1039 - genDependencies : Invalid condition id : UX DEVICE CLASS RTOS Condition cause : null
2023-11-01 18:48:08,180 [WARN] PackLoader:240 - Cannot read IP mode file for STMicroelectronics.X-CUBE-FREERTOS.1.0.1
2023-11-01 18:48:08,209 [WARN] PackLoader:240 - Cannot read IP mode file for STMicroelectronics.X-CUBE-SUBG2.5.0.0
2023-11-01 18:48:08,261 [WARN] PackLoader:240 - Cannot read IP mode file for STMicroelectronics.X-CUBE-TOF1.3.3.1
2023-11-01 18:48:08,346 [WARN] PackLoader:240 - Cannot read IP mode file for STMicroelectronics.X-CUBE-AZRTOS-G4.2.0.0
2023-11-01 18:48:08,412 [WARN] PackLoader:240 - Cannot read IP mode file for Infineon.AIROC-Wi-Fi-Bluetooth-STM32.1.5.1
2023-11-01 18:48:08,609 [WARN] PackLoader:240 - Cannot read IP mode file for STMicroelectronics.X-CUBE-MEMS1.10.0.0
2023-11-01 18:48:09,106 [WARN] PackLoader:240 - Cannot read IP mode file for STMicroelectronics.X-CUBE-FREERTOS.1.1.0
2023-11-01 18:48:09,118 [WARN] PackLoader:240 - Cannot read IP mode file for portGmbH.I-Cube-SoM-uGOAL.1.1.0
2023-11-01 18:48:09,126 [WARN] PackLoader:240 - Cannot read IP mode file for STMicroelectronics.X-CUBE-ALS.1.0.1
2023-11-01 18:48:09,135 [WARN] PackLoader:240 - Cannot read IP mode file for STMicroelectronics.FP-ATR-ASTRA1.2.0.0
2023-11-01 18:48:09,136 [INFO] ThirdParty:978 - Integrity check success = true
2023-11-01 18:48:09,137 [INFO] IntegrityCheckThread:100 - exiting critical section [integrity check]
2023-11-01 18:48:09,137 [INFO] IntegrityCheckThread:103 - End integrity checks thread
2023-11-01 18:48:09,679 [INFO] WebApp:753 - Register for checkConnection events
2023-11-01 18:48:09,679 [INFO] WebApp:390 - Apply proxy settings
2023-11-01 18:48:09,687 [INFO] WebApp:455 - Chromium authenticates against System proxy
2023-11-01 18:48:10,352 [INFO] WebApp:188 - Starting web application
2023-11-01 18:48:10,353 [INFO] WebApp:520 - Web application path used /Applications/STM32CubeIDE.app/Contents/Eclipse/plugins/com.st.stm32cube.common.mx_6.9.1.202307191849/db/plugins/mcufinder/reactClient1/index.html
2023-11-01 18:48:32,533 [ERROR] LogOutputStream:75 - [STDERR_REDIRECT] SLF4J: Failed to load class "org.slf4j.impl.StaticLoggerBinder".
2023-11-01 18:48:32,533 [ERROR] LogOutputStream:75 - [STDERR_REDIRECT] SLF4J: Defaulting to no-operation (NOP) logger implementation
2023-11-01 18:48:32,534 [ERROR] LogOutputStream:75 - [STDERR_REDIRECT] SLF4J: See http://www.slf4j.org/codes.html#StaticLoggerBinder for further details.
2023-11-01 18:59:53,599 [ERROR] LogOutputStream:75 - [STDERR_REDIRECT] 
2023-11-01 19:00:56,237 [INFO] Activator:176 - 


2023-11-01 19:00:56,241 [INFO] Activator:177 - !SESSION log4j initialized
2023-11-01 19:01:00,475 [ERROR] LogOutputStream:75 - [STDERR_REDIRECT] 
2023-11-01 19:01:04,356 [INFO] LogOutputStream:77 - [STDOUT_REDIRECT] 
2023-11-01 19:01:08,470 [INFO] ApplicationProperties:184 - Using Application install path: /Applications/STM32CubeIDE.app/Contents/Eclipse/plugins/com.st.stm32cube.common.mx_6.9.1.202307191849
2023-11-01 19:01:08,514 [INFO] DbMcusXml:78 - Set database path to: /Applications/STM32CubeIDE.app/Contents/Eclipse/plugins/com.st.stm32cube.common.mx_6.9.1.202307191849//db//mcu/
2023-11-01 19:01:08,515 [INFO] ApiDb:274 - Set plugin database path to: /Applications/STM32CubeIDE.app/Contents/Eclipse/plugins/com.st.stm32cube.common.mx_6.9.1.202307191849//db//plugins/boardmanager/
2023-11-01 19:01:08,517 [WARN] ApiDb:259 - Overriding images path with different value:  => /Applications/STM32CubeIDE.app/Contents/Eclipse/plugins/com.st.stm32cube.common.mx_6.9.1.202307191849//db//plugins/mcufinder/images/
2023-11-01 19:01:08,540 [INFO] ApiDb:250 - Set database path to: /Users/liz/.stmcufinder/plugins/mcufinder//mcu/
2023-11-01 19:01:08,544 [INFO] DbMcusAds:125 - Set database path to: /Users/liz/.stmcufinder/plugins/mcufinder//mcu/
2023-11-01 19:01:08,549 [INFO] CrossReferenceDbSqlite:203 - Set database path to: /Users/liz/.stmcufinder/plugins/mcufinder//mcu/cs/
2023-11-01 19:01:08,931 [INFO] RulesReader:64 - Compatibility file has been processed (293 Rules)
2023-11-01 19:01:09,079 [INFO] DbMcusXml:78 - Set database path to: /Applications/STM32CubeIDE.app/Contents/Eclipse/plugins/com.st.stm32cube.common.mx_6.9.1.202307191849//db//mcu/
2023-11-01 19:01:09,080 [INFO] ApiDb:274 - Set plugin database path to: /Applications/STM32CubeIDE.app/Contents/Eclipse/plugins/com.st.stm32cube.common.mx_6.9.1.202307191849//db//plugins/boardmanager/
2023-11-01 19:01:09,081 [INFO] ApiDb:261 - Set plugin images path to: /Applications/STM32CubeIDE.app/Contents/Eclipse/plugins/com.st.stm32cube.common.mx_6.9.1.202307191849//db//plugins/mcufinder/images/
2023-11-01 19:01:09,082 [WARN] DbFile:41 - Overriding database path with different value: /Users/liz/.stmcufinder/plugins/mcufinder/ => /Users/liz/.stmcufinder/plugins/mcufinder
2023-11-01 19:01:09,082 [INFO] ApiDb:250 - Set database path to: /Users/liz/.stmcufinder/plugins/mcufinder//mcu/
2023-11-01 19:01:09,082 [WARN] DbFile:41 - Overriding database path with different value: /Users/liz/.stmcufinder/plugins/mcufinder/ => /Users/liz/.stmcufinder/plugins/mcufinder
2023-11-01 19:01:09,083 [INFO] DbMcusAds:125 - Set database path to: /Users/liz/.stmcufinder/plugins/mcufinder//mcu/
2023-11-01 19:01:09,083 [WARN] DbFile:41 - Overriding database path with different value: /Users/liz/.stmcufinder/plugins/mcufinder/ => /Users/liz/.stmcufinder/plugins/mcufinder
2023-11-01 19:01:09,084 [WARN] DbFile:41 - Overriding database path with different value: /Users/liz/.stmcufinder/plugins/mcufinder/ => /Users/liz/.stmcufinder/plugins/mcufinder
2023-11-01 19:01:09,084 [INFO] CrossReferenceDbSqlite:203 - Set database path to: /Users/liz/.stmcufinder/plugins/mcufinder//mcu/cs/
2023-11-01 19:01:09,219 [INFO] MainPanel:262 - HeapMemory: 268435456
2023-11-01 19:01:09,344 [INFO] DbMcusXml:78 - Set database path to: /Applications/STM32CubeIDE.app/Contents/Eclipse/plugins/com.st.stm32cube.common.mx_6.9.1.202307191849//db//mcu/
2023-11-01 19:01:09,344 [INFO] ApiDb:274 - Set plugin database path to: /Applications/STM32CubeIDE.app/Contents/Eclipse/plugins/com.st.stm32cube.common.mx_6.9.1.202307191849//db//plugins/boardmanager/
2023-11-01 19:01:09,344 [INFO] ApiDb:261 - Set plugin images path to: /Applications/STM32CubeIDE.app/Contents/Eclipse/plugins/com.st.stm32cube.common.mx_6.9.1.202307191849//db//plugins/mcufinder/images/
2023-11-01 19:01:09,345 [WARN] DbFile:41 - Overriding database path with different value: /Users/liz/.stmcufinder/plugins/mcufinder/ => /Users/liz/.stmcufinder/plugins/mcufinder
2023-11-01 19:01:09,345 [INFO] ApiDb:250 - Set database path to: /Users/liz/.stmcufinder/plugins/mcufinder//mcu/
2023-11-01 19:01:09,346 [WARN] DbFile:41 - Overriding database path with different value: /Users/liz/.stmcufinder/plugins/mcufinder/ => /Users/liz/.stmcufinder/plugins/mcufinder
2023-11-01 19:01:09,346 [INFO] DbMcusAds:125 - Set database path to: /Users/liz/.stmcufinder/plugins/mcufinder//mcu/
2023-11-01 19:01:09,346 [WARN] DbFile:41 - Overriding database path with different value: /Users/liz/.stmcufinder/plugins/mcufinder/ => /Users/liz/.stmcufinder/plugins/mcufinder
2023-11-01 19:01:09,347 [WARN] DbFile:41 - Overriding database path with different value: /Users/liz/.stmcufinder/plugins/mcufinder/ => /Users/liz/.stmcufinder/plugins/mcufinder
2023-11-01 19:01:09,347 [INFO] CrossReferenceDbSqlite:203 - Set database path to: /Users/liz/.stmcufinder/plugins/mcufinder//mcu/cs/
2023-11-01 19:01:09,376 [INFO] ApplicationProperties:184 - Using Application install path: /Applications/STM32CubeIDE.app/Contents/Eclipse/plugins/com.st.stm32cube.common.mx_6.9.1.202307191849
2023-11-01 19:01:09,379 [INFO] PluginManage:196 - Search for loadable plugins [exclusion list=, ]
2023-11-01 19:01:09,381 [INFO] PluginManage:310 - Check plugin analytics
2023-11-01 19:01:09,764 [INFO] AnalyticsPlugin:253 - Accepted Software Licenses: 
2023-11-01 19:01:09,765 [INFO] AnalyticsPlugin:255 - Accepted CMSIS Pack Licenses: 
2023-11-01 19:01:09,766 [INFO] AnalyticsPlugin:257 - Accepted Firmware Licenses: FW.G4.1.5.0
2023-11-01 19:01:09,774 [INFO] PluginManage:359 - Loaded plugin analytics (category:tool,tabindex:-1)
2023-11-01 19:01:09,775 [INFO] PluginManage:310 - Check plugin cadmodel
2023-11-01 19:01:10,491 [INFO] CADModel:105 - Init CAD model plugin
2023-11-01 19:01:10,492 [INFO] PluginManage:359 - Loaded plugin cadmodel (category:power,tabindex:5)
2023-11-01 19:01:10,494 [INFO] PluginManage:310 - Check plugin clock
2023-11-01 19:01:10,507 [INFO] PluginManage:359 - Loaded plugin clock (category:base,tabindex:2)
2023-11-01 19:01:10,508 [INFO] PluginManage:310 - Check plugin ddr
2023-11-01 19:01:10,512 [INFO] PluginManage:359 - Loaded plugin ddr (category:tool,tabindex:6)
2023-11-01 19:01:10,512 [INFO] PluginManage:310 - Check plugin filemanager
2023-11-01 19:01:10,761 [INFO] PluginManage:359 - Loaded plugin filemanager (category:base,tabindex:10)
2023-11-01 19:01:10,762 [INFO] PluginManage:310 - Check plugin ipmanager
2023-11-01 19:01:10,777 [INFO] PluginManage:359 - Loaded plugin ipmanager (category:base,tabindex:5)
2023-11-01 19:01:10,777 [INFO] PluginManage:310 - Check plugin lpbam
2023-11-01 19:01:10,796 [INFO] PluginManage:359 - Loaded plugin lpbam (category:base,tabindex:0)
2023-11-01 19:01:10,796 [INFO] PluginManage:310 - Check plugin memorymap
2023-11-01 19:01:10,823 [INFO] PluginManage:359 - Loaded plugin memorymap (category:base,tabindex:4)
2023-11-01 19:01:10,825 [INFO] PluginManage:310 - Check plugin pinoutandconfiguration
2023-11-01 19:01:10,838 [INFO] PluginManage:359 - Loaded plugin pinoutandconfiguration (category:base,tabindex:1)
2023-11-01 19:01:10,838 [INFO] PluginManage:310 - Check plugin pinoutconfig
2023-11-01 19:01:11,001 [WARN] SupportedApi:132 - Cannot load RTOS API schema: s4s-elt-must-match.1: The content of 'definitions' must match (annotation?, (simpleType | complexType)?, (unique | key | keyref)*)). A problem was found starting at: attribute.
2023-11-01 19:01:11,308 [INFO] PluginManage:359 - Loaded plugin pinoutconfig (category:base,tabindex:0)
2023-11-01 19:01:11,308 [INFO] PluginManage:310 - Check plugin power
2023-11-01 19:01:11,325 [INFO] PluginManage:359 - Loaded plugin power (category:power,tabindex:4)
2023-11-01 19:01:11,326 [INFO] PluginManage:310 - Check plugin projectmanager
2023-11-01 19:01:11,362 [INFO] PluginManage:359 - Loaded plugin projectmanager (category:projectmanager,tabindex:3)
2023-11-01 19:01:11,362 [INFO] PluginManage:310 - Check plugin thirdparty
2023-11-01 19:01:11,645 [INFO] PluginManage:359 - Loaded plugin thirdparty (category:base,tabindex:-1)
2023-11-01 19:01:11,645 [WARN] IntegrityCheckThread:84 - waiting for thirdparty lock release [integrity check]
2023-11-01 19:01:11,646 [INFO] PluginManage:310 - Check plugin tools
2023-11-01 19:01:11,646 [INFO] IntegrityCheckThread:86 - entering critical section [integrity check]
2023-11-01 19:01:11,647 [INFO] ThirdPartyUpdaterWithRetryManager:70 - Updater plugin not ready yet. [1/15]
2023-11-01 19:01:11,651 [INFO] PluginManage:359 - Loaded plugin tools (category:base,tabindex:7)
2023-11-01 19:01:11,651 [INFO] PluginManage:310 - Check plugin tutovideos
2023-11-01 19:01:11,978 [INFO] PluginManage:359 - Loaded plugin tutovideos (category:base,tabindex:-1)
2023-11-01 19:01:11,979 [INFO] PluginManage:310 - Check plugin updater
2023-11-01 19:01:11,995 [INFO] PluginManage:359 - Loaded plugin updater (category:base,tabindex:12)
2023-11-01 19:01:11,995 [INFO] PluginManage:310 - Check plugin userauth
2023-11-01 19:01:12,003 [INFO] UserAuth:113 - Init User Auth plugin
2023-11-01 19:01:12,004 [INFO] PluginManage:359 - Loaded plugin userauth (category:base,tabindex:14)
2023-11-01 19:01:12,005 [INFO] PluginManage:283 - PluginManage : Loaded plugins [17]
2023-11-01 19:01:12,378 [INFO] PinOutPanel:1499 - setPackage(No Configuration,No Configuration)
2023-11-01 19:01:12,575 [INFO] CADModel:165 - CPN selected for project level
2023-11-01 19:01:12,575 [INFO] CADModel:114 - Register for checkConnection events
2023-11-01 19:01:12,595 [INFO] IPUIPlugin:80 - create IPUIPlugin
2023-11-01 19:01:12,595 [INFO] PluginManager:220 - loadIPPluginJar : add mdma
2023-11-01 19:01:12,605 [INFO] IPUIPlugin:80 - create IPUIPlugin
2023-11-01 19:01:12,605 [INFO] PluginManager:220 - loadIPPluginJar : add freertos
2023-11-01 19:01:12,613 [INFO] IPUIPlugin:80 - create IPUIPlugin
2023-11-01 19:01:12,613 [INFO] PluginManager:220 - loadIPPluginJar : add gic
2023-11-01 19:01:12,627 [INFO] IPUIPlugin:80 - create IPUIPlugin
2023-11-01 19:01:12,627 [INFO] PluginManager:220 - loadIPPluginJar : add adc
2023-11-01 19:01:12,631 [INFO] IPUIPlugin:80 - create IPUIPlugin
2023-11-01 19:01:12,631 [INFO] PluginManager:220 - loadIPPluginJar : add gtzc
2023-11-01 19:01:12,634 [INFO] IPUIPlugin:80 - create IPUIPlugin
2023-11-01 19:01:12,634 [INFO] PluginManager:220 - loadIPPluginJar : add quadspi
2023-11-01 19:01:12,637 [INFO] IPUIPlugin:80 - create IPUIPlugin
2023-11-01 19:01:12,638 [INFO] PluginManager:220 - loadIPPluginJar : add aes
2023-11-01 19:01:12,643 [INFO] IPUIPlugin:80 - create IPUIPlugin
2023-11-01 19:01:12,643 [INFO] PluginManager:220 - loadIPPluginJar : add pdm2pcm
2023-11-01 19:01:12,647 [INFO] IPUIPlugin:80 - create IPUIPlugin
2023-11-01 19:01:12,647 [INFO] PluginManager:220 - loadIPPluginJar : add hash
2023-11-01 19:01:12,650 [INFO] IPUIPlugin:80 - create IPUIPlugin
2023-11-01 19:01:12,651 [INFO] PluginManager:220 - loadIPPluginJar : add tim
2023-11-01 19:01:12,653 [INFO] IPUIPlugin:80 - create IPUIPlugin
2023-11-01 19:01:12,653 [INFO] PluginManager:220 - loadIPPluginJar : add tsc
2023-11-01 19:01:12,656 [INFO] IPUIPlugin:80 - create IPUIPlugin
2023-11-01 19:01:12,656 [INFO] PluginManager:220 - loadIPPluginJar : add ts
2023-11-01 19:01:12,661 [INFO] IPUIPlugin:80 - create IPUIPlugin
2023-11-01 19:01:12,661 [INFO] PluginManager:220 - loadIPPluginJar : add can
2023-11-01 19:01:12,666 [INFO] IPUIPlugin:80 - create IPUIPlugin
2023-11-01 19:01:12,666 [INFO] PluginManager:220 - loadIPPluginJar : add dma3
2023-11-01 19:01:12,671 [INFO] IPUIPlugin:80 - create IPUIPlugin
2023-11-01 19:01:12,671 [INFO] PluginManager:220 - loadIPPluginJar : add dfsdm
2023-11-01 19:01:12,675 [INFO] IPUIPlugin:80 - create IPUIPlugin
2023-11-01 19:01:12,676 [INFO] PluginManager:220 - loadIPPluginJar : add spi
2023-11-01 19:01:12,679 [INFO] IPUIPlugin:80 - create IPUIPlugin
2023-11-01 19:01:12,679 [INFO] PluginManager:220 - loadIPPluginJar : add gfxmmu
2023-11-01 19:01:12,683 [INFO] IPUIPlugin:80 - create IPUIPlugin
2023-11-01 19:01:12,683 [INFO] PluginManager:220 - loadIPPluginJar : add genericplugin
2023-11-01 19:01:12,687 [INFO] IPUIPlugin:80 - create IPUIPlugin
2023-11-01 19:01:12,688 [INFO] PluginManager:220 - loadIPPluginJar : add cryp
2023-11-01 19:01:12,695 [INFO] IPUIPlugin:80 - create IPUIPlugin
2023-11-01 19:01:12,695 [INFO] PluginManager:220 - loadIPPluginJar : add gpio
2023-11-01 19:01:12,698 [INFO] IPUIPlugin:80 - create IPUIPlugin
2023-11-01 19:01:12,698 [INFO] PluginManager:220 - loadIPPluginJar : add comp
2023-11-01 19:01:12,702 [INFO] IPUIPlugin:80 - create IPUIPlugin
2023-11-01 19:01:12,703 [INFO] PluginManager:220 - loadIPPluginJar : add tracer_emb
2023-11-01 19:01:12,708 [INFO] IPUIPlugin:80 - create IPUIPlugin
2023-11-01 19:01:12,709 [INFO] PluginManager:220 - loadIPPluginJar : add openamp
2023-11-01 19:01:12,717 [INFO] IPUIPlugin:80 - create IPUIPlugin
2023-11-01 19:01:12,717 [INFO] PluginManager:220 - loadIPPluginJar : add stm32_wpan
2023-11-01 19:01:12,726 [INFO] IPUIPlugin:80 - create IPUIPlugin
2023-11-01 19:01:12,731 [INFO] PluginManager:220 - loadIPPluginJar : add plateformsettings
2023-11-01 19:01:12,736 [INFO] IPUIPlugin:80 - create IPUIPlugin
2023-11-01 19:01:12,736 [INFO] PluginManager:220 - loadIPPluginJar : add ipddr
2023-11-01 19:01:12,741 [INFO] IPUIPlugin:80 - create IPUIPlugin
2023-11-01 19:01:12,741 [INFO] PluginManager:220 - loadIPPluginJar : add usart
2023-11-01 19:01:12,743 [INFO] IPUIPlugin:80 - create IPUIPlugin
2023-11-01 19:01:12,743 [INFO] PluginManager:220 - loadIPPluginJar : add ltdc
2023-11-01 19:01:12,749 [INFO] IPUIPlugin:80 - create IPUIPlugin
2023-11-01 19:01:12,749 [INFO] PluginManager:220 - loadIPPluginJar : add nvic
2023-11-01 19:01:12,752 [INFO] IPUIPlugin:80 - create IPUIPlugin
2023-11-01 19:01:12,752 [INFO] PluginManager:220 - loadIPPluginJar : add fatfs
2023-11-01 19:01:12,763 [INFO] IPUIPlugin:80 - create IPUIPlugin
2023-11-01 19:01:12,763 [INFO] PluginManager:220 - loadIPPluginJar : add linkedlist
2023-11-01 19:01:12,771 [INFO] IPUIPlugin:80 - create IPUIPlugin
2023-11-01 19:01:12,772 [INFO] PluginManager:220 - loadIPPluginJar : add dma
2023-11-01 19:01:12,778 [INFO] IPUIPlugin:80 - create IPUIPlugin
2023-11-01 19:01:12,779 [INFO] PluginManager:220 - loadIPPluginJar : add fmc
2023-11-01 19:01:12,783 [INFO] IPUIPlugin:80 - create IPUIPlugin
2023-11-01 19:01:12,783 [INFO] PluginManager:220 - loadIPPluginJar : add i2s
2023-11-01 19:01:12,786 [INFO] IPUIPlugin:80 - create IPUIPlugin
2023-11-01 19:01:12,786 [INFO] PluginManager:220 - loadIPPluginJar : add ucpd
2023-11-01 19:01:12,791 [INFO] IPUIPlugin:80 - create IPUIPlugin
2023-11-01 19:01:12,792 [INFO] PluginManager:220 - loadIPPluginJar : add lorawan
2023-11-01 19:01:12,797 [INFO] IPUIPlugin:80 - create IPUIPlugin
2023-11-01 19:01:12,797 [INFO] PluginManager:220 - loadIPPluginJar : add opamp
2023-11-01 19:01:12,801 [INFO] IPUIPlugin:80 - create IPUIPlugin
2023-11-01 19:01:12,801 [INFO] PluginManager:220 - loadIPPluginJar : add i3c
2023-11-01 19:01:12,807 [INFO] IPUIPlugin:80 - create IPUIPlugin
2023-11-01 19:01:12,807 [INFO] PluginManager:220 - loadIPPluginJar : add touchsensing
2023-11-01 19:01:12,812 [INFO] IPUIPlugin:80 - create IPUIPlugin
2023-11-01 19:01:12,813 [INFO] PluginManager:220 - loadIPPluginJar : add i2c
2023-11-01 19:01:12,817 [INFO] IPUIPlugin:80 - create IPUIPlugin
2023-11-01 19:01:12,818 [INFO] PluginManager:220 - loadIPPluginJar : add resmgrutility
2023-11-01 19:01:12,823 [INFO] IPUIPlugin:80 - create IPUIPlugin
2023-11-01 19:01:12,823 [INFO] PluginManager:220 - loadIPPluginJar : add sai
2023-11-01 19:01:12,828 [INFO] IPUIPlugin:80 - create IPUIPlugin
2023-11-01 19:01:12,829 [INFO] PluginManager:220 - loadIPPluginJar : add usbx
2023-11-01 19:01:12,968 [INFO] CADModel:165 - CPN selected for project level
2023-11-01 19:01:12,968 [INFO] CADModel:114 - Register for checkConnection events
2023-11-01 19:01:12,969 [FATAL] Updater:308 - Updater called before beeing initialized
2023-11-01 19:01:12,969 [ERROR] CADModel:125 - Updater not yet initialized, retry later 
2023-11-01 19:01:14,039 [INFO] CADModel:165 - CPN selected for project level
2023-11-01 19:01:14,039 [INFO] CADModel:114 - Register for checkConnection events
2023-11-01 19:01:14,040 [FATAL] Updater:308 - Updater called before beeing initialized
2023-11-01 19:01:14,040 [ERROR] CADModel:125 - Updater not yet initialized, retry later 
2023-11-01 19:01:14,047 [FATAL] Updater:308 - Updater called before beeing initialized
2023-11-01 19:01:14,246 [FATAL] Updater:308 - Updater called before beeing initialized
2023-11-01 19:01:14,258 [INFO] DbMcusAds:53 - JSON generation date=Tue Mar 07 02:50:55 CST 2023 (1678179055335)
2023-11-01 19:01:14,258 [FATAL] Updater:308 - Updater called before beeing initialized
2023-11-01 19:01:14,370 [WARN] DetailPanel:346 - Failed to get advertising image, set to default
2023-11-01 19:01:14,575 [FATAL] Updater:308 - Updater called before beeing initialized
2023-11-01 19:01:14,578 [FATAL] Updater:308 - Updater called before beeing initialized
2023-11-01 19:01:14,579 [FATAL] Updater:308 - Updater called before beeing initialized
2023-11-01 19:01:14,579 [WARN] DetailPanel:346 - Failed to get advertising image, set to default
2023-11-01 19:01:14,581 [FATAL] Updater:308 - Updater called before beeing initialized
2023-11-01 19:01:14,641 [ERROR] Updater:1120 - MainUpdater not yet initialized. External WinMGr cannot be set.
2023-11-01 19:01:14,651 [INFO] ThirdPartyUpdaterWithRetryManager:70 - Updater plugin not ready yet. [2/15]
2023-11-01 19:01:14,682 [INFO] Updater:1056 - Updater Version found : 6.9.1
2023-11-01 19:01:14,714 [INFO] ApplicationProperties:184 - Using Application install path: /Applications/STM32CubeIDE.app/Contents/Eclipse/plugins/com.st.stm32cube.common.mx_6.9.1.202307191849
2023-11-01 19:01:14,995 [INFO] MainUpdater:2868 - connection check result : 10
2023-11-01 19:01:14,996 [INFO] MainUpdater:285 - Updater Check For Update Now.
2023-11-01 19:01:14,997 [INFO] MicroXplorer:498 - Change Database Version : DB.6.0.91
2023-11-01 19:01:15,008 [INFO] McuFinderGlobals:63 - Set McuFinder mode to 2 (CubeIDE integrated)
2023-11-01 19:01:15,009 [INFO] UserAuth:179 - activating auth plugin
2023-11-01 19:01:15,017 [INFO] UserAuth:393 - Internet connection configuration mode: 1
2023-11-01 19:01:15,040 [INFO] JxBrowserEngine:151 - Initiate JxBrowser Engine with user profile folder
2023-11-01 19:01:15,328 [INFO] CheckServerUpdateThread:120 - End of CheckServer Thread
2023-11-01 19:01:16,598 [INFO] WebApp:157 - Instantiating new browser for Auth
2023-11-01 19:01:17,481 [INFO] WebApp:753 - Register for checkConnection events
2023-11-01 19:01:17,482 [INFO] WebApp:390 - Apply proxy settings
2023-11-01 19:01:17,488 [INFO] WebApp:455 - Chromium authenticates against System proxy
2023-11-01 19:01:17,985 [INFO] WebApp:188 - Starting web application
2023-11-01 19:01:17,985 [INFO] WebApp:520 - Web application path used /Applications/STM32CubeIDE.app/Contents/Eclipse/plugins/com.st.stm32cube.common.mx_6.9.1.202307191849/db/plugins/mcufinder/reactClient1/index.html
2023-11-01 19:01:18,010 [WARN] PackLoader:240 - Cannot read IP mode file for STMicroelectronics.X-CUBE-SMBUS.2.1.0
2023-11-01 19:01:18,113 [WARN] PackLoader:240 - Cannot read IP mode file for STMicroelectronics.X-CUBE-AZRTOS-F7.1.1.0
2023-11-01 19:01:18,186 [WARN] PackLoader:240 - Cannot read IP mode file for STMicroelectronics.FP-SNS-MOTENV1.4.3.2
2023-11-01 19:01:18,222 [WARN] PackLoader:240 - Cannot read IP mode file for STMicroelectronics.FP-SNS-FLIGHT1.5.0.2
2023-11-01 19:01:18,243 [WARN] PackLoader:240 - Cannot read IP mode file for STMicroelectronics.X-CUBE-DISPLAY.3.0.0
2023-11-01 19:01:18,278 [WARN] PackLoader:240 - Cannot read IP mode file for STMicroelectronics.X-CUBE-BLE1.7.0.0
2023-11-01 19:01:18,313 [WARN] PackLoader:240 - Cannot read IP mode file for emotas.I-CUBE-CANOPEN.1.3.0
2023-11-01 19:01:18,330 [WARN] PackLoader:240 - Cannot read IP mode file for STMicroelectronics.X-CUBE-TOUCHGFX.4.22.0
2023-11-01 19:01:18,334 [WARN] PackLoader:240 - Cannot read IP mode file for STMicroelectronics.X-CUBE-TOUCHGFX.4.22.1
2023-11-01 19:01:18,345 [WARN] PackLoader:240 - Cannot read IP mode file for STMicroelectronics.FP-SNS-SMARTAG2.1.2.0
2023-11-01 19:01:18,372 [INFO] LogOutputStream:77 - [STDOUT_REDIRECT] 1 : Invalid condition id : UX_CORESTACK_Condition cause : null
2023-11-01 19:01:18,373 [INFO] LogOutputStream:77 - [STDOUT_REDIRECT] 1 : Invalid condition id : UX_CORESTACK_Condition cause : null
2023-11-01 19:01:18,374 [INFO] LogOutputStream:77 - [STDOUT_REDIRECT] 1 : Invalid condition id : UX_CORESTACK_Condition cause : null
2023-11-01 19:01:18,374 [INFO] LogOutputStream:77 - [STDOUT_REDIRECT] 1 : Invalid condition id : UX_CORESTACK_Condition cause : null
2023-11-01 19:01:18,375 [INFO] LogOutputStream:77 - [STDOUT_REDIRECT] 1 : Invalid condition id : UX_CORESTACK_Condition cause : null
2023-11-01 19:01:18,390 [WARN] PackLoader:240 - Cannot read IP mode file for STMicroelectronics.X-CUBE-AZRTOS-WL.2.0.0
2023-11-01 19:01:18,412 [WARN] PackLoader:240 - Cannot read IP mode file for WES.I-CUBE-Cesium.1.3.0
2023-11-01 19:01:18,424 [WARN] PackLoader:240 - Cannot read IP mode file for STMicroelectronics.X-CUBE-BLE2.3.3.0
2023-11-01 19:01:18,437 [WARN] PackLoader:240 - Cannot read IP mode file for STMicroelectronics.X-CUBE-ALGOBUILD.1.3.0
2023-11-01 19:01:18,490 [WARN] PackLoader:240 - Cannot read IP mode file for STMicroelectronics.X-CUBE-AZRTOS-G0.1.1.0
2023-11-01 19:01:18,507 [WARN] PackLoader:240 - Cannot read IP mode file for STMicroelectronics.X-CUBE-NFC4.3.0.0
2023-11-01 19:01:18,534 [WARN] PackLoader:240 - Cannot read IP mode file for STMicroelectronics.X-CUBE-BLEMGR.3.0.0
2023-11-01 19:01:18,550 [WARN] PackLoader:240 - Cannot read IP mode file for STMicroelectronics.FP-ATR-SIGFOX1.3.2.0
2023-11-01 19:01:18,694 [WARN] PackLoader:240 - Cannot read IP mode file for SEGGER.I-CUBE-embOS.1.3.1
2023-11-01 19:01:18,901 [WARN] PackLoader:240 - Cannot read IP mode file for STMicroelectronics.X-CUBE-GNSS1.6.0.0
2023-11-01 19:01:18,961 [WARN] PackLoader:240 - Cannot read IP mode file for STMicroelectronics.X-CUBE-AZRTOS-F4.1.1.0
2023-11-01 19:01:18,980 [WARN] PackLoader:240 - Cannot read IP mode file for wolfSSL.I-CUBE-wolfSSL.5.6.3
2023-11-01 19:01:19,042 [WARN] PackLoader:240 - Cannot read IP mode file for STMicroelectronics.X-CUBE-AZRTOS-L5.2.0.0
2023-11-01 19:01:19,187 [WARN] PackLoader:240 - Cannot read IP mode file for STMicroelectronics.X-CUBE-MEMS1.9.6.0
2023-11-01 19:01:19,656 [WARN] PackLoader:240 - Cannot read IP mode file for STMicroelectronics.X-CUBE-EEPRMA1.4.2.0
2023-11-01 19:01:19,668 [WARN] PackLoader:240 - Cannot read IP mode file for ITTIA_DB.I-CUBE-ITTIADB.8.8.0
2023-11-01 19:01:19,694 [WARN] PackLoader:240 - Cannot read IP mode file for STMicroelectronics.X-CUBE-BLEMGR.2.0.0
2023-11-01 19:01:19,809 [WARN] ConditionMgr:438 - getConditionDescription Invalid condition id : UX DEVICE CLASS RTOS Condition cause : null
2023-11-01 19:01:19,822 [WARN] ConditionMgr:438 - getConditionDescription Invalid condition id : UX DEVICE CLASS RTOS Condition cause : null
2023-11-01 19:01:19,842 [WARN] PackLoader:240 - Cannot read IP mode file for STMicroelectronics.X-CUBE-AZRTOS-H7.3.1.0
2023-11-01 19:01:19,846 [WARN] ConditionMgr:1039 - genDependencies : Invalid condition id : UX DEVICE CLASS RTOS Condition cause : null
2023-11-01 19:01:19,847 [WARN] ConditionMgr:1039 - genDependencies : Invalid condition id : UX DEVICE CLASS RTOS Condition cause : null
2023-11-01 19:01:19,852 [WARN] ConditionMgr:1039 - genDependencies : Invalid condition id : UX DEVICE CLASS RTOS Condition cause : null
2023-11-01 19:01:19,854 [WARN] ConditionMgr:1039 - genDependencies : Invalid condition id : UX DEVICE CLASS RTOS Condition cause : null
2023-11-01 19:01:19,854 [WARN] ConditionMgr:1039 - genDependencies : Invalid condition id : UX DEVICE CLASS RTOS Condition cause : null
2023-11-01 19:01:19,877 [WARN] PackLoader:240 - Cannot read IP mode file for STMicroelectronics.X-CUBE-NFC7.1.0.1
2023-11-01 19:01:19,897 [WARN] PackLoader:240 - Cannot read IP mode file for STMicroelectronics.X-CUBE-NFC6.3.0.0
2023-11-01 19:01:19,916 [WARN] PackLoader:240 - Cannot read IP mode file for STMicroelectronics.X-CUBE-EEPRMA1.4.1.0
2023-11-01 19:01:19,939 [WARN] PackLoader:240 - Cannot read IP mode file for STMicroelectronics.X-CUBE-AI.8.1.0
2023-11-01 19:01:20,025 [WARN] ConditionMgr:438 - getConditionDescription Invalid condition id : LAN8742 Phy interface Condition cause : null
2023-11-01 19:01:20,080 [WARN] PackLoader:240 - Cannot read IP mode file for STMicroelectronics.X-CUBE-AZRTOS-L4.2.0.0
2023-11-01 19:01:20,102 [WARN] ConditionMgr:1039 - genDependencies : Invalid condition id : LAN8742 Phy interface Condition cause : null
2023-11-01 19:01:20,103 [WARN] ConditionMgr:1039 - genDependencies : Invalid condition id : LAN8742 Phy interface Condition cause : null
2023-11-01 19:01:20,106 [WARN] ConditionMgr:1039 - genDependencies : Invalid condition id : LAN8742 Phy interface Condition cause : null
2023-11-01 19:01:20,126 [WARN] PackLoader:240 - Cannot read IP mode file for STMicroelectronics.X-CUBE-SFXS2LP1.4.0.0
2023-11-01 19:01:20,139 [WARN] PackLoader:240 - Cannot read IP mode file for STMicroelectronics.X-CUBE-ISPU.1.1.0
2023-11-01 19:01:20,189 [WARN] ConditionMgr:438 - getConditionDescription Invalid condition id : UX DEVICE CLASS RTOS Condition cause : null
2023-11-01 19:01:20,190 [WARN] ConditionMgr:438 - getConditionDescription Invalid condition id : UX DEVICE CLASS RTOS Condition cause : null
2023-11-01 19:01:20,209 [WARN] PackLoader:240 - Cannot read IP mode file for STMicroelectronics.X-CUBE-AZRTOS-WB.2.0.0
2023-11-01 19:01:20,211 [WARN] ConditionMgr:1039 - genDependencies : Invalid condition id : UX DEVICE CLASS RTOS Condition cause : null
2023-11-01 19:01:20,211 [WARN] ConditionMgr:1039 - genDependencies : Invalid condition id : UX DEVICE CLASS RTOS Condition cause : null
2023-11-01 19:01:20,212 [WARN] ConditionMgr:1039 - genDependencies : Invalid condition id : UX DEVICE CLASS RTOS Condition cause : null
2023-11-01 19:01:20,218 [WARN] ConditionMgr:1039 - genDependencies : Invalid condition id : UX DEVICE CLASS RTOS Condition cause : null
2023-11-01 19:01:20,218 [WARN] ConditionMgr:1039 - genDependencies : Invalid condition id : UX DEVICE CLASS RTOS Condition cause : null
2023-11-01 19:01:20,230 [WARN] PackLoader:240 - Cannot read IP mode file for STMicroelectronics.X-CUBE-FREERTOS.1.0.1
2023-11-01 19:01:20,265 [WARN] PackLoader:240 - Cannot read IP mode file for STMicroelectronics.X-CUBE-SUBG2.5.0.0
2023-11-01 19:01:20,296 [WARN] PackLoader:240 - Cannot read IP mode file for STMicroelectronics.X-CUBE-TOF1.3.3.1
2023-11-01 19:01:20,341 [WARN] PackLoader:240 - Cannot read IP mode file for STMicroelectronics.X-CUBE-AZRTOS-G4.2.0.0
2023-11-01 19:01:20,370 [WARN] PackLoader:240 - Cannot read IP mode file for Infineon.AIROC-Wi-Fi-Bluetooth-STM32.1.5.1
2023-11-01 19:01:20,496 [WARN] PackLoader:240 - Cannot read IP mode file for STMicroelectronics.X-CUBE-MEMS1.10.0.0
2023-11-01 19:01:20,801 [WARN] PackLoader:240 - Cannot read IP mode file for STMicroelectronics.X-CUBE-FREERTOS.1.1.0
2023-11-01 19:01:20,813 [WARN] PackLoader:240 - Cannot read IP mode file for portGmbH.I-Cube-SoM-uGOAL.1.1.0
2023-11-01 19:01:20,820 [WARN] PackLoader:240 - Cannot read IP mode file for STMicroelectronics.X-CUBE-ALS.1.0.1
2023-11-01 19:01:20,827 [WARN] PackLoader:240 - Cannot read IP mode file for STMicroelectronics.FP-ATR-ASTRA1.2.0.0
2023-11-01 19:01:20,828 [INFO] ThirdParty:978 - Integrity check success = true
2023-11-01 19:01:20,829 [INFO] IntegrityCheckThread:100 - exiting critical section [integrity check]
2023-11-01 19:01:20,829 [INFO] IntegrityCheckThread:103 - End integrity checks thread
2023-11-01 19:01:39,413 [ERROR] LogOutputStream:75 - [STDERR_REDIRECT] SLF4J: Failed to load class "org.slf4j.impl.StaticLoggerBinder".
2023-11-01 19:01:39,413 [ERROR] LogOutputStream:75 - [STDERR_REDIRECT] SLF4J: Defaulting to no-operation (NOP) logger implementation
2023-11-01 19:01:39,414 [ERROR] LogOutputStream:75 - [STDERR_REDIRECT] SLF4J: See http://www.slf4j.org/codes.html#StaticLoggerBinder for further details.
2023-11-01 19:09:24,227 [ERROR] LogOutputStream:75 - [STDERR_REDIRECT] 
