2023-11-01 12:47:59,368 [INFO] Activator:176 - 


2023-11-01 12:47:59,389 [INFO] Activator:177 - !SESSION log4j initialized
2023-11-01 12:48:04,710 [INFO] LogOutputStream:77 - [STDOUT_REDIRECT] 
2023-11-01 12:48:06,070 [INFO] ApplicationProperties:184 - Using Application install path: C:\ST\STM32CubeIDE_1.13.2\STM32CubeIDE\plugins\com.st.stm32cube.common.mx_6.9.2.202309101412
2023-11-01 12:48:06,089 [INFO] DbMcusXml:78 - Set database path to: C:\ST\STM32CubeIDE_1.13.2\STM32CubeIDE\plugins\com.st.stm32cube.common.mx_6.9.2.202309101412\\db\/mcu/
2023-11-01 12:48:06,090 [INFO] ApiDb:274 - Set plugin database path to: C:\ST\STM32CubeIDE_1.13.2\STM32CubeIDE\plugins\com.st.stm32cube.common.mx_6.9.2.202309101412\\db\/plugins/boardmanager/
2023-11-01 12:48:06,090 [WARN] ApiDb:259 - Overriding images path with different value:  => C:\ST\STM32CubeIDE_1.13.2\STM32CubeIDE\plugins\com.st.stm32cube.common.mx_6.9.2.202309101412\\db\/plugins/mcufinder/images/
2023-11-01 12:48:06,109 [INFO] ApiDb:250 - Set database path to: C:\Users\Plys\.stmcufinder\plugins\mcufinder//mcu/
2023-11-01 12:48:06,110 [INFO] DbMcusAds:125 - Set database path to: C:\Users\Plys\.stmcufinder\plugins\mcufinder//mcu/
2023-11-01 12:48:06,112 [INFO] CrossReferenceDbSqlite:203 - Set database path to: C:\Users\Plys\.stmcufinder\plugins\mcufinder//mcu/cs/
2023-11-01 12:48:06,216 [INFO] RulesReader:64 - Compatibility file has been processed (293 Rules)
2023-11-01 12:48:06,323 [INFO] DbMcusXml:78 - Set database path to: C:\ST\STM32CubeIDE_1.13.2\STM32CubeIDE\plugins\com.st.stm32cube.common.mx_6.9.2.202309101412\\db\/mcu/
2023-11-01 12:48:06,324 [INFO] ApiDb:274 - Set plugin database path to: C:\ST\STM32CubeIDE_1.13.2\STM32CubeIDE\plugins\com.st.stm32cube.common.mx_6.9.2.202309101412\\db\/plugins/boardmanager/
2023-11-01 12:48:06,324 [INFO] ApiDb:261 - Set plugin images path to: C:\ST\STM32CubeIDE_1.13.2\STM32CubeIDE\plugins\com.st.stm32cube.common.mx_6.9.2.202309101412\\db\/plugins/mcufinder/images/
2023-11-01 12:48:06,324 [WARN] DbFile:41 - Overriding database path with different value: C:\Users\Plys\.stmcufinder\plugins\mcufinder/ => C:\Users\Plys\.stmcufinder\plugins\mcufinder
2023-11-01 12:48:06,324 [INFO] ApiDb:250 - Set database path to: C:\Users\Plys\.stmcufinder\plugins\mcufinder//mcu/
2023-11-01 12:48:06,324 [WARN] DbFile:41 - Overriding database path with different value: C:\Users\Plys\.stmcufinder\plugins\mcufinder/ => C:\Users\Plys\.stmcufinder\plugins\mcufinder
2023-11-01 12:48:06,324 [INFO] DbMcusAds:125 - Set database path to: C:\Users\Plys\.stmcufinder\plugins\mcufinder//mcu/
2023-11-01 12:48:06,324 [WARN] DbFile:41 - Overriding database path with different value: C:\Users\Plys\.stmcufinder\plugins\mcufinder/ => C:\Users\Plys\.stmcufinder\plugins\mcufinder
2023-11-01 12:48:06,325 [WARN] DbFile:41 - Overriding database path with different value: C:\Users\Plys\.stmcufinder\plugins\mcufinder/ => C:\Users\Plys\.stmcufinder\plugins\mcufinder
2023-11-01 12:48:06,325 [INFO] CrossReferenceDbSqlite:203 - Set database path to: C:\Users\Plys\.stmcufinder\plugins\mcufinder//mcu/cs/
2023-11-01 12:48:06,419 [INFO] MainPanel:262 - HeapMemory: 268435456
2023-11-01 12:48:06,522 [INFO] DbMcusXml:78 - Set database path to: C:\ST\STM32CubeIDE_1.13.2\STM32CubeIDE\plugins\com.st.stm32cube.common.mx_6.9.2.202309101412\\db\/mcu/
2023-11-01 12:48:06,522 [INFO] ApiDb:274 - Set plugin database path to: C:\ST\STM32CubeIDE_1.13.2\STM32CubeIDE\plugins\com.st.stm32cube.common.mx_6.9.2.202309101412\\db\/plugins/boardmanager/
2023-11-01 12:48:06,523 [INFO] ApiDb:261 - Set plugin images path to: C:\ST\STM32CubeIDE_1.13.2\STM32CubeIDE\plugins\com.st.stm32cube.common.mx_6.9.2.202309101412\\db\/plugins/mcufinder/images/
2023-11-01 12:48:06,523 [WARN] DbFile:41 - Overriding database path with different value: C:\Users\Plys\.stmcufinder\plugins\mcufinder/ => C:\Users\Plys\.stmcufinder\plugins\mcufinder
2023-11-01 12:48:06,523 [INFO] ApiDb:250 - Set database path to: C:\Users\Plys\.stmcufinder\plugins\mcufinder//mcu/
2023-11-01 12:48:06,523 [WARN] DbFile:41 - Overriding database path with different value: C:\Users\Plys\.stmcufinder\plugins\mcufinder/ => C:\Users\Plys\.stmcufinder\plugins\mcufinder
2023-11-01 12:48:06,524 [INFO] DbMcusAds:125 - Set database path to: C:\Users\Plys\.stmcufinder\plugins\mcufinder//mcu/
2023-11-01 12:48:06,524 [WARN] DbFile:41 - Overriding database path with different value: C:\Users\Plys\.stmcufinder\plugins\mcufinder/ => C:\Users\Plys\.stmcufinder\plugins\mcufinder
2023-11-01 12:48:06,524 [WARN] DbFile:41 - Overriding database path with different value: C:\Users\Plys\.stmcufinder\plugins\mcufinder/ => C:\Users\Plys\.stmcufinder\plugins\mcufinder
2023-11-01 12:48:06,524 [INFO] CrossReferenceDbSqlite:203 - Set database path to: C:\Users\Plys\.stmcufinder\plugins\mcufinder//mcu/cs/
2023-11-01 12:48:06,547 [INFO] ApplicationProperties:184 - Using Application install path: C:\ST\STM32CubeIDE_1.13.2\STM32CubeIDE\plugins\com.st.stm32cube.common.mx_6.9.2.202309101412
2023-11-01 12:48:06,548 [INFO] PluginManage:196 - Search for loadable plugins [exclusion list=, ]
2023-11-01 12:48:06,550 [INFO] PluginManage:310 - Check plugin analytics
2023-11-01 12:48:06,729 [INFO] AnalyticsPlugin:253 - Accepted Software Licenses: 
2023-11-01 12:48:06,730 [INFO] AnalyticsPlugin:255 - Accepted CMSIS Pack Licenses: 
2023-11-01 12:48:06,730 [INFO] AnalyticsPlugin:257 - Accepted Firmware Licenses: FW.F4.1.27.0
2023-11-01 12:48:06,736 [INFO] PluginManage:359 - Loaded plugin analytics (category:tool,tabindex:-1)
2023-11-01 12:48:06,737 [INFO] PluginManage:310 - Check plugin cadmodel
2023-11-01 12:48:06,744 [INFO] CADModel:105 - Init CAD model plugin
2023-11-01 12:48:06,744 [INFO] PluginManage:359 - Loaded plugin cadmodel (category:power,tabindex:5)
2023-11-01 12:48:06,744 [INFO] PluginManage:310 - Check plugin clock
2023-11-01 12:48:06,767 [INFO] PluginManage:359 - Loaded plugin clock (category:base,tabindex:2)
2023-11-01 12:48:06,768 [INFO] PluginManage:310 - Check plugin ddr
2023-11-01 12:48:06,770 [INFO] PluginManage:359 - Loaded plugin ddr (category:tool,tabindex:6)
2023-11-01 12:48:06,771 [INFO] PluginManage:310 - Check plugin filemanager
2023-11-01 12:48:06,939 [INFO] PluginManage:359 - Loaded plugin filemanager (category:base,tabindex:10)
2023-11-01 12:48:06,940 [INFO] PluginManage:310 - Check plugin ipmanager
2023-11-01 12:48:06,951 [INFO] PluginManage:359 - Loaded plugin ipmanager (category:base,tabindex:5)
2023-11-01 12:48:06,951 [INFO] PluginManage:310 - Check plugin lpbam
2023-11-01 12:48:06,963 [INFO] PluginManage:359 - Loaded plugin lpbam (category:base,tabindex:0)
2023-11-01 12:48:06,963 [INFO] PluginManage:310 - Check plugin memorymap
2023-11-01 12:48:06,985 [INFO] PluginManage:359 - Loaded plugin memorymap (category:base,tabindex:4)
2023-11-01 12:48:06,985 [INFO] PluginManage:310 - Check plugin pinoutandconfiguration
2023-11-01 12:48:06,994 [INFO] PluginManage:359 - Loaded plugin pinoutandconfiguration (category:base,tabindex:1)
2023-11-01 12:48:06,995 [INFO] PluginManage:310 - Check plugin pinoutconfig
2023-11-01 12:48:07,097 [WARN] SupportedApi:132 - Cannot load RTOS API schema: s4s-elt-must-match.1: The content of 'definitions' must match (annotation?, (simpleType | complexType)?, (unique | key | keyref)*)). A problem was found starting at: attribute.
2023-11-01 12:48:07,244 [INFO] PluginManage:359 - Loaded plugin pinoutconfig (category:base,tabindex:0)
2023-11-01 12:48:07,244 [INFO] PluginManage:310 - Check plugin power
2023-11-01 12:48:07,258 [INFO] PluginManage:359 - Loaded plugin power (category:power,tabindex:4)
2023-11-01 12:48:07,259 [INFO] PluginManage:310 - Check plugin projectmanager
2023-11-01 12:48:07,275 [INFO] PluginManage:359 - Loaded plugin projectmanager (category:projectmanager,tabindex:3)
2023-11-01 12:48:07,276 [INFO] PluginManage:310 - Check plugin thirdparty
2023-11-01 12:48:07,445 [INFO] PluginManage:359 - Loaded plugin thirdparty (category:base,tabindex:-1)
2023-11-01 12:48:07,445 [WARN] IntegrityCheckThread:84 - waiting for thirdparty lock release [integrity check]
2023-11-01 12:48:07,446 [INFO] PluginManage:310 - Check plugin tools
2023-11-01 12:48:07,446 [INFO] IntegrityCheckThread:86 - entering critical section [integrity check]
2023-11-01 12:48:07,446 [INFO] ThirdPartyUpdaterWithRetryManager:70 - Updater plugin not ready yet. [1/15]
2023-11-01 12:48:07,450 [INFO] PluginManage:359 - Loaded plugin tools (category:base,tabindex:7)
2023-11-01 12:48:07,450 [INFO] PluginManage:310 - Check plugin tutovideos
2023-11-01 12:48:07,636 [INFO] PluginManage:359 - Loaded plugin tutovideos (category:base,tabindex:-1)
2023-11-01 12:48:07,636 [INFO] PluginManage:310 - Check plugin updater
2023-11-01 12:48:07,649 [INFO] PluginManage:359 - Loaded plugin updater (category:base,tabindex:12)
2023-11-01 12:48:07,649 [INFO] PluginManage:310 - Check plugin userauth
2023-11-01 12:48:07,654 [INFO] UserAuth:113 - Init User Auth plugin
2023-11-01 12:48:07,654 [INFO] PluginManage:359 - Loaded plugin userauth (category:base,tabindex:14)
2023-11-01 12:48:07,655 [INFO] PluginManage:283 - PluginManage : Loaded plugins [17]
2023-11-01 12:48:07,933 [INFO] PinOutPanel:1499 - setPackage(No Configuration,No Configuration)
2023-11-01 12:48:08,073 [INFO] CADModel:165 - CPN selected for project level
2023-11-01 12:48:08,074 [INFO] CADModel:114 - Register for checkConnection events
2023-11-01 12:48:08,108 [INFO] IPUIPlugin:80 - create IPUIPlugin
2023-11-01 12:48:08,108 [INFO] PluginManager:220 - loadIPPluginJar : add adc
2023-11-01 12:48:08,113 [INFO] IPUIPlugin:80 - create IPUIPlugin
2023-11-01 12:48:08,113 [INFO] PluginManager:220 - loadIPPluginJar : add aes
2023-11-01 12:48:08,117 [INFO] IPUIPlugin:80 - create IPUIPlugin
2023-11-01 12:48:08,117 [INFO] PluginManager:220 - loadIPPluginJar : add can
2023-11-01 12:48:08,120 [INFO] IPUIPlugin:80 - create IPUIPlugin
2023-11-01 12:48:08,121 [INFO] PluginManager:220 - loadIPPluginJar : add comp
2023-11-01 12:48:08,125 [INFO] IPUIPlugin:80 - create IPUIPlugin
2023-11-01 12:48:08,125 [INFO] PluginManager:220 - loadIPPluginJar : add cryp
2023-11-01 12:48:08,129 [INFO] IPUIPlugin:80 - create IPUIPlugin
2023-11-01 12:48:08,129 [INFO] PluginManager:220 - loadIPPluginJar : add dfsdm
2023-11-01 12:48:08,136 [INFO] IPUIPlugin:80 - create IPUIPlugin
2023-11-01 12:48:08,136 [INFO] PluginManager:220 - loadIPPluginJar : add dma
2023-11-01 12:48:08,141 [INFO] IPUIPlugin:80 - create IPUIPlugin
2023-11-01 12:48:08,141 [INFO] PluginManager:220 - loadIPPluginJar : add dma3
2023-11-01 12:48:08,143 [INFO] IPUIPlugin:80 - create IPUIPlugin
2023-11-01 12:48:08,143 [INFO] PluginManager:220 - loadIPPluginJar : add fatfs
2023-11-01 12:48:08,150 [INFO] IPUIPlugin:80 - create IPUIPlugin
2023-11-01 12:48:08,150 [INFO] PluginManager:220 - loadIPPluginJar : add fmc
2023-11-01 12:48:08,157 [INFO] IPUIPlugin:80 - create IPUIPlugin
2023-11-01 12:48:08,157 [INFO] PluginManager:220 - loadIPPluginJar : add freertos
2023-11-01 12:48:08,160 [INFO] IPUIPlugin:80 - create IPUIPlugin
2023-11-01 12:48:08,160 [INFO] PluginManager:220 - loadIPPluginJar : add genericplugin
2023-11-01 12:48:08,164 [INFO] IPUIPlugin:80 - create IPUIPlugin
2023-11-01 12:48:08,164 [INFO] PluginManager:220 - loadIPPluginJar : add gfxmmu
2023-11-01 12:48:08,171 [INFO] IPUIPlugin:80 - create IPUIPlugin
2023-11-01 12:48:08,171 [INFO] PluginManager:220 - loadIPPluginJar : add gic
2023-11-01 12:48:08,178 [INFO] IPUIPlugin:80 - create IPUIPlugin
2023-11-01 12:48:08,178 [INFO] PluginManager:220 - loadIPPluginJar : add gpio
2023-11-01 12:48:08,183 [INFO] IPUIPlugin:80 - create IPUIPlugin
2023-11-01 12:48:08,184 [INFO] PluginManager:220 - loadIPPluginJar : add gtzc
2023-11-01 12:48:08,188 [INFO] IPUIPlugin:80 - create IPUIPlugin
2023-11-01 12:48:08,188 [INFO] PluginManager:220 - loadIPPluginJar : add hash
2023-11-01 12:48:08,192 [INFO] IPUIPlugin:80 - create IPUIPlugin
2023-11-01 12:48:08,192 [INFO] PluginManager:220 - loadIPPluginJar : add i2c
2023-11-01 12:48:08,196 [INFO] IPUIPlugin:80 - create IPUIPlugin
2023-11-01 12:48:08,197 [INFO] PluginManager:220 - loadIPPluginJar : add i2s
2023-11-01 12:48:08,201 [INFO] IPUIPlugin:80 - create IPUIPlugin
2023-11-01 12:48:08,201 [INFO] PluginManager:220 - loadIPPluginJar : add i3c
2023-11-01 12:48:08,206 [INFO] IPUIPlugin:80 - create IPUIPlugin
2023-11-01 12:48:08,207 [INFO] PluginManager:220 - loadIPPluginJar : add ipddr
2023-11-01 12:48:08,215 [INFO] IPUIPlugin:80 - create IPUIPlugin
2023-11-01 12:48:08,216 [INFO] PluginManager:220 - loadIPPluginJar : add linkedlist
2023-11-01 12:48:08,220 [INFO] IPUIPlugin:80 - create IPUIPlugin
2023-11-01 12:48:08,221 [INFO] PluginManager:220 - loadIPPluginJar : add lorawan
2023-11-01 12:48:08,222 [INFO] IPUIPlugin:80 - create IPUIPlugin
2023-11-01 12:48:08,222 [INFO] PluginManager:220 - loadIPPluginJar : add ltdc
2023-11-01 12:48:08,231 [INFO] IPUIPlugin:80 - create IPUIPlugin
2023-11-01 12:48:08,231 [INFO] PluginManager:220 - loadIPPluginJar : add mdma
2023-11-01 12:48:08,236 [INFO] IPUIPlugin:80 - create IPUIPlugin
2023-11-01 12:48:08,236 [INFO] PluginManager:220 - loadIPPluginJar : add nvic
2023-11-01 12:48:08,241 [INFO] IPUIPlugin:80 - create IPUIPlugin
2023-11-01 12:48:08,241 [INFO] PluginManager:220 - loadIPPluginJar : add opamp
2023-11-01 12:48:08,245 [INFO] IPUIPlugin:80 - create IPUIPlugin
2023-11-01 12:48:08,246 [INFO] PluginManager:220 - loadIPPluginJar : add openamp
2023-11-01 12:48:08,250 [INFO] IPUIPlugin:80 - create IPUIPlugin
2023-11-01 12:48:08,250 [INFO] PluginManager:220 - loadIPPluginJar : add pdm2pcm
2023-11-01 12:48:08,258 [INFO] IPUIPlugin:80 - create IPUIPlugin
2023-11-01 12:48:08,260 [INFO] PluginManager:220 - loadIPPluginJar : add plateformsettings
2023-11-01 12:48:08,263 [INFO] IPUIPlugin:80 - create IPUIPlugin
2023-11-01 12:48:08,263 [INFO] PluginManager:220 - loadIPPluginJar : add quadspi
2023-11-01 12:48:08,267 [INFO] IPUIPlugin:80 - create IPUIPlugin
2023-11-01 12:48:08,267 [INFO] PluginManager:220 - loadIPPluginJar : add resmgrutility
2023-11-01 12:48:08,272 [INFO] IPUIPlugin:80 - create IPUIPlugin
2023-11-01 12:48:08,272 [INFO] PluginManager:220 - loadIPPluginJar : add sai
2023-11-01 12:48:08,275 [INFO] IPUIPlugin:80 - create IPUIPlugin
2023-11-01 12:48:08,275 [INFO] PluginManager:220 - loadIPPluginJar : add spi
2023-11-01 12:48:08,281 [INFO] IPUIPlugin:80 - create IPUIPlugin
2023-11-01 12:48:08,281 [INFO] PluginManager:220 - loadIPPluginJar : add stm32_wpan
2023-11-01 12:48:08,284 [INFO] IPUIPlugin:80 - create IPUIPlugin
2023-11-01 12:48:08,284 [INFO] PluginManager:220 - loadIPPluginJar : add tim
2023-11-01 12:48:08,289 [INFO] IPUIPlugin:80 - create IPUIPlugin
2023-11-01 12:48:08,289 [INFO] PluginManager:220 - loadIPPluginJar : add touchsensing
2023-11-01 12:48:08,292 [INFO] IPUIPlugin:80 - create IPUIPlugin
2023-11-01 12:48:08,292 [INFO] PluginManager:220 - loadIPPluginJar : add tracer_emb
2023-11-01 12:48:08,294 [INFO] IPUIPlugin:80 - create IPUIPlugin
2023-11-01 12:48:08,295 [INFO] PluginManager:220 - loadIPPluginJar : add ts
2023-11-01 12:48:08,298 [INFO] IPUIPlugin:80 - create IPUIPlugin
2023-11-01 12:48:08,298 [INFO] PluginManager:220 - loadIPPluginJar : add tsc
2023-11-01 12:48:08,301 [INFO] IPUIPlugin:80 - create IPUIPlugin
2023-11-01 12:48:08,301 [INFO] PluginManager:220 - loadIPPluginJar : add ucpd
2023-11-01 12:48:08,306 [INFO] IPUIPlugin:80 - create IPUIPlugin
2023-11-01 12:48:08,306 [INFO] PluginManager:220 - loadIPPluginJar : add usart
2023-11-01 12:48:08,321 [INFO] IPUIPlugin:80 - create IPUIPlugin
2023-11-01 12:48:08,321 [INFO] PluginManager:220 - loadIPPluginJar : add usbx
2023-11-01 12:48:08,455 [INFO] CADModel:165 - CPN selected for project level
2023-11-01 12:48:08,455 [INFO] CADModel:114 - Register for checkConnection events
2023-11-01 12:48:08,455 [FATAL] Updater:308 - Updater called before beeing initialized
2023-11-01 12:48:08,455 [ERROR] CADModel:125 - Updater not yet initialized, retry later 
2023-11-01 12:48:08,641 [INFO] CADModel:165 - CPN selected for project level
2023-11-01 12:48:08,641 [INFO] CADModel:114 - Register for checkConnection events
2023-11-01 12:48:08,641 [FATAL] Updater:308 - Updater called before beeing initialized
2023-11-01 12:48:08,642 [ERROR] CADModel:125 - Updater not yet initialized, retry later 
2023-11-01 12:48:08,646 [FATAL] Updater:308 - Updater called before beeing initialized
2023-11-01 12:48:08,767 [FATAL] Updater:308 - Updater called before beeing initialized
2023-11-01 12:48:08,773 [INFO] DbMcusAds:53 - JSON generation date=Tue Mar 07 02:50:55 CST 2023 (1678179055114)
2023-11-01 12:48:08,773 [FATAL] Updater:308 - Updater called before beeing initialized
2023-11-01 12:48:08,816 [WARN] DetailPanel:346 - Failed to get advertising image, set to default
2023-11-01 12:48:08,928 [FATAL] Updater:308 - Updater called before beeing initialized
2023-11-01 12:48:08,930 [FATAL] Updater:308 - Updater called before beeing initialized
2023-11-01 12:48:08,930 [FATAL] Updater:308 - Updater called before beeing initialized
2023-11-01 12:48:08,931 [WARN] DetailPanel:346 - Failed to get advertising image, set to default
2023-11-01 12:48:08,932 [FATAL] Updater:308 - Updater called before beeing initialized
2023-11-01 12:48:09,000 [ERROR] Updater:1120 - MainUpdater not yet initialized. External WinMGr cannot be set.
2023-11-01 12:48:09,004 [INFO] Updater:1056 - Updater Version found : 6.9.2
2023-11-01 12:48:09,027 [INFO] ApplicationProperties:184 - Using Application install path: C:\ST\STM32CubeIDE_1.13.2\STM32CubeIDE\plugins\com.st.stm32cube.common.mx_6.9.2.202309101412
2023-11-01 12:48:09,186 [INFO] MainUpdater:2868 - connection check result : 10
2023-11-01 12:48:09,188 [INFO] MainUpdater:285 - Updater Check For Update Now.
2023-11-01 12:48:09,188 [INFO] MicroXplorer:498 - Change Database Version : DB.6.0.92
2023-11-01 12:48:09,199 [INFO] McuFinderGlobals:63 - Set McuFinder mode to 2 (CubeIDE integrated)
2023-11-01 12:48:09,385 [INFO] CheckServerUpdateThread:120 - End of CheckServer Thread
2023-11-01 12:48:10,703 [WARN] PackLoader:240 - Cannot read IP mode file for STMicroelectronics.X-CUBE-SMBUS.2.1.0
2023-11-01 12:48:10,740 [WARN] PackLoader:240 - Cannot read IP mode file for STMicroelectronics.X-CUBE-AZRTOS-F7.1.1.0
2023-11-01 12:48:10,753 [WARN] PackLoader:240 - Cannot read IP mode file for STMicroelectronics.FP-SNS-MOTENV1.4.3.2
2023-11-01 12:48:10,763 [WARN] PackLoader:240 - Cannot read IP mode file for STMicroelectronics.FP-SNS-FLIGHT1.5.0.2
2023-11-01 12:48:10,774 [WARN] PackLoader:240 - Cannot read IP mode file for STMicroelectronics.X-CUBE-DISPLAY.3.0.0
2023-11-01 12:48:10,788 [WARN] PackLoader:240 - Cannot read IP mode file for STMicroelectronics.X-CUBE-BLE1.7.0.0
2023-11-01 12:48:10,796 [WARN] PackLoader:240 - Cannot read IP mode file for emotas.I-CUBE-CANOPEN.1.3.0
2023-11-01 12:48:10,803 [WARN] PackLoader:240 - Cannot read IP mode file for STMicroelectronics.X-CUBE-TOUCHGFX.4.22.0
2023-11-01 12:48:10,807 [WARN] PackLoader:240 - Cannot read IP mode file for STMicroelectronics.X-CUBE-TOUCHGFX.4.22.1
2023-11-01 12:48:10,813 [WARN] PackLoader:240 - Cannot read IP mode file for STMicroelectronics.FP-SNS-SMARTAG2.1.2.0
2023-11-01 12:48:10,826 [INFO] LogOutputStream:77 - [STDOUT_REDIRECT] 1 : Invalid condition id : UX_CORESTACK_Condition cause : null
2023-11-01 12:48:10,827 [INFO] LogOutputStream:77 - [STDOUT_REDIRECT] 1 : Invalid condition id : UX_CORESTACK_Condition cause : null
2023-11-01 12:48:10,828 [INFO] LogOutputStream:77 - [STDOUT_REDIRECT] 1 : Invalid condition id : UX_CORESTACK_Condition cause : null
2023-11-01 12:48:10,829 [INFO] LogOutputStream:77 - [STDOUT_REDIRECT] 1 : Invalid condition id : UX_CORESTACK_Condition cause : null
2023-11-01 12:48:10,830 [INFO] LogOutputStream:77 - [STDOUT_REDIRECT] 1 : Invalid condition id : UX_CORESTACK_Condition cause : null
2023-11-01 12:48:10,834 [WARN] PackLoader:240 - Cannot read IP mode file for STMicroelectronics.X-CUBE-AZRTOS-WL.2.0.0
2023-11-01 12:48:10,846 [WARN] PackLoader:240 - Cannot read IP mode file for WES.I-CUBE-Cesium.1.3.0
2023-11-01 12:48:10,853 [WARN] PackLoader:240 - Cannot read IP mode file for STMicroelectronics.X-CUBE-BLE2.3.3.0
2023-11-01 12:48:10,862 [WARN] PackLoader:240 - Cannot read IP mode file for STMicroelectronics.X-CUBE-ALGOBUILD.1.3.0
2023-11-01 12:48:10,881 [WARN] PackLoader:240 - Cannot read IP mode file for STMicroelectronics.X-CUBE-AZRTOS-G0.1.1.0
2023-11-01 12:48:10,891 [WARN] PackLoader:240 - Cannot read IP mode file for STMicroelectronics.X-CUBE-NFC4.3.0.0
2023-11-01 12:48:10,901 [WARN] PackLoader:240 - Cannot read IP mode file for STMicroelectronics.X-CUBE-BLEMGR.3.0.0
2023-11-01 12:48:10,908 [WARN] PackLoader:240 - Cannot read IP mode file for STMicroelectronics.FP-ATR-SIGFOX1.3.2.0
2023-11-01 12:48:10,943 [WARN] PackLoader:240 - Cannot read IP mode file for SEGGER.I-CUBE-embOS.1.3.1
2023-11-01 12:48:10,978 [WARN] PackLoader:240 - Cannot read IP mode file for STMicroelectronics.X-CUBE-GNSS1.6.0.0
2023-11-01 12:48:10,994 [WARN] PackLoader:240 - Cannot read IP mode file for STMicroelectronics.X-CUBE-AZRTOS-F4.1.1.0
2023-11-01 12:48:11,002 [WARN] PackLoader:240 - Cannot read IP mode file for wolfSSL.I-CUBE-wolfSSL.5.6.3
2023-11-01 12:48:11,015 [WARN] PackLoader:240 - Cannot read IP mode file for STMicroelectronics.X-CUBE-AZRTOS-L5.2.0.0
2023-11-01 12:48:11,046 [WARN] PackLoader:240 - Cannot read IP mode file for STMicroelectronics.X-CUBE-MEMS1.9.6.0
2023-11-01 12:48:11,162 [WARN] PackLoader:240 - Cannot read IP mode file for STMicroelectronics.X-CUBE-EEPRMA1.4.2.0
2023-11-01 12:48:11,169 [WARN] PackLoader:240 - Cannot read IP mode file for ITTIA_DB.I-CUBE-ITTIADB.8.8.0
2023-11-01 12:48:11,176 [WARN] PackLoader:240 - Cannot read IP mode file for STMicroelectronics.X-CUBE-BLEMGR.2.0.0
2023-11-01 12:48:11,191 [WARN] ConditionMgr:438 - getConditionDescription Invalid condition id : UX DEVICE CLASS RTOS Condition cause : null
2023-11-01 12:48:11,191 [WARN] ConditionMgr:438 - getConditionDescription Invalid condition id : UX DEVICE CLASS RTOS Condition cause : null
2023-11-01 12:48:11,193 [WARN] PackLoader:240 - Cannot read IP mode file for STMicroelectronics.X-CUBE-AZRTOS-H7.3.1.0
2023-11-01 12:48:11,194 [WARN] ConditionMgr:1039 - genDependencies : Invalid condition id : UX DEVICE CLASS RTOS Condition cause : null
2023-11-01 12:48:11,194 [WARN] ConditionMgr:1039 - genDependencies : Invalid condition id : UX DEVICE CLASS RTOS Condition cause : null
2023-11-01 12:48:11,195 [WARN] ConditionMgr:1039 - genDependencies : Invalid condition id : UX DEVICE CLASS RTOS Condition cause : null
2023-11-01 12:48:11,195 [WARN] ConditionMgr:1039 - genDependencies : Invalid condition id : UX DEVICE CLASS RTOS Condition cause : null
2023-11-01 12:48:11,195 [WARN] ConditionMgr:1039 - genDependencies : Invalid condition id : UX DEVICE CLASS RTOS Condition cause : null
2023-11-01 12:48:11,203 [WARN] PackLoader:240 - Cannot read IP mode file for STMicroelectronics.X-CUBE-NFC7.1.0.1
2023-11-01 12:48:11,211 [WARN] PackLoader:240 - Cannot read IP mode file for STMicroelectronics.X-CUBE-NFC6.3.0.0
2023-11-01 12:48:11,218 [WARN] PackLoader:240 - Cannot read IP mode file for STMicroelectronics.X-CUBE-EEPRMA1.4.1.0
2023-11-01 12:48:11,224 [WARN] PackLoader:240 - Cannot read IP mode file for STMicroelectronics.X-CUBE-AI.8.1.0
2023-11-01 12:48:11,246 [WARN] ConditionMgr:438 - getConditionDescription Invalid condition id : LAN8742 Phy interface Condition cause : null
2023-11-01 12:48:11,247 [WARN] PackLoader:240 - Cannot read IP mode file for STMicroelectronics.X-CUBE-AZRTOS-L4.2.0.0
2023-11-01 12:48:11,248 [WARN] ConditionMgr:1039 - genDependencies : Invalid condition id : LAN8742 Phy interface Condition cause : null
2023-11-01 12:48:11,249 [WARN] ConditionMgr:1039 - genDependencies : Invalid condition id : LAN8742 Phy interface Condition cause : null
2023-11-01 12:48:11,250 [WARN] ConditionMgr:1039 - genDependencies : Invalid condition id : LAN8742 Phy interface Condition cause : null
2023-11-01 12:48:11,262 [WARN] PackLoader:240 - Cannot read IP mode file for STMicroelectronics.X-CUBE-SFXS2LP1.4.0.0
2023-11-01 12:48:11,271 [WARN] PackLoader:240 - Cannot read IP mode file for STMicroelectronics.X-CUBE-ISPU.1.1.0
2023-11-01 12:48:11,284 [WARN] ConditionMgr:438 - getConditionDescription Invalid condition id : UX DEVICE CLASS RTOS Condition cause : null
2023-11-01 12:48:11,285 [WARN] ConditionMgr:438 - getConditionDescription Invalid condition id : UX DEVICE CLASS RTOS Condition cause : null
2023-11-01 12:48:11,287 [WARN] PackLoader:240 - Cannot read IP mode file for STMicroelectronics.X-CUBE-AZRTOS-WB.2.0.0
2023-11-01 12:48:11,287 [WARN] ConditionMgr:1039 - genDependencies : Invalid condition id : UX DEVICE CLASS RTOS Condition cause : null
2023-11-01 12:48:11,288 [WARN] ConditionMgr:1039 - genDependencies : Invalid condition id : UX DEVICE CLASS RTOS Condition cause : null
2023-11-01 12:48:11,288 [WARN] ConditionMgr:1039 - genDependencies : Invalid condition id : UX DEVICE CLASS RTOS Condition cause : null
2023-11-01 12:48:11,288 [WARN] ConditionMgr:1039 - genDependencies : Invalid condition id : UX DEVICE CLASS RTOS Condition cause : null
2023-11-01 12:48:11,288 [WARN] ConditionMgr:1039 - genDependencies : Invalid condition id : UX DEVICE CLASS RTOS Condition cause : null
2023-11-01 12:48:11,310 [WARN] PackLoader:240 - Cannot read IP mode file for STMicroelectronics.X-CUBE-SUBG2.5.0.0
2023-11-01 12:48:11,324 [WARN] PackLoader:240 - Cannot read IP mode file for STMicroelectronics.X-CUBE-TOF1.3.3.1
2023-11-01 12:48:11,348 [WARN] PackLoader:240 - Cannot read IP mode file for STMicroelectronics.X-CUBE-AZRTOS-G4.2.0.0
2023-11-01 12:48:11,371 [WARN] PackLoader:240 - Cannot read IP mode file for Infineon.AIROC-Wi-Fi-Bluetooth-STM32.1.5.1
2023-11-01 12:48:11,404 [WARN] PackLoader:240 - Cannot read IP mode file for STMicroelectronics.X-CUBE-MEMS1.10.0.0
2023-11-01 12:48:11,500 [WARN] PackLoader:240 - Cannot read IP mode file for STMicroelectronics.X-CUBE-FREERTOS.1.1.0
2023-11-01 12:48:11,507 [WARN] PackLoader:240 - Cannot read IP mode file for portGmbH.I-Cube-SoM-uGOAL.1.1.0
2023-11-01 12:48:11,512 [WARN] PackLoader:240 - Cannot read IP mode file for STMicroelectronics.X-CUBE-ALS.1.0.1
2023-11-01 12:48:11,518 [WARN] PackLoader:240 - Cannot read IP mode file for STMicroelectronics.FP-ATR-ASTRA1.2.0.0
2023-11-01 12:48:11,519 [INFO] ThirdParty:978 - Integrity check success = true
2023-11-01 12:48:11,519 [INFO] IntegrityCheckThread:100 - exiting critical section [integrity check]
2023-11-01 12:48:11,520 [INFO] IntegrityCheckThread:103 - End integrity checks thread
2023-11-01 12:48:30,101 [ERROR] LogOutputStream:75 - [STDERR_REDIRECT] SLF4J: Failed to load class "org.slf4j.impl.StaticLoggerBinder".
2023-11-01 12:48:30,101 [ERROR] LogOutputStream:75 - [STDERR_REDIRECT] SLF4J: Defaulting to no-operation (NOP) logger implementation
2023-11-01 12:48:30,103 [ERROR] LogOutputStream:75 - [STDERR_REDIRECT] SLF4J: See http://www.slf4j.org/codes.html#StaticLoggerBinder for further details.
