2023-10-25 12:58:20,505 [INFO] Activator:176 - 


2023-10-25 12:58:20,524 [INFO] Activator:177 - !SESSION log4j initialized
2023-10-25 12:58:26,235 [INFO] LogOutputStream:77 - [STDOUT_REDIRECT] 
2023-10-25 12:58:27,540 [INFO] ApplicationProperties:184 - Using Application install path: C:\ST\STM32CubeIDE_1.13.2\STM32CubeIDE\plugins\com.st.stm32cube.common.mx_6.9.2.202309101412
2023-10-25 12:58:27,561 [INFO] DbMcusXml:78 - Set database path to: C:\ST\STM32CubeIDE_1.13.2\STM32CubeIDE\plugins\com.st.stm32cube.common.mx_6.9.2.202309101412\\db\/mcu/
2023-10-25 12:58:27,561 [INFO] ApiDb:274 - Set plugin database path to: C:\ST\STM32CubeIDE_1.13.2\STM32CubeIDE\plugins\com.st.stm32cube.common.mx_6.9.2.202309101412\\db\/plugins/boardmanager/
2023-10-25 12:58:27,562 [WARN] ApiDb:259 - Overriding images path with different value:  => C:\ST\STM32CubeIDE_1.13.2\STM32CubeIDE\plugins\com.st.stm32cube.common.mx_6.9.2.202309101412\\db\/plugins/mcufinder/images/
2023-10-25 12:58:27,577 [INFO] ApiDb:250 - Set database path to: C:\Users\Plys\.stmcufinder\plugins\mcufinder//mcu/
2023-10-25 12:58:27,578 [INFO] DbMcusAds:125 - Set database path to: C:\Users\Plys\.stmcufinder\plugins\mcufinder//mcu/
2023-10-25 12:58:27,580 [INFO] CrossReferenceDbSqlite:203 - Set database path to: C:\Users\Plys\.stmcufinder\plugins\mcufinder//mcu/cs/
2023-10-25 12:58:27,681 [INFO] RulesReader:64 - Compatibility file has been processed (293 Rules)
2023-10-25 12:58:27,787 [INFO] DbMcusXml:78 - Set database path to: C:\ST\STM32CubeIDE_1.13.2\STM32CubeIDE\plugins\com.st.stm32cube.common.mx_6.9.2.202309101412\\db\/mcu/
2023-10-25 12:58:27,787 [INFO] ApiDb:274 - Set plugin database path to: C:\ST\STM32CubeIDE_1.13.2\STM32CubeIDE\plugins\com.st.stm32cube.common.mx_6.9.2.202309101412\\db\/plugins/boardmanager/
2023-10-25 12:58:27,787 [INFO] ApiDb:261 - Set plugin images path to: C:\ST\STM32CubeIDE_1.13.2\STM32CubeIDE\plugins\com.st.stm32cube.common.mx_6.9.2.202309101412\\db\/plugins/mcufinder/images/
2023-10-25 12:58:27,788 [WARN] DbFile:41 - Overriding database path with different value: C:\Users\Plys\.stmcufinder\plugins\mcufinder/ => C:\Users\Plys\.stmcufinder\plugins\mcufinder
2023-10-25 12:58:27,788 [INFO] ApiDb:250 - Set database path to: C:\Users\Plys\.stmcufinder\plugins\mcufinder//mcu/
2023-10-25 12:58:27,788 [WARN] DbFile:41 - Overriding database path with different value: C:\Users\Plys\.stmcufinder\plugins\mcufinder/ => C:\Users\Plys\.stmcufinder\plugins\mcufinder
2023-10-25 12:58:27,788 [INFO] DbMcusAds:125 - Set database path to: C:\Users\Plys\.stmcufinder\plugins\mcufinder//mcu/
2023-10-25 12:58:27,788 [WARN] DbFile:41 - Overriding database path with different value: C:\Users\Plys\.stmcufinder\plugins\mcufinder/ => C:\Users\Plys\.stmcufinder\plugins\mcufinder
2023-10-25 12:58:27,788 [WARN] DbFile:41 - Overriding database path with different value: C:\Users\Plys\.stmcufinder\plugins\mcufinder/ => C:\Users\Plys\.stmcufinder\plugins\mcufinder
2023-10-25 12:58:27,788 [INFO] CrossReferenceDbSqlite:203 - Set database path to: C:\Users\Plys\.stmcufinder\plugins\mcufinder//mcu/cs/
2023-10-25 12:58:27,883 [INFO] MainPanel:262 - HeapMemory: 268435456
2023-10-25 12:58:27,984 [INFO] DbMcusXml:78 - Set database path to: C:\ST\STM32CubeIDE_1.13.2\STM32CubeIDE\plugins\com.st.stm32cube.common.mx_6.9.2.202309101412\\db\/mcu/
2023-10-25 12:58:27,984 [INFO] ApiDb:274 - Set plugin database path to: C:\ST\STM32CubeIDE_1.13.2\STM32CubeIDE\plugins\com.st.stm32cube.common.mx_6.9.2.202309101412\\db\/plugins/boardmanager/
2023-10-25 12:58:27,984 [INFO] ApiDb:261 - Set plugin images path to: C:\ST\STM32CubeIDE_1.13.2\STM32CubeIDE\plugins\com.st.stm32cube.common.mx_6.9.2.202309101412\\db\/plugins/mcufinder/images/
2023-10-25 12:58:27,985 [WARN] DbFile:41 - Overriding database path with different value: C:\Users\Plys\.stmcufinder\plugins\mcufinder/ => C:\Users\Plys\.stmcufinder\plugins\mcufinder
2023-10-25 12:58:27,985 [INFO] ApiDb:250 - Set database path to: C:\Users\Plys\.stmcufinder\plugins\mcufinder//mcu/
2023-10-25 12:58:27,985 [WARN] DbFile:41 - Overriding database path with different value: C:\Users\Plys\.stmcufinder\plugins\mcufinder/ => C:\Users\Plys\.stmcufinder\plugins\mcufinder
2023-10-25 12:58:27,985 [INFO] DbMcusAds:125 - Set database path to: C:\Users\Plys\.stmcufinder\plugins\mcufinder//mcu/
2023-10-25 12:58:27,985 [WARN] DbFile:41 - Overriding database path with different value: C:\Users\Plys\.stmcufinder\plugins\mcufinder/ => C:\Users\Plys\.stmcufinder\plugins\mcufinder
2023-10-25 12:58:27,985 [WARN] DbFile:41 - Overriding database path with different value: C:\Users\Plys\.stmcufinder\plugins\mcufinder/ => C:\Users\Plys\.stmcufinder\plugins\mcufinder
2023-10-25 12:58:27,985 [INFO] CrossReferenceDbSqlite:203 - Set database path to: C:\Users\Plys\.stmcufinder\plugins\mcufinder//mcu/cs/
2023-10-25 12:58:28,008 [INFO] ApplicationProperties:184 - Using Application install path: C:\ST\STM32CubeIDE_1.13.2\STM32CubeIDE\plugins\com.st.stm32cube.common.mx_6.9.2.202309101412
2023-10-25 12:58:28,010 [INFO] PluginManage:196 - Search for loadable plugins [exclusion list=, ]
2023-10-25 12:58:28,012 [INFO] PluginManage:310 - Check plugin analytics
2023-10-25 12:58:28,167 [INFO] AnalyticsPlugin:253 - Accepted Software Licenses: 
2023-10-25 12:58:28,167 [INFO] AnalyticsPlugin:255 - Accepted CMSIS Pack Licenses: 
2023-10-25 12:58:28,168 [INFO] AnalyticsPlugin:257 - Accepted Firmware Licenses: FW.F4.1.27.0
2023-10-25 12:58:28,172 [INFO] PluginManage:359 - Loaded plugin analytics (category:tool,tabindex:-1)
2023-10-25 12:58:28,173 [INFO] PluginManage:310 - Check plugin cadmodel
2023-10-25 12:58:28,180 [INFO] CADModel:105 - Init CAD model plugin
2023-10-25 12:58:28,180 [INFO] PluginManage:359 - Loaded plugin cadmodel (category:power,tabindex:5)
2023-10-25 12:58:28,180 [INFO] PluginManage:310 - Check plugin clock
2023-10-25 12:58:28,192 [INFO] PluginManage:359 - Loaded plugin clock (category:base,tabindex:2)
2023-10-25 12:58:28,192 [INFO] PluginManage:310 - Check plugin ddr
2023-10-25 12:58:28,195 [INFO] PluginManage:359 - Loaded plugin ddr (category:tool,tabindex:6)
2023-10-25 12:58:28,195 [INFO] PluginManage:310 - Check plugin filemanager
2023-10-25 12:58:28,348 [INFO] PluginManage:359 - Loaded plugin filemanager (category:base,tabindex:10)
2023-10-25 12:58:28,349 [INFO] PluginManage:310 - Check plugin ipmanager
2023-10-25 12:58:28,359 [INFO] PluginManage:359 - Loaded plugin ipmanager (category:base,tabindex:5)
2023-10-25 12:58:28,359 [INFO] PluginManage:310 - Check plugin lpbam
2023-10-25 12:58:28,369 [INFO] PluginManage:359 - Loaded plugin lpbam (category:base,tabindex:0)
2023-10-25 12:58:28,369 [INFO] PluginManage:310 - Check plugin memorymap
2023-10-25 12:58:28,386 [INFO] PluginManage:359 - Loaded plugin memorymap (category:base,tabindex:4)
2023-10-25 12:58:28,387 [INFO] PluginManage:310 - Check plugin pinoutandconfiguration
2023-10-25 12:58:28,398 [INFO] PluginManage:359 - Loaded plugin pinoutandconfiguration (category:base,tabindex:1)
2023-10-25 12:58:28,398 [INFO] PluginManage:310 - Check plugin pinoutconfig
2023-10-25 12:58:28,496 [WARN] SupportedApi:132 - Cannot load RTOS API schema: s4s-elt-must-match.1: The content of 'definitions' must match (annotation?, (simpleType | complexType)?, (unique | key | keyref)*)). A problem was found starting at: attribute.
2023-10-25 12:58:28,645 [INFO] PluginManage:359 - Loaded plugin pinoutconfig (category:base,tabindex:0)
2023-10-25 12:58:28,646 [INFO] PluginManage:310 - Check plugin power
2023-10-25 12:58:28,664 [INFO] PluginManage:359 - Loaded plugin power (category:power,tabindex:4)
2023-10-25 12:58:28,664 [INFO] PluginManage:310 - Check plugin projectmanager
2023-10-25 12:58:28,682 [INFO] PluginManage:359 - Loaded plugin projectmanager (category:projectmanager,tabindex:3)
2023-10-25 12:58:28,683 [INFO] PluginManage:310 - Check plugin thirdparty
2023-10-25 12:58:28,856 [INFO] PluginManage:359 - Loaded plugin thirdparty (category:base,tabindex:-1)
2023-10-25 12:58:28,856 [WARN] IntegrityCheckThread:84 - waiting for thirdparty lock release [integrity check]
2023-10-25 12:58:28,857 [INFO] PluginManage:310 - Check plugin tools
2023-10-25 12:58:28,857 [INFO] IntegrityCheckThread:86 - entering critical section [integrity check]
2023-10-25 12:58:28,857 [INFO] ThirdPartyUpdaterWithRetryManager:70 - Updater plugin not ready yet. [1/15]
2023-10-25 12:58:28,861 [INFO] PluginManage:359 - Loaded plugin tools (category:base,tabindex:7)
2023-10-25 12:58:28,861 [INFO] PluginManage:310 - Check plugin tutovideos
2023-10-25 12:58:29,057 [INFO] PluginManage:359 - Loaded plugin tutovideos (category:base,tabindex:-1)
2023-10-25 12:58:29,057 [INFO] PluginManage:310 - Check plugin updater
2023-10-25 12:58:29,071 [INFO] PluginManage:359 - Loaded plugin updater (category:base,tabindex:12)
2023-10-25 12:58:29,071 [INFO] PluginManage:310 - Check plugin userauth
2023-10-25 12:58:29,076 [INFO] UserAuth:113 - Init User Auth plugin
2023-10-25 12:58:29,076 [INFO] PluginManage:359 - Loaded plugin userauth (category:base,tabindex:14)
2023-10-25 12:58:29,077 [INFO] PluginManage:283 - PluginManage : Loaded plugins [17]
2023-10-25 12:58:29,364 [INFO] PinOutPanel:1499 - setPackage(No Configuration,No Configuration)
2023-10-25 12:58:29,511 [INFO] CADModel:165 - CPN selected for project level
2023-10-25 12:58:29,512 [INFO] CADModel:114 - Register for checkConnection events
2023-10-25 12:58:29,536 [INFO] IPUIPlugin:80 - create IPUIPlugin
2023-10-25 12:58:29,536 [INFO] PluginManager:220 - loadIPPluginJar : add adc
2023-10-25 12:58:29,541 [INFO] IPUIPlugin:80 - create IPUIPlugin
2023-10-25 12:58:29,541 [INFO] PluginManager:220 - loadIPPluginJar : add aes
2023-10-25 12:58:29,544 [INFO] IPUIPlugin:80 - create IPUIPlugin
2023-10-25 12:58:29,545 [INFO] PluginManager:220 - loadIPPluginJar : add can
2023-10-25 12:58:29,548 [INFO] IPUIPlugin:80 - create IPUIPlugin
2023-10-25 12:58:29,548 [INFO] PluginManager:220 - loadIPPluginJar : add comp
2023-10-25 12:58:29,552 [INFO] IPUIPlugin:80 - create IPUIPlugin
2023-10-25 12:58:29,552 [INFO] PluginManager:220 - loadIPPluginJar : add cryp
2023-10-25 12:58:29,556 [INFO] IPUIPlugin:80 - create IPUIPlugin
2023-10-25 12:58:29,556 [INFO] PluginManager:220 - loadIPPluginJar : add dfsdm
2023-10-25 12:58:29,563 [INFO] IPUIPlugin:80 - create IPUIPlugin
2023-10-25 12:58:29,564 [INFO] PluginManager:220 - loadIPPluginJar : add dma
2023-10-25 12:58:29,567 [INFO] IPUIPlugin:80 - create IPUIPlugin
2023-10-25 12:58:29,567 [INFO] PluginManager:220 - loadIPPluginJar : add dma3
2023-10-25 12:58:29,570 [INFO] IPUIPlugin:80 - create IPUIPlugin
2023-10-25 12:58:29,570 [INFO] PluginManager:220 - loadIPPluginJar : add fatfs
2023-10-25 12:58:29,577 [INFO] IPUIPlugin:80 - create IPUIPlugin
2023-10-25 12:58:29,577 [INFO] PluginManager:220 - loadIPPluginJar : add fmc
2023-10-25 12:58:29,584 [INFO] IPUIPlugin:80 - create IPUIPlugin
2023-10-25 12:58:29,585 [INFO] PluginManager:220 - loadIPPluginJar : add freertos
2023-10-25 12:58:29,598 [INFO] IPUIPlugin:80 - create IPUIPlugin
2023-10-25 12:58:29,598 [INFO] PluginManager:220 - loadIPPluginJar : add genericplugin
2023-10-25 12:58:29,602 [INFO] IPUIPlugin:80 - create IPUIPlugin
2023-10-25 12:58:29,603 [INFO] PluginManager:220 - loadIPPluginJar : add gfxmmu
2023-10-25 12:58:29,609 [INFO] IPUIPlugin:80 - create IPUIPlugin
2023-10-25 12:58:29,610 [INFO] PluginManager:220 - loadIPPluginJar : add gic
2023-10-25 12:58:29,616 [INFO] IPUIPlugin:80 - create IPUIPlugin
2023-10-25 12:58:29,617 [INFO] PluginManager:220 - loadIPPluginJar : add gpio
2023-10-25 12:58:29,621 [INFO] IPUIPlugin:80 - create IPUIPlugin
2023-10-25 12:58:29,621 [INFO] PluginManager:220 - loadIPPluginJar : add gtzc
2023-10-25 12:58:29,625 [INFO] IPUIPlugin:80 - create IPUIPlugin
2023-10-25 12:58:29,625 [INFO] PluginManager:220 - loadIPPluginJar : add hash
2023-10-25 12:58:29,630 [INFO] IPUIPlugin:80 - create IPUIPlugin
2023-10-25 12:58:29,630 [INFO] PluginManager:220 - loadIPPluginJar : add i2c
2023-10-25 12:58:29,635 [INFO] IPUIPlugin:80 - create IPUIPlugin
2023-10-25 12:58:29,635 [INFO] PluginManager:220 - loadIPPluginJar : add i2s
2023-10-25 12:58:29,639 [INFO] IPUIPlugin:80 - create IPUIPlugin
2023-10-25 12:58:29,640 [INFO] PluginManager:220 - loadIPPluginJar : add i3c
2023-10-25 12:58:29,645 [INFO] IPUIPlugin:80 - create IPUIPlugin
2023-10-25 12:58:29,645 [INFO] PluginManager:220 - loadIPPluginJar : add ipddr
2023-10-25 12:58:29,654 [INFO] IPUIPlugin:80 - create IPUIPlugin
2023-10-25 12:58:29,654 [INFO] PluginManager:220 - loadIPPluginJar : add linkedlist
2023-10-25 12:58:29,658 [INFO] IPUIPlugin:80 - create IPUIPlugin
2023-10-25 12:58:29,659 [INFO] PluginManager:220 - loadIPPluginJar : add lorawan
2023-10-25 12:58:29,662 [INFO] IPUIPlugin:80 - create IPUIPlugin
2023-10-25 12:58:29,662 [INFO] PluginManager:220 - loadIPPluginJar : add ltdc
2023-10-25 12:58:29,671 [INFO] IPUIPlugin:80 - create IPUIPlugin
2023-10-25 12:58:29,672 [INFO] PluginManager:220 - loadIPPluginJar : add mdma
2023-10-25 12:58:29,678 [INFO] IPUIPlugin:80 - create IPUIPlugin
2023-10-25 12:58:29,678 [INFO] PluginManager:220 - loadIPPluginJar : add nvic
2023-10-25 12:58:29,683 [INFO] IPUIPlugin:80 - create IPUIPlugin
2023-10-25 12:58:29,683 [INFO] PluginManager:220 - loadIPPluginJar : add opamp
2023-10-25 12:58:29,688 [INFO] IPUIPlugin:80 - create IPUIPlugin
2023-10-25 12:58:29,688 [INFO] PluginManager:220 - loadIPPluginJar : add openamp
2023-10-25 12:58:29,694 [INFO] IPUIPlugin:80 - create IPUIPlugin
2023-10-25 12:58:29,695 [INFO] PluginManager:220 - loadIPPluginJar : add pdm2pcm
2023-10-25 12:58:29,704 [INFO] IPUIPlugin:80 - create IPUIPlugin
2023-10-25 12:58:29,707 [INFO] PluginManager:220 - loadIPPluginJar : add plateformsettings
2023-10-25 12:58:29,710 [INFO] IPUIPlugin:80 - create IPUIPlugin
2023-10-25 12:58:29,710 [INFO] PluginManager:220 - loadIPPluginJar : add quadspi
2023-10-25 12:58:29,716 [INFO] IPUIPlugin:80 - create IPUIPlugin
2023-10-25 12:58:29,716 [INFO] PluginManager:220 - loadIPPluginJar : add resmgrutility
2023-10-25 12:58:29,721 [INFO] IPUIPlugin:80 - create IPUIPlugin
2023-10-25 12:58:29,722 [INFO] PluginManager:220 - loadIPPluginJar : add sai
2023-10-25 12:58:29,727 [INFO] IPUIPlugin:80 - create IPUIPlugin
2023-10-25 12:58:29,727 [INFO] PluginManager:220 - loadIPPluginJar : add spi
2023-10-25 12:58:29,736 [INFO] IPUIPlugin:80 - create IPUIPlugin
2023-10-25 12:58:29,737 [INFO] PluginManager:220 - loadIPPluginJar : add stm32_wpan
2023-10-25 12:58:29,741 [INFO] IPUIPlugin:80 - create IPUIPlugin
2023-10-25 12:58:29,742 [INFO] PluginManager:220 - loadIPPluginJar : add tim
2023-10-25 12:58:29,749 [INFO] IPUIPlugin:80 - create IPUIPlugin
2023-10-25 12:58:29,749 [INFO] PluginManager:220 - loadIPPluginJar : add touchsensing
2023-10-25 12:58:29,752 [INFO] IPUIPlugin:80 - create IPUIPlugin
2023-10-25 12:58:29,753 [INFO] PluginManager:220 - loadIPPluginJar : add tracer_emb
2023-10-25 12:58:29,756 [INFO] IPUIPlugin:80 - create IPUIPlugin
2023-10-25 12:58:29,756 [INFO] PluginManager:220 - loadIPPluginJar : add ts
2023-10-25 12:58:29,760 [INFO] IPUIPlugin:80 - create IPUIPlugin
2023-10-25 12:58:29,760 [INFO] PluginManager:220 - loadIPPluginJar : add tsc
2023-10-25 12:58:29,763 [INFO] IPUIPlugin:80 - create IPUIPlugin
2023-10-25 12:58:29,764 [INFO] PluginManager:220 - loadIPPluginJar : add ucpd
2023-10-25 12:58:29,769 [INFO] IPUIPlugin:80 - create IPUIPlugin
2023-10-25 12:58:29,770 [INFO] PluginManager:220 - loadIPPluginJar : add usart
2023-10-25 12:58:29,775 [INFO] IPUIPlugin:80 - create IPUIPlugin
2023-10-25 12:58:29,775 [INFO] PluginManager:220 - loadIPPluginJar : add usbx
2023-10-25 12:58:29,936 [INFO] CADModel:165 - CPN selected for project level
2023-10-25 12:58:29,936 [INFO] CADModel:114 - Register for checkConnection events
2023-10-25 12:58:29,937 [FATAL] Updater:308 - Updater called before beeing initialized
2023-10-25 12:58:29,937 [ERROR] CADModel:125 - Updater not yet initialized, retry later 
2023-10-25 12:58:30,105 [INFO] CADModel:165 - CPN selected for project level
2023-10-25 12:58:30,105 [INFO] CADModel:114 - Register for checkConnection events
2023-10-25 12:58:30,106 [FATAL] Updater:308 - Updater called before beeing initialized
2023-10-25 12:58:30,106 [ERROR] CADModel:125 - Updater not yet initialized, retry later 
2023-10-25 12:58:30,110 [FATAL] Updater:308 - Updater called before beeing initialized
2023-10-25 12:58:30,259 [FATAL] Updater:308 - Updater called before beeing initialized
2023-10-25 12:58:30,265 [INFO] DbMcusAds:53 - JSON generation date=Tue Mar 07 02:50:55 CST 2023 (1678179055114)
2023-10-25 12:58:30,265 [FATAL] Updater:308 - Updater called before beeing initialized
2023-10-25 12:58:30,308 [WARN] DetailPanel:346 - Failed to get advertising image, set to default
2023-10-25 12:58:30,431 [FATAL] Updater:308 - Updater called before beeing initialized
2023-10-25 12:58:30,433 [FATAL] Updater:308 - Updater called before beeing initialized
2023-10-25 12:58:30,434 [FATAL] Updater:308 - Updater called before beeing initialized
2023-10-25 12:58:30,434 [WARN] DetailPanel:346 - Failed to get advertising image, set to default
2023-10-25 12:58:30,435 [FATAL] Updater:308 - Updater called before beeing initialized
2023-10-25 12:58:30,514 [ERROR] Updater:1120 - MainUpdater not yet initialized. External WinMGr cannot be set.
2023-10-25 12:58:30,517 [INFO] Updater:1056 - Updater Version found : 6.9.2
2023-10-25 12:58:30,534 [INFO] ApplicationProperties:184 - Using Application install path: C:\ST\STM32CubeIDE_1.13.2\STM32CubeIDE\plugins\com.st.stm32cube.common.mx_6.9.2.202309101412
2023-10-25 12:58:30,719 [INFO] MainUpdater:2868 - connection check result : 10
2023-10-25 12:58:30,720 [INFO] MainUpdater:285 - Updater Check For Update Now.
2023-10-25 12:58:30,720 [INFO] MicroXplorer:498 - Change Database Version : DB.6.0.92
2023-10-25 12:58:30,728 [INFO] McuFinderGlobals:63 - Set McuFinder mode to 2 (CubeIDE integrated)
2023-10-25 12:58:30,911 [INFO] CheckServerUpdateThread:120 - End of CheckServer Thread
2023-10-25 12:58:32,148 [WARN] PackLoader:240 - Cannot read IP mode file for STMicroelectronics.X-CUBE-SMBUS.2.1.0
2023-10-25 12:58:32,181 [WARN] PackLoader:240 - Cannot read IP mode file for STMicroelectronics.X-CUBE-AZRTOS-F7.1.1.0
2023-10-25 12:58:32,196 [WARN] PackLoader:240 - Cannot read IP mode file for STMicroelectronics.FP-SNS-MOTENV1.4.3.2
2023-10-25 12:58:32,207 [WARN] PackLoader:240 - Cannot read IP mode file for STMicroelectronics.FP-SNS-FLIGHT1.5.0.2
2023-10-25 12:58:32,218 [WARN] PackLoader:240 - Cannot read IP mode file for STMicroelectronics.X-CUBE-DISPLAY.3.0.0
2023-10-25 12:58:32,234 [WARN] PackLoader:240 - Cannot read IP mode file for STMicroelectronics.X-CUBE-BLE1.7.0.0
2023-10-25 12:58:32,243 [WARN] PackLoader:240 - Cannot read IP mode file for emotas.I-CUBE-CANOPEN.1.3.0
2023-10-25 12:58:32,249 [WARN] PackLoader:240 - Cannot read IP mode file for STMicroelectronics.X-CUBE-TOUCHGFX.4.22.0
2023-10-25 12:58:32,253 [WARN] PackLoader:240 - Cannot read IP mode file for STMicroelectronics.X-CUBE-TOUCHGFX.4.22.1
2023-10-25 12:58:32,260 [WARN] PackLoader:240 - Cannot read IP mode file for STMicroelectronics.FP-SNS-SMARTAG2.1.2.0
2023-10-25 12:58:32,272 [INFO] LogOutputStream:77 - [STDOUT_REDIRECT] 1 : Invalid condition id : UX_CORESTACK_Condition cause : null
2023-10-25 12:58:32,273 [INFO] LogOutputStream:77 - [STDOUT_REDIRECT] 1 : Invalid condition id : UX_CORESTACK_Condition cause : null
2023-10-25 12:58:32,274 [INFO] LogOutputStream:77 - [STDOUT_REDIRECT] 1 : Invalid condition id : UX_CORESTACK_Condition cause : null
2023-10-25 12:58:32,275 [INFO] LogOutputStream:77 - [STDOUT_REDIRECT] 1 : Invalid condition id : UX_CORESTACK_Condition cause : null
2023-10-25 12:58:32,276 [INFO] LogOutputStream:77 - [STDOUT_REDIRECT] 1 : Invalid condition id : UX_CORESTACK_Condition cause : null
2023-10-25 12:58:32,281 [WARN] PackLoader:240 - Cannot read IP mode file for STMicroelectronics.X-CUBE-AZRTOS-WL.2.0.0
2023-10-25 12:58:32,291 [WARN] PackLoader:240 - Cannot read IP mode file for WES.I-CUBE-Cesium.1.3.0
2023-10-25 12:58:32,297 [WARN] PackLoader:240 - Cannot read IP mode file for STMicroelectronics.X-CUBE-BLE2.3.3.0
2023-10-25 12:58:32,305 [WARN] PackLoader:240 - Cannot read IP mode file for STMicroelectronics.X-CUBE-ALGOBUILD.1.3.0
2023-10-25 12:58:32,324 [WARN] PackLoader:240 - Cannot read IP mode file for STMicroelectronics.X-CUBE-AZRTOS-G0.1.1.0
2023-10-25 12:58:32,333 [WARN] PackLoader:240 - Cannot read IP mode file for STMicroelectronics.X-CUBE-NFC4.3.0.0
2023-10-25 12:58:32,339 [WARN] PackLoader:240 - Cannot read IP mode file for STMicroelectronics.FP-ATR-SIGFOX1.3.2.0
2023-10-25 12:58:32,372 [WARN] PackLoader:240 - Cannot read IP mode file for SEGGER.I-CUBE-embOS.1.3.1
2023-10-25 12:58:32,413 [WARN] PackLoader:240 - Cannot read IP mode file for STMicroelectronics.X-CUBE-GNSS1.6.0.0
2023-10-25 12:58:32,428 [WARN] PackLoader:240 - Cannot read IP mode file for STMicroelectronics.X-CUBE-AZRTOS-F4.1.1.0
2023-10-25 12:58:32,436 [WARN] PackLoader:240 - Cannot read IP mode file for wolfSSL.I-CUBE-wolfSSL.5.6.3
2023-10-25 12:58:32,462 [WARN] PackLoader:240 - Cannot read IP mode file for STMicroelectronics.X-CUBE-AZRTOS-L5.2.0.0
2023-10-25 12:58:32,498 [WARN] PackLoader:240 - Cannot read IP mode file for STMicroelectronics.X-CUBE-MEMS1.9.6.0
2023-10-25 12:58:32,622 [WARN] PackLoader:240 - Cannot read IP mode file for STMicroelectronics.X-CUBE-EEPRMA1.4.2.0
2023-10-25 12:58:32,629 [WARN] PackLoader:240 - Cannot read IP mode file for ITTIA_DB.I-CUBE-ITTIADB.8.8.0
2023-10-25 12:58:32,639 [WARN] PackLoader:240 - Cannot read IP mode file for STMicroelectronics.X-CUBE-BLEMGR.2.0.0
2023-10-25 12:58:32,669 [WARN] ConditionMgr:438 - getConditionDescription Invalid condition id : UX DEVICE CLASS RTOS Condition cause : null
2023-10-25 12:58:32,670 [WARN] ConditionMgr:438 - getConditionDescription Invalid condition id : UX DEVICE CLASS RTOS Condition cause : null
2023-10-25 12:58:32,675 [WARN] PackLoader:240 - Cannot read IP mode file for STMicroelectronics.X-CUBE-AZRTOS-H7.3.1.0
2023-10-25 12:58:32,676 [WARN] ConditionMgr:1039 - genDependencies : Invalid condition id : UX DEVICE CLASS RTOS Condition cause : null
2023-10-25 12:58:32,677 [WARN] ConditionMgr:1039 - genDependencies : Invalid condition id : UX DEVICE CLASS RTOS Condition cause : null
2023-10-25 12:58:32,678 [WARN] ConditionMgr:1039 - genDependencies : Invalid condition id : UX DEVICE CLASS RTOS Condition cause : null
2023-10-25 12:58:32,679 [WARN] ConditionMgr:1039 - genDependencies : Invalid condition id : UX DEVICE CLASS RTOS Condition cause : null
2023-10-25 12:58:32,679 [WARN] ConditionMgr:1039 - genDependencies : Invalid condition id : UX DEVICE CLASS RTOS Condition cause : null
2023-10-25 12:58:32,688 [WARN] PackLoader:240 - Cannot read IP mode file for STMicroelectronics.X-CUBE-NFC7.1.0.1
2023-10-25 12:58:32,698 [WARN] PackLoader:240 - Cannot read IP mode file for STMicroelectronics.X-CUBE-NFC6.3.0.0
2023-10-25 12:58:32,706 [WARN] PackLoader:240 - Cannot read IP mode file for STMicroelectronics.X-CUBE-EEPRMA1.4.1.0
2023-10-25 12:58:32,712 [WARN] PackLoader:240 - Cannot read IP mode file for STMicroelectronics.X-CUBE-AI.8.1.0
2023-10-25 12:58:32,730 [WARN] ConditionMgr:438 - getConditionDescription Invalid condition id : LAN8742 Phy interface Condition cause : null
2023-10-25 12:58:32,731 [WARN] PackLoader:240 - Cannot read IP mode file for STMicroelectronics.X-CUBE-AZRTOS-L4.2.0.0
2023-10-25 12:58:32,733 [WARN] ConditionMgr:1039 - genDependencies : Invalid condition id : LAN8742 Phy interface Condition cause : null
2023-10-25 12:58:32,733 [WARN] ConditionMgr:1039 - genDependencies : Invalid condition id : LAN8742 Phy interface Condition cause : null
2023-10-25 12:58:32,734 [WARN] ConditionMgr:1039 - genDependencies : Invalid condition id : LAN8742 Phy interface Condition cause : null
2023-10-25 12:58:32,757 [WARN] PackLoader:240 - Cannot read IP mode file for STMicroelectronics.X-CUBE-SFXS2LP1.4.0.0
2023-10-25 12:58:32,764 [WARN] PackLoader:240 - Cannot read IP mode file for STMicroelectronics.X-CUBE-ISPU.1.1.0
2023-10-25 12:58:32,775 [WARN] ConditionMgr:438 - getConditionDescription Invalid condition id : UX DEVICE CLASS RTOS Condition cause : null
2023-10-25 12:58:32,775 [WARN] ConditionMgr:438 - getConditionDescription Invalid condition id : UX DEVICE CLASS RTOS Condition cause : null
2023-10-25 12:58:32,777 [WARN] PackLoader:240 - Cannot read IP mode file for STMicroelectronics.X-CUBE-AZRTOS-WB.2.0.0
2023-10-25 12:58:32,777 [WARN] ConditionMgr:1039 - genDependencies : Invalid condition id : UX DEVICE CLASS RTOS Condition cause : null
2023-10-25 12:58:32,778 [WARN] ConditionMgr:1039 - genDependencies : Invalid condition id : UX DEVICE CLASS RTOS Condition cause : null
2023-10-25 12:58:32,778 [WARN] ConditionMgr:1039 - genDependencies : Invalid condition id : UX DEVICE CLASS RTOS Condition cause : null
2023-10-25 12:58:32,778 [WARN] ConditionMgr:1039 - genDependencies : Invalid condition id : UX DEVICE CLASS RTOS Condition cause : null
2023-10-25 12:58:32,778 [WARN] ConditionMgr:1039 - genDependencies : Invalid condition id : UX DEVICE CLASS RTOS Condition cause : null
2023-10-25 12:58:32,792 [WARN] PackLoader:240 - Cannot read IP mode file for STMicroelectronics.X-CUBE-SUBG2.5.0.0
2023-10-25 12:58:32,805 [WARN] PackLoader:240 - Cannot read IP mode file for STMicroelectronics.X-CUBE-TOF1.3.3.1
2023-10-25 12:58:32,822 [WARN] PackLoader:240 - Cannot read IP mode file for STMicroelectronics.X-CUBE-AZRTOS-G4.2.0.0
2023-10-25 12:58:32,834 [WARN] PackLoader:240 - Cannot read IP mode file for Infineon.AIROC-Wi-Fi-Bluetooth-STM32.1.5.1
2023-10-25 12:58:32,875 [WARN] PackLoader:240 - Cannot read IP mode file for STMicroelectronics.X-CUBE-MEMS1.10.0.0
2023-10-25 12:58:32,970 [WARN] PackLoader:240 - Cannot read IP mode file for STMicroelectronics.X-CUBE-FREERTOS.1.1.0
2023-10-25 12:58:32,978 [WARN] PackLoader:240 - Cannot read IP mode file for portGmbH.I-Cube-SoM-uGOAL.1.1.0
2023-10-25 12:58:32,988 [WARN] PackLoader:240 - Cannot read IP mode file for STMicroelectronics.X-CUBE-ALS.1.0.1
2023-10-25 12:58:32,995 [WARN] PackLoader:240 - Cannot read IP mode file for STMicroelectronics.FP-ATR-ASTRA1.2.0.0
2023-10-25 12:58:32,996 [INFO] ThirdParty:978 - Integrity check success = true
2023-10-25 12:58:32,996 [INFO] IntegrityCheckThread:100 - exiting critical section [integrity check]
2023-10-25 12:58:32,996 [INFO] IntegrityCheckThread:103 - End integrity checks thread
2023-10-25 12:58:51,665 [ERROR] LogOutputStream:75 - [STDERR_REDIRECT] SLF4J: Failed to load class "org.slf4j.impl.StaticLoggerBinder".
2023-10-25 12:58:51,665 [ERROR] LogOutputStream:75 - [STDERR_REDIRECT] SLF4J: Defaulting to no-operation (NOP) logger implementation
2023-10-25 12:58:51,667 [ERROR] LogOutputStream:75 - [STDERR_REDIRECT] SLF4J: See http://www.slf4j.org/codes.html#StaticLoggerBinder for further details.
