2023-12-04 18:48:02,735 [INFO] Activator:176 - 


2023-12-04 18:48:02,742 [INFO] Activator:177 - !SESSION log4j initialized
2023-12-04 18:48:09,354 [INFO] LogOutputStream:77 - [STDOUT_REDIRECT] 
2023-12-04 18:48:11,688 [INFO] ApplicationProperties:184 - Using Application install path: C:\ST\STM32CubeIDE_1.13.2\STM32CubeIDE\plugins\com.st.stm32cube.common.mx_6.9.2.202309101412
2023-12-04 18:48:11,721 [INFO] DbMcusXml:78 - Set database path to: C:\ST\STM32CubeIDE_1.13.2\STM32CubeIDE\plugins\com.st.stm32cube.common.mx_6.9.2.202309101412\\db\/mcu/
2023-12-04 18:48:11,722 [INFO] ApiDb:274 - Set plugin database path to: C:\ST\STM32CubeIDE_1.13.2\STM32CubeIDE\plugins\com.st.stm32cube.common.mx_6.9.2.202309101412\\db\/plugins/boardmanager/
2023-12-04 18:48:11,723 [WARN] ApiDb:259 - Overriding images path with different value:  => C:\ST\STM32CubeIDE_1.13.2\STM32CubeIDE\plugins\com.st.stm32cube.common.mx_6.9.2.202309101412\\db\/plugins/mcufinder/images/
2023-12-04 18:48:11,754 [INFO] ApiDb:250 - Set database path to: C:\Users\Plys\.stmcufinder\plugins\mcufinder//mcu/
2023-12-04 18:48:11,757 [INFO] DbMcusAds:125 - Set database path to: C:\Users\Plys\.stmcufinder\plugins\mcufinder//mcu/
2023-12-04 18:48:11,762 [INFO] CrossReferenceDbSqlite:203 - Set database path to: C:\Users\Plys\.stmcufinder\plugins\mcufinder//mcu/cs/
2023-12-04 18:48:11,940 [INFO] RulesReader:64 - Compatibility file has been processed (293 Rules)
2023-12-04 18:48:12,101 [INFO] DbMcusXml:78 - Set database path to: C:\ST\STM32CubeIDE_1.13.2\STM32CubeIDE\plugins\com.st.stm32cube.common.mx_6.9.2.202309101412\\db\/mcu/
2023-12-04 18:48:12,101 [INFO] ApiDb:274 - Set plugin database path to: C:\ST\STM32CubeIDE_1.13.2\STM32CubeIDE\plugins\com.st.stm32cube.common.mx_6.9.2.202309101412\\db\/plugins/boardmanager/
2023-12-04 18:48:12,102 [INFO] ApiDb:261 - Set plugin images path to: C:\ST\STM32CubeIDE_1.13.2\STM32CubeIDE\plugins\com.st.stm32cube.common.mx_6.9.2.202309101412\\db\/plugins/mcufinder/images/
2023-12-04 18:48:12,102 [WARN] DbFile:41 - Overriding database path with different value: C:\Users\Plys\.stmcufinder\plugins\mcufinder/ => C:\Users\Plys\.stmcufinder\plugins\mcufinder
2023-12-04 18:48:12,102 [INFO] ApiDb:250 - Set database path to: C:\Users\Plys\.stmcufinder\plugins\mcufinder//mcu/
2023-12-04 18:48:12,102 [WARN] DbFile:41 - Overriding database path with different value: C:\Users\Plys\.stmcufinder\plugins\mcufinder/ => C:\Users\Plys\.stmcufinder\plugins\mcufinder
2023-12-04 18:48:12,102 [INFO] DbMcusAds:125 - Set database path to: C:\Users\Plys\.stmcufinder\plugins\mcufinder//mcu/
2023-12-04 18:48:12,102 [WARN] DbFile:41 - Overriding database path with different value: C:\Users\Plys\.stmcufinder\plugins\mcufinder/ => C:\Users\Plys\.stmcufinder\plugins\mcufinder
2023-12-04 18:48:12,102 [WARN] DbFile:41 - Overriding database path with different value: C:\Users\Plys\.stmcufinder\plugins\mcufinder/ => C:\Users\Plys\.stmcufinder\plugins\mcufinder
2023-12-04 18:48:12,102 [INFO] CrossReferenceDbSqlite:203 - Set database path to: C:\Users\Plys\.stmcufinder\plugins\mcufinder//mcu/cs/
2023-12-04 18:48:12,254 [INFO] MainPanel:262 - HeapMemory: 268435456
2023-12-04 18:48:12,416 [INFO] DbMcusXml:78 - Set database path to: C:\ST\STM32CubeIDE_1.13.2\STM32CubeIDE\plugins\com.st.stm32cube.common.mx_6.9.2.202309101412\\db\/mcu/
2023-12-04 18:48:12,417 [INFO] ApiDb:274 - Set plugin database path to: C:\ST\STM32CubeIDE_1.13.2\STM32CubeIDE\plugins\com.st.stm32cube.common.mx_6.9.2.202309101412\\db\/plugins/boardmanager/
2023-12-04 18:48:12,417 [INFO] ApiDb:261 - Set plugin images path to: C:\ST\STM32CubeIDE_1.13.2\STM32CubeIDE\plugins\com.st.stm32cube.common.mx_6.9.2.202309101412\\db\/plugins/mcufinder/images/
2023-12-04 18:48:12,418 [WARN] DbFile:41 - Overriding database path with different value: C:\Users\Plys\.stmcufinder\plugins\mcufinder/ => C:\Users\Plys\.stmcufinder\plugins\mcufinder
2023-12-04 18:48:12,418 [INFO] ApiDb:250 - Set database path to: C:\Users\Plys\.stmcufinder\plugins\mcufinder//mcu/
2023-12-04 18:48:12,418 [WARN] DbFile:41 - Overriding database path with different value: C:\Users\Plys\.stmcufinder\plugins\mcufinder/ => C:\Users\Plys\.stmcufinder\plugins\mcufinder
2023-12-04 18:48:12,418 [INFO] DbMcusAds:125 - Set database path to: C:\Users\Plys\.stmcufinder\plugins\mcufinder//mcu/
2023-12-04 18:48:12,419 [WARN] DbFile:41 - Overriding database path with different value: C:\Users\Plys\.stmcufinder\plugins\mcufinder/ => C:\Users\Plys\.stmcufinder\plugins\mcufinder
2023-12-04 18:48:12,419 [WARN] DbFile:41 - Overriding database path with different value: C:\Users\Plys\.stmcufinder\plugins\mcufinder/ => C:\Users\Plys\.stmcufinder\plugins\mcufinder
2023-12-04 18:48:12,419 [INFO] CrossReferenceDbSqlite:203 - Set database path to: C:\Users\Plys\.stmcufinder\plugins\mcufinder//mcu/cs/
2023-12-04 18:48:12,454 [INFO] ApplicationProperties:184 - Using Application install path: C:\ST\STM32CubeIDE_1.13.2\STM32CubeIDE\plugins\com.st.stm32cube.common.mx_6.9.2.202309101412
2023-12-04 18:48:12,456 [INFO] PluginManage:196 - Search for loadable plugins [exclusion list=, ]
2023-12-04 18:48:12,459 [INFO] PluginManage:310 - Check plugin analytics
2023-12-04 18:48:12,704 [INFO] AnalyticsPlugin:253 - Accepted Software Licenses: 
2023-12-04 18:48:12,705 [INFO] AnalyticsPlugin:255 - Accepted CMSIS Pack Licenses: 
2023-12-04 18:48:12,705 [INFO] AnalyticsPlugin:257 - Accepted Firmware Licenses: FW.F4.1.27.0,FW.G4.1.5.0
2023-12-04 18:48:12,711 [INFO] PluginManage:359 - Loaded plugin analytics (category:tool,tabindex:-1)
2023-12-04 18:48:12,712 [INFO] PluginManage:310 - Check plugin cadmodel
2023-12-04 18:48:12,723 [INFO] CADModel:105 - Init CAD model plugin
2023-12-04 18:48:12,724 [INFO] PluginManage:359 - Loaded plugin cadmodel (category:power,tabindex:5)
2023-12-04 18:48:12,724 [INFO] PluginManage:310 - Check plugin clock
2023-12-04 18:48:12,745 [INFO] PluginManage:359 - Loaded plugin clock (category:base,tabindex:2)
2023-12-04 18:48:12,746 [INFO] PluginManage:310 - Check plugin ddr
2023-12-04 18:48:12,751 [INFO] PluginManage:359 - Loaded plugin ddr (category:tool,tabindex:6)
2023-12-04 18:48:12,751 [INFO] PluginManage:310 - Check plugin filemanager
2023-12-04 18:48:12,969 [INFO] PluginManage:359 - Loaded plugin filemanager (category:base,tabindex:10)
2023-12-04 18:48:12,970 [INFO] PluginManage:310 - Check plugin ipmanager
2023-12-04 18:48:12,991 [INFO] PluginManage:359 - Loaded plugin ipmanager (category:base,tabindex:5)
2023-12-04 18:48:12,991 [INFO] PluginManage:310 - Check plugin lpbam
2023-12-04 18:48:13,014 [INFO] PluginManage:359 - Loaded plugin lpbam (category:base,tabindex:0)
2023-12-04 18:48:13,014 [INFO] PluginManage:310 - Check plugin memorymap
2023-12-04 18:48:13,045 [INFO] PluginManage:359 - Loaded plugin memorymap (category:base,tabindex:4)
2023-12-04 18:48:13,045 [INFO] PluginManage:310 - Check plugin pinoutandconfiguration
2023-12-04 18:48:13,061 [INFO] PluginManage:359 - Loaded plugin pinoutandconfiguration (category:base,tabindex:1)
2023-12-04 18:48:13,062 [INFO] PluginManage:310 - Check plugin pinoutconfig
2023-12-04 18:48:13,224 [WARN] SupportedApi:132 - Cannot load RTOS API schema: s4s-elt-must-match.1: The content of 'definitions' must match (annotation?, (simpleType | complexType)?, (unique | key | keyref)*)). A problem was found starting at: attribute.
2023-12-04 18:48:13,463 [INFO] PluginManage:359 - Loaded plugin pinoutconfig (category:base,tabindex:0)
2023-12-04 18:48:13,463 [INFO] PluginManage:310 - Check plugin power
2023-12-04 18:48:13,484 [INFO] PluginManage:359 - Loaded plugin power (category:power,tabindex:4)
2023-12-04 18:48:13,484 [INFO] PluginManage:310 - Check plugin projectmanager
2023-12-04 18:48:13,554 [INFO] PluginManage:359 - Loaded plugin projectmanager (category:projectmanager,tabindex:3)
2023-12-04 18:48:13,555 [INFO] PluginManage:310 - Check plugin thirdparty
2023-12-04 18:48:13,785 [INFO] PluginManage:359 - Loaded plugin thirdparty (category:base,tabindex:-1)
2023-12-04 18:48:13,785 [WARN] IntegrityCheckThread:84 - waiting for thirdparty lock release [integrity check]
2023-12-04 18:48:13,785 [INFO] PluginManage:310 - Check plugin tools
2023-12-04 18:48:13,785 [INFO] IntegrityCheckThread:86 - entering critical section [integrity check]
2023-12-04 18:48:13,786 [INFO] ThirdPartyUpdaterWithRetryManager:70 - Updater plugin not ready yet. [1/15]
2023-12-04 18:48:13,789 [INFO] PluginManage:359 - Loaded plugin tools (category:base,tabindex:7)
2023-12-04 18:48:13,789 [INFO] PluginManage:310 - Check plugin tutovideos
2023-12-04 18:48:14,077 [INFO] PluginManage:359 - Loaded plugin tutovideos (category:base,tabindex:-1)
2023-12-04 18:48:14,077 [INFO] PluginManage:310 - Check plugin updater
2023-12-04 18:48:14,096 [INFO] PluginManage:359 - Loaded plugin updater (category:base,tabindex:12)
2023-12-04 18:48:14,096 [INFO] PluginManage:310 - Check plugin userauth
2023-12-04 18:48:14,105 [INFO] UserAuth:113 - Init User Auth plugin
2023-12-04 18:48:14,106 [INFO] PluginManage:359 - Loaded plugin userauth (category:base,tabindex:14)
2023-12-04 18:48:14,106 [INFO] PluginManage:283 - PluginManage : Loaded plugins [17]
2023-12-04 18:48:14,520 [INFO] PinOutPanel:1499 - setPackage(No Configuration,No Configuration)
2023-12-04 18:48:14,732 [INFO] CADModel:165 - CPN selected for project level
2023-12-04 18:48:14,732 [INFO] CADModel:114 - Register for checkConnection events
2023-12-04 18:48:14,763 [INFO] IPUIPlugin:80 - create IPUIPlugin
2023-12-04 18:48:14,763 [INFO] PluginManager:220 - loadIPPluginJar : add adc
2023-12-04 18:48:14,768 [INFO] IPUIPlugin:80 - create IPUIPlugin
2023-12-04 18:48:14,769 [INFO] PluginManager:220 - loadIPPluginJar : add aes
2023-12-04 18:48:14,774 [INFO] IPUIPlugin:80 - create IPUIPlugin
2023-12-04 18:48:14,775 [INFO] PluginManager:220 - loadIPPluginJar : add can
2023-12-04 18:48:14,779 [INFO] IPUIPlugin:80 - create IPUIPlugin
2023-12-04 18:48:14,779 [INFO] PluginManager:220 - loadIPPluginJar : add comp
2023-12-04 18:48:14,785 [INFO] IPUIPlugin:80 - create IPUIPlugin
2023-12-04 18:48:14,785 [INFO] PluginManager:220 - loadIPPluginJar : add cryp
2023-12-04 18:48:14,790 [INFO] IPUIPlugin:80 - create IPUIPlugin
2023-12-04 18:48:14,790 [INFO] PluginManager:220 - loadIPPluginJar : add dfsdm
2023-12-04 18:48:14,801 [INFO] IPUIPlugin:80 - create IPUIPlugin
2023-12-04 18:48:14,802 [INFO] PluginManager:220 - loadIPPluginJar : add dma
2023-12-04 18:48:14,807 [INFO] IPUIPlugin:80 - create IPUIPlugin
2023-12-04 18:48:14,808 [INFO] PluginManager:220 - loadIPPluginJar : add dma3
2023-12-04 18:48:14,811 [INFO] IPUIPlugin:80 - create IPUIPlugin
2023-12-04 18:48:14,812 [INFO] PluginManager:220 - loadIPPluginJar : add fatfs
2023-12-04 18:48:14,820 [INFO] IPUIPlugin:80 - create IPUIPlugin
2023-12-04 18:48:14,820 [INFO] PluginManager:220 - loadIPPluginJar : add fmc
2023-12-04 18:48:14,829 [INFO] IPUIPlugin:80 - create IPUIPlugin
2023-12-04 18:48:14,830 [INFO] PluginManager:220 - loadIPPluginJar : add freertos
2023-12-04 18:48:14,834 [INFO] IPUIPlugin:80 - create IPUIPlugin
2023-12-04 18:48:14,834 [INFO] PluginManager:220 - loadIPPluginJar : add genericplugin
2023-12-04 18:48:14,839 [INFO] IPUIPlugin:80 - create IPUIPlugin
2023-12-04 18:48:14,839 [INFO] PluginManager:220 - loadIPPluginJar : add gfxmmu
2023-12-04 18:48:14,850 [INFO] IPUIPlugin:80 - create IPUIPlugin
2023-12-04 18:48:14,850 [INFO] PluginManager:220 - loadIPPluginJar : add gic
2023-12-04 18:48:14,859 [INFO] IPUIPlugin:80 - create IPUIPlugin
2023-12-04 18:48:14,859 [INFO] PluginManager:220 - loadIPPluginJar : add gpio
2023-12-04 18:48:14,865 [INFO] IPUIPlugin:80 - create IPUIPlugin
2023-12-04 18:48:14,866 [INFO] PluginManager:220 - loadIPPluginJar : add gtzc
2023-12-04 18:48:14,871 [INFO] IPUIPlugin:80 - create IPUIPlugin
2023-12-04 18:48:14,872 [INFO] PluginManager:220 - loadIPPluginJar : add hash
2023-12-04 18:48:14,878 [INFO] IPUIPlugin:80 - create IPUIPlugin
2023-12-04 18:48:14,878 [INFO] PluginManager:220 - loadIPPluginJar : add i2c
2023-12-04 18:48:14,884 [INFO] IPUIPlugin:80 - create IPUIPlugin
2023-12-04 18:48:14,884 [INFO] PluginManager:220 - loadIPPluginJar : add i2s
2023-12-04 18:48:14,889 [INFO] IPUIPlugin:80 - create IPUIPlugin
2023-12-04 18:48:14,890 [INFO] PluginManager:220 - loadIPPluginJar : add i3c
2023-12-04 18:48:14,898 [INFO] IPUIPlugin:80 - create IPUIPlugin
2023-12-04 18:48:14,898 [INFO] PluginManager:220 - loadIPPluginJar : add ipddr
2023-12-04 18:48:14,911 [INFO] IPUIPlugin:80 - create IPUIPlugin
2023-12-04 18:48:14,911 [INFO] PluginManager:220 - loadIPPluginJar : add linkedlist
2023-12-04 18:48:14,918 [INFO] IPUIPlugin:80 - create IPUIPlugin
2023-12-04 18:48:14,918 [INFO] PluginManager:220 - loadIPPluginJar : add lorawan
2023-12-04 18:48:14,921 [INFO] IPUIPlugin:80 - create IPUIPlugin
2023-12-04 18:48:14,922 [INFO] PluginManager:220 - loadIPPluginJar : add ltdc
2023-12-04 18:48:14,935 [INFO] IPUIPlugin:80 - create IPUIPlugin
2023-12-04 18:48:14,935 [INFO] PluginManager:220 - loadIPPluginJar : add mdma
2023-12-04 18:48:14,943 [INFO] IPUIPlugin:80 - create IPUIPlugin
2023-12-04 18:48:14,943 [INFO] PluginManager:220 - loadIPPluginJar : add nvic
2023-12-04 18:48:14,949 [INFO] IPUIPlugin:80 - create IPUIPlugin
2023-12-04 18:48:14,949 [INFO] PluginManager:220 - loadIPPluginJar : add opamp
2023-12-04 18:48:14,955 [INFO] IPUIPlugin:80 - create IPUIPlugin
2023-12-04 18:48:14,955 [INFO] PluginManager:220 - loadIPPluginJar : add openamp
2023-12-04 18:48:14,962 [INFO] IPUIPlugin:80 - create IPUIPlugin
2023-12-04 18:48:14,962 [INFO] PluginManager:220 - loadIPPluginJar : add pdm2pcm
2023-12-04 18:48:14,973 [INFO] IPUIPlugin:80 - create IPUIPlugin
2023-12-04 18:48:14,977 [INFO] PluginManager:220 - loadIPPluginJar : add plateformsettings
2023-12-04 18:48:14,981 [INFO] IPUIPlugin:80 - create IPUIPlugin
2023-12-04 18:48:14,981 [INFO] PluginManager:220 - loadIPPluginJar : add quadspi
2023-12-04 18:48:14,988 [INFO] IPUIPlugin:80 - create IPUIPlugin
2023-12-04 18:48:14,988 [INFO] PluginManager:220 - loadIPPluginJar : add resmgrutility
2023-12-04 18:48:14,995 [INFO] IPUIPlugin:80 - create IPUIPlugin
2023-12-04 18:48:14,995 [INFO] PluginManager:220 - loadIPPluginJar : add sai
2023-12-04 18:48:15,001 [INFO] IPUIPlugin:80 - create IPUIPlugin
2023-12-04 18:48:15,001 [INFO] PluginManager:220 - loadIPPluginJar : add spi
2023-12-04 18:48:15,010 [INFO] IPUIPlugin:80 - create IPUIPlugin
2023-12-04 18:48:15,011 [INFO] PluginManager:220 - loadIPPluginJar : add stm32_wpan
2023-12-04 18:48:15,014 [INFO] IPUIPlugin:80 - create IPUIPlugin
2023-12-04 18:48:15,015 [INFO] PluginManager:220 - loadIPPluginJar : add tim
2023-12-04 18:48:15,022 [INFO] IPUIPlugin:80 - create IPUIPlugin
2023-12-04 18:48:15,022 [INFO] PluginManager:220 - loadIPPluginJar : add touchsensing
2023-12-04 18:48:15,028 [INFO] IPUIPlugin:80 - create IPUIPlugin
2023-12-04 18:48:15,028 [INFO] PluginManager:220 - loadIPPluginJar : add tracer_emb
2023-12-04 18:48:15,032 [INFO] IPUIPlugin:80 - create IPUIPlugin
2023-12-04 18:48:15,032 [INFO] PluginManager:220 - loadIPPluginJar : add ts
2023-12-04 18:48:15,036 [INFO] IPUIPlugin:80 - create IPUIPlugin
2023-12-04 18:48:15,036 [INFO] PluginManager:220 - loadIPPluginJar : add tsc
2023-12-04 18:48:15,042 [INFO] IPUIPlugin:80 - create IPUIPlugin
2023-12-04 18:48:15,042 [INFO] PluginManager:220 - loadIPPluginJar : add ucpd
2023-12-04 18:48:15,049 [INFO] IPUIPlugin:80 - create IPUIPlugin
2023-12-04 18:48:15,049 [INFO] PluginManager:220 - loadIPPluginJar : add usart
2023-12-04 18:48:15,056 [INFO] IPUIPlugin:80 - create IPUIPlugin
2023-12-04 18:48:15,056 [INFO] PluginManager:220 - loadIPPluginJar : add usbx
2023-12-04 18:48:15,232 [INFO] CADModel:165 - CPN selected for project level
2023-12-04 18:48:15,233 [INFO] CADModel:114 - Register for checkConnection events
2023-12-04 18:48:15,233 [FATAL] Updater:308 - Updater called before beeing initialized
2023-12-04 18:48:15,233 [ERROR] CADModel:125 - Updater not yet initialized, retry later 
2023-12-04 18:48:15,553 [INFO] CADModel:165 - CPN selected for project level
2023-12-04 18:48:15,553 [INFO] CADModel:114 - Register for checkConnection events
2023-12-04 18:48:15,553 [FATAL] Updater:308 - Updater called before beeing initialized
2023-12-04 18:48:15,553 [ERROR] CADModel:125 - Updater not yet initialized, retry later 
2023-12-04 18:48:15,558 [FATAL] Updater:308 - Updater called before beeing initialized
2023-12-04 18:48:15,727 [FATAL] Updater:308 - Updater called before beeing initialized
2023-12-04 18:48:15,735 [INFO] DbMcusAds:53 - JSON generation date=Tue Mar 07 02:50:55 CST 2023 (1678179055335)
2023-12-04 18:48:15,735 [FATAL] Updater:308 - Updater called before beeing initialized
2023-12-04 18:48:15,792 [WARN] DetailPanel:346 - Failed to get advertising image, set to default
2023-12-04 18:48:15,944 [FATAL] Updater:308 - Updater called before beeing initialized
2023-12-04 18:48:15,947 [FATAL] Updater:308 - Updater called before beeing initialized
2023-12-04 18:48:15,947 [FATAL] Updater:308 - Updater called before beeing initialized
2023-12-04 18:48:15,947 [WARN] DetailPanel:346 - Failed to get advertising image, set to default
2023-12-04 18:48:15,948 [FATAL] Updater:308 - Updater called before beeing initialized
2023-12-04 18:48:16,013 [ERROR] Updater:1120 - MainUpdater not yet initialized. External WinMGr cannot be set.
2023-12-04 18:48:16,016 [INFO] Updater:1056 - Updater Version found : 6.9.2
2023-12-04 18:48:16,037 [INFO] ApplicationProperties:184 - Using Application install path: C:\ST\STM32CubeIDE_1.13.2\STM32CubeIDE\plugins\com.st.stm32cube.common.mx_6.9.2.202309101412
2023-12-04 18:48:16,501 [INFO] MainUpdater:2868 - connection check result : 10
2023-12-04 18:48:16,502 [INFO] MainUpdater:3562 - Updater definition file requires update
2023-12-04 18:48:16,505 [INFO] MainUpdater:285 - Updater Check For Update Now.
2023-12-04 18:48:16,505 [INFO] MicroXplorer:498 - Change Database Version : DB.6.0.92
2023-12-04 18:48:16,521 [INFO] McuFinderGlobals:63 - Set McuFinder mode to 2 (CubeIDE integrated)
2023-12-04 18:48:16,787 [WARN] MainUpdater:1189 - Updater busy. Cannot search thirdparties
2023-12-04 18:48:16,787 [INFO] ThirdPartyUpdaterWithRetryManager:96 - Updater plugin is busy. [1/15]
2023-12-04 18:48:16,828 [INFO] ServerAccessManage:473 - Download File updaters.zip
2023-12-04 18:48:17,006 [INFO] FileExtend:240 - Unzip File : updaters.zip
2023-12-04 18:48:17,006 [INFO] FileExtend:255 - Standard Zip Deflate
2023-12-04 18:48:19,788 [WARN] MainUpdater:1189 - Updater busy. Cannot search thirdparties
2023-12-04 18:48:19,789 [INFO] ThirdPartyUpdaterWithRetryManager:96 - Updater plugin is busy. [2/15]
2023-12-04 18:48:20,190 [INFO] ServerAccessManage:473 - Download File PacksControlFlags.xml
2023-12-04 18:48:20,320 [INFO] ServerAccessManage:473 - Download File cubemx.pidx
2023-12-04 18:48:20,860 [INFO] ServerAccessManage:473 - Download File STMicroelectronics.FP-SNS-MOTENVWB1.pdsc
2023-12-04 18:48:21,432 [INFO] ServerAccessManage:473 - Download File STMicroelectronics.X-CUBE-ISPU.pdsc
2023-12-04 18:48:22,612 [INFO] ServerAccessManage:473 - Download File STMicroelectronics.X-CUBE-AZRTOS-H7.pdsc
2023-12-04 18:48:22,792 [WARN] MainUpdater:1189 - Updater busy. Cannot search thirdparties
2023-12-04 18:48:22,792 [INFO] ThirdPartyUpdaterWithRetryManager:96 - Updater plugin is busy. [3/15]
2023-12-04 18:48:24,064 [ERROR] ServerAccessManage:1096 - Problem, Http access forbiden
2023-12-04 18:48:24,065 [ERROR] ServerAccessManage:651 - Problem, Http access forbiden : RoweBots.I-CUBE-UNISONRTOS.pdsc.
2023-12-04 18:48:24,232 [WARN] PackLoader:240 - Cannot read IP mode file for STMicroelectronics.FP-SNS-MOTENVWB1.1.3.1
2023-12-04 18:48:24,244 [WARN] PackLoader:240 - Cannot read IP mode file for STMicroelectronics.X-CUBE-ISPU.2.0.0
2023-12-04 18:48:24,274 [WARN] PackLoader:240 - Cannot read IP mode file for STMicroelectronics.X-CUBE-AZRTOS-H7.3.2.0
2023-12-04 18:48:24,278 [INFO] PopulateThirdPartyThread:66 - Ending populate Thread
2023-12-04 18:48:24,280 [INFO] ThirdParty:1030 - CMSIS Pack Vendor :STMicroelectronics FP-SNS-MOTENVWB1 1.3.1
2023-12-04 18:48:24,280 [INFO] ThirdParty:1030 - CMSIS Pack Vendor :STMicroelectronics X-CUBE-AZRTOS-H7 3.2.0
2023-12-04 18:48:24,280 [INFO] ThirdParty:1030 - CMSIS Pack Vendor :STMicroelectronics X-CUBE-ISPU 2.0.0
2023-12-04 18:48:24,280 [INFO] LoadServerUpdatesThread:373 - End of LoadServerUpdate Thread
2023-12-04 18:48:24,351 [INFO] CheckServerUpdateThread:120 - End of CheckServer Thread
2023-12-04 18:48:26,039 [WARN] PackLoader:240 - Cannot read IP mode file for STMicroelectronics.X-CUBE-SMBUS.2.1.0
2023-12-04 18:48:26,057 [WARN] PackLoader:240 - Cannot read IP mode file for STMicroelectronics.X-CUBE-AZRTOS-F7.1.1.0
2023-12-04 18:48:26,067 [WARN] PackLoader:240 - Cannot read IP mode file for STMicroelectronics.FP-SNS-MOTENV1.4.3.2
2023-12-04 18:48:26,074 [WARN] PackLoader:240 - Cannot read IP mode file for STMicroelectronics.FP-SNS-FLIGHT1.5.0.2
2023-12-04 18:48:26,083 [WARN] PackLoader:240 - Cannot read IP mode file for STMicroelectronics.X-CUBE-DISPLAY.3.0.0
2023-12-04 18:48:26,096 [WARN] PackLoader:240 - Cannot read IP mode file for STMicroelectronics.X-CUBE-BLE1.7.0.0
2023-12-04 18:48:26,102 [WARN] PackLoader:240 - Cannot read IP mode file for emotas.I-CUBE-CANOPEN.1.3.0
2023-12-04 18:48:26,108 [WARN] PackLoader:240 - Cannot read IP mode file for STMicroelectronics.X-CUBE-TOUCHGFX.4.22.0
2023-12-04 18:48:26,112 [WARN] PackLoader:240 - Cannot read IP mode file for STMicroelectronics.X-CUBE-TOUCHGFX.4.22.1
2023-12-04 18:48:26,117 [WARN] PackLoader:240 - Cannot read IP mode file for STMicroelectronics.FP-SNS-SMARTAG2.1.2.0
2023-12-04 18:48:26,129 [INFO] LogOutputStream:77 - [STDOUT_REDIRECT] 1 : Invalid condition id : UX_CORESTACK_Condition cause : null
2023-12-04 18:48:26,130 [INFO] LogOutputStream:77 - [STDOUT_REDIRECT] 1 : Invalid condition id : UX_CORESTACK_Condition cause : null
2023-12-04 18:48:26,133 [INFO] LogOutputStream:77 - [STDOUT_REDIRECT] 1 : Invalid condition id : UX_CORESTACK_Condition cause : null
2023-12-04 18:48:26,135 [INFO] LogOutputStream:77 - [STDOUT_REDIRECT] 1 : Invalid condition id : UX_CORESTACK_Condition cause : null
2023-12-04 18:48:26,137 [INFO] LogOutputStream:77 - [STDOUT_REDIRECT] 1 : Invalid condition id : UX_CORESTACK_Condition cause : null
2023-12-04 18:48:26,141 [WARN] PackLoader:240 - Cannot read IP mode file for STMicroelectronics.X-CUBE-AZRTOS-WL.2.0.0
2023-12-04 18:48:26,151 [WARN] PackLoader:240 - Cannot read IP mode file for WES.I-CUBE-Cesium.1.3.0
2023-12-04 18:48:26,157 [WARN] PackLoader:240 - Cannot read IP mode file for STMicroelectronics.X-CUBE-BLE2.3.3.0
2023-12-04 18:48:26,164 [WARN] PackLoader:240 - Cannot read IP mode file for STMicroelectronics.X-CUBE-ALGOBUILD.1.3.0
2023-12-04 18:48:26,180 [WARN] PackLoader:240 - Cannot read IP mode file for STMicroelectronics.X-CUBE-AZRTOS-G0.1.1.0
2023-12-04 18:48:26,187 [WARN] PackLoader:240 - Cannot read IP mode file for STMicroelectronics.X-CUBE-NFC4.3.0.0
2023-12-04 18:48:26,197 [WARN] PackLoader:240 - Cannot read IP mode file for STMicroelectronics.X-CUBE-BLEMGR.3.0.0
2023-12-04 18:48:26,204 [WARN] PackLoader:240 - Cannot read IP mode file for STMicroelectronics.FP-ATR-SIGFOX1.3.2.0
2023-12-04 18:48:26,243 [WARN] PackLoader:240 - Cannot read IP mode file for SEGGER.I-CUBE-embOS.1.3.1
2023-12-04 18:48:26,369 [WARN] PackLoader:240 - Cannot read IP mode file for STMicroelectronics.X-CUBE-GNSS1.6.0.0
2023-12-04 18:48:26,403 [WARN] PackLoader:240 - Cannot read IP mode file for STMicroelectronics.X-CUBE-AZRTOS-F4.1.1.0
2023-12-04 18:48:26,413 [WARN] PackLoader:240 - Cannot read IP mode file for wolfSSL.I-CUBE-wolfSSL.5.6.3
2023-12-04 18:48:26,431 [WARN] PackLoader:240 - Cannot read IP mode file for STMicroelectronics.X-CUBE-AZRTOS-L5.2.0.0
2023-12-04 18:48:26,498 [WARN] PackLoader:240 - Cannot read IP mode file for STMicroelectronics.X-CUBE-MEMS1.9.6.0
2023-12-04 18:48:26,940 [WARN] PackLoader:240 - Cannot read IP mode file for STMicroelectronics.X-CUBE-EEPRMA1.4.2.0
2023-12-04 18:48:26,957 [WARN] PackLoader:240 - Cannot read IP mode file for ITTIA_DB.I-CUBE-ITTIADB.8.8.0
2023-12-04 18:48:26,971 [WARN] PackLoader:240 - Cannot read IP mode file for STMicroelectronics.X-CUBE-BLEMGR.2.0.0
2023-12-04 18:48:27,009 [WARN] ConditionMgr:438 - getConditionDescription Invalid condition id : UX DEVICE CLASS RTOS Condition cause : null
2023-12-04 18:48:27,010 [WARN] ConditionMgr:438 - getConditionDescription Invalid condition id : UX DEVICE CLASS RTOS Condition cause : null
2023-12-04 18:48:27,012 [WARN] PackLoader:240 - Cannot read IP mode file for STMicroelectronics.X-CUBE-AZRTOS-H7.3.1.0
2023-12-04 18:48:27,016 [WARN] ConditionMgr:1039 - genDependencies : Invalid condition id : UX DEVICE CLASS RTOS Condition cause : null
2023-12-04 18:48:27,016 [WARN] ConditionMgr:1039 - genDependencies : Invalid condition id : UX DEVICE CLASS RTOS Condition cause : null
2023-12-04 18:48:27,017 [WARN] ConditionMgr:1039 - genDependencies : Invalid condition id : UX DEVICE CLASS RTOS Condition cause : null
2023-12-04 18:48:27,017 [WARN] ConditionMgr:1039 - genDependencies : Invalid condition id : UX DEVICE CLASS RTOS Condition cause : null
2023-12-04 18:48:27,018 [WARN] ConditionMgr:1039 - genDependencies : Invalid condition id : UX DEVICE CLASS RTOS Condition cause : null
2023-12-04 18:48:27,035 [WARN] PackLoader:240 - Cannot read IP mode file for STMicroelectronics.X-CUBE-NFC7.1.0.1
2023-12-04 18:48:27,059 [WARN] PackLoader:240 - Cannot read IP mode file for STMicroelectronics.X-CUBE-NFC6.3.0.0
2023-12-04 18:48:27,098 [WARN] PackLoader:240 - Cannot read IP mode file for STMicroelectronics.X-CUBE-EEPRMA1.4.1.0
2023-12-04 18:48:27,193 [WARN] PackLoader:240 - Cannot read IP mode file for STMicroelectronics.X-CUBE-AI.8.1.0
2023-12-04 18:48:27,235 [WARN] ConditionMgr:438 - getConditionDescription Invalid condition id : LAN8742 Phy interface Condition cause : null
2023-12-04 18:48:27,236 [WARN] PackLoader:240 - Cannot read IP mode file for STMicroelectronics.X-CUBE-AZRTOS-L4.2.0.0
2023-12-04 18:48:27,238 [WARN] ConditionMgr:1039 - genDependencies : Invalid condition id : LAN8742 Phy interface Condition cause : null
2023-12-04 18:48:27,238 [WARN] ConditionMgr:1039 - genDependencies : Invalid condition id : LAN8742 Phy interface Condition cause : null
2023-12-04 18:48:27,239 [WARN] ConditionMgr:1039 - genDependencies : Invalid condition id : LAN8742 Phy interface Condition cause : null
2023-12-04 18:48:27,246 [WARN] PackLoader:240 - Cannot read IP mode file for STMicroelectronics.X-CUBE-SFXS2LP1.4.0.0
2023-12-04 18:48:27,252 [WARN] PackLoader:240 - Cannot read IP mode file for STMicroelectronics.X-CUBE-ISPU.1.1.0
2023-12-04 18:48:27,263 [WARN] ConditionMgr:438 - getConditionDescription Invalid condition id : UX DEVICE CLASS RTOS Condition cause : null
2023-12-04 18:48:27,263 [WARN] ConditionMgr:438 - getConditionDescription Invalid condition id : UX DEVICE CLASS RTOS Condition cause : null
2023-12-04 18:48:27,265 [WARN] PackLoader:240 - Cannot read IP mode file for STMicroelectronics.X-CUBE-AZRTOS-WB.2.0.0
2023-12-04 18:48:27,265 [WARN] ConditionMgr:1039 - genDependencies : Invalid condition id : UX DEVICE CLASS RTOS Condition cause : null
2023-12-04 18:48:27,266 [WARN] ConditionMgr:1039 - genDependencies : Invalid condition id : UX DEVICE CLASS RTOS Condition cause : null
2023-12-04 18:48:27,266 [WARN] ConditionMgr:1039 - genDependencies : Invalid condition id : UX DEVICE CLASS RTOS Condition cause : null
2023-12-04 18:48:27,266 [WARN] ConditionMgr:1039 - genDependencies : Invalid condition id : UX DEVICE CLASS RTOS Condition cause : null
2023-12-04 18:48:27,266 [WARN] ConditionMgr:1039 - genDependencies : Invalid condition id : UX DEVICE CLASS RTOS Condition cause : null
2023-12-04 18:48:27,276 [WARN] PackLoader:240 - Cannot read IP mode file for STMicroelectronics.X-CUBE-SUBG2.5.0.0
2023-12-04 18:48:27,289 [WARN] PackLoader:240 - Cannot read IP mode file for STMicroelectronics.X-CUBE-TOF1.3.3.1
2023-12-04 18:48:27,307 [WARN] PackLoader:240 - Cannot read IP mode file for STMicroelectronics.X-CUBE-AZRTOS-G4.2.0.0
2023-12-04 18:48:27,319 [WARN] PackLoader:240 - Cannot read IP mode file for Infineon.AIROC-Wi-Fi-Bluetooth-STM32.1.5.1
2023-12-04 18:48:27,327 [WARN] PackLoader:240 - Cannot read IP mode file for STMicroelectronics.FP-SNS-MOTENVWB1.1.3.0
2023-12-04 18:48:27,331 [WARN] PackLoader:240 - Cannot read IP mode file for STMicroelectronics.FP-SNS-MOTENVWB1.1.3.1
2023-12-04 18:48:27,335 [WARN] PackLoader:240 - Cannot read IP mode file for STMicroelectronics.X-CUBE-ISPU.2.0.0
2023-12-04 18:48:27,366 [WARN] PackLoader:240 - Cannot read IP mode file for STMicroelectronics.X-CUBE-MEMS1.10.0.0
2023-12-04 18:48:27,463 [WARN] PackLoader:240 - Cannot read IP mode file for STMicroelectronics.X-CUBE-FREERTOS.1.1.0
2023-12-04 18:48:27,471 [WARN] PackLoader:240 - Cannot read IP mode file for portGmbH.I-Cube-SoM-uGOAL.1.1.0
2023-12-04 18:48:27,477 [WARN] PackLoader:240 - Cannot read IP mode file for STMicroelectronics.X-CUBE-ALS.1.0.1
2023-12-04 18:48:27,484 [WARN] PackLoader:240 - Cannot read IP mode file for STMicroelectronics.FP-ATR-ASTRA1.2.0.0
2023-12-04 18:48:27,496 [WARN] PackLoader:240 - Cannot read IP mode file for STMicroelectronics.X-CUBE-TOF1.3.4.0
2023-12-04 18:48:27,529 [WARN] PackLoader:240 - Cannot read IP mode file for STMicroelectronics.X-CUBE-AZRTOS-H7.3.2.0
2023-12-04 18:48:27,535 [INFO] ThirdParty:978 - Integrity check success = true
2023-12-04 18:48:27,538 [INFO] IntegrityCheckThread:100 - exiting critical section [integrity check]
2023-12-04 18:48:27,538 [INFO] IntegrityCheckThread:103 - End integrity checks thread
2023-12-04 18:48:37,443 [ERROR] LogOutputStream:75 - [STDERR_REDIRECT] SLF4J: Failed to load class "org.slf4j.impl.StaticLoggerBinder".
2023-12-04 18:48:37,444 [ERROR] LogOutputStream:75 - [STDERR_REDIRECT] SLF4J: Defaulting to no-operation (NOP) logger implementation
2023-12-04 18:48:37,445 [ERROR] LogOutputStream:75 - [STDERR_REDIRECT] SLF4J: See http://www.slf4j.org/codes.html#StaticLoggerBinder for further details.
2023-12-04 22:34:27,185 [INFO] McuFinderGlobals:63 - Set McuFinder mode to 2 (CubeIDE integrated)
2023-12-04 22:34:27,251 [INFO] MainUpdater:2868 - connection check result : 10
2023-12-04 22:34:27,255 [INFO] MainUpdater:2868 - connection check result : 10
2023-12-04 22:34:27,572 [INFO] MicroXplorer:468 - Change Database Path : 
2023-12-04 22:34:27,574 [INFO] MicroXplorer:498 - Change Database Version : DB.6.0.92
2023-12-04 22:34:27,594 [WARN] ThirdParty:871 - waiting for thirdparty lock release [close project]
2023-12-04 22:34:27,594 [INFO] ThirdParty:873 - entering critical section [close project]
2023-12-04 22:34:27,604 [INFO] ThirdParty:883 - exiting critical section [close project]
2023-12-04 22:34:27,620 [INFO] PinOutPanel:1499 - setPackage(No Configuration,No Configuration)
2023-12-04 22:34:27,681 [INFO] UtilMem:75 - Begin LoadConfig() Used Memory: 489482824 Bytes (917504000)
2023-12-04 22:34:27,692 [INFO] MicroXplorer:468 - Change Database Path : 
2023-12-04 22:34:27,693 [INFO] MicroXplorer:498 - Change Database Version : DB.6.0.92
2023-12-04 22:34:27,694 [INFO] OpenFileManager:308 - Change cursor
2023-12-04 22:34:28,147 [INFO] Mcu:1946 - Initializing MCU STM32F407V(E-G)Tx STM32F407VGTx STM32F407VGT6
2023-12-04 22:34:31,348 [INFO] Context:659 - Trying to add GPIOservice into a context  which must be forbidden
2023-12-04 22:34:32,212 [INFO] RtosManager:555 - Registered RTOS mode: class=CMSIS, group=RTOS, mode=CMSIS_V1, owner=FREERTOS
2023-12-04 22:34:32,213 [INFO] RtosManager:555 - Registered RTOS mode: class=CMSIS, group=RTOS2, mode=CMSIS_V2, owner=FREERTOS
2023-12-04 22:34:32,213 [INFO] RtosManager:555 - Registered RTOS mode: class=RTOS, group=Core, mode=CMSIS_V1, owner=FREERTOS
2023-12-04 22:34:32,213 [INFO] RtosManager:555 - Registered RTOS mode: class=RTOS, group=Core, mode=CMSIS_V2, owner=FREERTOS
2023-12-04 22:34:32,213 [WARN] ModelIntegratedComponent:184 - Missing modes for component STMicroelectronics:FreeRTOS:0.0.1:STMicroelectronics:RTOS:FreeRTOS:Core:::10.2.0:
2023-12-04 22:34:32,243 [WARN] ModelIntegratedComponent:63 - No mode defined for component null
2023-12-04 22:34:32,243 [WARN] ModelIntegratedComponent:63 - No mode defined for component null
2023-12-04 22:34:32,243 [WARN] ModelIntegratedComponent:63 - No mode defined for component null
2023-12-04 22:34:32,244 [WARN] ModelIntegratedComponent:63 - No mode defined for component null
2023-12-04 22:34:32,244 [WARN] ModelIntegratedComponent:63 - No mode defined for component null
2023-12-04 22:34:32,244 [WARN] ModelIntegratedComponent:63 - No mode defined for component null
2023-12-04 22:34:32,244 [WARN] ModelIntegratedComponent:63 - No mode defined for component null
2023-12-04 22:34:32,244 [WARN] ModelIntegratedComponent:63 - No mode defined for component null
2023-12-04 22:34:32,245 [WARN] ModelIntegratedComponent:63 - No mode defined for component null
2023-12-04 22:34:32,245 [WARN] ModelIntegratedComponent:63 - No mode defined for component null
2023-12-04 22:34:32,245 [WARN] ModelIntegratedComponent:63 - No mode defined for component null
2023-12-04 22:34:32,245 [WARN] ModelIntegratedComponent:63 - No mode defined for component null
2023-12-04 22:34:32,245 [WARN] ModelIntegratedComponent:63 - No mode defined for component null
2023-12-04 22:34:32,245 [WARN] ModelIntegratedComponent:63 - No mode defined for component null
2023-12-04 22:34:32,245 [WARN] ModelIntegratedComponent:63 - No mode defined for component null
2023-12-04 22:34:32,245 [WARN] ModelIntegratedComponent:63 - No mode defined for component null
2023-12-04 22:34:32,245 [WARN] ModelIntegratedComponent:63 - No mode defined for component null
2023-12-04 22:34:32,245 [WARN] ModelIntegratedComponent:63 - No mode defined for component null
2023-12-04 22:34:32,245 [WARN] ModelIntegratedComponent:63 - No mode defined for component null
2023-12-04 22:34:32,245 [WARN] ModelIntegratedComponent:63 - No mode defined for component null
2023-12-04 22:34:32,245 [WARN] ModelIntegratedComponent:63 - No mode defined for component null
2023-12-04 22:34:32,245 [WARN] ModelIntegratedComponent:63 - No mode defined for component null
2023-12-04 22:34:32,245 [WARN] ModelIntegratedComponent:63 - No mode defined for component null
2023-12-04 22:34:32,245 [WARN] ModelIntegratedComponent:63 - No mode defined for component null
2023-12-04 22:34:32,246 [WARN] ModelIntegratedComponent:63 - No mode defined for component null
2023-12-04 22:34:32,246 [WARN] ModelIntegratedComponent:63 - No mode defined for component null
2023-12-04 22:34:32,246 [WARN] ModelIntegratedComponent:63 - No mode defined for component null
2023-12-04 22:34:32,246 [WARN] ModelIntegratedComponent:63 - No mode defined for component null
2023-12-04 22:34:32,246 [WARN] ModelIntegratedComponent:63 - No mode defined for component null
2023-12-04 22:34:32,246 [WARN] ModelIntegratedComponent:63 - No mode defined for component null
2023-12-04 22:34:32,246 [WARN] ModelIntegratedComponent:63 - No mode defined for component null
2023-12-04 22:34:32,246 [WARN] ModelIntegratedComponent:63 - No mode defined for component null
2023-12-04 22:34:32,246 [WARN] ModelIntegratedComponent:63 - No mode defined for component null
2023-12-04 22:34:32,354 [INFO] ThirdPartyModel:298 - Start build external matchings
2023-12-04 22:34:32,890 [INFO] ThirdPartyModel:316 - End build external matchings
2023-12-04 22:34:32,932 [INFO] ImportTextPane:194 - (OptionalMessage_ERROR) IP (DMA) : Parameter (Instance) has Id (SPI3_TX) currently not set
2023-12-04 22:34:32,932 [INFO] ImportTextPane:194 - (OptionalMessage_ERROR) IP (DMA) : Parameter (Channel) has Id (SPI3_TX) currently not set
2023-12-04 22:34:32,932 [INFO] ImportTextPane:194 - (OptionalMessage_ERROR) IP (DMA) : Parameter (Direction) has Id (SPI3_TX) currently not set
2023-12-04 22:34:32,932 [INFO] ImportTextPane:194 - (OptionalMessage_ERROR) IP (DMA) : Parameter (PeriphInc) has Id (SPI3_TX) currently not set
2023-12-04 22:34:32,933 [INFO] ImportTextPane:194 - (OptionalMessage_ERROR) IP (DMA) : Parameter (MemInc) has Id (SPI3_TX) currently not set
2023-12-04 22:34:32,933 [INFO] ImportTextPane:194 - (OptionalMessage_ERROR) IP (DMA) : Parameter (PeriphDataAlignment) has Id (SPI3_TX) currently not set
2023-12-04 22:34:32,933 [INFO] ImportTextPane:194 - (OptionalMessage_ERROR) IP (DMA) : Parameter (MemDataAlignment) has Id (SPI3_TX) currently not set
2023-12-04 22:34:32,933 [INFO] ImportTextPane:194 - (OptionalMessage_ERROR) IP (DMA) : Parameter (Mode) has Id (SPI3_TX) currently not set
2023-12-04 22:34:32,933 [INFO] ImportTextPane:194 - (OptionalMessage_ERROR) IP (DMA) : Parameter (Priority) has Id (SPI3_TX) currently not set
2023-12-04 22:34:32,933 [INFO] ImportTextPane:194 - (OptionalMessage_ERROR) IP (DMA) : Parameter (FIFOMode) has Id (SPI3_TX) currently not set
2023-12-04 22:34:32,934 [INFO] ImportTextPane:194 - (OptionalMessage_ERROR) IP (DMA) : Parameter (FIFOThreshold) has Id (SPI3_TX) currently not set
2023-12-04 22:34:32,934 [INFO] ImportTextPane:194 - (OptionalMessage_ERROR) IP (DMA) : Parameter (FIFOThreshold) has invalid value (null)
2023-12-04 22:34:32,934 [INFO] ImportTextPane:194 - (OptionalMessage_ERROR) IP (DMA) : Parameter (MemBurst) has Id (SPI3_TX) currently not set
2023-12-04 22:34:32,934 [INFO] ImportTextPane:194 - (OptionalMessage_ERROR) IP (DMA) : Parameter (MemBurst) has invalid value (null)
2023-12-04 22:34:32,934 [INFO] ImportTextPane:194 - (OptionalMessage_ERROR) IP (DMA) : Parameter (PeriphBurst) has Id (SPI3_TX) currently not set
2023-12-04 22:34:32,934 [INFO] ImportTextPane:194 - (OptionalMessage_ERROR) IP (DMA) : Parameter (PeriphBurst) has invalid value (null)
2023-12-04 22:34:32,938 [INFO] ImportTextPane:194 - (OptionalMessage_ERROR) IP (RCC) : Parameter (RTCHSEDivFreq_Value) has invalid value (4000000)
2023-12-04 22:34:33,405 [INFO] UtilMem:75 - End LoadConfig() Used Memory: 549018608 Bytes (917504000)
2023-12-04 22:34:33,605 [INFO] ApiDb:581 - Connected to CubeFinder SQLite database (C:\Users\Plys\.stmcufinder\plugins\mcufinder\mcu\cube-finder-db.db)
2023-12-04 22:34:33,712 [INFO] ApiDb:668 - CubeFinder database Data Model version=2.1
2023-12-04 22:34:33,713 [INFO] ApiDb:669 - CubeFinder database Configuration version=3.0.37
2023-12-04 22:34:33,715 [INFO] ApiDb:670 - CubeFinder database generation date=2023-10-13 (1697197505)
2023-12-04 22:34:33,715 [INFO] ApiDb:671 - CubeFinder database FW Pack versions=[FP-ATR-ASTRA1_V2.0.0, FP-SNS-FLIGHT1_V5.0.1, FP-SNS-FLIGHT1_V5.0.2, FP-SNS-MOTENV1_V4.3.1, FP-SNS-MOTENV1_V4.3.2, FP-SNS-SMARTAG2_V1.2.0, I-CUBE-ITTIADB_V8.6.3-1, STM32Cube_FW_C0_V1.1.0, STM32Cube_FW_F4_V1.27.1, STM32Cube_FW_F7_V1.17.0, STM32Cube_FW_G0_V1.6.1, STM32Cube_FW_G4_V1.5.1, STM32Cube_FW_H5_V0.5.1, STM32Cube_FW_H5_V1.1.1, STM32Cube_FW_H7_V1.11.0, STM32Cube_FW_L0_V1.12.2, STM32Cube_FW_L5_V1.5.0, STM32Cube_FW_U5_V1.3.0, STM32Cube_FW_U5_V1.3.0RC4, STM32Cube_FW_WBA_V1.0.0RC1, STM32Cube_FW_WBA_V1.1.0RC1, STM32Cube_FW_WBA_V1.1.1, STM32Cube_FW_WB_V1.15.0RC1, STM32Cube_FW_WB_V1.16.0, STM32Cube_FW_WB_V1.16.0RC2, STM32Cube_FW_WB_V1.17.3, STM32Cube_FW_WL_V1.3.0, X-CUBE-ALGOBUILD_V1.3.0, X-CUBE-ALS_V1.0.1, X-CUBE-AZRTOS-F4_V1.1.0, X-CUBE-AZRTOS-F7_V1.1.0, X-CUBE-AZRTOS-G0_V1.1.0, X-CUBE-AZRTOS-G4_V2.0.0, X-CUBE-AZRTOS-H7_V3.1.0, X-CUBE-AZRTOS-L4_V1.0.0, X-CUBE-AZRTOS-L4_V2.0.0, X-CUBE-AZRTOS-L5_V1.1.0, X-CUBE-AZRTOS-WB_V2.0.0, X-CUBE-AZRTOS-WL_V2.0.0, X-CUBE-BLE1_V7.0.0, X-CUBE-BLE2_V3.3.0, X-CUBE-BLEMGR_V2.0.0, X-CUBE-EEPRMA1_V4.1.0, X-CUBE-FREERTOS_V1.1.0, X-CUBE-GNSS1_V6.0.0, X-CUBE-MEMS1_V10.0.0, X-CUBE-MEMS1_V9.1.0, X-CUBE-MEMS1_V9.4.0, X-CUBE-MEMS1_V9.6.0, X-CUBE-NFC4_V3.0.0, X-CUBE-NFC7_V1.0.1, X-CUBE-SFXS2LP1_V4.0.0, X-CUBE-SUBG2_V5.0.0, X-CUBE-TOF1_V3.3.1]
2023-12-04 22:34:36,185 [INFO] ApiDb:240 - Found 323 in-development CPN: [B-G473E-ZEST1S, B-WB1M-WPAN1, B-WL5M-SUBG1, NUCLEO-C031C6, NUCLEO-H503RB, NUCLEO-H563ZI, NUCLEO-U545RE-Q, NUCLEO-U5A5ZJ-Q, NUCLEO-WBA52CG, STEVAL-PROTEUS1, STEVAL-SMARTAG2, STEVAL-STWINBX1, STM320518-EVAL, STM32C0116-DK, STM32C011D6Y3TR, STM32C011D6Y6TR, STM32C011F4P3, STM32C011F4P6, STM32C011F4U3, STM32C011F4U6TR, STM32C011F6P3, STM32C011F6P6, STM32C011F6U3, STM32C011F6U6TR, STM32C011J4M3, STM32C011J4M6, STM32C011J6M3, STM32C011J6M6, STM32C0316-DK, STM32C031C4T3, STM32C031C4T6, STM32C031C4U3, STM32C031C4U6, STM32C031C6T3, STM32C031C6T6, STM32C031C6U3, STM32C031C6U6, STM32C031F4P3, STM32C031F4P6, STM32C031F6P3, STM32C031F6P6, STM32C031G4U3, STM32C031G4U6, STM32C031G6U3, STM32C031G6U6, STM32C031K4T3, STM32C031K4T6, STM32C031K4U3, STM32C031K4U6, STM32C031K6T3, STM32C031K6T6, STM32C031K6U3, STM32C031K6U6, STM32G071K8TXN, STM32G071K8UXN, STM32G081GBU6N, STM32G081KBT6N, STM32G081KBUXN, STM32G0B1CCT6N, STM32G0B1KCT6, STM32G0B1NEY6TR, STM32G0B1RCT6N, STM32G0C1CCT6, STM32G0C1CCT6N, STM32G0C1CCU6N, STM32G0C1CET6N, STM32G0C1CEU6N, STM32G0C1KCT6, STM32G0C1NEY6TR, STM32G0C1RCI6N, STM32G0C1RCT6N, STM32G0C1REI6N, STM32G0C1RET6N, STM32G0C1VCI6, STM32G0C1VEI6, STM32G471CCT6, STM32G471CCU6, STM32G471CET3, STM32G471CET6, STM32G471CEU3, STM32G471CEU6, STM32G471MCT6, STM32G471MET3, STM32G471MET6, STM32G471MEY6TR, STM32G471QCT6, STM32G471QET3, STM32G471RCT6, STM32G471RET3, STM32G471RET6, STM32G471VCH6, STM32G471VCI6, STM32G471VCT6, STM32G471VEH3, STM32G471VEH6, STM32G471VEI3, STM32G471VEI6, STM32G471VET3, STM32G471VET6, STM32G474CCT6, STM32H503CBT6, STM32H503CBU6, STM32H503EBY6TR, STM32H503KBU6, STM32H503RBT6, STM32H562AGI6, STM32H562AII6, STM32H562IGK6, STM32H562IGT6, STM32H562IIK6, STM32H562IIT6, STM32H562RGT6, STM32H562RGV6, STM32H562RIT6, STM32H562RIV6, STM32H562VGT6, STM32H562VIT6, STM32H562ZGT6, STM32H562ZIT6, STM32H563AGI6, STM32H563AII3Q, STM32H563AII6, STM32H563IGK6, STM32H563IGT6, STM32H563IIK3Q, STM32H563IIK6, STM32H563IIT3Q, STM32H563IIT6, STM32H563MIY3QTR, STM32H563RGT6, STM32H563RGV6, STM32H563RIT6, STM32H563RIV6, STM32H563VGT6, STM32H563VIT3Q, STM32H563VIT6, STM32H563ZGT6, STM32H563ZIT3Q, STM32H563ZIT6, STM32H573AII3Q, STM32H573AII6, STM32H573I-DK, STM32H573IIK3Q, STM32H573IIK6, STM32H573IIT3Q, STM32H573IIT6, STM32H573MIY3QTR, STM32H573RIT6, STM32H573RIV6, STM32H573VIT3Q, STM32H573VIT6, STM32H573ZIT3Q, STM32H573ZIT6, STM32L4R5QGI6STR, STM32MP131AAE3, STM32MP131AAF3, STM32MP131AAG3, STM32MP131CAE3, STM32MP131CAF3, STM32MP131CAG3, STM32MP131DAE7, STM32MP131DAF7, STM32MP131DAG7, STM32MP131FAE7, STM32MP131FAF7, STM32MP131FAG7, STM32MP133AAE3, STM32MP133AAF3, STM32MP133AAG3, STM32MP133CAE3, STM32MP133CAF3, STM32MP133CAG3, STM32MP133DAE7, STM32MP133DAF7, STM32MP133DAG7, STM32MP133FAE7, STM32MP133FAF7, STM32MP133FAG7, STM32MP135AAE3, STM32MP135AAF3, STM32MP135AAG3, STM32MP135CAE3, STM32MP135CAF3, STM32MP135CAG3, STM32MP135DAE7, STM32MP135DAF7, STM32MP135DAG7, STM32MP135F-DK, STM32MP135FAE7, STM32MP135FAF7, STM32MP135FAF7T, STM32MP135FAF7U, STM32MP135FAG7, STM32U535CBT6, STM32U535CBT6Q, STM32U535CBU6, STM32U535CBU6Q, STM32U535CCT6, STM32U535CCT6Q, STM32U535CCU6, STM32U535CCU6Q, STM32U535CET6, STM32U535CET6Q, STM32U535CEU6, STM32U535CEU6Q, STM32U535JEY6QTR, STM32U535NCY6QTR, STM32U535NEY6QTR, STM32U535RBI6, STM32U535RBI6Q, STM32U535RBT6, STM32U535RBT6Q, STM32U535RCI6, STM32U535RCI6Q, STM32U535RCT6, STM32U535RCT6Q, STM32U535REI6, STM32U535REI6Q, STM32U535RET6, STM32U535RET6Q, STM32U535VCI6, STM32U535VCI6Q, STM32U535VCT6, STM32U535VCT6Q, STM32U535VEI6, STM32U535VEI6Q, STM32U535VET6, STM32U535VET6Q, STM32U545CET6, STM32U545CET6Q, STM32U545CEU6, STM32U545CEU6Q, STM32U545JEY6QTR, STM32U545NEY6QTR, STM32U545REI6, STM32U545REI6Q, STM32U545RET6, STM32U545RET6Q, STM32U545VEI6, STM32U545VEI6Q, STM32U545VET6, STM32U545VET6Q, STM32U595AIH6, STM32U595AIH6Q, STM32U595AJH6, STM32U595AJH6Q, STM32U595QII6, STM32U595QII6Q, STM32U595QJI6, STM32U595QJI6Q, STM32U595RIT6, STM32U595RIT6Q, STM32U595RJT6, STM32U595RJT6Q, STM32U595VIT6, STM32U595VIT6Q, STM32U595VJT6, STM32U595VJT6Q, STM32U595ZIT6, STM32U595ZIT6Q, STM32U595ZIY6QTR, STM32U595ZJT6, STM32U595ZJT6Q, STM32U595ZJY6QTR, STM32U599BJY6QTR, STM32U599NIH6Q, STM32U599NJH6Q, STM32U599VIT6Q, STM32U599VJT6, STM32U599VJT6Q, STM32U599ZIT6Q, STM32U599ZIY6QTR, STM32U599ZJT6Q, STM32U599ZJY6QTR, STM32U5A5AJH6, STM32U5A5AJH6Q, STM32U5A5QJI6, STM32U5A5QJI6Q, STM32U5A5RJT6, STM32U5A5RJT6Q, STM32U5A5VJT6, STM32U5A5VJT6Q, STM32U5A5ZJT6, STM32U5A5ZJT6Q, STM32U5A5ZJY6QTR, STM32U5A9BJY6QTR, STM32U5A9J-DK, STM32U5A9NJH6Q, STM32U5A9VJT6Q, STM32U5A9ZJT6Q, STM32U5A9ZJY6QTR, STM32U5F7VIT6, STM32U5F7VIT6Q, STM32U5F7VJT6, STM32U5F7VJT6Q, STM32U5F9BJY6QTR, STM32U5F9NJH6Q, STM32U5F9VIT6Q, STM32U5F9VJT6Q, STM32U5F9ZIJ6QTR, STM32U5F9ZIT6Q, STM32U5F9ZJJ6QTR, STM32U5F9ZJT6Q, STM32U5G7VJT6, STM32U5G7VJT6Q, STM32U5G9BJY6QTR, STM32U5G9J-DK1, STM32U5G9J-DK2, STM32U5G9NJH6Q, STM32U5G9VJT6Q, STM32U5G9ZJJ6QTR, STM32U5G9ZJT6Q, STM32WB1MMCH6, STM32WBA52CEU6, STM32WBA52CEU6T, STM32WBA52CGU6, STM32WBA52CGU6T, STM32WBA52KEU6, STM32WBA52KEU6T, STM32WBA52KGU6, STM32WBA52KGU6T, STM32WL5MOCH6, STM32WL5MOCH6TR]
2023-12-04 22:34:36,189 [INFO] DbMcus:217 - Found 3848 MCUs, 3848 are supported
2023-12-04 22:34:36,193 [INFO] ApiDb:423 - Load user favorites file C:\Users\Plys/.stm32cubeide/favorites.mcus.txt: 0 item(s)
2023-12-04 22:34:36,193 [INFO] ApiDb:427 - User favorites MCUs=[]
2023-12-04 22:34:36,194 [INFO] DbMcus:223 - Set 0 / 0 favorites MCUs
2023-12-04 22:34:36,609 [WARN] ThirdParty:833 - waiting for thirdparty lock release [change project]
2023-12-04 22:34:36,609 [INFO] ThirdParty:835 - entering critical section [change project]
2023-12-04 22:34:36,609 [INFO] ThirdParty:1030 - CMSIS Pack Vendor :STMicroelectronics X-CUBE-ISPU 1.1.0
2023-12-04 22:34:36,610 [INFO] ThirdParty:1030 - CMSIS Pack Vendor :STMicroelectronics USBPD 4.1
2023-12-04 22:34:36,610 [INFO] ThirdParty:1030 - CMSIS Pack Vendor :STMicroelectronics X-CUBE-GNSS1 6.0.0
2023-12-04 22:34:36,610 [INFO] ThirdParty:1030 - CMSIS Pack Vendor :STMicroelectronics USB_HOST 2.0.0
2023-12-04 22:34:36,610 [INFO] ThirdParty:1030 - CMSIS Pack Vendor :STMicroelectronics X-CUBE-AZRTOS-F4 1.1.0
2023-12-04 22:34:36,610 [INFO] ThirdParty:1030 - CMSIS Pack Vendor :STMicroelectronics LIBJPEG 8.0.0
2023-12-04 22:34:36,610 [INFO] ThirdParty:1030 - CMSIS Pack Vendor :wolfSSL I-CUBE-wolfSSL 5.6.3
2023-12-04 22:34:36,610 [INFO] ThirdParty:1030 - CMSIS Pack Vendor :STMicroelectronics X-CUBE-SMBUS 2.1.0
2023-12-04 22:34:36,610 [INFO] ThirdParty:1030 - CMSIS Pack Vendor :STMicroelectronics USB_DEVICE 3.0.0
2023-12-04 22:34:36,610 [INFO] ThirdParty:1030 - CMSIS Pack Vendor :STMicroelectronics X-CUBE-AZRTOS-WB 2.0.0
2023-12-04 22:34:36,610 [INFO] ThirdParty:1030 - CMSIS Pack Vendor :STMicroelectronics X-CUBE-AZRTOS-F7 1.1.0
2023-12-04 22:34:36,610 [INFO] ThirdParty:1030 - CMSIS Pack Vendor :STMicroelectronics X-CUBE-AZRTOS-L5 2.0.0
2023-12-04 22:34:36,610 [INFO] ThirdParty:1030 - CMSIS Pack Vendor :STMicroelectronics USB_DEVICE 2.0.0
2023-12-04 22:34:36,610 [INFO] ThirdParty:1030 - CMSIS Pack Vendor :STMicroelectronics X-CUBE-MEMS1 9.6.0
2023-12-04 22:34:36,610 [INFO] ThirdParty:1030 - CMSIS Pack Vendor :STMicroelectronics X-CUBE-EEPRMA1 4.2.0
2023-12-04 22:34:36,610 [INFO] ThirdParty:1030 - CMSIS Pack Vendor :ITTIA_DB I-CUBE-ITTIADB 8.8.0
2023-12-04 22:34:36,610 [INFO] ThirdParty:1030 - CMSIS Pack Vendor :STMicroelectronics FP-SNS-MOTENV1 4.3.2
2023-12-04 22:34:36,610 [INFO] ThirdParty:1030 - CMSIS Pack Vendor :STMicroelectronics X-CUBE-ALGOBUILD 1.3.0
2023-12-04 22:34:36,610 [INFO] ThirdParty:1030 - CMSIS Pack Vendor :STMicroelectronics FreeRTOS 0.0.1
2023-12-04 22:34:36,611 [INFO] ThirdParty:1030 - CMSIS Pack Vendor :STMicroelectronics X-CUBE-AZRTOS-G0 1.1.0
2023-12-04 22:34:36,611 [INFO] ThirdParty:1030 - CMSIS Pack Vendor :STMicroelectronics X-CUBE-BLEMGR 2.0.0
2023-12-04 22:34:36,611 [INFO] ThirdParty:1030 - CMSIS Pack Vendor :STMicroelectronics X-CUBE-NFC4 3.0.0
2023-12-04 22:34:36,611 [INFO] ThirdParty:1030 - CMSIS Pack Vendor :STMicroelectronics X-CUBE-SUBG2 5.0.0
2023-12-04 22:34:36,611 [INFO] ThirdParty:1030 - CMSIS Pack Vendor :STMicroelectronics STM32_WPAN 1.0.0
2023-12-04 22:34:36,611 [INFO] ThirdParty:1030 - CMSIS Pack Vendor :STMicroelectronics lwIP 2.0.3
2023-12-04 22:34:36,611 [INFO] ThirdParty:1030 - CMSIS Pack Vendor :STMicroelectronics FP-SNS-FLIGHT1 5.0.2
2023-12-04 22:34:36,611 [INFO] ThirdParty:1030 - CMSIS Pack Vendor :STMicroelectronics USB_HOST 1.0.0
2023-12-04 22:34:36,611 [INFO] ThirdParty:1030 - CMSIS Pack Vendor :STMicroelectronics X-CUBE-TOF1 3.3.1
2023-12-04 22:34:36,611 [INFO] ThirdParty:1030 - CMSIS Pack Vendor :STMicroelectronics X-CUBE-AZRTOS-G4 2.0.0
2023-12-04 22:34:36,611 [INFO] ThirdParty:1030 - CMSIS Pack Vendor :STMicroelectronics PDM2PCM 3.1.0
2023-12-04 22:34:36,611 [INFO] ThirdParty:1030 - CMSIS Pack Vendor :STMicroelectronics X-CUBE-AZRTOS-H7 3.1.0
2023-12-04 22:34:36,611 [INFO] ThirdParty:1030 - CMSIS Pack Vendor :Infineon AIROC-Wi-Fi-Bluetooth-STM32 1.5.1
2023-12-04 22:34:36,611 [INFO] ThirdParty:1030 - CMSIS Pack Vendor :STMicroelectronics X-CUBE-BLEMGR 3.0.0
2023-12-04 22:34:36,611 [INFO] ThirdParty:1030 - CMSIS Pack Vendor :STMicroelectronics PDM2PCM 3.3.0
2023-12-04 22:34:36,611 [INFO] ThirdParty:1030 - CMSIS Pack Vendor :STMicroelectronics X-CUBE-DISPLAY 3.0.0
2023-12-04 22:34:36,611 [INFO] ThirdParty:1030 - CMSIS Pack Vendor :STMicroelectronics FP-SNS-MOTENVWB1 1.3.0
2023-12-04 22:34:36,611 [INFO] ThirdParty:1030 - CMSIS Pack Vendor :STMicroelectronics FP-SNS-MOTENVWB1 1.3.1
2023-12-04 22:34:36,611 [INFO] ThirdParty:1030 - CMSIS Pack Vendor :STMicroelectronics X-CUBE-BLE1 7.0.0
2023-12-04 22:34:36,611 [INFO] ThirdParty:1030 - CMSIS Pack Vendor :STMicroelectronics FP-ATR-SIGFOX1 3.2.0
2023-12-04 22:34:36,611 [INFO] ThirdParty:1030 - CMSIS Pack Vendor :STMicroelectronics X-CUBE-ISPU 2.0.0
2023-12-04 22:34:36,611 [INFO] ThirdParty:1030 - CMSIS Pack Vendor :STMicroelectronics HAL Drivers 0.0.0
2023-12-04 22:34:36,611 [INFO] ThirdParty:1030 - CMSIS Pack Vendor :STMicroelectronics MBEDTLS 2.16.2
2023-12-04 22:34:36,612 [INFO] ThirdParty:1030 - CMSIS Pack Vendor :emotas I-CUBE-CANOPEN 1.3.0
2023-12-04 22:34:36,612 [INFO] ThirdParty:1030 - CMSIS Pack Vendor :STMicroelectronics X-CUBE-MEMS1 10.0.0
2023-12-04 22:34:36,612 [INFO] ThirdParty:1030 - CMSIS Pack Vendor :STMicroelectronics X-CUBE-FREERTOS 1.1.0
2023-12-04 22:34:36,612 [INFO] ThirdParty:1030 - CMSIS Pack Vendor :STMicroelectronics X-CUBE-TOUCHGFX 4.22.0
2023-12-04 22:34:36,612 [INFO] ThirdParty:1030 - CMSIS Pack Vendor :STMicroelectronics X-CUBE-NFC7 1.0.1
2023-12-04 22:34:36,612 [INFO] ThirdParty:1030 - CMSIS Pack Vendor :STMicroelectronics MBEDTLS 2.14.1
2023-12-04 22:34:36,612 [INFO] ThirdParty:1030 - CMSIS Pack Vendor :STMicroelectronics X-CUBE-TOUCHGFX 4.22.1
2023-12-04 22:34:36,612 [INFO] ThirdParty:1030 - CMSIS Pack Vendor :STMicroelectronics X-CUBE-NFC6 3.0.0
2023-12-04 22:34:36,612 [INFO] ThirdParty:1030 - CMSIS Pack Vendor :STMicroelectronics X-CUBE-EEPRMA1 4.1.0
2023-12-04 22:34:36,612 [INFO] ThirdParty:1030 - CMSIS Pack Vendor :portGmbH I-Cube-SoM-uGOAL 1.1.0
2023-12-04 22:34:36,612 [INFO] ThirdParty:1030 - CMSIS Pack Vendor :STMicroelectronics X-CUBE-ALS 1.0.1
2023-12-04 22:34:36,612 [INFO] ThirdParty:1030 - CMSIS Pack Vendor :STMicroelectronics ThreadX 1.0.0
2023-12-04 22:34:36,612 [INFO] ThirdParty:1030 - CMSIS Pack Vendor :STMicroelectronics FP-SNS-SMARTAG2 1.2.0
2023-12-04 22:34:36,612 [INFO] ThirdParty:1030 - CMSIS Pack Vendor :STMicroelectronics X-CUBE-AZRTOS-WL 2.0.0
2023-12-04 22:34:36,612 [INFO] ThirdParty:1030 - CMSIS Pack Vendor :SEGGER I-CUBE-embOS 1.3.1
2023-12-04 22:34:36,612 [INFO] ThirdParty:1030 - CMSIS Pack Vendor :STMicroelectronics USB_DEVICE 1.0.0
2023-12-04 22:34:36,612 [INFO] ThirdParty:1030 - CMSIS Pack Vendor :STMicroelectronics X-CUBE-AI 8.1.0
2023-12-04 22:34:36,612 [INFO] ThirdParty:1030 - CMSIS Pack Vendor :STMicroelectronics X-CUBE-AZRTOS-L4 2.0.0
2023-12-04 22:34:36,612 [INFO] ThirdParty:1030 - CMSIS Pack Vendor :STMicroelectronics ThreadX 0.0.2
2023-12-04 22:34:36,613 [INFO] ThirdParty:1030 - CMSIS Pack Vendor :WES I-CUBE-Cesium 1.3.0
2023-12-04 22:34:36,613 [INFO] ThirdParty:1030 - CMSIS Pack Vendor :STMicroelectronics FP-ATR-ASTRA1 2.0.0
2023-12-04 22:34:36,613 [INFO] ThirdParty:1030 - CMSIS Pack Vendor :STMicroelectronics lwIP 2.1.2
2023-12-04 22:34:36,613 [INFO] ThirdParty:1030 - CMSIS Pack Vendor :STMicroelectronics X-CUBE-SFXS2LP1 4.0.0
2023-12-04 22:34:36,613 [INFO] ThirdParty:1030 - CMSIS Pack Vendor :STMicroelectronics X-CUBE-BLE2 3.3.0
2023-12-04 22:34:36,613 [INFO] ThirdParty:1030 - CMSIS Pack Vendor :STMicroelectronics X-CUBE-TOF1 3.4.0
2023-12-04 22:34:36,613 [INFO] ThirdParty:1030 - CMSIS Pack Vendor :STMicroelectronics X-CUBE-AZRTOS-H7 3.2.0
2023-12-04 22:34:36,614 [INFO] ThirdParty:1030 - CMSIS Pack Vendor :STMicroelectronics PDM2PCM 3.2.0
2023-12-04 22:34:36,614 [INFO] ThirdParty:841 - exiting critical section [change project]
2023-12-04 22:34:37,266 [INFO] PinOutPanel:1499 - setPackage(No Configuration,No Configuration)
2023-12-04 22:34:37,273 [INFO] PinOutPanel:1499 - setPackage(STM32F407VGTx,LQFP100)
2023-12-04 22:34:37,963 [INFO] UtilMem:75 - Before build in PCC Used Memory: 658596632 Bytes (917504000)
2023-12-04 22:34:38,986 [INFO] UtilMem:75 - After build in PCC Used Memory: 783652272 Bytes (917504000)
2023-12-04 22:34:39,113 [INFO] IPUIPlugin:80 - create IPUIPlugin
2023-12-04 22:34:39,113 [INFO] IPUIPlugin:80 - create IPUIPlugin
2023-12-04 22:34:39,113 [INFO] IPUIPlugin:80 - create IPUIPlugin
2023-12-04 22:34:39,114 [INFO] IPUIPlugin:80 - create IPUIPlugin
2023-12-04 22:34:39,114 [INFO] IPUIPlugin:80 - create IPUIPlugin
2023-12-04 22:34:39,115 [INFO] IPUIPlugin:80 - create IPUIPlugin
2023-12-04 22:34:39,116 [INFO] IPUIPlugin:80 - create IPUIPlugin
2023-12-04 22:34:39,116 [INFO] IPUIPlugin:80 - create IPUIPlugin
2023-12-04 22:34:39,117 [INFO] IPUIPlugin:80 - create IPUIPlugin
2023-12-04 22:34:39,117 [INFO] IPUIPlugin:80 - create IPUIPlugin
2023-12-04 22:34:39,117 [INFO] IPUIPlugin:80 - create IPUIPlugin
2023-12-04 22:34:39,118 [INFO] IPUIPlugin:80 - create IPUIPlugin
2023-12-04 22:34:39,119 [INFO] IPUIPlugin:80 - create IPUIPlugin
2023-12-04 22:34:39,119 [INFO] IPUIPlugin:80 - create IPUIPlugin
2023-12-04 22:34:39,120 [INFO] IPUIPlugin:80 - create IPUIPlugin
2023-12-04 22:34:39,120 [INFO] IPUIPlugin:80 - create IPUIPlugin
2023-12-04 22:34:39,120 [INFO] IPUIPlugin:80 - create IPUIPlugin
2023-12-04 22:34:39,121 [INFO] IPUIPlugin:80 - create IPUIPlugin
2023-12-04 22:34:39,121 [INFO] IPUIPlugin:80 - create IPUIPlugin
2023-12-04 22:34:39,121 [INFO] IPUIPlugin:80 - create IPUIPlugin
2023-12-04 22:34:39,121 [INFO] IPUIPlugin:80 - create IPUIPlugin
2023-12-04 22:34:39,121 [INFO] IPUIPlugin:80 - create IPUIPlugin
2023-12-04 22:34:39,122 [INFO] IPUIPlugin:80 - create IPUIPlugin
2023-12-04 22:34:39,122 [INFO] IPUIPlugin:80 - create IPUIPlugin
2023-12-04 22:34:39,123 [INFO] IPUIPlugin:80 - create IPUIPlugin
2023-12-04 22:34:39,123 [INFO] IPUIPlugin:80 - create IPUIPlugin
2023-12-04 22:34:39,123 [INFO] IPUIPlugin:80 - create IPUIPlugin
2023-12-04 22:34:39,124 [INFO] IPUIPlugin:80 - create IPUIPlugin
2023-12-04 22:34:39,124 [INFO] IPUIPlugin:80 - create IPUIPlugin
2023-12-04 22:34:39,124 [INFO] IPUIPlugin:80 - create IPUIPlugin
2023-12-04 22:34:39,125 [INFO] IPUIPlugin:80 - create IPUIPlugin
2023-12-04 22:34:39,125 [INFO] IPUIPlugin:80 - create IPUIPlugin
2023-12-04 22:34:39,125 [INFO] IPUIPlugin:80 - create IPUIPlugin
2023-12-04 22:34:39,126 [INFO] IPUIPlugin:80 - create IPUIPlugin
2023-12-04 22:34:39,126 [INFO] IPUIPlugin:80 - create IPUIPlugin
2023-12-04 22:34:39,126 [INFO] IPUIPlugin:80 - create IPUIPlugin
2023-12-04 22:34:39,126 [INFO] IPUIPlugin:80 - create IPUIPlugin
2023-12-04 22:34:39,126 [INFO] IPUIPlugin:80 - create IPUIPlugin
2023-12-04 22:34:39,127 [INFO] IPUIPlugin:80 - create IPUIPlugin
2023-12-04 22:34:39,127 [INFO] IPUIPlugin:80 - create IPUIPlugin
2023-12-04 22:34:39,127 [INFO] IPUIPlugin:80 - create IPUIPlugin
2023-12-04 22:34:39,127 [INFO] IPUIPlugin:80 - create IPUIPlugin
2023-12-04 22:34:39,127 [INFO] IPUIPlugin:80 - create IPUIPlugin
2023-12-04 22:34:39,128 [INFO] IPUIPlugin:80 - create IPUIPlugin
2023-12-04 22:34:39,128 [INFO] IPUIPlugin:80 - create IPUIPlugin
2023-12-04 22:34:39,128 [INFO] IPUIPlugin:80 - create IPUIPlugin
2023-12-04 22:34:39,128 [INFO] IPUIPlugin:80 - create IPUIPlugin
2023-12-04 22:34:39,129 [INFO] IPUIPlugin:80 - create IPUIPlugin
2023-12-04 22:34:39,129 [INFO] IPUIPlugin:80 - create IPUIPlugin
2023-12-04 22:34:39,129 [INFO] IPUIPlugin:80 - create IPUIPlugin
2023-12-04 22:34:39,129 [INFO] IPUIPlugin:80 - create IPUIPlugin
2023-12-04 22:34:39,130 [INFO] IPUIPlugin:80 - create IPUIPlugin
2023-12-04 22:34:39,130 [INFO] IPUIPlugin:80 - create IPUIPlugin
2023-12-04 22:34:39,130 [INFO] IPUIPlugin:80 - create IPUIPlugin
2023-12-04 22:34:39,131 [INFO] IPUIPlugin:80 - create IPUIPlugin
2023-12-04 22:34:39,131 [INFO] IPUIPlugin:80 - create IPUIPlugin
2023-12-04 22:34:39,132 [INFO] IPUIPlugin:80 - create IPUIPlugin
2023-12-04 22:34:39,132 [INFO] IPUIPlugin:80 - create IPUIPlugin
2023-12-04 22:34:39,232 [INFO] ApiDbMcu:507 - Load IP Config File for PDM2PCM
2023-12-04 22:34:39,245 [WARN] IP:2114 - I2C_Coeff_DF not found: check if there is a RefParameter without a condition.
2023-12-04 22:34:39,245 [WARN] IP:2114 - Analog_Filter not found: check if there is a RefParameter without a condition.
2023-12-04 22:34:39,255 [INFO] I2sManager:658 - 5.0E7
2023-12-04 22:34:39,256 [INFO] I2sManager:195 - I2S Clock Value : 5.0E7
2023-12-04 22:34:39,261 [INFO] I2sManager:553 - AudioClock : 48828Divider : 2Odd : 0
2023-12-04 22:34:39,542 [INFO] CADModel:165 - CPN selected for project levelSTM32F407VGT6
2023-12-04 22:34:39,543 [INFO] CADModel:114 - Register for checkConnection events
2023-12-04 22:34:39,603 [INFO] OpenFileManager:328 - Restore cursor
2023-12-04 22:34:39,812 [WARN] IP:2114 - I2C_Coeff_DF not found: check if there is a RefParameter without a condition.
2023-12-04 22:34:39,812 [WARN] IP:2114 - Analog_Filter not found: check if there is a RefParameter without a condition.
2023-12-04 22:34:39,813 [WARN] IP:2114 - I2C_Coeff_DF not found: check if there is a RefParameter without a condition.
2023-12-04 22:34:39,813 [WARN] IP:2114 - Analog_Filter not found: check if there is a RefParameter without a condition.
2023-12-04 22:35:33,553 [INFO] NvicIntPanel:101 - NVIC parent = com.st.microxplorer.plugins.ip.nvic.MultiNvicIntPanel[,0,0,450x165,layout=javax.swing.BoxLayout,alignmentX=0.0,alignmentY=0.0,border=,flags=9,maximumSize=,minimumSize=,preferredSize=]
2023-12-04 22:36:25,403 [INFO] NvicIntPanel:101 - NVIC parent = com.st.microxplorer.plugins.ip.nvic.MultiNvicIntPanel[,0,0,450x165,layout=javax.swing.BoxLayout,alignmentX=0.0,alignmentY=0.0,border=,flags=9,maximumSize=,minimumSize=,preferredSize=]
