2023-12-03 17:48:58,365 [INFO] Activator:176 - 


2023-12-03 17:48:58,366 [INFO] Activator:177 - !SESSION log4j initialized
2023-12-03 17:49:00,043 [INFO] LogOutputStream:77 - [STDOUT_REDIRECT] 
2023-12-03 17:49:01,509 [INFO] ApplicationProperties:184 - Using Application install path: C:\ST\STM32CubeIDE_1.13.1\STM32CubeIDE\plugins\com.st.stm32cube.common.mx_6.9.2.202309101412
2023-12-03 17:49:01,524 [INFO] DbMcusXml:78 - Set database path to: C:\ST\STM32CubeIDE_1.13.1\STM32CubeIDE\plugins\com.st.stm32cube.common.mx_6.9.2.202309101412\\db\/mcu/
2023-12-03 17:49:01,524 [INFO] ApiDb:274 - Set plugin database path to: C:\ST\STM32CubeIDE_1.13.1\STM32CubeIDE\plugins\com.st.stm32cube.common.mx_6.9.2.202309101412\\db\/plugins/boardmanager/
2023-12-03 17:49:01,525 [WARN] ApiDb:259 - Overriding images path with different value:  => C:\ST\STM32CubeIDE_1.13.1\STM32CubeIDE\plugins\com.st.stm32cube.common.mx_6.9.2.202309101412\\db\/plugins/mcufinder/images/
2023-12-03 17:49:01,534 [INFO] ApiDb:250 - Set database path to: C:\Users\eboyer2\.stmcufinder\plugins\mcufinder//mcu/
2023-12-03 17:49:01,535 [INFO] DbMcusAds:125 - Set database path to: C:\Users\eboyer2\.stmcufinder\plugins\mcufinder//mcu/
2023-12-03 17:49:01,537 [INFO] CrossReferenceDbSqlite:203 - Set database path to: C:\Users\eboyer2\.stmcufinder\plugins\mcufinder//mcu/cs/
2023-12-03 17:49:01,622 [INFO] RulesReader:64 - Compatibility file has been processed (293 Rules)
2023-12-03 17:49:01,705 [INFO] DbMcusXml:78 - Set database path to: C:\ST\STM32CubeIDE_1.13.1\STM32CubeIDE\plugins\com.st.stm32cube.common.mx_6.9.2.202309101412\\db\/mcu/
2023-12-03 17:49:01,705 [INFO] ApiDb:274 - Set plugin database path to: C:\ST\STM32CubeIDE_1.13.1\STM32CubeIDE\plugins\com.st.stm32cube.common.mx_6.9.2.202309101412\\db\/plugins/boardmanager/
2023-12-03 17:49:01,705 [INFO] ApiDb:261 - Set plugin images path to: C:\ST\STM32CubeIDE_1.13.1\STM32CubeIDE\plugins\com.st.stm32cube.common.mx_6.9.2.202309101412\\db\/plugins/mcufinder/images/
2023-12-03 17:49:01,705 [WARN] DbFile:41 - Overriding database path with different value: C:\Users\eboyer2\.stmcufinder\plugins\mcufinder/ => C:\Users\eboyer2\.stmcufinder\plugins\mcufinder
2023-12-03 17:49:01,705 [INFO] ApiDb:250 - Set database path to: C:\Users\eboyer2\.stmcufinder\plugins\mcufinder//mcu/
2023-12-03 17:49:01,705 [WARN] DbFile:41 - Overriding database path with different value: C:\Users\eboyer2\.stmcufinder\plugins\mcufinder/ => C:\Users\eboyer2\.stmcufinder\plugins\mcufinder
2023-12-03 17:49:01,705 [INFO] DbMcusAds:125 - Set database path to: C:\Users\eboyer2\.stmcufinder\plugins\mcufinder//mcu/
2023-12-03 17:49:01,705 [WARN] DbFile:41 - Overriding database path with different value: C:\Users\eboyer2\.stmcufinder\plugins\mcufinder/ => C:\Users\eboyer2\.stmcufinder\plugins\mcufinder
2023-12-03 17:49:01,705 [WARN] DbFile:41 - Overriding database path with different value: C:\Users\eboyer2\.stmcufinder\plugins\mcufinder/ => C:\Users\eboyer2\.stmcufinder\plugins\mcufinder
2023-12-03 17:49:01,705 [INFO] CrossReferenceDbSqlite:203 - Set database path to: C:\Users\eboyer2\.stmcufinder\plugins\mcufinder//mcu/cs/
2023-12-03 17:49:01,789 [INFO] MainPanel:262 - HeapMemory: 268435456
2023-12-03 17:49:01,868 [INFO] DbMcusXml:78 - Set database path to: C:\ST\STM32CubeIDE_1.13.1\STM32CubeIDE\plugins\com.st.stm32cube.common.mx_6.9.2.202309101412\\db\/mcu/
2023-12-03 17:49:01,869 [INFO] ApiDb:274 - Set plugin database path to: C:\ST\STM32CubeIDE_1.13.1\STM32CubeIDE\plugins\com.st.stm32cube.common.mx_6.9.2.202309101412\\db\/plugins/boardmanager/
2023-12-03 17:49:01,869 [INFO] ApiDb:261 - Set plugin images path to: C:\ST\STM32CubeIDE_1.13.1\STM32CubeIDE\plugins\com.st.stm32cube.common.mx_6.9.2.202309101412\\db\/plugins/mcufinder/images/
2023-12-03 17:49:01,869 [WARN] DbFile:41 - Overriding database path with different value: C:\Users\eboyer2\.stmcufinder\plugins\mcufinder/ => C:\Users\eboyer2\.stmcufinder\plugins\mcufinder
2023-12-03 17:49:01,869 [INFO] ApiDb:250 - Set database path to: C:\Users\eboyer2\.stmcufinder\plugins\mcufinder//mcu/
2023-12-03 17:49:01,869 [WARN] DbFile:41 - Overriding database path with different value: C:\Users\eboyer2\.stmcufinder\plugins\mcufinder/ => C:\Users\eboyer2\.stmcufinder\plugins\mcufinder
2023-12-03 17:49:01,869 [INFO] DbMcusAds:125 - Set database path to: C:\Users\eboyer2\.stmcufinder\plugins\mcufinder//mcu/
2023-12-03 17:49:01,869 [WARN] DbFile:41 - Overriding database path with different value: C:\Users\eboyer2\.stmcufinder\plugins\mcufinder/ => C:\Users\eboyer2\.stmcufinder\plugins\mcufinder
2023-12-03 17:49:01,869 [WARN] DbFile:41 - Overriding database path with different value: C:\Users\eboyer2\.stmcufinder\plugins\mcufinder/ => C:\Users\eboyer2\.stmcufinder\plugins\mcufinder
2023-12-03 17:49:01,870 [INFO] CrossReferenceDbSqlite:203 - Set database path to: C:\Users\eboyer2\.stmcufinder\plugins\mcufinder//mcu/cs/
2023-12-03 17:49:01,885 [INFO] ApplicationProperties:184 - Using Application install path: C:\ST\STM32CubeIDE_1.13.1\STM32CubeIDE\plugins\com.st.stm32cube.common.mx_6.9.2.202309101412
2023-12-03 17:49:01,887 [INFO] PluginManage:196 - Search for loadable plugins [exclusion list=, ]
2023-12-03 17:49:01,887 [INFO] PluginManage:310 - Check plugin analytics
2023-12-03 17:49:02,007 [INFO] AnalyticsPlugin:253 - Accepted Software Licenses: 
2023-12-03 17:49:02,007 [INFO] AnalyticsPlugin:255 - Accepted CMSIS Pack Licenses: 
2023-12-03 17:49:02,008 [INFO] AnalyticsPlugin:257 - Accepted Firmware Licenses: 
2023-12-03 17:49:02,012 [INFO] PluginManage:359 - Loaded plugin analytics (category:tool,tabindex:-1)
2023-12-03 17:49:02,013 [INFO] PluginManage:310 - Check plugin cadmodel
2023-12-03 17:49:02,017 [INFO] CADModel:105 - Init CAD model plugin
2023-12-03 17:49:02,017 [INFO] PluginManage:359 - Loaded plugin cadmodel (category:power,tabindex:5)
2023-12-03 17:49:02,017 [INFO] PluginManage:310 - Check plugin clock
2023-12-03 17:49:02,022 [INFO] PluginManage:359 - Loaded plugin clock (category:base,tabindex:2)
2023-12-03 17:49:02,023 [INFO] PluginManage:310 - Check plugin ddr
2023-12-03 17:49:02,024 [INFO] PluginManage:359 - Loaded plugin ddr (category:tool,tabindex:6)
2023-12-03 17:49:02,024 [INFO] PluginManage:310 - Check plugin filemanager
2023-12-03 17:49:02,118 [INFO] PluginManage:359 - Loaded plugin filemanager (category:base,tabindex:10)
2023-12-03 17:49:02,119 [INFO] PluginManage:310 - Check plugin ipmanager
2023-12-03 17:49:02,127 [INFO] PluginManage:359 - Loaded plugin ipmanager (category:base,tabindex:5)
2023-12-03 17:49:02,127 [INFO] PluginManage:310 - Check plugin lpbam
2023-12-03 17:49:02,133 [INFO] PluginManage:359 - Loaded plugin lpbam (category:base,tabindex:0)
2023-12-03 17:49:02,133 [INFO] PluginManage:310 - Check plugin memorymap
2023-12-03 17:49:02,141 [INFO] PluginManage:359 - Loaded plugin memorymap (category:base,tabindex:4)
2023-12-03 17:49:02,141 [INFO] PluginManage:310 - Check plugin pinoutandconfiguration
2023-12-03 17:49:02,147 [INFO] PluginManage:359 - Loaded plugin pinoutandconfiguration (category:base,tabindex:1)
2023-12-03 17:49:02,147 [INFO] PluginManage:310 - Check plugin pinoutconfig
2023-12-03 17:49:02,227 [WARN] SupportedApi:132 - Cannot load RTOS API schema: s4s-elt-must-match.1: The content of 'definitions' must match (annotation?, (simpleType | complexType)?, (unique | key | keyref)*)). A problem was found starting at: attribute.
2023-12-03 17:49:02,324 [INFO] PluginManage:359 - Loaded plugin pinoutconfig (category:base,tabindex:0)
2023-12-03 17:49:02,324 [INFO] PluginManage:310 - Check plugin power
2023-12-03 17:49:02,335 [INFO] PluginManage:359 - Loaded plugin power (category:power,tabindex:4)
2023-12-03 17:49:02,335 [INFO] PluginManage:310 - Check plugin projectmanager
2023-12-03 17:49:02,348 [INFO] PluginManage:359 - Loaded plugin projectmanager (category:projectmanager,tabindex:3)
2023-12-03 17:49:02,348 [INFO] PluginManage:310 - Check plugin thirdparty
2023-12-03 17:49:02,454 [INFO] PluginManage:359 - Loaded plugin thirdparty (category:base,tabindex:-1)
2023-12-03 17:49:02,454 [WARN] IntegrityCheckThread:84 - waiting for thirdparty lock release [integrity check]
2023-12-03 17:49:02,454 [INFO] PluginManage:310 - Check plugin tools
2023-12-03 17:49:02,454 [INFO] IntegrityCheckThread:86 - entering critical section [integrity check]
2023-12-03 17:49:02,455 [INFO] ThirdPartyUpdaterWithRetryManager:70 - Updater plugin not ready yet. [1/15]
2023-12-03 17:49:02,457 [INFO] PluginManage:359 - Loaded plugin tools (category:base,tabindex:7)
2023-12-03 17:49:02,457 [INFO] PluginManage:310 - Check plugin tutovideos
2023-12-03 17:49:02,566 [INFO] PluginManage:359 - Loaded plugin tutovideos (category:base,tabindex:-1)
2023-12-03 17:49:02,566 [INFO] PluginManage:310 - Check plugin updater
2023-12-03 17:49:02,573 [INFO] PluginManage:359 - Loaded plugin updater (category:base,tabindex:12)
2023-12-03 17:49:02,573 [INFO] PluginManage:310 - Check plugin userauth
2023-12-03 17:49:02,577 [INFO] UserAuth:113 - Init User Auth plugin
2023-12-03 17:49:02,578 [INFO] PluginManage:359 - Loaded plugin userauth (category:base,tabindex:14)
2023-12-03 17:49:02,578 [INFO] PluginManage:283 - PluginManage : Loaded plugins [17]
2023-12-03 17:49:02,762 [INFO] PinOutPanel:1499 - setPackage(No Configuration,No Configuration)
2023-12-03 17:49:02,867 [INFO] CADModel:165 - CPN selected for project level
2023-12-03 17:49:02,867 [INFO] CADModel:114 - Register for checkConnection events
2023-12-03 17:49:02,881 [INFO] IPUIPlugin:80 - create IPUIPlugin
2023-12-03 17:49:02,881 [INFO] PluginManager:220 - loadIPPluginJar : add adc
2023-12-03 17:49:02,883 [INFO] IPUIPlugin:80 - create IPUIPlugin
2023-12-03 17:49:02,883 [INFO] PluginManager:220 - loadIPPluginJar : add aes
2023-12-03 17:49:02,885 [INFO] IPUIPlugin:80 - create IPUIPlugin
2023-12-03 17:49:02,885 [INFO] PluginManager:220 - loadIPPluginJar : add can
2023-12-03 17:49:02,886 [INFO] IPUIPlugin:80 - create IPUIPlugin
2023-12-03 17:49:02,886 [INFO] PluginManager:220 - loadIPPluginJar : add comp
2023-12-03 17:49:02,888 [INFO] IPUIPlugin:80 - create IPUIPlugin
2023-12-03 17:49:02,888 [INFO] PluginManager:220 - loadIPPluginJar : add cryp
2023-12-03 17:49:02,889 [INFO] IPUIPlugin:80 - create IPUIPlugin
2023-12-03 17:49:02,889 [INFO] PluginManager:220 - loadIPPluginJar : add dfsdm
2023-12-03 17:49:02,893 [INFO] IPUIPlugin:80 - create IPUIPlugin
2023-12-03 17:49:02,894 [INFO] PluginManager:220 - loadIPPluginJar : add dma
2023-12-03 17:49:02,895 [INFO] IPUIPlugin:80 - create IPUIPlugin
2023-12-03 17:49:02,895 [INFO] PluginManager:220 - loadIPPluginJar : add dma3
2023-12-03 17:49:02,897 [INFO] IPUIPlugin:80 - create IPUIPlugin
2023-12-03 17:49:02,897 [INFO] PluginManager:220 - loadIPPluginJar : add fatfs
2023-12-03 17:49:02,900 [INFO] IPUIPlugin:80 - create IPUIPlugin
2023-12-03 17:49:02,900 [INFO] PluginManager:220 - loadIPPluginJar : add fmc
2023-12-03 17:49:02,903 [INFO] IPUIPlugin:80 - create IPUIPlugin
2023-12-03 17:49:02,903 [INFO] PluginManager:220 - loadIPPluginJar : add freertos
2023-12-03 17:49:02,904 [INFO] IPUIPlugin:80 - create IPUIPlugin
2023-12-03 17:49:02,905 [INFO] PluginManager:220 - loadIPPluginJar : add genericplugin
2023-12-03 17:49:02,906 [INFO] IPUIPlugin:80 - create IPUIPlugin
2023-12-03 17:49:02,906 [INFO] PluginManager:220 - loadIPPluginJar : add gfxmmu
2023-12-03 17:49:02,909 [INFO] IPUIPlugin:80 - create IPUIPlugin
2023-12-03 17:49:02,909 [INFO] PluginManager:220 - loadIPPluginJar : add gic
2023-12-03 17:49:02,912 [INFO] IPUIPlugin:80 - create IPUIPlugin
2023-12-03 17:49:02,912 [INFO] PluginManager:220 - loadIPPluginJar : add gpio
2023-12-03 17:49:02,913 [INFO] IPUIPlugin:80 - create IPUIPlugin
2023-12-03 17:49:02,914 [INFO] PluginManager:220 - loadIPPluginJar : add gtzc
2023-12-03 17:49:02,915 [INFO] IPUIPlugin:80 - create IPUIPlugin
2023-12-03 17:49:02,915 [INFO] PluginManager:220 - loadIPPluginJar : add hash
2023-12-03 17:49:02,917 [INFO] IPUIPlugin:80 - create IPUIPlugin
2023-12-03 17:49:02,917 [INFO] PluginManager:220 - loadIPPluginJar : add i2c
2023-12-03 17:49:02,919 [INFO] IPUIPlugin:80 - create IPUIPlugin
2023-12-03 17:49:02,919 [INFO] PluginManager:220 - loadIPPluginJar : add i2s
2023-12-03 17:49:02,921 [INFO] IPUIPlugin:80 - create IPUIPlugin
2023-12-03 17:49:02,921 [INFO] PluginManager:220 - loadIPPluginJar : add i3c
2023-12-03 17:49:02,923 [INFO] IPUIPlugin:80 - create IPUIPlugin
2023-12-03 17:49:02,923 [INFO] PluginManager:220 - loadIPPluginJar : add ipddr
2023-12-03 17:49:02,928 [INFO] IPUIPlugin:80 - create IPUIPlugin
2023-12-03 17:49:02,928 [INFO] PluginManager:220 - loadIPPluginJar : add linkedlist
2023-12-03 17:49:02,930 [INFO] IPUIPlugin:80 - create IPUIPlugin
2023-12-03 17:49:02,930 [INFO] PluginManager:220 - loadIPPluginJar : add lorawan
2023-12-03 17:49:02,931 [INFO] IPUIPlugin:80 - create IPUIPlugin
2023-12-03 17:49:02,931 [INFO] PluginManager:220 - loadIPPluginJar : add ltdc
2023-12-03 17:49:02,935 [INFO] IPUIPlugin:80 - create IPUIPlugin
2023-12-03 17:49:02,935 [INFO] PluginManager:220 - loadIPPluginJar : add mdma
2023-12-03 17:49:02,938 [INFO] IPUIPlugin:80 - create IPUIPlugin
2023-12-03 17:49:02,938 [INFO] PluginManager:220 - loadIPPluginJar : add nvic
2023-12-03 17:49:02,940 [INFO] IPUIPlugin:80 - create IPUIPlugin
2023-12-03 17:49:02,940 [INFO] PluginManager:220 - loadIPPluginJar : add opamp
2023-12-03 17:49:02,942 [INFO] IPUIPlugin:80 - create IPUIPlugin
2023-12-03 17:49:02,942 [INFO] PluginManager:220 - loadIPPluginJar : add openamp
2023-12-03 17:49:02,944 [INFO] IPUIPlugin:80 - create IPUIPlugin
2023-12-03 17:49:02,944 [INFO] PluginManager:220 - loadIPPluginJar : add pdm2pcm
2023-12-03 17:49:02,948 [INFO] IPUIPlugin:80 - create IPUIPlugin
2023-12-03 17:49:02,950 [INFO] PluginManager:220 - loadIPPluginJar : add plateformsettings
2023-12-03 17:49:02,951 [INFO] IPUIPlugin:80 - create IPUIPlugin
2023-12-03 17:49:02,951 [INFO] PluginManager:220 - loadIPPluginJar : add quadspi
2023-12-03 17:49:02,954 [INFO] IPUIPlugin:80 - create IPUIPlugin
2023-12-03 17:49:02,954 [INFO] PluginManager:220 - loadIPPluginJar : add resmgrutility
2023-12-03 17:49:02,956 [INFO] IPUIPlugin:80 - create IPUIPlugin
2023-12-03 17:49:02,956 [INFO] PluginManager:220 - loadIPPluginJar : add sai
2023-12-03 17:49:02,958 [INFO] IPUIPlugin:80 - create IPUIPlugin
2023-12-03 17:49:02,958 [INFO] PluginManager:220 - loadIPPluginJar : add spi
2023-12-03 17:49:02,961 [INFO] IPUIPlugin:80 - create IPUIPlugin
2023-12-03 17:49:02,961 [INFO] PluginManager:220 - loadIPPluginJar : add stm32_wpan
2023-12-03 17:49:02,963 [INFO] IPUIPlugin:80 - create IPUIPlugin
2023-12-03 17:49:02,963 [INFO] PluginManager:220 - loadIPPluginJar : add tim
2023-12-03 17:49:02,965 [INFO] IPUIPlugin:80 - create IPUIPlugin
2023-12-03 17:49:02,965 [INFO] PluginManager:220 - loadIPPluginJar : add touchsensing
2023-12-03 17:49:02,966 [INFO] IPUIPlugin:80 - create IPUIPlugin
2023-12-03 17:49:02,966 [INFO] PluginManager:220 - loadIPPluginJar : add tracer_emb
2023-12-03 17:49:02,967 [INFO] IPUIPlugin:80 - create IPUIPlugin
2023-12-03 17:49:02,967 [INFO] PluginManager:220 - loadIPPluginJar : add ts
2023-12-03 17:49:02,968 [INFO] IPUIPlugin:80 - create IPUIPlugin
2023-12-03 17:49:02,968 [INFO] PluginManager:220 - loadIPPluginJar : add tsc
2023-12-03 17:49:02,970 [INFO] IPUIPlugin:80 - create IPUIPlugin
2023-12-03 17:49:02,970 [INFO] PluginManager:220 - loadIPPluginJar : add ucpd
2023-12-03 17:49:02,971 [INFO] IPUIPlugin:80 - create IPUIPlugin
2023-12-03 17:49:02,972 [INFO] PluginManager:220 - loadIPPluginJar : add usart
2023-12-03 17:49:02,973 [INFO] IPUIPlugin:80 - create IPUIPlugin
2023-12-03 17:49:02,973 [INFO] PluginManager:220 - loadIPPluginJar : add usbx
2023-12-03 17:49:03,086 [INFO] CADModel:165 - CPN selected for project level
2023-12-03 17:49:03,086 [INFO] CADModel:114 - Register for checkConnection events
2023-12-03 17:49:03,087 [FATAL] Updater:308 - Updater called before beeing initialized
2023-12-03 17:49:03,087 [ERROR] CADModel:125 - Updater not yet initialized, retry later 
2023-12-03 17:49:03,180 [INFO] CADModel:165 - CPN selected for project level
2023-12-03 17:49:03,180 [INFO] CADModel:114 - Register for checkConnection events
2023-12-03 17:49:03,180 [FATAL] Updater:308 - Updater called before beeing initialized
2023-12-03 17:49:03,180 [ERROR] CADModel:125 - Updater not yet initialized, retry later 
2023-12-03 17:49:03,183 [FATAL] Updater:308 - Updater called before beeing initialized
2023-12-03 17:49:03,271 [FATAL] Updater:308 - Updater called before beeing initialized
2023-12-03 17:49:03,276 [INFO] DbMcusAds:53 - JSON generation date=Wed Nov 29 04:52:38 CST 2023 (1701255158764)
2023-12-03 17:49:03,276 [FATAL] Updater:308 - Updater called before beeing initialized
2023-12-03 17:49:03,304 [WARN] DetailPanel:346 - Failed to get advertising image, set to default
2023-12-03 17:49:03,386 [FATAL] Updater:308 - Updater called before beeing initialized
2023-12-03 17:49:03,387 [FATAL] Updater:308 - Updater called before beeing initialized
2023-12-03 17:49:03,387 [FATAL] Updater:308 - Updater called before beeing initialized
2023-12-03 17:49:03,387 [WARN] DetailPanel:346 - Failed to get advertising image, set to default
2023-12-03 17:49:03,388 [FATAL] Updater:308 - Updater called before beeing initialized
2023-12-03 17:49:03,423 [ERROR] Updater:1120 - MainUpdater not yet initialized. External WinMGr cannot be set.
2023-12-03 17:49:03,425 [INFO] Updater:1056 - Updater Version found : 6.9.2
2023-12-03 17:49:03,439 [INFO] ApplicationProperties:184 - Using Application install path: C:\ST\STM32CubeIDE_1.13.1\STM32CubeIDE\plugins\com.st.stm32cube.common.mx_6.9.2.202309101412
2023-12-03 17:49:03,746 [INFO] MainUpdater:2868 - connection check result : 10
2023-12-03 17:49:03,747 [INFO] MainUpdater:285 - Updater Check For Update Now.
2023-12-03 17:49:03,747 [INFO] MicroXplorer:498 - Change Database Version : DB.6.0.92
2023-12-03 17:49:03,750 [INFO] McuFinderGlobals:63 - Set McuFinder mode to 2 (CubeIDE integrated)
2023-12-03 17:49:03,750 [INFO] UserAuth:179 - activating auth plugin
2023-12-03 17:49:03,752 [INFO] UserAuth:393 - Internet connection configuration mode: 1
2023-12-03 17:49:03,764 [INFO] JxBrowserEngine:151 - Initiate JxBrowser Engine with user profile folder
2023-12-03 17:49:03,893 [INFO] CheckServerUpdateThread:120 - End of CheckServer Thread
2023-12-03 17:49:04,469 [INFO] WebApp:157 - Instantiating new browser for Auth
2023-12-03 17:49:04,886 [INFO] WebApp:753 - Register for checkConnection events
2023-12-03 17:49:04,886 [INFO] WebApp:390 - Apply proxy settings
2023-12-03 17:49:04,886 [INFO] WebApp:475 - Chromium requires no authentication
2023-12-03 17:49:04,891 [INFO] WebApp:418 - Direct internet connection detected
2023-12-03 17:49:04,987 [INFO] WebApp:188 - Starting web application
2023-12-03 17:49:04,987 [INFO] WebApp:520 - Web application path used C:\ST\STM32CubeIDE_1.13.1\STM32CubeIDE\plugins\com.st.stm32cube.common.mx_6.9.2.202309101412\db\plugins\mcufinder\reactClient1\index.html
2023-12-03 17:49:05,605 [WARN] PackLoader:240 - Cannot read IP mode file for STMicroelectronics.X-CUBE-SMBUS.2.1.0
2023-12-03 17:49:05,632 [WARN] PackLoader:240 - Cannot read IP mode file for STMicroelectronics.X-CUBE-AZRTOS-F7.1.1.0
2023-12-03 17:49:05,641 [WARN] PackLoader:240 - Cannot read IP mode file for STMicroelectronics.FP-SNS-MOTENV1.4.3.2
2023-12-03 17:49:05,646 [WARN] PackLoader:240 - Cannot read IP mode file for STMicroelectronics.FP-SNS-FLIGHT1.5.0.2
2023-12-03 17:49:05,653 [WARN] PackLoader:240 - Cannot read IP mode file for STMicroelectronics.X-CUBE-DISPLAY.3.0.0
2023-12-03 17:49:05,664 [WARN] PackLoader:240 - Cannot read IP mode file for STMicroelectronics.X-CUBE-BLE1.7.0.0
2023-12-03 17:49:05,669 [WARN] PackLoader:240 - Cannot read IP mode file for emotas.I-CUBE-CANOPEN.1.3.0
2023-12-03 17:49:05,675 [WARN] PackLoader:240 - Cannot read IP mode file for STMicroelectronics.X-CUBE-TOUCHGFX.4.22.1
2023-12-03 17:49:05,679 [WARN] PackLoader:240 - Cannot read IP mode file for STMicroelectronics.FP-SNS-SMARTAG2.1.2.0
2023-12-03 17:49:05,689 [INFO] LogOutputStream:77 - [STDOUT_REDIRECT] 1 : Invalid condition id : UX_CORESTACK_Condition cause : null
2023-12-03 17:49:05,689 [INFO] LogOutputStream:77 - [STDOUT_REDIRECT] 1 : Invalid condition id : UX_CORESTACK_Condition cause : null
2023-12-03 17:49:05,690 [INFO] LogOutputStream:77 - [STDOUT_REDIRECT] 1 : Invalid condition id : UX_CORESTACK_Condition cause : null
2023-12-03 17:49:05,692 [INFO] LogOutputStream:77 - [STDOUT_REDIRECT] 1 : Invalid condition id : UX_CORESTACK_Condition cause : null
2023-12-03 17:49:05,693 [INFO] LogOutputStream:77 - [STDOUT_REDIRECT] 1 : Invalid condition id : UX_CORESTACK_Condition cause : null
2023-12-03 17:49:05,696 [WARN] PackLoader:240 - Cannot read IP mode file for STMicroelectronics.X-CUBE-AZRTOS-WL.2.0.0
2023-12-03 17:49:05,705 [WARN] PackLoader:240 - Cannot read IP mode file for WES.I-CUBE-Cesium.1.3.0
2023-12-03 17:49:05,710 [WARN] PackLoader:240 - Cannot read IP mode file for STMicroelectronics.X-CUBE-BLE2.3.3.0
2023-12-03 17:49:05,716 [WARN] PackLoader:240 - Cannot read IP mode file for STMicroelectronics.X-CUBE-ALGOBUILD.1.3.0
2023-12-03 17:49:05,733 [WARN] PackLoader:240 - Cannot read IP mode file for STMicroelectronics.X-CUBE-AZRTOS-G0.1.1.0
2023-12-03 17:49:05,740 [WARN] PackLoader:240 - Cannot read IP mode file for STMicroelectronics.X-CUBE-NFC4.3.0.0
2023-12-03 17:49:05,747 [WARN] PackLoader:240 - Cannot read IP mode file for STMicroelectronics.X-CUBE-BLEMGR.3.0.0
2023-12-03 17:49:05,753 [WARN] PackLoader:240 - Cannot read IP mode file for STMicroelectronics.FP-ATR-SIGFOX1.3.2.0
2023-12-03 17:49:05,758 [WARN] PackLoader:240 - Cannot read IP mode file for STMicroelectronics.X-CUBE-GNSS1.6.0.0
2023-12-03 17:49:05,771 [WARN] PackLoader:240 - Cannot read IP mode file for STMicroelectronics.X-CUBE-AZRTOS-F4.1.1.0
2023-12-03 17:49:05,777 [WARN] PackLoader:240 - Cannot read IP mode file for wolfSSL.I-CUBE-wolfSSL.5.6.4
2023-12-03 17:49:05,790 [WARN] PackLoader:240 - Cannot read IP mode file for STMicroelectronics.X-CUBE-AZRTOS-L5.2.0.0
2023-12-03 17:49:05,796 [WARN] PackLoader:240 - Cannot read IP mode file for STMicroelectronics.X-CUBE-EEPRMA1.4.2.0
2023-12-03 17:49:05,802 [WARN] PackLoader:240 - Cannot read IP mode file for ITTIA_DB.I-CUBE-ITTIADB.8.8.0
2023-12-03 17:49:05,814 [WARN] ConditionMgr:438 - getConditionDescription Invalid condition id : UX DEVICE CLASS RTOS Condition cause : null
2023-12-03 17:49:05,814 [WARN] ConditionMgr:438 - getConditionDescription Invalid condition id : UX DEVICE CLASS RTOS Condition cause : null
2023-12-03 17:49:05,817 [WARN] PackLoader:240 - Cannot read IP mode file for STMicroelectronics.X-CUBE-AZRTOS-H7.3.1.0
2023-12-03 17:49:05,818 [WARN] ConditionMgr:1039 - genDependencies : Invalid condition id : UX DEVICE CLASS RTOS Condition cause : null
2023-12-03 17:49:05,818 [WARN] ConditionMgr:1039 - genDependencies : Invalid condition id : UX DEVICE CLASS RTOS Condition cause : null
2023-12-03 17:49:05,818 [WARN] ConditionMgr:1039 - genDependencies : Invalid condition id : UX DEVICE CLASS RTOS Condition cause : null
2023-12-03 17:49:05,819 [WARN] ConditionMgr:1039 - genDependencies : Invalid condition id : UX DEVICE CLASS RTOS Condition cause : null
2023-12-03 17:49:05,819 [WARN] ConditionMgr:1039 - genDependencies : Invalid condition id : UX DEVICE CLASS RTOS Condition cause : null
2023-12-03 17:49:05,824 [WARN] PackLoader:240 - Cannot read IP mode file for STMicroelectronics.X-CUBE-NFC7.1.0.1
2023-12-03 17:49:05,830 [WARN] PackLoader:240 - Cannot read IP mode file for STMicroelectronics.X-CUBE-NFC6.3.0.0
2023-12-03 17:49:05,836 [WARN] PackLoader:240 - Cannot read IP mode file for STMicroelectronics.X-CUBE-AI.8.1.0
2023-12-03 17:49:05,845 [WARN] ConditionMgr:438 - getConditionDescription Invalid condition id : LAN8742 Phy interface Condition cause : null
2023-12-03 17:49:05,845 [WARN] PackLoader:240 - Cannot read IP mode file for STMicroelectronics.X-CUBE-AZRTOS-L4.2.0.0
2023-12-03 17:49:05,846 [WARN] ConditionMgr:1039 - genDependencies : Invalid condition id : LAN8742 Phy interface Condition cause : null
2023-12-03 17:49:05,846 [WARN] ConditionMgr:1039 - genDependencies : Invalid condition id : LAN8742 Phy interface Condition cause : null
2023-12-03 17:49:05,846 [WARN] ConditionMgr:1039 - genDependencies : Invalid condition id : LAN8742 Phy interface Condition cause : null
2023-12-03 17:49:05,851 [WARN] PackLoader:240 - Cannot read IP mode file for STMicroelectronics.X-CUBE-SFXS2LP1.4.0.0
2023-12-03 17:49:05,855 [WARN] PackLoader:240 - Cannot read IP mode file for STMicroelectronics.X-CUBE-ISPU.1.1.0
2023-12-03 17:49:05,862 [WARN] ConditionMgr:438 - getConditionDescription Invalid condition id : UX DEVICE CLASS RTOS Condition cause : null
2023-12-03 17:49:05,862 [WARN] ConditionMgr:438 - getConditionDescription Invalid condition id : UX DEVICE CLASS RTOS Condition cause : null
2023-12-03 17:49:05,863 [WARN] PackLoader:240 - Cannot read IP mode file for STMicroelectronics.X-CUBE-AZRTOS-WB.2.0.0
2023-12-03 17:49:05,864 [WARN] ConditionMgr:1039 - genDependencies : Invalid condition id : UX DEVICE CLASS RTOS Condition cause : null
2023-12-03 17:49:05,864 [WARN] ConditionMgr:1039 - genDependencies : Invalid condition id : UX DEVICE CLASS RTOS Condition cause : null
2023-12-03 17:49:05,864 [WARN] ConditionMgr:1039 - genDependencies : Invalid condition id : UX DEVICE CLASS RTOS Condition cause : null
2023-12-03 17:49:05,864 [WARN] ConditionMgr:1039 - genDependencies : Invalid condition id : UX DEVICE CLASS RTOS Condition cause : null
2023-12-03 17:49:05,864 [WARN] ConditionMgr:1039 - genDependencies : Invalid condition id : UX DEVICE CLASS RTOS Condition cause : null
2023-12-03 17:49:05,870 [WARN] PackLoader:240 - Cannot read IP mode file for STMicroelectronics.X-CUBE-SUBG2.5.0.0
2023-12-03 17:49:05,878 [WARN] PackLoader:240 - Cannot read IP mode file for STMicroelectronics.X-CUBE-TOF1.3.3.1
2023-12-03 17:49:05,893 [WARN] PackLoader:240 - Cannot read IP mode file for STMicroelectronics.X-CUBE-AZRTOS-G4.2.0.0
2023-12-03 17:49:05,902 [WARN] PackLoader:240 - Cannot read IP mode file for Infineon.AIROC-Wi-Fi-Bluetooth-STM32.1.5.1
2023-12-03 17:49:05,907 [WARN] PackLoader:240 - Cannot read IP mode file for STMicroelectronics.FP-SNS-MOTENVWB1.1.3.0
2023-12-03 17:49:05,910 [WARN] PackLoader:240 - Cannot read IP mode file for STMicroelectronics.FP-SNS-MOTENVWB1.1.3.1
2023-12-03 17:49:05,929 [WARN] PackLoader:240 - Cannot read IP mode file for STMicroelectronics.X-CUBE-MEMS1.10.0.0
2023-12-03 17:49:05,989 [WARN] PackLoader:240 - Cannot read IP mode file for STMicroelectronics.X-CUBE-FREERTOS.1.1.0
2023-12-03 17:49:05,994 [WARN] PackLoader:240 - Cannot read IP mode file for portGmbH.I-Cube-SoM-uGOAL.1.1.0
2023-12-03 17:49:05,998 [WARN] PackLoader:240 - Cannot read IP mode file for STMicroelectronics.X-CUBE-ALS.1.0.1
2023-12-03 17:49:06,001 [WARN] PackLoader:240 - Cannot read IP mode file for STMicroelectronics.FP-ATR-ASTRA1.2.0.0
2023-12-03 17:49:06,011 [WARN] PackLoader:240 - Cannot read IP mode file for STMicroelectronics.X-CUBE-TOF1.3.4.0
2023-12-03 17:49:06,017 [INFO] ThirdParty:978 - Integrity check success = true
2023-12-03 17:49:06,018 [INFO] IntegrityCheckThread:100 - exiting critical section [integrity check]
2023-12-03 17:49:06,018 [INFO] IntegrityCheckThread:103 - End integrity checks thread
2023-12-03 17:49:20,753 [ERROR] LogOutputStream:75 - [STDERR_REDIRECT] SLF4J: Failed to load class "org.slf4j.impl.StaticLoggerBinder".
2023-12-03 17:49:20,753 [ERROR] LogOutputStream:75 - [STDERR_REDIRECT] SLF4J: Defaulting to no-operation (NOP) logger implementation
2023-12-03 17:49:20,754 [ERROR] LogOutputStream:75 - [STDERR_REDIRECT] SLF4J: See http://www.slf4j.org/codes.html#StaticLoggerBinder for further details.
2023-12-03 17:49:38,191 [ERROR] LogOutputStream:75 - [STDERR_REDIRECT] 
2023-12-03 17:51:45,088 [INFO] Activator:176 - 


2023-12-03 17:51:45,088 [INFO] Activator:177 - !SESSION log4j initialized
2023-12-03 17:51:47,286 [INFO] LogOutputStream:77 - [STDOUT_REDIRECT] 
2023-12-03 17:51:48,755 [INFO] ApplicationProperties:184 - Using Application install path: C:\ST\STM32CubeIDE_1.13.1\STM32CubeIDE\plugins\com.st.stm32cube.common.mx_6.9.2.202309101412
2023-12-03 17:51:48,775 [INFO] DbMcusXml:78 - Set database path to: C:\ST\STM32CubeIDE_1.13.1\STM32CubeIDE\plugins\com.st.stm32cube.common.mx_6.9.2.202309101412\\db\/mcu/
2023-12-03 17:51:48,775 [INFO] ApiDb:274 - Set plugin database path to: C:\ST\STM32CubeIDE_1.13.1\STM32CubeIDE\plugins\com.st.stm32cube.common.mx_6.9.2.202309101412\\db\/plugins/boardmanager/
2023-12-03 17:51:48,775 [WARN] ApiDb:259 - Overriding images path with different value:  => C:\ST\STM32CubeIDE_1.13.1\STM32CubeIDE\plugins\com.st.stm32cube.common.mx_6.9.2.202309101412\\db\/plugins/mcufinder/images/
2023-12-03 17:51:48,784 [INFO] ApiDb:250 - Set database path to: C:\Users\eboyer2\.stmcufinder\plugins\mcufinder//mcu/
2023-12-03 17:51:48,785 [INFO] DbMcusAds:125 - Set database path to: C:\Users\eboyer2\.stmcufinder\plugins\mcufinder//mcu/
2023-12-03 17:51:48,787 [INFO] CrossReferenceDbSqlite:203 - Set database path to: C:\Users\eboyer2\.stmcufinder\plugins\mcufinder//mcu/cs/
2023-12-03 17:51:48,885 [INFO] RulesReader:64 - Compatibility file has been processed (293 Rules)
2023-12-03 17:51:48,977 [INFO] DbMcusXml:78 - Set database path to: C:\ST\STM32CubeIDE_1.13.1\STM32CubeIDE\plugins\com.st.stm32cube.common.mx_6.9.2.202309101412\\db\/mcu/
2023-12-03 17:51:48,977 [INFO] ApiDb:274 - Set plugin database path to: C:\ST\STM32CubeIDE_1.13.1\STM32CubeIDE\plugins\com.st.stm32cube.common.mx_6.9.2.202309101412\\db\/plugins/boardmanager/
2023-12-03 17:51:48,977 [INFO] ApiDb:261 - Set plugin images path to: C:\ST\STM32CubeIDE_1.13.1\STM32CubeIDE\plugins\com.st.stm32cube.common.mx_6.9.2.202309101412\\db\/plugins/mcufinder/images/
2023-12-03 17:51:48,978 [WARN] DbFile:41 - Overriding database path with different value: C:\Users\eboyer2\.stmcufinder\plugins\mcufinder/ => C:\Users\eboyer2\.stmcufinder\plugins\mcufinder
2023-12-03 17:51:48,978 [INFO] ApiDb:250 - Set database path to: C:\Users\eboyer2\.stmcufinder\plugins\mcufinder//mcu/
2023-12-03 17:51:48,978 [WARN] DbFile:41 - Overriding database path with different value: C:\Users\eboyer2\.stmcufinder\plugins\mcufinder/ => C:\Users\eboyer2\.stmcufinder\plugins\mcufinder
2023-12-03 17:51:48,978 [INFO] DbMcusAds:125 - Set database path to: C:\Users\eboyer2\.stmcufinder\plugins\mcufinder//mcu/
2023-12-03 17:51:48,978 [WARN] DbFile:41 - Overriding database path with different value: C:\Users\eboyer2\.stmcufinder\plugins\mcufinder/ => C:\Users\eboyer2\.stmcufinder\plugins\mcufinder
2023-12-03 17:51:48,978 [WARN] DbFile:41 - Overriding database path with different value: C:\Users\eboyer2\.stmcufinder\plugins\mcufinder/ => C:\Users\eboyer2\.stmcufinder\plugins\mcufinder
2023-12-03 17:51:48,978 [INFO] CrossReferenceDbSqlite:203 - Set database path to: C:\Users\eboyer2\.stmcufinder\plugins\mcufinder//mcu/cs/
2023-12-03 17:51:49,041 [INFO] MainPanel:262 - HeapMemory: 268435456
2023-12-03 17:51:49,088 [INFO] DbMcusXml:78 - Set database path to: C:\ST\STM32CubeIDE_1.13.1\STM32CubeIDE\plugins\com.st.stm32cube.common.mx_6.9.2.202309101412\\db\/mcu/
2023-12-03 17:51:49,088 [INFO] ApiDb:274 - Set plugin database path to: C:\ST\STM32CubeIDE_1.13.1\STM32CubeIDE\plugins\com.st.stm32cube.common.mx_6.9.2.202309101412\\db\/plugins/boardmanager/
2023-12-03 17:51:49,088 [INFO] ApiDb:261 - Set plugin images path to: C:\ST\STM32CubeIDE_1.13.1\STM32CubeIDE\plugins\com.st.stm32cube.common.mx_6.9.2.202309101412\\db\/plugins/mcufinder/images/
2023-12-03 17:51:49,088 [WARN] DbFile:41 - Overriding database path with different value: C:\Users\eboyer2\.stmcufinder\plugins\mcufinder/ => C:\Users\eboyer2\.stmcufinder\plugins\mcufinder
2023-12-03 17:51:49,088 [INFO] ApiDb:250 - Set database path to: C:\Users\eboyer2\.stmcufinder\plugins\mcufinder//mcu/
2023-12-03 17:51:49,088 [WARN] DbFile:41 - Overriding database path with different value: C:\Users\eboyer2\.stmcufinder\plugins\mcufinder/ => C:\Users\eboyer2\.stmcufinder\plugins\mcufinder
2023-12-03 17:51:49,088 [INFO] DbMcusAds:125 - Set database path to: C:\Users\eboyer2\.stmcufinder\plugins\mcufinder//mcu/
2023-12-03 17:51:49,089 [WARN] DbFile:41 - Overriding database path with different value: C:\Users\eboyer2\.stmcufinder\plugins\mcufinder/ => C:\Users\eboyer2\.stmcufinder\plugins\mcufinder
2023-12-03 17:51:49,089 [WARN] DbFile:41 - Overriding database path with different value: C:\Users\eboyer2\.stmcufinder\plugins\mcufinder/ => C:\Users\eboyer2\.stmcufinder\plugins\mcufinder
2023-12-03 17:51:49,089 [INFO] CrossReferenceDbSqlite:203 - Set database path to: C:\Users\eboyer2\.stmcufinder\plugins\mcufinder//mcu/cs/
2023-12-03 17:51:49,105 [INFO] ApplicationProperties:184 - Using Application install path: C:\ST\STM32CubeIDE_1.13.1\STM32CubeIDE\plugins\com.st.stm32cube.common.mx_6.9.2.202309101412
2023-12-03 17:51:49,106 [INFO] PluginManage:196 - Search for loadable plugins [exclusion list=, ]
2023-12-03 17:51:49,107 [INFO] PluginManage:310 - Check plugin analytics
2023-12-03 17:51:49,245 [INFO] AnalyticsPlugin:253 - Accepted Software Licenses: 
2023-12-03 17:51:49,245 [INFO] AnalyticsPlugin:255 - Accepted CMSIS Pack Licenses: 
2023-12-03 17:51:49,245 [INFO] AnalyticsPlugin:257 - Accepted Firmware Licenses: 
2023-12-03 17:51:49,251 [INFO] PluginManage:359 - Loaded plugin analytics (category:tool,tabindex:-1)
2023-12-03 17:51:49,252 [INFO] PluginManage:310 - Check plugin cadmodel
2023-12-03 17:51:49,257 [INFO] CADModel:105 - Init CAD model plugin
2023-12-03 17:51:49,258 [INFO] PluginManage:359 - Loaded plugin cadmodel (category:power,tabindex:5)
2023-12-03 17:51:49,258 [INFO] PluginManage:310 - Check plugin clock
2023-12-03 17:51:49,266 [INFO] PluginManage:359 - Loaded plugin clock (category:base,tabindex:2)
2023-12-03 17:51:49,266 [INFO] PluginManage:310 - Check plugin ddr
2023-12-03 17:51:49,267 [INFO] PluginManage:359 - Loaded plugin ddr (category:tool,tabindex:6)
2023-12-03 17:51:49,268 [INFO] PluginManage:310 - Check plugin filemanager
2023-12-03 17:51:49,371 [INFO] PluginManage:359 - Loaded plugin filemanager (category:base,tabindex:10)
2023-12-03 17:51:49,372 [INFO] PluginManage:310 - Check plugin ipmanager
2023-12-03 17:51:49,387 [INFO] PluginManage:359 - Loaded plugin ipmanager (category:base,tabindex:5)
2023-12-03 17:51:49,387 [INFO] PluginManage:310 - Check plugin lpbam
2023-12-03 17:51:49,394 [INFO] PluginManage:359 - Loaded plugin lpbam (category:base,tabindex:0)
2023-12-03 17:51:49,394 [INFO] PluginManage:310 - Check plugin memorymap
2023-12-03 17:51:49,406 [INFO] PluginManage:359 - Loaded plugin memorymap (category:base,tabindex:4)
2023-12-03 17:51:49,406 [INFO] PluginManage:310 - Check plugin pinoutandconfiguration
2023-12-03 17:51:49,413 [INFO] PluginManage:359 - Loaded plugin pinoutandconfiguration (category:base,tabindex:1)
2023-12-03 17:51:49,413 [INFO] PluginManage:310 - Check plugin pinoutconfig
2023-12-03 17:51:49,474 [WARN] SupportedApi:132 - Cannot load RTOS API schema: s4s-elt-must-match.1: The content of 'definitions' must match (annotation?, (simpleType | complexType)?, (unique | key | keyref)*)). A problem was found starting at: attribute.
2023-12-03 17:51:49,563 [INFO] PluginManage:359 - Loaded plugin pinoutconfig (category:base,tabindex:0)
2023-12-03 17:51:49,563 [INFO] PluginManage:310 - Check plugin power
2023-12-03 17:51:49,570 [INFO] PluginManage:359 - Loaded plugin power (category:power,tabindex:4)
2023-12-03 17:51:49,571 [INFO] PluginManage:310 - Check plugin projectmanager
2023-12-03 17:51:49,583 [INFO] PluginManage:359 - Loaded plugin projectmanager (category:projectmanager,tabindex:3)
2023-12-03 17:51:49,583 [INFO] PluginManage:310 - Check plugin thirdparty
2023-12-03 17:51:49,753 [WARN] IntegrityCheckThread:84 - waiting for thirdparty lock release [integrity check]
2023-12-03 17:51:49,754 [INFO] IntegrityCheckThread:86 - entering critical section [integrity check]
2023-12-03 17:51:49,755 [INFO] PluginManage:359 - Loaded plugin thirdparty (category:base,tabindex:-1)
2023-12-03 17:51:49,755 [INFO] PluginManage:310 - Check plugin tools
2023-12-03 17:51:49,755 [INFO] ThirdPartyUpdaterWithRetryManager:70 - Updater plugin not ready yet. [1/15]
2023-12-03 17:51:49,760 [INFO] PluginManage:359 - Loaded plugin tools (category:base,tabindex:7)
2023-12-03 17:51:49,760 [INFO] PluginManage:310 - Check plugin tutovideos
2023-12-03 17:51:49,894 [INFO] PluginManage:359 - Loaded plugin tutovideos (category:base,tabindex:-1)
2023-12-03 17:51:49,894 [INFO] PluginManage:310 - Check plugin updater
2023-12-03 17:51:49,906 [INFO] PluginManage:359 - Loaded plugin updater (category:base,tabindex:12)
2023-12-03 17:51:49,906 [INFO] PluginManage:310 - Check plugin userauth
2023-12-03 17:51:49,910 [INFO] UserAuth:113 - Init User Auth plugin
2023-12-03 17:51:49,910 [INFO] PluginManage:359 - Loaded plugin userauth (category:base,tabindex:14)
2023-12-03 17:51:49,910 [INFO] PluginManage:283 - PluginManage : Loaded plugins [17]
2023-12-03 17:51:50,120 [INFO] PinOutPanel:1499 - setPackage(No Configuration,No Configuration)
2023-12-03 17:51:50,222 [INFO] CADModel:165 - CPN selected for project level
2023-12-03 17:51:50,222 [INFO] CADModel:114 - Register for checkConnection events
2023-12-03 17:51:50,234 [INFO] IPUIPlugin:80 - create IPUIPlugin
2023-12-03 17:51:50,234 [INFO] PluginManager:220 - loadIPPluginJar : add adc
2023-12-03 17:51:50,236 [INFO] IPUIPlugin:80 - create IPUIPlugin
2023-12-03 17:51:50,236 [INFO] PluginManager:220 - loadIPPluginJar : add aes
2023-12-03 17:51:50,238 [INFO] IPUIPlugin:80 - create IPUIPlugin
2023-12-03 17:51:50,238 [INFO] PluginManager:220 - loadIPPluginJar : add can
2023-12-03 17:51:50,239 [INFO] IPUIPlugin:80 - create IPUIPlugin
2023-12-03 17:51:50,239 [INFO] PluginManager:220 - loadIPPluginJar : add comp
2023-12-03 17:51:50,241 [INFO] IPUIPlugin:80 - create IPUIPlugin
2023-12-03 17:51:50,241 [INFO] PluginManager:220 - loadIPPluginJar : add cryp
2023-12-03 17:51:50,242 [INFO] IPUIPlugin:80 - create IPUIPlugin
2023-12-03 17:51:50,243 [INFO] PluginManager:220 - loadIPPluginJar : add dfsdm
2023-12-03 17:51:50,246 [INFO] IPUIPlugin:80 - create IPUIPlugin
2023-12-03 17:51:50,247 [INFO] PluginManager:220 - loadIPPluginJar : add dma
2023-12-03 17:51:50,248 [INFO] IPUIPlugin:80 - create IPUIPlugin
2023-12-03 17:51:50,248 [INFO] PluginManager:220 - loadIPPluginJar : add dma3
2023-12-03 17:51:50,249 [INFO] IPUIPlugin:80 - create IPUIPlugin
2023-12-03 17:51:50,249 [INFO] PluginManager:220 - loadIPPluginJar : add fatfs
2023-12-03 17:51:50,252 [INFO] IPUIPlugin:80 - create IPUIPlugin
2023-12-03 17:51:50,252 [INFO] PluginManager:220 - loadIPPluginJar : add fmc
2023-12-03 17:51:50,256 [INFO] IPUIPlugin:80 - create IPUIPlugin
2023-12-03 17:51:50,256 [INFO] PluginManager:220 - loadIPPluginJar : add freertos
2023-12-03 17:51:50,257 [INFO] IPUIPlugin:80 - create IPUIPlugin
2023-12-03 17:51:50,257 [INFO] PluginManager:220 - loadIPPluginJar : add genericplugin
2023-12-03 17:51:50,258 [INFO] IPUIPlugin:80 - create IPUIPlugin
2023-12-03 17:51:50,258 [INFO] PluginManager:220 - loadIPPluginJar : add gfxmmu
2023-12-03 17:51:50,261 [INFO] IPUIPlugin:80 - create IPUIPlugin
2023-12-03 17:51:50,261 [INFO] PluginManager:220 - loadIPPluginJar : add gic
2023-12-03 17:51:50,264 [INFO] IPUIPlugin:80 - create IPUIPlugin
2023-12-03 17:51:50,264 [INFO] PluginManager:220 - loadIPPluginJar : add gpio
2023-12-03 17:51:50,265 [INFO] IPUIPlugin:80 - create IPUIPlugin
2023-12-03 17:51:50,265 [INFO] PluginManager:220 - loadIPPluginJar : add gtzc
2023-12-03 17:51:50,267 [INFO] IPUIPlugin:80 - create IPUIPlugin
2023-12-03 17:51:50,267 [INFO] PluginManager:220 - loadIPPluginJar : add hash
2023-12-03 17:51:50,269 [INFO] IPUIPlugin:80 - create IPUIPlugin
2023-12-03 17:51:50,269 [INFO] PluginManager:220 - loadIPPluginJar : add i2c
2023-12-03 17:51:50,270 [INFO] IPUIPlugin:80 - create IPUIPlugin
2023-12-03 17:51:50,270 [INFO] PluginManager:220 - loadIPPluginJar : add i2s
2023-12-03 17:51:50,272 [INFO] IPUIPlugin:80 - create IPUIPlugin
2023-12-03 17:51:50,272 [INFO] PluginManager:220 - loadIPPluginJar : add i3c
2023-12-03 17:51:50,274 [INFO] IPUIPlugin:80 - create IPUIPlugin
2023-12-03 17:51:50,274 [INFO] PluginManager:220 - loadIPPluginJar : add ipddr
2023-12-03 17:51:50,279 [INFO] IPUIPlugin:80 - create IPUIPlugin
2023-12-03 17:51:50,279 [INFO] PluginManager:220 - loadIPPluginJar : add linkedlist
2023-12-03 17:51:50,281 [INFO] IPUIPlugin:80 - create IPUIPlugin
2023-12-03 17:51:50,281 [INFO] PluginManager:220 - loadIPPluginJar : add lorawan
2023-12-03 17:51:50,282 [INFO] IPUIPlugin:80 - create IPUIPlugin
2023-12-03 17:51:50,282 [INFO] PluginManager:220 - loadIPPluginJar : add ltdc
2023-12-03 17:51:50,286 [INFO] IPUIPlugin:80 - create IPUIPlugin
2023-12-03 17:51:50,286 [INFO] PluginManager:220 - loadIPPluginJar : add mdma
2023-12-03 17:51:50,289 [INFO] IPUIPlugin:80 - create IPUIPlugin
2023-12-03 17:51:50,289 [INFO] PluginManager:220 - loadIPPluginJar : add nvic
2023-12-03 17:51:50,291 [INFO] IPUIPlugin:80 - create IPUIPlugin
2023-12-03 17:51:50,291 [INFO] PluginManager:220 - loadIPPluginJar : add opamp
2023-12-03 17:51:50,292 [INFO] IPUIPlugin:80 - create IPUIPlugin
2023-12-03 17:51:50,292 [INFO] PluginManager:220 - loadIPPluginJar : add openamp
2023-12-03 17:51:50,294 [INFO] IPUIPlugin:80 - create IPUIPlugin
2023-12-03 17:51:50,294 [INFO] PluginManager:220 - loadIPPluginJar : add pdm2pcm
2023-12-03 17:51:50,298 [INFO] IPUIPlugin:80 - create IPUIPlugin
2023-12-03 17:51:50,300 [INFO] PluginManager:220 - loadIPPluginJar : add plateformsettings
2023-12-03 17:51:50,301 [INFO] IPUIPlugin:80 - create IPUIPlugin
2023-12-03 17:51:50,301 [INFO] PluginManager:220 - loadIPPluginJar : add quadspi
2023-12-03 17:51:50,303 [INFO] IPUIPlugin:80 - create IPUIPlugin
2023-12-03 17:51:50,304 [INFO] PluginManager:220 - loadIPPluginJar : add resmgrutility
2023-12-03 17:51:50,305 [INFO] IPUIPlugin:80 - create IPUIPlugin
2023-12-03 17:51:50,305 [INFO] PluginManager:220 - loadIPPluginJar : add sai
2023-12-03 17:51:50,307 [INFO] IPUIPlugin:80 - create IPUIPlugin
2023-12-03 17:51:50,307 [INFO] PluginManager:220 - loadIPPluginJar : add spi
2023-12-03 17:51:50,311 [INFO] IPUIPlugin:80 - create IPUIPlugin
2023-12-03 17:51:50,311 [INFO] PluginManager:220 - loadIPPluginJar : add stm32_wpan
2023-12-03 17:51:50,313 [INFO] IPUIPlugin:80 - create IPUIPlugin
2023-12-03 17:51:50,313 [INFO] PluginManager:220 - loadIPPluginJar : add tim
2023-12-03 17:51:50,315 [INFO] IPUIPlugin:80 - create IPUIPlugin
2023-12-03 17:51:50,316 [INFO] PluginManager:220 - loadIPPluginJar : add touchsensing
2023-12-03 17:51:50,317 [INFO] IPUIPlugin:80 - create IPUIPlugin
2023-12-03 17:51:50,317 [INFO] PluginManager:220 - loadIPPluginJar : add tracer_emb
2023-12-03 17:51:50,318 [INFO] IPUIPlugin:80 - create IPUIPlugin
2023-12-03 17:51:50,319 [INFO] PluginManager:220 - loadIPPluginJar : add ts
2023-12-03 17:51:50,320 [INFO] IPUIPlugin:80 - create IPUIPlugin
2023-12-03 17:51:50,320 [INFO] PluginManager:220 - loadIPPluginJar : add tsc
2023-12-03 17:51:50,322 [INFO] IPUIPlugin:80 - create IPUIPlugin
2023-12-03 17:51:50,322 [INFO] PluginManager:220 - loadIPPluginJar : add ucpd
2023-12-03 17:51:50,324 [INFO] IPUIPlugin:80 - create IPUIPlugin
2023-12-03 17:51:50,324 [INFO] PluginManager:220 - loadIPPluginJar : add usart
2023-12-03 17:51:50,326 [INFO] IPUIPlugin:80 - create IPUIPlugin
2023-12-03 17:51:50,326 [INFO] PluginManager:220 - loadIPPluginJar : add usbx
2023-12-03 17:51:50,443 [INFO] CADModel:165 - CPN selected for project level
2023-12-03 17:51:50,444 [INFO] CADModel:114 - Register for checkConnection events
2023-12-03 17:51:50,444 [FATAL] Updater:308 - Updater called before beeing initialized
2023-12-03 17:51:50,444 [ERROR] CADModel:125 - Updater not yet initialized, retry later 
2023-12-03 17:51:50,535 [INFO] CADModel:165 - CPN selected for project level
2023-12-03 17:51:50,535 [INFO] CADModel:114 - Register for checkConnection events
2023-12-03 17:51:50,535 [FATAL] Updater:308 - Updater called before beeing initialized
2023-12-03 17:51:50,535 [ERROR] CADModel:125 - Updater not yet initialized, retry later 
2023-12-03 17:51:50,538 [FATAL] Updater:308 - Updater called before beeing initialized
2023-12-03 17:51:50,626 [FATAL] Updater:308 - Updater called before beeing initialized
2023-12-03 17:51:50,631 [INFO] DbMcusAds:53 - JSON generation date=Wed Nov 29 04:52:38 CST 2023 (1701255158764)
2023-12-03 17:51:50,631 [FATAL] Updater:308 - Updater called before beeing initialized
2023-12-03 17:51:50,660 [WARN] DetailPanel:346 - Failed to get advertising image, set to default
2023-12-03 17:51:50,738 [FATAL] Updater:308 - Updater called before beeing initialized
2023-12-03 17:51:50,740 [FATAL] Updater:308 - Updater called before beeing initialized
2023-12-03 17:51:50,740 [FATAL] Updater:308 - Updater called before beeing initialized
2023-12-03 17:51:50,740 [WARN] DetailPanel:346 - Failed to get advertising image, set to default
2023-12-03 17:51:50,741 [FATAL] Updater:308 - Updater called before beeing initialized
2023-12-03 17:51:50,772 [ERROR] Updater:1120 - MainUpdater not yet initialized. External WinMGr cannot be set.
2023-12-03 17:51:50,773 [INFO] Updater:1056 - Updater Version found : 6.9.2
2023-12-03 17:51:50,787 [INFO] ApplicationProperties:184 - Using Application install path: C:\ST\STM32CubeIDE_1.13.1\STM32CubeIDE\plugins\com.st.stm32cube.common.mx_6.9.2.202309101412
2023-12-03 17:51:50,976 [INFO] MainUpdater:2868 - connection check result : 10
2023-12-03 17:51:50,977 [INFO] MainUpdater:285 - Updater Check For Update Now.
2023-12-03 17:51:50,977 [INFO] MicroXplorer:498 - Change Database Version : DB.6.0.92
2023-12-03 17:51:50,982 [INFO] McuFinderGlobals:63 - Set McuFinder mode to 2 (CubeIDE integrated)
2023-12-03 17:51:50,982 [INFO] UserAuth:179 - activating auth plugin
2023-12-03 17:51:50,984 [INFO] UserAuth:393 - Internet connection configuration mode: 1
2023-12-03 17:51:50,996 [INFO] JxBrowserEngine:151 - Initiate JxBrowser Engine with user profile folder
2023-12-03 17:51:51,126 [INFO] CheckServerUpdateThread:120 - End of CheckServer Thread
2023-12-03 17:51:51,654 [INFO] WebApp:157 - Instantiating new browser for Auth
2023-12-03 17:51:52,054 [INFO] WebApp:753 - Register for checkConnection events
2023-12-03 17:51:52,054 [INFO] WebApp:390 - Apply proxy settings
2023-12-03 17:51:52,054 [INFO] WebApp:475 - Chromium requires no authentication
2023-12-03 17:51:52,059 [INFO] WebApp:418 - Direct internet connection detected
2023-12-03 17:51:52,160 [INFO] WebApp:188 - Starting web application
2023-12-03 17:51:52,161 [INFO] WebApp:520 - Web application path used C:\ST\STM32CubeIDE_1.13.1\STM32CubeIDE\plugins\com.st.stm32cube.common.mx_6.9.2.202309101412\db\plugins\mcufinder\reactClient1\index.html
2023-12-03 17:51:52,896 [WARN] PackLoader:240 - Cannot read IP mode file for STMicroelectronics.X-CUBE-SMBUS.2.1.0
2023-12-03 17:51:52,925 [WARN] PackLoader:240 - Cannot read IP mode file for STMicroelectronics.X-CUBE-AZRTOS-F7.1.1.0
2023-12-03 17:51:52,934 [WARN] PackLoader:240 - Cannot read IP mode file for STMicroelectronics.FP-SNS-MOTENV1.4.3.2
2023-12-03 17:51:52,939 [WARN] PackLoader:240 - Cannot read IP mode file for STMicroelectronics.FP-SNS-FLIGHT1.5.0.2
2023-12-03 17:51:52,946 [WARN] PackLoader:240 - Cannot read IP mode file for STMicroelectronics.X-CUBE-DISPLAY.3.0.0
2023-12-03 17:51:52,955 [WARN] PackLoader:240 - Cannot read IP mode file for STMicroelectronics.X-CUBE-BLE1.7.0.0
2023-12-03 17:51:52,960 [WARN] PackLoader:240 - Cannot read IP mode file for emotas.I-CUBE-CANOPEN.1.3.0
2023-12-03 17:51:52,964 [WARN] PackLoader:240 - Cannot read IP mode file for STMicroelectronics.X-CUBE-TOUCHGFX.4.22.1
2023-12-03 17:51:52,968 [WARN] PackLoader:240 - Cannot read IP mode file for STMicroelectronics.FP-SNS-SMARTAG2.1.2.0
2023-12-03 17:51:52,978 [INFO] LogOutputStream:77 - [STDOUT_REDIRECT] 1 : Invalid condition id : UX_CORESTACK_Condition cause : null
2023-12-03 17:51:52,979 [INFO] LogOutputStream:77 - [STDOUT_REDIRECT] 1 : Invalid condition id : UX_CORESTACK_Condition cause : null
2023-12-03 17:51:52,980 [INFO] LogOutputStream:77 - [STDOUT_REDIRECT] 1 : Invalid condition id : UX_CORESTACK_Condition cause : null
2023-12-03 17:51:52,981 [INFO] LogOutputStream:77 - [STDOUT_REDIRECT] 1 : Invalid condition id : UX_CORESTACK_Condition cause : null
2023-12-03 17:51:52,982 [INFO] LogOutputStream:77 - [STDOUT_REDIRECT] 1 : Invalid condition id : UX_CORESTACK_Condition cause : null
2023-12-03 17:51:52,985 [WARN] PackLoader:240 - Cannot read IP mode file for STMicroelectronics.X-CUBE-AZRTOS-WL.2.0.0
2023-12-03 17:51:52,994 [WARN] PackLoader:240 - Cannot read IP mode file for WES.I-CUBE-Cesium.1.3.0
2023-12-03 17:51:52,998 [WARN] PackLoader:240 - Cannot read IP mode file for STMicroelectronics.X-CUBE-BLE2.3.3.0
2023-12-03 17:51:53,008 [WARN] PackLoader:240 - Cannot read IP mode file for STMicroelectronics.X-CUBE-ALGOBUILD.1.3.0
2023-12-03 17:51:53,022 [WARN] PackLoader:240 - Cannot read IP mode file for STMicroelectronics.X-CUBE-AZRTOS-G0.1.1.0
2023-12-03 17:51:53,028 [WARN] PackLoader:240 - Cannot read IP mode file for STMicroelectronics.X-CUBE-NFC4.3.0.0
2023-12-03 17:51:53,035 [WARN] PackLoader:240 - Cannot read IP mode file for STMicroelectronics.X-CUBE-BLEMGR.3.0.0
2023-12-03 17:51:53,040 [WARN] PackLoader:240 - Cannot read IP mode file for STMicroelectronics.FP-ATR-SIGFOX1.3.2.0
2023-12-03 17:51:53,045 [WARN] PackLoader:240 - Cannot read IP mode file for STMicroelectronics.X-CUBE-GNSS1.6.0.0
2023-12-03 17:51:53,056 [WARN] PackLoader:240 - Cannot read IP mode file for STMicroelectronics.X-CUBE-AZRTOS-F4.1.1.0
2023-12-03 17:51:53,061 [WARN] PackLoader:240 - Cannot read IP mode file for wolfSSL.I-CUBE-wolfSSL.5.6.4
2023-12-03 17:51:53,072 [WARN] PackLoader:240 - Cannot read IP mode file for STMicroelectronics.X-CUBE-AZRTOS-L5.2.0.0
2023-12-03 17:51:53,078 [WARN] PackLoader:240 - Cannot read IP mode file for STMicroelectronics.X-CUBE-EEPRMA1.4.2.0
2023-12-03 17:51:53,083 [WARN] PackLoader:240 - Cannot read IP mode file for ITTIA_DB.I-CUBE-ITTIADB.8.8.0
2023-12-03 17:51:53,094 [WARN] ConditionMgr:438 - getConditionDescription Invalid condition id : UX DEVICE CLASS RTOS Condition cause : null
2023-12-03 17:51:53,094 [WARN] ConditionMgr:438 - getConditionDescription Invalid condition id : UX DEVICE CLASS RTOS Condition cause : null
2023-12-03 17:51:53,096 [WARN] PackLoader:240 - Cannot read IP mode file for STMicroelectronics.X-CUBE-AZRTOS-H7.3.1.0
2023-12-03 17:51:53,097 [WARN] ConditionMgr:1039 - genDependencies : Invalid condition id : UX DEVICE CLASS RTOS Condition cause : null
2023-12-03 17:51:53,097 [WARN] ConditionMgr:1039 - genDependencies : Invalid condition id : UX DEVICE CLASS RTOS Condition cause : null
2023-12-03 17:51:53,097 [WARN] ConditionMgr:1039 - genDependencies : Invalid condition id : UX DEVICE CLASS RTOS Condition cause : null
2023-12-03 17:51:53,097 [WARN] ConditionMgr:1039 - genDependencies : Invalid condition id : UX DEVICE CLASS RTOS Condition cause : null
2023-12-03 17:51:53,097 [WARN] ConditionMgr:1039 - genDependencies : Invalid condition id : UX DEVICE CLASS RTOS Condition cause : null
2023-12-03 17:51:53,102 [WARN] PackLoader:240 - Cannot read IP mode file for STMicroelectronics.X-CUBE-NFC7.1.0.1
2023-12-03 17:51:53,107 [WARN] PackLoader:240 - Cannot read IP mode file for STMicroelectronics.X-CUBE-NFC6.3.0.0
2023-12-03 17:51:53,112 [WARN] PackLoader:240 - Cannot read IP mode file for STMicroelectronics.X-CUBE-AI.8.1.0
2023-12-03 17:51:53,121 [WARN] ConditionMgr:438 - getConditionDescription Invalid condition id : LAN8742 Phy interface Condition cause : null
2023-12-03 17:51:53,122 [WARN] PackLoader:240 - Cannot read IP mode file for STMicroelectronics.X-CUBE-AZRTOS-L4.2.0.0
2023-12-03 17:51:53,122 [WARN] ConditionMgr:1039 - genDependencies : Invalid condition id : LAN8742 Phy interface Condition cause : null
2023-12-03 17:51:53,122 [WARN] ConditionMgr:1039 - genDependencies : Invalid condition id : LAN8742 Phy interface Condition cause : null
2023-12-03 17:51:53,123 [WARN] ConditionMgr:1039 - genDependencies : Invalid condition id : LAN8742 Phy interface Condition cause : null
2023-12-03 17:51:53,128 [WARN] PackLoader:240 - Cannot read IP mode file for STMicroelectronics.X-CUBE-SFXS2LP1.4.0.0
2023-12-03 17:51:53,132 [WARN] PackLoader:240 - Cannot read IP mode file for STMicroelectronics.X-CUBE-ISPU.1.1.0
2023-12-03 17:51:53,141 [WARN] ConditionMgr:438 - getConditionDescription Invalid condition id : UX DEVICE CLASS RTOS Condition cause : null
2023-12-03 17:51:53,141 [WARN] ConditionMgr:438 - getConditionDescription Invalid condition id : UX DEVICE CLASS RTOS Condition cause : null
2023-12-03 17:51:53,143 [WARN] PackLoader:240 - Cannot read IP mode file for STMicroelectronics.X-CUBE-AZRTOS-WB.2.0.0
2023-12-03 17:51:53,143 [WARN] ConditionMgr:1039 - genDependencies : Invalid condition id : UX DEVICE CLASS RTOS Condition cause : null
2023-12-03 17:51:53,144 [WARN] ConditionMgr:1039 - genDependencies : Invalid condition id : UX DEVICE CLASS RTOS Condition cause : null
2023-12-03 17:51:53,144 [WARN] ConditionMgr:1039 - genDependencies : Invalid condition id : UX DEVICE CLASS RTOS Condition cause : null
2023-12-03 17:51:53,144 [WARN] ConditionMgr:1039 - genDependencies : Invalid condition id : UX DEVICE CLASS RTOS Condition cause : null
2023-12-03 17:51:53,144 [WARN] ConditionMgr:1039 - genDependencies : Invalid condition id : UX DEVICE CLASS RTOS Condition cause : null
2023-12-03 17:51:53,152 [WARN] PackLoader:240 - Cannot read IP mode file for STMicroelectronics.X-CUBE-SUBG2.5.0.0
2023-12-03 17:51:53,162 [WARN] PackLoader:240 - Cannot read IP mode file for STMicroelectronics.X-CUBE-TOF1.3.3.1
2023-12-03 17:51:53,180 [WARN] PackLoader:240 - Cannot read IP mode file for STMicroelectronics.X-CUBE-AZRTOS-G4.2.0.0
2023-12-03 17:51:53,190 [WARN] PackLoader:240 - Cannot read IP mode file for Infineon.AIROC-Wi-Fi-Bluetooth-STM32.1.5.1
2023-12-03 17:51:53,196 [WARN] PackLoader:240 - Cannot read IP mode file for STMicroelectronics.FP-SNS-MOTENVWB1.1.3.0
2023-12-03 17:51:53,199 [WARN] PackLoader:240 - Cannot read IP mode file for STMicroelectronics.FP-SNS-MOTENVWB1.1.3.1
2023-12-03 17:51:53,217 [WARN] PackLoader:240 - Cannot read IP mode file for STMicroelectronics.X-CUBE-MEMS1.10.0.0
2023-12-03 17:51:53,292 [WARN] PackLoader:240 - Cannot read IP mode file for STMicroelectronics.X-CUBE-FREERTOS.1.1.0
2023-12-03 17:51:53,296 [WARN] PackLoader:240 - Cannot read IP mode file for portGmbH.I-Cube-SoM-uGOAL.1.1.0
2023-12-03 17:51:53,299 [WARN] PackLoader:240 - Cannot read IP mode file for STMicroelectronics.X-CUBE-ALS.1.0.1
2023-12-03 17:51:53,303 [WARN] PackLoader:240 - Cannot read IP mode file for STMicroelectronics.FP-ATR-ASTRA1.2.0.0
2023-12-03 17:51:53,308 [WARN] PackLoader:240 - Cannot read IP mode file for STMicroelectronics.X-CUBE-TOF1.3.4.0
2023-12-03 17:51:53,314 [INFO] ThirdParty:978 - Integrity check success = true
2023-12-03 17:51:53,315 [INFO] IntegrityCheckThread:100 - exiting critical section [integrity check]
2023-12-03 17:51:53,315 [INFO] IntegrityCheckThread:103 - End integrity checks thread
2023-12-03 17:52:07,946 [ERROR] LogOutputStream:75 - [STDERR_REDIRECT] SLF4J: Failed to load class "org.slf4j.impl.StaticLoggerBinder".
2023-12-03 17:52:07,946 [ERROR] LogOutputStream:75 - [STDERR_REDIRECT] SLF4J: Defaulting to no-operation (NOP) logger implementation
2023-12-03 17:52:07,947 [ERROR] LogOutputStream:75 - [STDERR_REDIRECT] SLF4J: See http://www.slf4j.org/codes.html#StaticLoggerBinder for further details.
